#
# A fatal error has been detected by the Java Runtime Environment:
#
#  EXCEPTION_ACCESS_VIOLATION (0xc0000005) at pc=0x00007ffcd1786b66, pid=12384, tid=13192
#
# JRE version: OpenJDK Runtime Environment OpenLogic-OpenJDK (11.0.21+9) (build 11.0.21+9-adhoc..jdk11u)
# Java VM: OpenJDK 64-Bit Server VM OpenLogic-OpenJDK (11.0.21+9-adhoc..jdk11u, mixed mode, tiered, compressed oops, g1 gc, windows-amd64)
# Problematic frame:
# V  [jvm.dll+0x1a6b66]
#
# No core dump will be written. Minidumps are not enabled by default on client versions of Windows
#
# If you would like to submit a bug report, please visit:
#   https://techsupport.roguewave.com/
#

---------------  S U M M A R Y ------------

Command Line: -Dclassworlds.conf=C:\Program Files\Maven\apache-maven-3.9.6\bin\m2.conf -Dmaven.home=C:\Program Files\Maven\apache-maven-3.9.6 -Dlibrary.jansi.path=C:\Program Files\Maven\apache-maven-3.9.6\lib\jansi-native -Dmaven.multiModuleProjectDirectory=C:\Users\todo-electro\Desktop\Benji\Programación\Java\servidor-gestion-de-ventas org.codehaus.plexus.classworlds.launcher.Launcher spring-boot:run

Host: Intel(R) Core(TM) i7-2630QM CPU @ 2.00GHz, 4 cores, 7G,  Windows 10 , 64 bit Build 19041 (10.0.19041.3636)
Time: Mon Apr 29 20:12:37 2024 Hora estándar de Argentina elapsed time: 18.452757 seconds (0d 0h 0m 18s)

---------------  T H R E A D  ---------------

Current thread (0x00000239f112e000):  GCTaskThread "GC Thread#1" [stack: 0x000000b135f00000,0x000000b136000000] [id=13192]

Stack: [0x000000b135f00000,0x000000b136000000],  sp=0x000000b135fff498,  free space=1021k
Native frames: (J=compiled Java code, j=interpreted, Vv=VM code, C=native code)
V  [jvm.dll+0x1a6b66]


siginfo: EXCEPTION_ACCESS_VIOLATION (0xc0000005), reading address 0x0000000000000010


Register to memory mapping:

RIP=0x00007ffcd1786b66 jvm.dll
RAX=0x000000b135fff401 points into unknown readable memory: 00 00 00 00 00 00 00
RBX=
[error occurred during error reporting (printing register info), id 0xc0000005, EXCEPTION_ACCESS_VIOLATION (0xc0000005) at pc=0x00007ffcd1786b66]

Registers:
RAX=0x000000b135fff401, RBX=0x0000000084b4c3c8, RCX=0x0000000084b4c3c8, RDX=0x0000000084b4c3c8
RSP=0x000000b135fff498, RBP=0x0000000084b4c400, RSI=0x00000239ce1b6e88, RDI=0x00000239ce1b6e30
R8 =0x0000000000020000, R9 =0x0000000000000008, R10=0x0000000081400000, R11=0x000000b135fff738
R12=0x000000b135fff738, R13=0x00007ffcd1e72360, R14=0x00000239ce1b6e30, R15=0x0000000084b4c600
RIP=0x00007ffcd1786b66, EFLAGS=0x0000000000010202

Top of Stack: (sp=0x000000b135fff498)
0x000000b135fff498:   00007ffcd194e230 0000000084b4c3c8
0x000000b135fff4a8:   00000239ce1b6e88 00007ffcd1e72360
0x000000b135fff4b8:   000000b135fff738 0000000084b4c3c8
0x000000b135fff4c8:   00007ffcd18d6321 0000000084b00000
0x000000b135fff4d8:   0000000000020000 0000000084b4c3c8
0x000000b135fff4e8:   00007ffcd194e230 0000000084b4c1f8
0x000000b135fff4f8:   0000000084b4c400 00000239ce1b6e88
0x000000b135fff508:   0000000084b4c400 0000000000000100
0x000000b135fff518:   00007ffcd194e46a 0000000084b4c400
0x000000b135fff528:   0000000084b4c1f8 000000000001ba62
0x000000b135fff538:   00000239ce1b6e30 0000000084b4c400
0x000000b135fff548:   00007ffcd190f54c 000000b135fff710
0x000000b135fff558:   00000239ce135ad0 0000000084b4d1e8
0x000000b135fff568:   00007ffcd1911386 0000000084b4d000
0x000000b135fff578:   0000000000000040 000000b135fff738
0x000000b135fff588:   000000b135fff710 00007ffcd1e72360 

Instructions: (pc=0x00007ffcd1786b66)
0x00007ffcd1786a66:   eb 04 48 8b 43 08 81 78 08 00 00 00 c0 0f 83 81
0x00007ffcd1786a76:   00 00 00 48 8b 4f 38 48 8b d3 48 8b 01 ff 50 20
0x00007ffcd1786a86:   84 c0 75 70 38 05 81 67 8d 00 74 15 8b 53 08 8b
0x00007ffcd1786a96:   0d 3d d3 88 00 48 d3 e2 48 03 15 2b d3 88 00 eb
0x00007ffcd1786aa6:   04 48 8b 53 08 48 8b cb 48 89 5c 24 20 e8 a8 00
0x00007ffcd1786ab6:   00 00 80 7f 30 00 48 63 c8 48 89 4c 24 28 74 1c
0x00007ffcd1786ac6:   0f 10 44 24 20 0f 11 86 98 03 00 00 48 8b 5c 24
0x00007ffcd1786ad6:   40 48 8b 74 24 48 48 83 c4 30 5f c3 48 8b 07 48
0x00007ffcd1786ae6:   8d 54 24 20 48 89 4c 24 28 48 8b cf 48 89 5c 24
0x00007ffcd1786af6:   20 ff 50 38 48 8b 5c 24 40 48 8b 74 24 48 48 83
0x00007ffcd1786b06:   c4 30 5f c3 cc cc cc cc cc cc 48 8b 49 38 48 8b
0x00007ffcd1786b16:   01 48 ff 60 28 cc cc cc cc cc 80 3d ea 66 8d 00
0x00007ffcd1786b26:   00 48 8b c1 74 1b 8b 51 08 8b 0d a3 d2 88 00 48
0x00007ffcd1786b36:   d3 e2 48 8b c8 48 03 15 8e d2 88 00 e9 19 00 00
0x00007ffcd1786b46:   00 48 8b 51 08 48 8b c8 e9 0d 00 00 00 cc cc cc
0x00007ffcd1786b56:   cc cc cc cc cc cc cc cc cc cc 4c 8b ca 48 8b d1
0x00007ffcd1786b66:   45 8b 41 08 45 85 c0 7e 0e 41 f6 c0 01 75 56 41
0x00007ffcd1786b76:   c1 f8 03 41 8b c0 c3 79 4c 80 3d 8b 66 8d 00 00
0x00007ffcd1786b86:   b8 0c 00 00 00 b9 10 00 00 00 0f 45 c8 8b 05 8b
0x00007ffcd1786b96:   1b 87 00 ff c8 4c 63 c8 48 63 14 11 41 8b c8 83
0x00007ffcd1786ba6:   e1 3f 48 d3 e2 41 8b c8 48 c1 f9 10 0f b6 c1 49
0x00007ffcd1786bb6:   8d 0c 11 49 f7 d1 48 03 c1 49 c1 e9 03 48 c1 e8
0x00007ffcd1786bc6:   03 41 23 c1 c3 49 8b 01 49 8b c9 48 ff a0 10 01
0x00007ffcd1786bd6:   00 00 cc cc cc cc cc cc cc cc 48 8b c2 c3 cc cc
0x00007ffcd1786be6:   cc cc cc cc cc cc cc cc cc cc 48 83 ec 38 48 8b
0x00007ffcd1786bf6:   c1 48 8b 49 38 80 79 08 00 74 05 90 48 8b 48 38
0x00007ffcd1786c06:   0f 10 02 48 8d 54 24 20 0f 29 44 24 20 e8 28 f0
0x00007ffcd1786c16:   ff ff 48 83 c4 38 c3 cc cc cc 48 83 ec 38 0f 10
0x00007ffcd1786c26:   02 48 8b 01 48 8d 54 24 20 0f 29 44 24 20 ff 50
0x00007ffcd1786c36:   38 48 83 c4 38 c3 cc cc cc cc 48 89 5c 24 08 55
0x00007ffcd1786c46:   56 57 41 54 41 55 41 56 41 57 48 8d 6c 24 e0 48
0x00007ffcd1786c56:   81 ec 20 01 00 00 48 8b 05 45 59 8a 00 48 33 c4 


Stack slot to memory mapping:
stack at sp + 0 slots: 0x00007ffcd194e230 jvm.dll
stack at sp + 1 slots: 
[error occurred during error reporting (inspecting top of stack), id 0xc0000005, EXCEPTION_ACCESS_VIOLATION (0xc0000005) at pc=0x00007ffcd1786b66]


---------------  P R O C E S S  ---------------

Threads class SMR info:
_java_thread_list=0x00000239f108a9e0, length=10, elements={
0x00000239ce128000, 0x00000239efbd0800, 0x00000239efbd9800, 0x00000239efbeb000,
0x00000239efbef000, 0x00000239efbf1000, 0x00000239efbf2800, 0x00000239efbf6800,
0x00000239efc04800, 0x00000239f06e4000
}

Java Threads: ( => current thread )
  0x00000239ce128000 JavaThread "main" [_thread_blocked, id=6508, stack(0x000000b134e00000,0x000000b134f00000)]
  0x00000239efbd0800 JavaThread "Reference Handler" daemon [_thread_blocked, id=12180, stack(0x000000b135500000,0x000000b135600000)]
  0x00000239efbd9800 JavaThread "Finalizer" daemon [_thread_blocked, id=10044, stack(0x000000b135600000,0x000000b135700000)]
  0x00000239efbeb000 JavaThread "Signal Dispatcher" daemon [_thread_blocked, id=5512, stack(0x000000b135700000,0x000000b135800000)]
  0x00000239efbef000 JavaThread "Attach Listener" daemon [_thread_blocked, id=5700, stack(0x000000b135800000,0x000000b135900000)]
  0x00000239efbf1000 JavaThread "Service Thread" daemon [_thread_blocked, id=7148, stack(0x000000b135900000,0x000000b135a00000)]
  0x00000239efbf2800 JavaThread "C2 CompilerThread0" daemon [_thread_blocked, id=8624, stack(0x000000b135a00000,0x000000b135b00000)]
  0x00000239efbf6800 JavaThread "C1 CompilerThread0" daemon [_thread_blocked, id=1488, stack(0x000000b135b00000,0x000000b135c00000)]
  0x00000239efc04800 JavaThread "Sweeper thread" daemon [_thread_blocked, id=12968, stack(0x000000b135c00000,0x000000b135d00000)]
  0x00000239f06e4000 JavaThread "Common-Cleaner" daemon [_thread_blocked, id=11240, stack(0x000000b135e00000,0x000000b135f00000)]

Other Threads:
  0x00000239efbaa000 VMThread "VM Thread" [stack: 0x000000b135400000,0x000000b135500000] [id=8420]
  0x00000239f06d9800 WatcherThread [stack: 0x000000b135d00000,0x000000b135e00000] [id=928]
  0x00000239ce140000 GCTaskThread "GC Thread#0" [stack: 0x000000b134f00000,0x000000b135000000] [id=12956]
=>0x00000239f112e000 GCTaskThread "GC Thread#1" [stack: 0x000000b135f00000,0x000000b136000000] [id=13192]
  0x00000239f139e800 GCTaskThread "GC Thread#2" [stack: 0x000000b136000000,0x000000b136100000] [id=10448]
  0x00000239f32b6000 GCTaskThread "GC Thread#3" [stack: 0x000000b136200000,0x000000b136300000] [id=10372]
  0x00000239ce170800 ConcurrentGCThread "G1 Main Marker" [stack: 0x000000b135000000,0x000000b135100000] [id=6476]
  0x00000239ce173000 ConcurrentGCThread "G1 Conc#0" [stack: 0x000000b135100000,0x000000b135200000] [id=4212]
  0x00000239efa20800 ConcurrentGCThread "G1 Refine#0" [stack: 0x000000b135200000,0x000000b135300000] [id=9484]
  0x00000239efa21800 ConcurrentGCThread "G1 Young RemSet Sampling" [stack: 0x000000b135300000,0x000000b135400000] [id=11108]

Threads with active compile tasks:

VM state:at safepoint (normal execution)

VM Mutex/Monitor currently owned by a thread:  ([mutex/lock_event])
[0x00000239ce1249c0] Threads_lock - owner thread: 0x00000239efbaa000
[0x00000239ce1233d0] Heap_lock - owner thread: 0x00000239ce128000

Heap address: 0x0000000081400000, size: 2028 MB, Compressed Oops mode: 32-bit
Narrow klass base: 0x0000000000000000, Narrow klass shift: 3
Compressed class space size: 1073741824 Address: 0x0000000100000000

Heap:
 garbage-first heap   total 206848K, used 148583K [0x0000000081400000, 0x0000000100000000)
  region size 1024K, 76 young (77824K), 4 survivors (4096K)
 Metaspace       used 43034K, capacity 44184K, committed 44240K, reserved 1089536K
  class space    used 4409K, capacity 4813K, committed 4864K, reserved 1048576K
Heap Regions: E=young(eden), S=young(survivor), O=old, HS=humongous(starts), HC=humongous(continues), CS=collection set, F=free, A=archive, TAMS=top-at-mark-start (previous, next)
|   0|0x0000000081400000, 0x0000000081500000, 0x0000000081500000|100%| O|  |TAMS 0x0000000081500000, 0x0000000081400000| Untracked 
|   1|0x0000000081500000, 0x0000000081600000, 0x0000000081600000|100%| O|  |TAMS 0x0000000081600000, 0x0000000081500000| Untracked 
|   2|0x0000000081600000, 0x0000000081700000, 0x0000000081700000|100%| O|  |TAMS 0x0000000081700000, 0x0000000081600000| Untracked 
|   3|0x0000000081700000, 0x0000000081800000, 0x0000000081800000|100%| O|  |TAMS 0x0000000081800000, 0x0000000081700000| Untracked 
|   4|0x0000000081800000, 0x0000000081900000, 0x0000000081900000|100%| O|  |TAMS 0x0000000081900000, 0x0000000081800000| Untracked 
|   5|0x0000000081900000, 0x0000000081a00000, 0x0000000081a00000|100%|HS|  |TAMS 0x0000000081900000, 0x0000000081900000| Complete 
|   6|0x0000000081a00000, 0x0000000081b00000, 0x0000000081b00000|100%|HS|  |TAMS 0x0000000081b00000, 0x0000000081a00000| Complete 
|   7|0x0000000081b00000, 0x0000000081c00000, 0x0000000081c00000|100%| O|  |TAMS 0x0000000081c00000, 0x0000000081b00000| Untracked 
|   8|0x0000000081c00000, 0x0000000081d00000, 0x0000000081d00000|100%| O|  |TAMS 0x0000000081d00000, 0x0000000081c00000| Untracked 
|   9|0x0000000081d00000, 0x0000000081e00000, 0x0000000081e00000|100%| O|  |TAMS 0x0000000081e00000, 0x0000000081d00000| Untracked 
|  10|0x0000000081e00000, 0x0000000081f00000, 0x0000000081f00000|100%| O|  |TAMS 0x0000000081f00000, 0x0000000081e00000| Untracked 
|  11|0x0000000081f00000, 0x0000000082000000, 0x0000000082000000|100%| O|  |TAMS 0x0000000082000000, 0x0000000081f00000| Untracked 
|  12|0x0000000082000000, 0x0000000082100000, 0x0000000082100000|100%| O|  |TAMS 0x0000000082100000, 0x0000000082000000| Untracked 
|  13|0x0000000082100000, 0x0000000082200000, 0x0000000082200000|100%| O|  |TAMS 0x0000000082200000, 0x0000000082100000| Untracked 
|  14|0x0000000082200000, 0x0000000082300000, 0x0000000082300000|100%| O|  |TAMS 0x0000000082300000, 0x0000000082200000| Untracked 
|  15|0x0000000082300000, 0x0000000082400000, 0x0000000082400000|100%| O|  |TAMS 0x0000000082400000, 0x0000000082300000| Untracked 
|  16|0x0000000082400000, 0x0000000082500000, 0x0000000082500000|100%| O|  |TAMS 0x0000000082500000, 0x0000000082400000| Untracked 
|  17|0x0000000082500000, 0x0000000082600000, 0x0000000082600000|100%| O|  |TAMS 0x0000000082600000, 0x0000000082500000| Untracked 
|  18|0x0000000082600000, 0x0000000082700000, 0x0000000082700000|100%| O|  |TAMS 0x0000000082700000, 0x0000000082600000| Untracked 
|  19|0x0000000082700000, 0x0000000082800000, 0x0000000082800000|100%| O|  |TAMS 0x0000000082800000, 0x0000000082700000| Untracked 
|  20|0x0000000082800000, 0x0000000082900000, 0x0000000082900000|100%| O|  |TAMS 0x0000000082900000, 0x0000000082800000| Untracked 
|  21|0x0000000082900000, 0x0000000082a00000, 0x0000000082a00000|100%| O|  |TAMS 0x0000000082a00000, 0x0000000082900000| Untracked 
|  22|0x0000000082a00000, 0x0000000082b00000, 0x0000000082b00000|100%| O|  |TAMS 0x0000000082b00000, 0x0000000082a00000| Untracked 
|  23|0x0000000082b00000, 0x0000000082c00000, 0x0000000082c00000|100%| O|  |TAMS 0x0000000082c00000, 0x0000000082b00000| Untracked 
|  24|0x0000000082c00000, 0x0000000082d00000, 0x0000000082d00000|100%| O|  |TAMS 0x0000000082d00000, 0x0000000082c00000| Untracked 
|  25|0x0000000082d00000, 0x0000000082e00000, 0x0000000082e00000|100%| O|  |TAMS 0x0000000082e00000, 0x0000000082d00000| Untracked 
|  26|0x0000000082e00000, 0x0000000082f00000, 0x0000000082f00000|100%| O|  |TAMS 0x0000000082f00000, 0x0000000082e00000| Untracked 
|  27|0x0000000082f00000, 0x0000000083000000, 0x0000000083000000|100%| O|  |TAMS 0x0000000083000000, 0x0000000082f00000| Untracked 
|  28|0x0000000083000000, 0x0000000083100000, 0x0000000083100000|100%| O|  |TAMS 0x0000000083100000, 0x0000000083000000| Untracked 
|  29|0x0000000083100000, 0x0000000083200000, 0x0000000083200000|100%| O|  |TAMS 0x0000000083200000, 0x0000000083100000| Untracked 
|  30|0x0000000083200000, 0x0000000083300000, 0x0000000083300000|100%| O|  |TAMS 0x0000000083300000, 0x0000000083200000| Untracked 
|  31|0x0000000083300000, 0x0000000083400000, 0x0000000083400000|100%| O|  |TAMS 0x0000000083400000, 0x0000000083300000| Untracked 
|  32|0x0000000083400000, 0x0000000083500000, 0x0000000083500000|100%| O|  |TAMS 0x0000000083500000, 0x0000000083400000| Untracked 
|  33|0x0000000083500000, 0x0000000083600000, 0x0000000083600000|100%| O|  |TAMS 0x0000000083600000, 0x0000000083500000| Untracked 
|  34|0x0000000083600000, 0x0000000083700000, 0x0000000083700000|100%| O|  |TAMS 0x0000000083700000, 0x0000000083600000| Untracked 
|  35|0x0000000083700000, 0x0000000083800000, 0x0000000083800000|100%| O|  |TAMS 0x0000000083800000, 0x0000000083700000| Untracked 
|  36|0x0000000083800000, 0x0000000083900000, 0x0000000083900000|100%| O|  |TAMS 0x0000000083880000, 0x0000000083800000| Untracked 
|  37|0x0000000083900000, 0x0000000083a00000, 0x0000000083a00000|100%|HS|  |TAMS 0x0000000083900000, 0x0000000083900000| Complete 
|  38|0x0000000083a00000, 0x0000000083b00000, 0x0000000083b00000|100%| O|  |TAMS 0x0000000083a00000, 0x0000000083a00000| Untracked 
|  39|0x0000000083b00000, 0x0000000083c00000, 0x0000000083c00000|100%| O|  |TAMS 0x0000000083b00000, 0x0000000083b00000| Untracked 
|  40|0x0000000083c00000, 0x0000000083d00000, 0x0000000083d00000|100%| O|  |TAMS 0x0000000083c00000, 0x0000000083c00000| Untracked 
|  41|0x0000000083d00000, 0x0000000083e00000, 0x0000000083e00000|100%| O|  |TAMS 0x0000000083d00000, 0x0000000083d00000| Untracked 
|  42|0x0000000083e00000, 0x0000000083f00000, 0x0000000083f00000|100%|HS|  |TAMS 0x0000000083e00000, 0x0000000083e00000| Complete 
|  43|0x0000000083f00000, 0x0000000084000000, 0x0000000084000000|100%|HS|  |TAMS 0x0000000083f00000, 0x0000000083f00000| Complete 
|  44|0x0000000084000000, 0x0000000084100000, 0x0000000084100000|100%| O|  |TAMS 0x0000000084000000, 0x0000000084000000| Untracked 
|  45|0x0000000084100000, 0x0000000084200000, 0x0000000084200000|100%| O|  |TAMS 0x0000000084100000, 0x0000000084100000| Untracked 
|  46|0x0000000084200000, 0x0000000084300000, 0x0000000084300000|100%| O|  |TAMS 0x0000000084200000, 0x0000000084200000| Untracked 
|  47|0x0000000084300000, 0x0000000084400000, 0x0000000084400000|100%| O|  |TAMS 0x0000000084300000, 0x0000000084300000| Untracked 
|  48|0x0000000084400000, 0x0000000084500000, 0x0000000084500000|100%| O|  |TAMS 0x0000000084400000, 0x0000000084400000| Untracked 
|  49|0x0000000084500000, 0x0000000084600000, 0x0000000084600000|100%| O|  |TAMS 0x0000000084500000, 0x0000000084500000| Untracked 
|  50|0x0000000084600000, 0x0000000084700000, 0x0000000084700000|100%| O|  |TAMS 0x0000000084600000, 0x0000000084600000| Untracked 
|  51|0x0000000084700000, 0x0000000084800000, 0x0000000084800000|100%| O|  |TAMS 0x0000000084700000, 0x0000000084700000| Untracked 
|  52|0x0000000084800000, 0x0000000084900000, 0x0000000084900000|100%| O|  |TAMS 0x0000000084800000, 0x0000000084800000| Untracked 
|  53|0x0000000084900000, 0x0000000084a00000, 0x0000000084a00000|100%| O|  |TAMS 0x0000000084900000, 0x0000000084900000| Untracked 
|  54|0x0000000084a00000, 0x0000000084b00000, 0x0000000084b00000|100%| O|  |TAMS 0x0000000084a00000, 0x0000000084a00000| Untracked 
|  55|0x0000000084b00000, 0x0000000084c00000, 0x0000000084c00000|100%| O|  |TAMS 0x0000000084b00000, 0x0000000084b00000| Untracked 
|  56|0x0000000084c00000, 0x0000000084d00000, 0x0000000084d00000|100%| O|  |TAMS 0x0000000084c00000, 0x0000000084c00000| Untracked 
|  57|0x0000000084d00000, 0x0000000084e00000, 0x0000000084e00000|100%| O|  |TAMS 0x0000000084d00000, 0x0000000084d00000| Untracked 
|  58|0x0000000084e00000, 0x0000000084f00000, 0x0000000084f00000|100%| O|  |TAMS 0x0000000084e00000, 0x0000000084e00000| Untracked 
|  59|0x0000000084f00000, 0x0000000085000000, 0x0000000085000000|100%| O|  |TAMS 0x0000000084f00000, 0x0000000084f00000| Untracked 
|  60|0x0000000085000000, 0x0000000085100000, 0x0000000085100000|100%| O|  |TAMS 0x0000000085000000, 0x0000000085000000| Untracked 
|  61|0x0000000085100000, 0x0000000085200000, 0x0000000085200000|100%| O|  |TAMS 0x0000000085100000, 0x0000000085100000| Untracked 
|  62|0x0000000085200000, 0x0000000085300000, 0x0000000085300000|100%| O|  |TAMS 0x0000000085200000, 0x0000000085200000| Untracked 
|  63|0x0000000085300000, 0x0000000085400000, 0x0000000085400000|100%| O|  |TAMS 0x0000000085300000, 0x0000000085300000| Untracked 
|  64|0x0000000085400000, 0x0000000085500000, 0x0000000085500000|100%| O|  |TAMS 0x0000000085400000, 0x0000000085400000| Untracked 
|  65|0x0000000085500000, 0x0000000085561988, 0x0000000085600000| 38%| O|  |TAMS 0x0000000085500000, 0x0000000085500000| Untracked 
|  66|0x0000000085600000, 0x0000000085600000, 0x0000000085700000|  0%| F|  |TAMS 0x0000000085600000, 0x0000000085600000| Untracked 
|  67|0x0000000085700000, 0x0000000085700000, 0x0000000085800000|  0%| F|  |TAMS 0x0000000085700000, 0x0000000085700000| Untracked 
|  68|0x0000000085800000, 0x0000000085800000, 0x0000000085900000|  0%| F|  |TAMS 0x0000000085800000, 0x0000000085800000| Untracked 
|  69|0x0000000085900000, 0x0000000085900000, 0x0000000085a00000|  0%| F|  |TAMS 0x0000000085900000, 0x0000000085900000| Untracked 
|  70|0x0000000085a00000, 0x0000000085a00000, 0x0000000085b00000|  0%| F|  |TAMS 0x0000000085a00000, 0x0000000085a00000| Untracked 
|  71|0x0000000085b00000, 0x0000000085b00000, 0x0000000085c00000|  0%| F|  |TAMS 0x0000000085b00000, 0x0000000085b00000| Untracked 
|  72|0x0000000085c00000, 0x0000000085c00000, 0x0000000085d00000|  0%| F|  |TAMS 0x0000000085c00000, 0x0000000085c00000| Untracked 
|  73|0x0000000085d00000, 0x0000000085e00000, 0x0000000085e00000|100%| E|CS|TAMS 0x0000000085d00000, 0x0000000085d00000| Complete 
|  74|0x0000000085e00000, 0x0000000085f00000, 0x0000000085f00000|100%| E|CS|TAMS 0x0000000085e00000, 0x0000000085e00000| Complete 
|  75|0x0000000085f00000, 0x0000000086000000, 0x0000000086000000|100%| E|CS|TAMS 0x0000000085f00000, 0x0000000085f00000| Complete 
|  76|0x0000000086000000, 0x0000000086100000, 0x0000000086100000|100%| E|CS|TAMS 0x0000000086000000, 0x0000000086000000| Complete 
|  77|0x0000000086100000, 0x0000000086200000, 0x0000000086200000|100%| E|CS|TAMS 0x0000000086100000, 0x0000000086100000| Complete 
|  78|0x0000000086200000, 0x0000000086300000, 0x0000000086300000|100%| E|CS|TAMS 0x0000000086200000, 0x0000000086200000| Complete 
|  79|0x0000000086300000, 0x0000000086400000, 0x0000000086400000|100%| E|CS|TAMS 0x0000000086300000, 0x0000000086300000| Complete 
|  80|0x0000000086400000, 0x0000000086500000, 0x0000000086500000|100%| E|CS|TAMS 0x0000000086400000, 0x0000000086400000| Complete 
|  81|0x0000000086500000, 0x0000000086500000, 0x0000000086600000|  0%| F|  |TAMS 0x0000000086500000, 0x0000000086500000| Untracked 
|  82|0x0000000086600000, 0x0000000086600000, 0x0000000086700000|  0%| F|  |TAMS 0x0000000086600000, 0x0000000086600000| Untracked 
|  83|0x0000000086700000, 0x0000000086700000, 0x0000000086800000|  0%| F|  |TAMS 0x0000000086700000, 0x0000000086700000| Untracked 
|  84|0x0000000086800000, 0x0000000086800000, 0x0000000086900000|  0%| F|  |TAMS 0x0000000086800000, 0x0000000086800000| Untracked 
|  85|0x0000000086900000, 0x0000000086a00000, 0x0000000086a00000|100%| E|CS|TAMS 0x0000000086900000, 0x0000000086900000| Complete 
|  86|0x0000000086a00000, 0x0000000086b00000, 0x0000000086b00000|100%| E|CS|TAMS 0x0000000086a00000, 0x0000000086a00000| Complete 
|  87|0x0000000086b00000, 0x0000000086c00000, 0x0000000086c00000|100%| E|CS|TAMS 0x0000000086b00000, 0x0000000086b00000| Complete 
|  88|0x0000000086c00000, 0x0000000086c00000, 0x0000000086d00000|  0%| F|  |TAMS 0x0000000086c00000, 0x0000000086c00000| Untracked 
|  89|0x0000000086d00000, 0x0000000086d00000, 0x0000000086e00000|  0%| F|  |TAMS 0x0000000086d00000, 0x0000000086d00000| Untracked 
|  90|0x0000000086e00000, 0x0000000086e00000, 0x0000000086f00000|  0%| F|  |TAMS 0x0000000086e00000, 0x0000000086e00000| Untracked 
|  91|0x0000000086f00000, 0x0000000086f00000, 0x0000000087000000|  0%| F|  |TAMS 0x0000000086f00000, 0x0000000086f00000| Untracked 
|  92|0x0000000087000000, 0x0000000087000000, 0x0000000087100000|  0%| F|  |TAMS 0x0000000087000000, 0x0000000087000000| Untracked 
|  93|0x0000000087100000, 0x0000000087100000, 0x0000000087200000|  0%| F|  |TAMS 0x0000000087100000, 0x0000000087100000| Untracked 
|  94|0x0000000087200000, 0x0000000087200000, 0x0000000087300000|  0%| F|  |TAMS 0x0000000087200000, 0x0000000087200000| Untracked 
|  95|0x0000000087300000, 0x0000000087300000, 0x0000000087400000|  0%| F|  |TAMS 0x0000000087300000, 0x0000000087300000| Untracked 
|  96|0x0000000087400000, 0x0000000087400000, 0x0000000087500000|  0%| F|  |TAMS 0x0000000087400000, 0x0000000087400000| Untracked 
|  97|0x0000000087500000, 0x0000000087500000, 0x0000000087600000|  0%| F|  |TAMS 0x0000000087500000, 0x0000000087500000| Untracked 
|  98|0x0000000087600000, 0x0000000087600000, 0x0000000087700000|  0%| F|  |TAMS 0x0000000087600000, 0x0000000087600000| Untracked 
|  99|0x0000000087700000, 0x0000000087700000, 0x0000000087800000|  0%| F|  |TAMS 0x0000000087700000, 0x0000000087700000| Untracked 
| 100|0x0000000087800000, 0x0000000087800000, 0x0000000087900000|  0%| F|  |TAMS 0x0000000087800000, 0x0000000087800000| Untracked 
| 101|0x0000000087900000, 0x0000000087900000, 0x0000000087a00000|  0%| F|  |TAMS 0x0000000087900000, 0x0000000087900000| Untracked 
| 102|0x0000000087a00000, 0x0000000087a00000, 0x0000000087b00000|  0%| F|  |TAMS 0x0000000087a00000, 0x0000000087a00000| Untracked 
| 103|0x0000000087b00000, 0x0000000087b00000, 0x0000000087c00000|  0%| F|  |TAMS 0x0000000087b00000, 0x0000000087b00000| Untracked 
| 104|0x0000000087c00000, 0x0000000087c00000, 0x0000000087d00000|  0%| F|  |TAMS 0x0000000087c00000, 0x0000000087c00000| Untracked 
| 105|0x0000000087d00000, 0x0000000087d00000, 0x0000000087e00000|  0%| F|  |TAMS 0x0000000087d00000, 0x0000000087d00000| Untracked 
| 106|0x0000000087e00000, 0x0000000087e00000, 0x0000000087f00000|  0%| F|  |TAMS 0x0000000087e00000, 0x0000000087e00000| Untracked 
| 107|0x0000000087f00000, 0x0000000087f00000, 0x0000000088000000|  0%| F|  |TAMS 0x0000000087f00000, 0x0000000087f00000| Untracked 
| 108|0x0000000088000000, 0x0000000088000000, 0x0000000088100000|  0%| F|  |TAMS 0x0000000088000000, 0x0000000088000000| Untracked 
| 109|0x0000000088100000, 0x0000000088100000, 0x0000000088200000|  0%| F|  |TAMS 0x0000000088100000, 0x0000000088100000| Untracked 
| 110|0x0000000088200000, 0x0000000088200000, 0x0000000088300000|  0%| F|  |TAMS 0x0000000088200000, 0x0000000088200000| Untracked 
| 111|0x0000000088300000, 0x0000000088300000, 0x0000000088400000|  0%| F|  |TAMS 0x0000000088300000, 0x0000000088300000| Untracked 
| 112|0x0000000088400000, 0x0000000088400000, 0x0000000088500000|  0%| F|  |TAMS 0x0000000088400000, 0x0000000088400000| Untracked 
| 113|0x0000000088500000, 0x0000000088500000, 0x0000000088600000|  0%| F|  |TAMS 0x0000000088500000, 0x0000000088500000| Untracked 
| 114|0x0000000088600000, 0x0000000088600000, 0x0000000088700000|  0%| F|  |TAMS 0x0000000088600000, 0x0000000088600000| Untracked 
| 115|0x0000000088700000, 0x0000000088700000, 0x0000000088800000|  0%| F|  |TAMS 0x0000000088700000, 0x0000000088700000| Untracked 
| 116|0x0000000088800000, 0x0000000088800000, 0x0000000088900000|  0%| F|  |TAMS 0x0000000088800000, 0x0000000088800000| Untracked 
| 117|0x0000000088900000, 0x0000000088900000, 0x0000000088a00000|  0%| F|  |TAMS 0x0000000088900000, 0x0000000088900000| Untracked 
| 118|0x0000000088a00000, 0x0000000088a00000, 0x0000000088b00000|  0%| F|  |TAMS 0x0000000088a00000, 0x0000000088a00000| Untracked 
| 119|0x0000000088b00000, 0x0000000088b00000, 0x0000000088c00000|  0%| F|  |TAMS 0x0000000088b00000, 0x0000000088b00000| Untracked 
| 120|0x0000000088c00000, 0x0000000088c00000, 0x0000000088d00000|  0%| F|  |TAMS 0x0000000088c00000, 0x0000000088c00000| Untracked 
| 121|0x0000000088d00000, 0x0000000088d00000, 0x0000000088e00000|  0%| F|  |TAMS 0x0000000088d00000, 0x0000000088d00000| Untracked 
| 122|0x0000000088e00000, 0x0000000088e00000, 0x0000000088f00000|  0%| F|  |TAMS 0x0000000088e00000, 0x0000000088e00000| Untracked 
| 123|0x0000000088f00000, 0x0000000089000000, 0x0000000089000000|100%| S|  |TAMS 0x0000000088f00000, 0x0000000088f00000| Complete 
| 124|0x0000000089000000, 0x0000000089100000, 0x0000000089100000|100%| S|  |TAMS 0x0000000089000000, 0x0000000089000000| Complete 
| 125|0x0000000089100000, 0x0000000089200000, 0x0000000089200000|100%| S|  |TAMS 0x0000000089100000, 0x0000000089100000| Complete 
| 126|0x0000000089200000, 0x0000000089300000, 0x0000000089300000|100%| S|  |TAMS 0x0000000089200000, 0x0000000089200000| Complete 
| 127|0x0000000089300000, 0x0000000089400000, 0x0000000089400000|100%| E|CS|TAMS 0x0000000089300000, 0x0000000089300000| Complete 
| 128|0x0000000089400000, 0x0000000089500000, 0x0000000089500000|100%| E|CS|TAMS 0x0000000089400000, 0x0000000089400000| Complete 
| 129|0x0000000089500000, 0x0000000089600000, 0x0000000089600000|100%| E|CS|TAMS 0x0000000089500000, 0x0000000089500000| Complete 
| 130|0x0000000089600000, 0x0000000089700000, 0x0000000089700000|100%| O|  |TAMS 0x0000000089700000, 0x0000000089600000| Untracked 
| 131|0x0000000089700000, 0x0000000089800000, 0x0000000089800000|100%| E|CS|TAMS 0x0000000089700000, 0x0000000089700000| Complete 
| 132|0x0000000089800000, 0x0000000089900000, 0x0000000089900000|100%| O|  |TAMS 0x0000000089900000, 0x0000000089800000| Untracked 
| 133|0x0000000089900000, 0x0000000089a00000, 0x0000000089a00000|100%| E|CS|TAMS 0x0000000089900000, 0x0000000089900000| Complete 
| 134|0x0000000089a00000, 0x0000000089b00000, 0x0000000089b00000|100%| O|  |TAMS 0x0000000089b00000, 0x0000000089a00000| Untracked 
| 135|0x0000000089b00000, 0x0000000089c00000, 0x0000000089c00000|100%| E|CS|TAMS 0x0000000089b00000, 0x0000000089b00000| Complete 
| 136|0x0000000089c00000, 0x0000000089d00000, 0x0000000089d00000|100%| E|CS|TAMS 0x0000000089c00000, 0x0000000089c00000| Complete 
| 137|0x0000000089d00000, 0x0000000089e00000, 0x0000000089e00000|100%| E|CS|TAMS 0x0000000089d00000, 0x0000000089d00000| Complete 
| 138|0x0000000089e00000, 0x0000000089f00000, 0x0000000089f00000|100%| E|CS|TAMS 0x0000000089e00000, 0x0000000089e00000| Complete 
| 139|0x0000000089f00000, 0x000000008a000000, 0x000000008a000000|100%| E|CS|TAMS 0x0000000089f00000, 0x0000000089f00000| Complete 
| 140|0x000000008a000000, 0x000000008a100000, 0x000000008a100000|100%| E|CS|TAMS 0x000000008a000000, 0x000000008a000000| Complete 
| 141|0x000000008a100000, 0x000000008a200000, 0x000000008a200000|100%| E|CS|TAMS 0x000000008a100000, 0x000000008a100000| Complete 
| 142|0x000000008a200000, 0x000000008a300000, 0x000000008a300000|100%| E|CS|TAMS 0x000000008a200000, 0x000000008a200000| Complete 
| 143|0x000000008a300000, 0x000000008a400000, 0x000000008a400000|100%| E|CS|TAMS 0x000000008a300000, 0x000000008a300000| Complete 
| 144|0x000000008a400000, 0x000000008a500000, 0x000000008a500000|100%| E|CS|TAMS 0x000000008a400000, 0x000000008a400000| Complete 
| 145|0x000000008a500000, 0x000000008a600000, 0x000000008a600000|100%| E|CS|TAMS 0x000000008a500000, 0x000000008a500000| Complete 
| 146|0x000000008a600000, 0x000000008a700000, 0x000000008a700000|100%| E|CS|TAMS 0x000000008a600000, 0x000000008a600000| Complete 
| 147|0x000000008a700000, 0x000000008a800000, 0x000000008a800000|100%| E|CS|TAMS 0x000000008a700000, 0x000000008a700000| Complete 
| 148|0x000000008a800000, 0x000000008a900000, 0x000000008a900000|100%| E|CS|TAMS 0x000000008a800000, 0x000000008a800000| Complete 
| 149|0x000000008a900000, 0x000000008aa00000, 0x000000008aa00000|100%| E|CS|TAMS 0x000000008a900000, 0x000000008a900000| Complete 
| 150|0x000000008aa00000, 0x000000008ab00000, 0x000000008ab00000|100%| E|CS|TAMS 0x000000008aa00000, 0x000000008aa00000| Complete 
| 151|0x000000008ab00000, 0x000000008ac00000, 0x000000008ac00000|100%| E|CS|TAMS 0x000000008ab00000, 0x000000008ab00000| Complete 
| 152|0x000000008ac00000, 0x000000008ad00000, 0x000000008ad00000|100%| E|CS|TAMS 0x000000008ac00000, 0x000000008ac00000| Complete 
| 153|0x000000008ad00000, 0x000000008ae00000, 0x000000008ae00000|100%| E|CS|TAMS 0x000000008ad00000, 0x000000008ad00000| Complete 
| 154|0x000000008ae00000, 0x000000008af00000, 0x000000008af00000|100%| E|CS|TAMS 0x000000008ae00000, 0x000000008ae00000| Complete 
| 155|0x000000008af00000, 0x000000008b000000, 0x000000008b000000|100%| E|CS|TAMS 0x000000008af00000, 0x000000008af00000| Complete 
| 156|0x000000008b000000, 0x000000008b100000, 0x000000008b100000|100%| E|CS|TAMS 0x000000008b000000, 0x000000008b000000| Complete 
| 157|0x000000008b100000, 0x000000008b200000, 0x000000008b200000|100%| E|CS|TAMS 0x000000008b100000, 0x000000008b100000| Complete 
| 158|0x000000008b200000, 0x000000008b300000, 0x000000008b300000|100%| E|CS|TAMS 0x000000008b200000, 0x000000008b200000| Complete 
| 159|0x000000008b300000, 0x000000008b400000, 0x000000008b400000|100%| E|CS|TAMS 0x000000008b300000, 0x000000008b300000| Complete 
| 160|0x000000008b400000, 0x000000008b500000, 0x000000008b500000|100%| E|CS|TAMS 0x000000008b400000, 0x000000008b400000| Complete 
| 161|0x000000008b500000, 0x000000008b600000, 0x000000008b600000|100%| E|CS|TAMS 0x000000008b500000, 0x000000008b500000| Complete 
| 162|0x000000008b600000, 0x000000008b700000, 0x000000008b700000|100%| E|CS|TAMS 0x000000008b600000, 0x000000008b600000| Complete 
| 163|0x000000008b700000, 0x000000008b800000, 0x000000008b800000|100%| E|CS|TAMS 0x000000008b700000, 0x000000008b700000| Complete 
| 164|0x000000008b800000, 0x000000008b900000, 0x000000008b900000|100%| E|CS|TAMS 0x000000008b800000, 0x000000008b800000| Complete 
| 165|0x000000008b900000, 0x000000008ba00000, 0x000000008ba00000|100%| E|CS|TAMS 0x000000008b900000, 0x000000008b900000| Complete 
| 166|0x000000008ba00000, 0x000000008bb00000, 0x000000008bb00000|100%| E|CS|TAMS 0x000000008ba00000, 0x000000008ba00000| Complete 
| 167|0x000000008bb00000, 0x000000008bc00000, 0x000000008bc00000|100%| E|CS|TAMS 0x000000008bb00000, 0x000000008bb00000| Complete 
| 168|0x000000008bc00000, 0x000000008bd00000, 0x000000008bd00000|100%| E|CS|TAMS 0x000000008bc00000, 0x000000008bc00000| Complete 
| 169|0x000000008bd00000, 0x000000008be00000, 0x000000008be00000|100%| E|CS|TAMS 0x000000008bd00000, 0x000000008bd00000| Complete 
| 170|0x000000008be00000, 0x000000008bf00000, 0x000000008bf00000|100%| E|CS|TAMS 0x000000008be00000, 0x000000008be00000| Complete 
| 171|0x000000008bf00000, 0x000000008c000000, 0x000000008c000000|100%| E|CS|TAMS 0x000000008bf00000, 0x000000008bf00000| Complete 
| 172|0x000000008c000000, 0x000000008c100000, 0x000000008c100000|100%| E|CS|TAMS 0x000000008c000000, 0x000000008c000000| Complete 
| 173|0x000000008c100000, 0x000000008c200000, 0x000000008c200000|100%| E|CS|TAMS 0x000000008c100000, 0x000000008c100000| Complete 
| 174|0x000000008c200000, 0x000000008c300000, 0x000000008c300000|100%| E|CS|TAMS 0x000000008c200000, 0x000000008c200000| Complete 
| 175|0x000000008c300000, 0x000000008c400000, 0x000000008c400000|100%| E|CS|TAMS 0x000000008c300000, 0x000000008c300000| Complete 
| 176|0x000000008c400000, 0x000000008c500000, 0x000000008c500000|100%| E|CS|TAMS 0x000000008c400000, 0x000000008c400000| Complete 
| 177|0x000000008c500000, 0x000000008c600000, 0x000000008c600000|100%| E|CS|TAMS 0x000000008c500000, 0x000000008c500000| Complete 
| 178|0x000000008c600000, 0x000000008c700000, 0x000000008c700000|100%| E|CS|TAMS 0x000000008c600000, 0x000000008c600000| Complete 
| 179|0x000000008c700000, 0x000000008c800000, 0x000000008c800000|100%| E|CS|TAMS 0x000000008c700000, 0x000000008c700000| Complete 
| 180|0x000000008c800000, 0x000000008c900000, 0x000000008c900000|100%| E|CS|TAMS 0x000000008c800000, 0x000000008c800000| Complete 
| 181|0x000000008c900000, 0x000000008ca00000, 0x000000008ca00000|100%| E|CS|TAMS 0x000000008c900000, 0x000000008c900000| Complete 
| 182|0x000000008ca00000, 0x000000008cb00000, 0x000000008cb00000|100%| E|CS|TAMS 0x000000008ca00000, 0x000000008ca00000| Complete 
| 183|0x000000008cb00000, 0x000000008cc00000, 0x000000008cc00000|100%| E|CS|TAMS 0x000000008cb00000, 0x000000008cb00000| Complete 
| 184|0x000000008cc00000, 0x000000008cd00000, 0x000000008cd00000|100%| E|CS|TAMS 0x000000008cc00000, 0x000000008cc00000| Complete 
| 185|0x000000008cd00000, 0x000000008ce00000, 0x000000008ce00000|100%| E|CS|TAMS 0x000000008cd00000, 0x000000008cd00000| Complete 
| 186|0x000000008ce00000, 0x000000008cf00000, 0x000000008cf00000|100%| E|CS|TAMS 0x000000008ce00000, 0x000000008ce00000| Complete 
| 187|0x000000008cf00000, 0x000000008d000000, 0x000000008d000000|100%| E|CS|TAMS 0x000000008cf00000, 0x000000008cf00000| Complete 
| 188|0x000000008d000000, 0x000000008d100000, 0x000000008d100000|100%| E|CS|TAMS 0x000000008d000000, 0x000000008d000000| Complete 
| 189|0x000000008d100000, 0x000000008d200000, 0x000000008d200000|100%| E|CS|TAMS 0x000000008d100000, 0x000000008d100000| Complete 
| 190|0x000000008d200000, 0x000000008d300000, 0x000000008d300000|100%| E|CS|TAMS 0x000000008d200000, 0x000000008d200000| Complete 
| 191|0x000000008d300000, 0x000000008d400000, 0x000000008d400000|100%| E|CS|TAMS 0x000000008d300000, 0x000000008d300000| Complete 
| 192|0x000000008d400000, 0x000000008d500000, 0x000000008d500000|100%| E|CS|TAMS 0x000000008d400000, 0x000000008d400000| Complete 
| 193|0x000000008d500000, 0x000000008d600000, 0x000000008d600000|100%| E|CS|TAMS 0x000000008d500000, 0x000000008d500000| Complete 
| 194|0x000000008d600000, 0x000000008d700000, 0x000000008d700000|100%| E|CS|TAMS 0x000000008d600000, 0x000000008d600000| Complete 
| 195|0x000000008d700000, 0x000000008d800000, 0x000000008d800000|100%| E|CS|TAMS 0x000000008d700000, 0x000000008d700000| Complete 
| 196|0x000000008d800000, 0x000000008d900000, 0x000000008d900000|100%| E|CS|TAMS 0x000000008d800000, 0x000000008d800000| Complete 
| 197|0x000000008d900000, 0x000000008da00000, 0x000000008da00000|100%| E|CS|TAMS 0x000000008d900000, 0x000000008d900000| Complete 
| 198|0x000000008da00000, 0x000000008db00000, 0x000000008db00000|100%| E|CS|TAMS 0x000000008da00000, 0x000000008da00000| Complete 
| 199|0x000000008db00000, 0x000000008dc00000, 0x000000008dc00000|100%| E|CS|TAMS 0x000000008db00000, 0x000000008db00000| Complete 
| 200|0x000000008dc00000, 0x000000008dd00000, 0x000000008dd00000|100%| E|CS|TAMS 0x000000008dc00000, 0x000000008dc00000| Complete 
| 201|0x000000008dd00000, 0x000000008de00000, 0x000000008de00000|100%| E|CS|TAMS 0x000000008dd00000, 0x000000008dd00000| Complete 

Card table byte_map: [0x00000239e8e20000,0x00000239e9220000] _byte_map_base: 0x00000239e8a16000

Marking Bits (Prev, Next): (CMBitMap*) 0x00000239ce1679f8, (CMBitMap*) 0x00000239ce167a30
 Prev Bits: [0x00000239e9620000, 0x00000239eb5d0000)
 Next Bits: [0x00000239eb5d0000, 0x00000239ed580000)

Polling page: 0x00000239cdfc0000

Metaspace:

Usage:
  Non-class:     38.45 MB capacity,    37.72 MB ( 98%) used,   643.05 KB (  2%) free+waste,   102.31 KB ( <1%) overhead. 
      Class:      4.70 MB capacity,     4.31 MB ( 92%) used,   362.34 KB (  8%) free+waste,    41.62 KB ( <1%) overhead. 
       Both:     43.15 MB capacity,    42.03 MB ( 97%) used,  1005.38 KB (  2%) free+waste,   143.94 KB ( <1%) overhead. 

Virtual space:
  Non-class space:       40.00 MB reserved,      38.45 MB ( 96%) committed 
      Class space:        1.00 GB reserved,       4.75 MB ( <1%) committed 
             Both:        1.04 GB reserved,      43.20 MB (  4%) committed 

Chunk freelists:
   Non-Class:  5.00 KB
       Class:  19.00 KB
        Both:  24.00 KB

MaxMetaspaceSize: 17179869184.00 GB
CompressedClassSpaceSize: 1.00 GB
Initial GC threshold: 20.80 MB
Current GC threshold: 59.09 MB
CDS: off

CodeHeap 'non-profiled nmethods': size=120064Kb used=5471Kb max_used=5471Kb free=114592Kb
 bounds [0x00000239e0ec0000, 0x00000239e1420000, 0x00000239e8400000]
CodeHeap 'profiled nmethods': size=120000Kb used=23796Kb max_used=23796Kb free=96203Kb
 bounds [0x00000239d9990000, 0x00000239db0d0000, 0x00000239e0ec0000]
CodeHeap 'non-nmethods': size=5696Kb used=1223Kb max_used=1266Kb free=4472Kb
 bounds [0x00000239d9400000, 0x00000239d9670000, 0x00000239d9990000]
 total_blobs=9863 nmethods=9364 adapters=411
 compilation: enabled
              stopped_count=0, restarted_count=0
 full_count=0

Compilation events (20 events):
Event: 18.140 Thread 0x00000239efbf6800 9449       3       java.io.File::<init> (80 bytes)
Event: 18.142 Thread 0x00000239efbf6800 nmethod 9449 0x00000239db0c2390 code [0x00000239db0c2560, 0x00000239db0c27e8]
Event: 18.163 Thread 0x00000239efbf6800 9450       3       java.io.File::normalizedList (86 bytes)
Event: 18.164 Thread 0x00000239efbf6800 nmethod 9450 0x00000239db0c2910 code [0x00000239db0c2b40, 0x00000239db0c3298]
Event: 18.182 Thread 0x00000239efbf2800 9452       4       org.springframework.asm.ClassReader::readUtf (161 bytes)
Event: 18.211 Thread 0x00000239efbf6800 9454       3       org.springframework.asm.ClassReader::readMethod (1055 bytes)
Event: 18.224 Thread 0x00000239efbf2800 nmethod 9452 0x00000239e1416c10 code [0x00000239e1416de0, 0x00000239e1417638]
Event: 18.224 Thread 0x00000239efbf2800 9453       4       org.springframework.asm.ClassReader::readInt (52 bytes)
Event: 18.228 Thread 0x00000239efbf2800 nmethod 9453 0x00000239e1417a10 code [0x00000239e1417ba0, 0x00000239e1417c98]
Event: 18.233 Thread 0x00000239efbf6800 nmethod 9454 0x00000239db0c3490 code [0x00000239db0c3c20, 0x00000239db0c8808]
Event: 18.233 Thread 0x00000239efbf6800 9456       3       org.springframework.boot.loader.tools.MainClassFinder$ClassDescriptor::isAccess (39 bytes)
Event: 18.234 Thread 0x00000239efbf6800 nmethod 9456 0x00000239db0cac90 code [0x00000239db0cae40, 0x00000239db0cb058]
Event: 18.234 Thread 0x00000239efbf6800 9455       3       org.springframework.boot.loader.tools.MainClassFinder$ClassDescriptor::visitMethod (49 bytes)
Event: 18.235 Thread 0x00000239efbf6800 nmethod 9455 0x00000239db0cb190 code [0x00000239db0cb380, 0x00000239db0cb738]
Event: 18.293 Thread 0x00000239efbf6800 9457       3       java.lang.invoke.LambdaForm$DMH/0x000000010029ec40::invokeStatic (30 bytes)
Event: 18.295 Thread 0x00000239efbf6800 nmethod 9457 0x00000239db0cb910 code [0x00000239db0cbb20, 0x00000239db0cc188]
Event: 18.313 Thread 0x00000239efbf6800 9458       3       org.apache.maven.artifact.resolver.filter.CumulativeScopeArtifactFilter::include (6 bytes)
Event: 18.314 Thread 0x00000239efbf6800 nmethod 9458 0x00000239db0cc310 code [0x00000239db0cc4c0, 0x00000239db0cc5e8]
Event: 18.314 Thread 0x00000239efbf6800 9459       3       org.apache.maven.artifact.resolver.filter.AbstractScopeArtifactFilter::include (97 bytes)
Event: 18.315 Thread 0x00000239efbf6800 nmethod 9459 0x00000239db0cc690 code [0x00000239db0cc8c0, 0x00000239db0cce88]

GC Heap History (20 events):
Event: 6.360 GC heap after
{Heap after GC invocations=7 (full 0):
 garbage-first heap   total 172032K, used 16034K [0x0000000081400000, 0x0000000100000000)
  region size 1024K, 9 young (9216K), 9 survivors (9216K)
 Metaspace       used 26127K, capacity 26748K, committed 27008K, reserved 1073152K
  class space    used 2721K, capacity 2924K, committed 2944K, reserved 1048576K
}
Event: 9.095 GC heap before
{Heap before GC invocations=7 (full 0):
 garbage-first heap   total 172032K, used 101026K [0x0000000081400000, 0x0000000100000000)
  region size 1024K, 90 young (92160K), 9 survivors (9216K)
 Metaspace       used 34597K, capacity 35474K, committed 35712K, reserved 1081344K
  class space    used 3673K, capacity 3964K, committed 3968K, reserved 1048576K
}
Event: 9.126 GC heap after
{Heap after GC invocations=8 (full 0):
 garbage-first heap   total 172032K, used 40178K [0x0000000081400000, 0x0000000100000000)
  region size 1024K, 12 young (12288K), 12 survivors (12288K)
 Metaspace       used 34597K, capacity 35474K, committed 35712K, reserved 1081344K
  class space    used 3673K, capacity 3964K, committed 3968K, reserved 1048576K
}
Event: 9.510 GC heap before
{Heap before GC invocations=8 (full 0):
 garbage-first heap   total 172032K, used 61682K [0x0000000081400000, 0x0000000100000000)
  region size 1024K, 34 young (34816K), 12 survivors (12288K)
 Metaspace       used 35055K, capacity 35893K, committed 36048K, reserved 1081344K
  class space    used 3690K, capacity 4012K, committed 4096K, reserved 1048576K
}
Event: 9.543 GC heap after
{Heap after GC invocations=9 (full 0):
 garbage-first heap   total 172032K, used 44959K [0x0000000081400000, 0x0000000100000000)
  region size 1024K, 5 young (5120K), 5 survivors (5120K)
 Metaspace       used 35055K, capacity 35893K, committed 36048K, reserved 1081344K
  class space    used 3690K, capacity 4012K, committed 4096K, reserved 1048576K
}
Event: 10.701 GC heap before
{Heap before GC invocations=10 (full 0):
 garbage-first heap   total 172032K, used 99231K [0x0000000081400000, 0x0000000100000000)
  region size 1024K, 58 young (59392K), 5 survivors (5120K)
 Metaspace       used 37169K, capacity 38136K, committed 38224K, reserved 1083392K
  class space    used 3896K, capacity 4222K, committed 4224K, reserved 1048576K
}
Event: 10.709 GC heap after
{Heap after GC invocations=11 (full 0):
 garbage-first heap   total 172032K, used 46454K [0x0000000081400000, 0x0000000100000000)
  region size 1024K, 5 young (5120K), 5 survivors (5120K)
 Metaspace       used 37169K, capacity 38136K, committed 38224K, reserved 1083392K
  class space    used 3896K, capacity 4222K, committed 4224K, reserved 1048576K
}
Event: 11.330 GC heap before
{Heap before GC invocations=11 (full 0):
 garbage-first heap   total 172032K, used 105846K [0x0000000081400000, 0x0000000100000000)
  region size 1024K, 63 young (64512K), 5 survivors (5120K)
 Metaspace       used 37748K, capacity 38729K, committed 38864K, reserved 1083392K
  class space    used 3954K, capacity 4281K, committed 4352K, reserved 1048576K
}
Event: 11.339 GC heap after
{Heap after GC invocations=12 (full 0):
 garbage-first heap   total 172032K, used 47229K [0x0000000081400000, 0x0000000100000000)
  region size 1024K, 3 young (3072K), 3 survivors (3072K)
 Metaspace       used 37748K, capacity 38729K, committed 38864K, reserved 1083392K
  class space    used 3954K, capacity 4281K, committed 4352K, reserved 1048576K
}
Event: 11.545 GC heap before
{Heap before GC invocations=12 (full 0):
 garbage-first heap   total 172032K, used 111741K [0x0000000081400000, 0x0000000100000000)
  region size 1024K, 66 young (67584K), 3 survivors (3072K)
 Metaspace       used 37853K, capacity 38828K, committed 39120K, reserved 1083392K
  class space    used 3958K, capacity 4286K, committed 4352K, reserved 1048576K
}
Event: 11.551 GC heap after
{Heap after GC invocations=13 (full 0):
 garbage-first heap   total 172032K, used 47865K [0x0000000081400000, 0x0000000100000000)
  region size 1024K, 4 young (4096K), 4 survivors (4096K)
 Metaspace       used 37853K, capacity 38828K, committed 39120K, reserved 1083392K
  class space    used 3958K, capacity 4286K, committed 4352K, reserved 1048576K
}
Event: 11.731 GC heap before
{Heap before GC invocations=13 (full 0):
 garbage-first heap   total 172032K, used 116473K [0x0000000081400000, 0x0000000100000000)
  region size 1024K, 71 young (72704K), 4 survivors (4096K)
 Metaspace       used 37907K, capacity 38914K, committed 39120K, reserved 1083392K
  class space    used 3960K, capacity 4289K, committed 4352K, reserved 1048576K
}
Event: 11.738 GC heap after
{Heap after GC invocations=14 (full 0):
 garbage-first heap   total 172032K, used 48614K [0x0000000081400000, 0x0000000100000000)
  region size 1024K, 4 young (4096K), 4 survivors (4096K)
 Metaspace       used 37907K, capacity 38914K, committed 39120K, reserved 1083392K
  class space    used 3960K, capacity 4289K, committed 4352K, reserved 1048576K
}
Event: 12.450 GC heap before
{Heap before GC invocations=14 (full 0):
 garbage-first heap   total 172032K, used 121318K [0x0000000081400000, 0x0000000100000000)
  region size 1024K, 75 young (76800K), 4 survivors (4096K)
 Metaspace       used 38189K, capacity 39121K, committed 39376K, reserved 1085440K
  class space    used 3962K, capacity 4291K, committed 4352K, reserved 1048576K
}
Event: 12.458 GC heap after
{Heap after GC invocations=15 (full 0):
 garbage-first heap   total 172032K, used 49457K [0x0000000081400000, 0x0000000100000000)
  region size 1024K, 5 young (5120K), 5 survivors (5120K)
 Metaspace       used 38189K, capacity 39121K, committed 39376K, reserved 1085440K
  class space    used 3962K, capacity 4291K, committed 4352K, reserved 1048576K
}
Event: 14.308 GC heap before
{Heap before GC invocations=15 (full 0):
 garbage-first heap   total 172032K, used 124209K [0x0000000081400000, 0x0000000100000000)
  region size 1024K, 78 young (79872K), 5 survivors (5120K)
 Metaspace       used 40441K, capacity 41429K, committed 41680K, reserved 1087488K
  class space    used 4152K, capacity 4496K, committed 4608K, reserved 1048576K
}
Event: 14.323 GC heap after
{Heap after GC invocations=16 (full 0):
 garbage-first heap   total 172032K, used 50646K [0x0000000081400000, 0x0000000100000000)
  region size 1024K, 6 young (6144K), 6 survivors (6144K)
 Metaspace       used 40441K, capacity 41429K, committed 41680K, reserved 1087488K
  class space    used 4152K, capacity 4496K, committed 4608K, reserved 1048576K
}
Event: 16.565 GC heap before
{Heap before GC invocations=16 (full 0):
 garbage-first heap   total 172032K, used 129494K [0x0000000081400000, 0x0000000100000000)
  region size 1024K, 81 young (82944K), 6 survivors (6144K)
 Metaspace       used 40836K, capacity 41894K, committed 42192K, reserved 1087488K
  class space    used 4176K, capacity 4542K, committed 4608K, reserved 1048576K
}
Event: 16.589 GC heap after
{Heap after GC invocations=17 (full 0):
 garbage-first heap   total 206848K, used 73831K [0x0000000081400000, 0x0000000100000000)
  region size 1024K, 11 young (11264K), 11 survivors (11264K)
 Metaspace       used 40836K, capacity 41894K, committed 42192K, reserved 1087488K
  class space    used 4176K, capacity 4542K, committed 4608K, reserved 1048576K
}
Event: 18.378 GC heap before
{Heap before GC invocations=17 (full 0):
 garbage-first heap   total 206848K, used 147559K [0x0000000081400000, 0x0000000100000000)
  region size 1024K, 83 young (84992K), 11 survivors (11264K)
 Metaspace       used 43034K, capacity 44184K, committed 44240K, reserved 1089536K
  class space    used 4409K, capacity 4813K, committed 4864K, reserved 1048576K
}

Deoptimization events (20 events):
Event: 17.533 Thread 0x00000239ce128000 Uncommon trap: trap_request=0xffffff4d fr.pc=0x00000239e1095610 relative=0x0000000000002390
Event: 17.533 Thread 0x00000239ce128000 Uncommon trap: reason=unstable_if action=reinterpret pc=0x00000239e1095610 method=java.util.IdentityHashMap.remove(Ljava/lang/Object;)Ljava/lang/Object; @ 31 c2
Event: 17.533 Thread 0x00000239ce128000 DEOPT PACKING pc=0x00000239e1095610 sp=0x000000b134efcdd0
Event: 17.534 Thread 0x00000239ce128000 DEOPT UNPACKING pc=0x00000239d944a1af sp=0x000000b134efcc28 mode 2
Event: 18.044 Thread 0x00000239ce128000 Uncommon trap: trap_request=0xffffff4d fr.pc=0x00000239e0fada28 relative=0x0000000000000b88
Event: 18.044 Thread 0x00000239ce128000 Uncommon trap: reason=unstable_if action=reinterpret pc=0x00000239e0fada28 method=com.google.inject.internal.MoreTypes.canonicalize(Ljava/lang/reflect/Type;)Ljava/lang/reflect/Type; @ 16 c2
Event: 18.044 Thread 0x00000239ce128000 DEOPT PACKING pc=0x00000239e0fada28 sp=0x000000b134efd500
Event: 18.044 Thread 0x00000239ce128000 DEOPT UNPACKING pc=0x00000239d944a1af sp=0x000000b134efd4e0 mode 2
Event: 18.044 Thread 0x00000239ce128000 Uncommon trap: trap_request=0xffffffde fr.pc=0x00000239e0fb0c70 relative=0x0000000000000470
Event: 18.044 Thread 0x00000239ce128000 Uncommon trap: reason=class_check action=maybe_recompile pc=0x00000239e0fb0c70 method=com.google.inject.internal.MoreTypes.getRawType(Ljava/lang/reflect/Type;)Ljava/lang/Class; @ 13 c2
Event: 18.044 Thread 0x00000239ce128000 DEOPT PACKING pc=0x00000239e0fb0c70 sp=0x000000b134efd580
Event: 18.044 Thread 0x00000239ce128000 DEOPT UNPACKING pc=0x00000239d944a1af sp=0x000000b134efd4c8 mode 2
Event: 18.046 Thread 0x00000239ce128000 Uncommon trap: trap_request=0xffffffde fr.pc=0x00000239e0fb0c70 relative=0x0000000000000470
Event: 18.046 Thread 0x00000239ce128000 Uncommon trap: reason=class_check action=maybe_recompile pc=0x00000239e0fb0c70 method=com.google.inject.internal.MoreTypes.getRawType(Ljava/lang/reflect/Type;)Ljava/lang/Class; @ 13 c2
Event: 18.046 Thread 0x00000239ce128000 DEOPT PACKING pc=0x00000239e0fb0c70 sp=0x000000b134efd580
Event: 18.046 Thread 0x00000239ce128000 DEOPT UNPACKING pc=0x00000239d944a1af sp=0x000000b134efd4c8 mode 2
Event: 18.050 Thread 0x00000239ce128000 Uncommon trap: trap_request=0xffffffde fr.pc=0x00000239e0fb0c70 relative=0x0000000000000470
Event: 18.050 Thread 0x00000239ce128000 Uncommon trap: reason=class_check action=maybe_recompile pc=0x00000239e0fb0c70 method=com.google.inject.internal.MoreTypes.getRawType(Ljava/lang/reflect/Type;)Ljava/lang/Class; @ 13 c2
Event: 18.051 Thread 0x00000239ce128000 DEOPT PACKING pc=0x00000239e0fb0c70 sp=0x000000b134efd580
Event: 18.051 Thread 0x00000239ce128000 DEOPT UNPACKING pc=0x00000239d944a1af sp=0x000000b134efd4c8 mode 2

Classes redefined (0 events):
No events

Internal exceptions (20 events):
Event: 16.479 Thread 0x00000239ce128000 Exception <a 'sun/nio/fs/WindowsException'{0x00000000874025e8}> (0x00000000874025e8) thrown at [s\src\hotspot\share\prims\jni.cpp, line 617]
Event: 16.479 Thread 0x00000239ce128000 Exception <a 'sun/nio/fs/WindowsException'{0x0000000087403b70}> (0x0000000087403b70) thrown at [s\src\hotspot\share\prims\jni.cpp, line 617]
Event: 16.479 Thread 0x00000239ce128000 Exception <a 'sun/nio/fs/WindowsException'{0x0000000087403fa0}> (0x0000000087403fa0) thrown at [s\src\hotspot\share\prims\jni.cpp, line 617]
Event: 16.480 Thread 0x00000239ce128000 Exception <a 'sun/nio/fs/WindowsException'{0x000000008740d210}> (0x000000008740d210) thrown at [s\src\hotspot\share\prims\jni.cpp, line 617]
Event: 16.480 Thread 0x00000239ce128000 Exception <a 'sun/nio/fs/WindowsException'{0x000000008740d5f0}> (0x000000008740d5f0) thrown at [s\src\hotspot\share\prims\jni.cpp, line 617]
Event: 16.480 Thread 0x00000239ce128000 Exception <a 'sun/nio/fs/WindowsException'{0x0000000087424d88}> (0x0000000087424d88) thrown at [s\src\hotspot\share\prims\jni.cpp, line 617]
Event: 16.480 Thread 0x00000239ce128000 Exception <a 'sun/nio/fs/WindowsException'{0x00000000874251a8}> (0x00000000874251a8) thrown at [s\src\hotspot\share\prims\jni.cpp, line 617]
Event: 16.480 Thread 0x00000239ce128000 Exception <a 'sun/nio/fs/WindowsException'{0x00000000874267f0}> (0x00000000874267f0) thrown at [s\src\hotspot\share\prims\jni.cpp, line 617]
Event: 16.480 Thread 0x00000239ce128000 Exception <a 'sun/nio/fs/WindowsException'{0x0000000087426ce0}> (0x0000000087426ce0) thrown at [s\src\hotspot\share\prims\jni.cpp, line 617]
Event: 16.481 Thread 0x00000239ce128000 Exception <a 'sun/nio/fs/WindowsException'{0x0000000087429e50}> (0x0000000087429e50) thrown at [s\src\hotspot\share\prims\jni.cpp, line 617]
Event: 16.481 Thread 0x00000239ce128000 Exception <a 'sun/nio/fs/WindowsException'{0x000000008742a2b8}> (0x000000008742a2b8) thrown at [s\src\hotspot\share\prims\jni.cpp, line 617]
Event: 16.481 Thread 0x00000239ce128000 Exception <a 'sun/nio/fs/WindowsException'{0x000000008742b870}> (0x000000008742b870) thrown at [s\src\hotspot\share\prims\jni.cpp, line 617]
Event: 16.481 Thread 0x00000239ce128000 Exception <a 'sun/nio/fs/WindowsException'{0x000000008742bcb8}> (0x000000008742bcb8) thrown at [s\src\hotspot\share\prims\jni.cpp, line 617]
Event: 16.481 Thread 0x00000239ce128000 Exception <a 'sun/nio/fs/WindowsException'{0x000000008743afe8}> (0x000000008743afe8) thrown at [s\src\hotspot\share\prims\jni.cpp, line 617]
Event: 16.482 Thread 0x00000239ce128000 Exception <a 'sun/nio/fs/WindowsException'{0x000000008743b3d8}> (0x000000008743b3d8) thrown at [s\src\hotspot\share\prims\jni.cpp, line 617]
Event: 16.482 Thread 0x00000239ce128000 Exception <a 'sun/nio/fs/WindowsException'{0x0000000087465598}> (0x0000000087465598) thrown at [s\src\hotspot\share\prims\jni.cpp, line 617]
Event: 16.482 Thread 0x00000239ce128000 Exception <a 'sun/nio/fs/WindowsException'{0x00000000874659d8}> (0x00000000874659d8) thrown at [s\src\hotspot\share\prims\jni.cpp, line 617]
Event: 16.482 Thread 0x00000239ce128000 Exception <a 'sun/nio/fs/WindowsException'{0x0000000087467050}> (0x0000000087467050) thrown at [s\src\hotspot\share\prims\jni.cpp, line 617]
Event: 16.482 Thread 0x00000239ce128000 Exception <a 'sun/nio/fs/WindowsException'{0x0000000087467558}> (0x0000000087467558) thrown at [s\src\hotspot\share\prims\jni.cpp, line 617]
Event: 18.019 Thread 0x00000239ce128000 Exception <a 'java/lang/NoClassDefFoundError'{0x0000000089bd6e68}: org/sonatype/aether/graph/DependencyNode> (0x0000000089bd6e68) thrown at [s\src\hotspot\share\classfile\systemDictionary.cpp, line 219]

Events (20 events):
Event: 18.301 loading class org/apache/maven/shared/utils/StringUtils done
Event: 18.301 loading class org/apache/maven/shared/utils/StringUtils
Event: 18.301 loading class org/apache/maven/shared/utils/StringUtils done
Event: 18.308 loading class org/springframework/boot/maven/MatchingGroupIdFilter
Event: 18.308 loading class org/springframework/boot/maven/MatchingGroupIdFilter done
Event: 18.308 loading class org/springframework/boot/maven/MatchingGroupIdFilter
Event: 18.308 loading class org/springframework/boot/maven/MatchingGroupIdFilter done
Event: 18.310 loading class org/springframework/boot/maven/ExcludeFilter
Event: 18.310 loading class org/springframework/boot/maven/ExcludeFilter done
Event: 18.310 loading class org/springframework/boot/maven/ExcludeFilter
Event: 18.310 loading class org/springframework/boot/maven/ExcludeFilter done
Event: 18.310 loading class org/springframework/boot/maven/DependencyFilter
Event: 18.310 loading class org/springframework/boot/maven/DependencyFilter done
Event: 18.310 loading class org/springframework/boot/maven/DependencyFilter
Event: 18.310 loading class org/springframework/boot/maven/DependencyFilter done
Event: 18.312 loading class org/springframework/boot/maven/JarTypeFilter
Event: 18.312 loading class org/springframework/boot/maven/JarTypeFilter done
Event: 18.312 loading class org/springframework/boot/maven/JarTypeFilter
Event: 18.312 loading class org/springframework/boot/maven/JarTypeFilter done
Event: 18.378 Executing VM operation: G1CollectForAllocation


Dynamic libraries:
0x00007ff75b490000 - 0x00007ff75b49e000 	C:\Program Files\OpenLogic\jdk-11.0.21.9-hotspot\bin\java.exe
0x00007ffd43ed0000 - 0x00007ffd440c8000 	C:\Windows\SYSTEM32\ntdll.dll
0x00007ffd42a80000 - 0x00007ffd42b3d000 	C:\Windows\System32\KERNEL32.DLL
0x00007ffd415d0000 - 0x00007ffd418c6000 	C:\Windows\System32\KERNELBASE.dll
0x00007ffd41b30000 - 0x00007ffd41c30000 	C:\Windows\System32\ucrtbase.dll
0x00007ffd3a2e0000 - 0x00007ffd3a2fb000 	C:\Program Files\OpenLogic\jdk-11.0.21.9-hotspot\bin\VCRUNTIME140.dll
0x00007ffd32130000 - 0x00007ffd32147000 	C:\Program Files\OpenLogic\jdk-11.0.21.9-hotspot\bin\jli.dll
0x00007ffd42bf0000 - 0x00007ffd42d8f000 	C:\Windows\System32\USER32.dll
0x00007ffd41d00000 - 0x00007ffd41d22000 	C:\Windows\System32\win32u.dll
0x00007ffd30c40000 - 0x00007ffd30eda000 	C:\Windows\WinSxS\amd64_microsoft.windows.common-controls_6595b64144ccf1df_6.0.19041.3636_none_60b6a03d71f818d5\COMCTL32.dll
0x00007ffd435e0000 - 0x00007ffd4360b000 	C:\Windows\System32\GDI32.dll
0x00007ffd43b60000 - 0x00007ffd43bfe000 	C:\Windows\System32\msvcrt.dll
0x00007ffd41d30000 - 0x00007ffd41e47000 	C:\Windows\System32\gdi32full.dll
0x00007ffd41c60000 - 0x00007ffd41cfd000 	C:\Windows\System32\msvcp_win.dll
0x00007ffd42360000 - 0x00007ffd42392000 	C:\Windows\System32\IMM32.DLL
0x00007ffd3b230000 - 0x00007ffd3b23c000 	C:\Program Files\OpenLogic\jdk-11.0.21.9-hotspot\bin\vcruntime140_1.dll
0x00007ffd24930000 - 0x00007ffd249bd000 	C:\Program Files\OpenLogic\jdk-11.0.21.9-hotspot\bin\msvcp140.dll
0x00007ffcd15e0000 - 0x00007ffcd212d000 	C:\Program Files\OpenLogic\jdk-11.0.21.9-hotspot\bin\server\jvm.dll
0x00007ffd42b40000 - 0x00007ffd42bf0000 	C:\Windows\System32\ADVAPI32.dll
0x00007ffd41f00000 - 0x00007ffd41fa0000 	C:\Windows\System32\sechost.dll
0x00007ffd43c60000 - 0x00007ffd43d83000 	C:\Windows\System32\RPCRT4.dll
0x00007ffd41c30000 - 0x00007ffd41c57000 	C:\Windows\System32\bcrypt.dll
0x00007ffd43b50000 - 0x00007ffd43b58000 	C:\Windows\System32\PSAPI.DLL
0x00007ffd2f0b0000 - 0x00007ffd2f0b9000 	C:\Windows\SYSTEM32\WSOCK32.dll
0x00007ffd29e40000 - 0x00007ffd29e67000 	C:\Windows\SYSTEM32\WINMM.dll
0x00007ffd31df0000 - 0x00007ffd31dfa000 	C:\Windows\SYSTEM32\VERSION.dll
0x00007ffd42010000 - 0x00007ffd4207b000 	C:\Windows\System32\WS2_32.dll
0x00007ffd3f410000 - 0x00007ffd3f422000 	C:\Windows\SYSTEM32\kernel.appcore.dll
0x00007ffd36e00000 - 0x00007ffd36e10000 	C:\Program Files\OpenLogic\jdk-11.0.21.9-hotspot\bin\verify.dll
0x00007ffd2c140000 - 0x00007ffd2c324000 	C:\Windows\SYSTEM32\DBGHELP.DLL
0x00007ffd2c100000 - 0x00007ffd2c134000 	C:\Windows\SYSTEM32\dbgcore.DLL
0x00007ffd418d0000 - 0x00007ffd41952000 	C:\Windows\System32\bcryptPrimitives.dll
0x00007ffd24900000 - 0x00007ffd24928000 	C:\Program Files\OpenLogic\jdk-11.0.21.9-hotspot\bin\java.dll
0x00007ffd343e0000 - 0x00007ffd343ea000 	C:\Program Files\OpenLogic\jdk-11.0.21.9-hotspot\bin\jimage.dll
0x00007ffd32110000 - 0x00007ffd32128000 	C:\Program Files\OpenLogic\jdk-11.0.21.9-hotspot\bin\zip.dll
0x00007ffd42e10000 - 0x00007ffd4357b000 	C:\Windows\System32\SHELL32.dll
0x00007ffd3f610000 - 0x00007ffd3fdae000 	C:\Windows\SYSTEM32\windows.storage.dll
0x00007ffd43610000 - 0x00007ffd43963000 	C:\Windows\System32\combase.dll
0x00007ffd40ee0000 - 0x00007ffd40f0e000 	C:\Windows\SYSTEM32\Wldp.dll
0x00007ffd429b0000 - 0x00007ffd42a7d000 	C:\Windows\System32\OLEAUT32.dll
0x00007ffd423a0000 - 0x00007ffd4244d000 	C:\Windows\System32\SHCORE.dll
0x00007ffd43580000 - 0x00007ffd435d5000 	C:\Windows\System32\shlwapi.dll
0x00007ffd414b0000 - 0x00007ffd414d3000 	C:\Windows\SYSTEM32\profapi.dll
0x00007ffd31e00000 - 0x00007ffd31e19000 	C:\Program Files\OpenLogic\jdk-11.0.21.9-hotspot\bin\net.dll
0x00007ffd37a40000 - 0x00007ffd37b4a000 	C:\Windows\SYSTEM32\WINHTTP.dll
0x00007ffd40c40000 - 0x00007ffd40caa000 	C:\Windows\system32\mswsock.dll
0x00007ffd248e0000 - 0x00007ffd248f2000 	C:\Program Files\OpenLogic\jdk-11.0.21.9-hotspot\bin\nio.dll
0x0000000069ac0000 - 0x0000000069ae4000 	C:\Program Files\Maven\apache-maven-3.9.6\lib\jansi-native\Windows\x86_64\jansi.dll

dbghelp: loaded successfully - version: 4.0.5 - missing functions: none
symbol engine: initialized successfully - sym options: 0x614 - pdb path: .;C:\Program Files\OpenLogic\jdk-11.0.21.9-hotspot\bin;C:\Windows\SYSTEM32;C:\Windows\WinSxS\amd64_microsoft.windows.common-controls_6595b64144ccf1df_6.0.19041.3636_none_60b6a03d71f818d5;C:\Program Files\OpenLogic\jdk-11.0.21.9-hotspot\bin\server;C:\Program Files\Maven\apache-maven-3.9.6\lib\jansi-native\Windows\x86_64

VM Arguments:
jvm_args: -Dclassworlds.conf=C:\Program Files\Maven\apache-maven-3.9.6\bin\m2.conf -Dmaven.home=C:\Program Files\Maven\apache-maven-3.9.6 -Dlibrary.jansi.path=C:\Program Files\Maven\apache-maven-3.9.6\lib\jansi-native -Dmaven.multiModuleProjectDirectory=C:\Users\todo-electro\Desktop\Benji\Programación\Java\servidor-gestion-de-ventas 
java_command: org.codehaus.plexus.classworlds.launcher.Launcher spring-boot:run
java_class_path (initial): C:\Program Files\Maven\apache-maven-3.9.6\boot\plexus-classworlds-2.7.0.jar
Launcher Type: SUN_STANDARD

[Global flags]
     intx CICompilerCount                          = 3                                         {product} {ergonomic}
     uint ConcGCThreads                            = 1                                         {product} {ergonomic}
     uint G1ConcRefinementThreads                  = 4                                         {product} {ergonomic}
   size_t G1HeapRegionSize                         = 1048576                                   {product} {ergonomic}
    uintx GCDrainStackTargetSize                   = 64                                        {product} {ergonomic}
   size_t InitialHeapSize                          = 134217728                                 {product} {ergonomic}
   size_t MarkStackSize                            = 4194304                                   {product} {ergonomic}
   size_t MaxHeapSize                              = 2126512128                                {product} {ergonomic}
   size_t MaxNewSize                               = 1275068416                                {product} {ergonomic}
   size_t MinHeapDeltaBytes                        = 1048576                                   {product} {ergonomic}
    uintx NonNMethodCodeHeapSize                   = 5830732                                {pd product} {ergonomic}
    uintx NonProfiledCodeHeapSize                  = 122913754                              {pd product} {ergonomic}
    uintx ProfiledCodeHeapSize                     = 122913754                              {pd product} {ergonomic}
    uintx ReservedCodeCacheSize                    = 251658240                              {pd product} {ergonomic}
     bool SegmentedCodeCache                       = true                                      {product} {ergonomic}
     bool UseCompressedClassPointers               = true                                 {lp64_product} {ergonomic}
     bool UseCompressedOops                        = true                                 {lp64_product} {ergonomic}
     bool UseG1GC                                  = true                                      {product} {ergonomic}
     bool UseLargePagesIndividualAllocation        = false                                  {pd product} {ergonomic}

Logging:
Log output configuration:
 #0: stdout all=warning uptime,level,tags
 #1: stderr all=off uptime,level,tags

Environment Variables:
PATH=C:\Program Files\OpenLogic\jdk-11.0.21.9-hotspot\bin;C:\Windows\system32;C:\Windows;C:\Windows\System32\Wbem;C:\Windows\System32\WindowsPowerShell\v1.0\;C:\Windows\System32\OpenSSH\;C:\Program Files\Maven\apache-maven-3.9.6\bin;C:\Program Files\Git\cmd;C:\Program Files\nodejs\;C:\Program Files\PostgreSQL\10\bin;C:\Users\todo-electro\AppData\Local\Microsoft\WindowsApps;;C:\Users\todo-electro\AppData\Local\Programs\Microsoft VS Code\bin;C:\Program Files\JetBrains\IntelliJ IDEA Community Edition 2023.3.2\bin;;C:\Users\todo-electro\AppData\Roaming\npm
USERNAME=todo-electro
OS=Windows_NT
PROCESSOR_IDENTIFIER=Intel64 Family 6 Model 42 Stepping 7, GenuineIntel
TMP=C:\Users\TODO-E~1\AppData\Local\Temp
TEMP=C:\Users\TODO-E~1\AppData\Local\Temp



---------------  S Y S T E M  ---------------

OS: Windows 10 , 64 bit Build 19041 (10.0.19041.3636)
OS uptime: 0 days 0:13 hours

CPU:total 4 (initial active 4) (4 cores per cpu, 2 threads per core) family 6 model 42 stepping 7 microcode 0x2f, cmov, cx8, fxsr, mmx, sse, sse2, sse3, ssse3, sse4.1, sse4.2, popcnt, avx, aes, clmul, ht, tsc, tscinvbit

Memory: 4k page, system-wide physical 8105M (1169M free)
TotalPageFile size 10793M (AvailPageFile size 2980M)
current process WorkingSet (physical memory assigned to process): 367M, peak: 367M
current process commit charge ("private bytes"): 395M, peak: 395M

vm_info: OpenJDK 64-Bit Server VM (11.0.21+9-adhoc..jdk11u) for windows-amd64 JRE (11.0.21+9-adhoc..jdk11u), built on Oct 18 2023 09:35:41 by "" with MS VC++ 16.10 / 16.11 (VS2019)

END.
