#
# A fatal error has been detected by the Java Runtime Environment:
#
#  EXCEPTION_ACCESS_VIOLATION (0xc0000005) at pc=0x00007ffc1fda0b35, pid=12768, tid=9780
#
# JRE version: OpenJDK Runtime Environment OpenLogic-OpenJDK (11.0.21+9) (build 11.0.21+9-adhoc..jdk11u)
# Java VM: OpenJDK 64-Bit Server VM OpenLogic-OpenJDK (11.0.21+9-adhoc..jdk11u, mixed mode, tiered, compressed oops, g1 gc, windows-amd64)
# Problematic frame:
# V  [jvm.dll+0x300b35]
#
# No core dump will be written. Minidumps are not enabled by default on client versions of Windows
#
# If you would like to submit a bug report, please visit:
#   https://techsupport.roguewave.com/
#

---------------  S U M M A R Y ------------

Command Line: -Dclassworlds.conf=C:\Program Files\Maven\apache-maven-3.9.6\bin\m2.conf -Dmaven.home=C:\Program Files\Maven\apache-maven-3.9.6 -Dlibrary.jansi.path=C:\Program Files\Maven\apache-maven-3.9.6\lib\jansi-native -Dmaven.multiModuleProjectDirectory=C:\Users\todo-electro\Desktop\Benji\Programación\Java\servidor-gestion-de-ventas org.codehaus.plexus.classworlds.launcher.Launcher spring-boot:run

Host: Intel(R) Core(TM) i7-2630QM CPU @ 2.00GHz, 4 cores, 7G,  Windows 10 , 64 bit Build 19041 (10.0.19041.4842)
Time: Sat Sep 21 19:54:34 2024 Hora estándar de Argentina elapsed time: 18.042149 seconds (0d 0h 0m 18s)

---------------  T H R E A D  ---------------

Current thread (0x0000016e338e4000):  ConcurrentGCThread "G1 Conc#0" [stack: 0x0000003c61600000,0x0000003c61700000] [id=9780]

Stack: [0x0000003c61600000,0x0000003c61700000],  sp=0x0000003c616ff7d0,  free space=1021k
Native frames: (J=compiled Java code, j=interpreted, Vv=VM code, C=native code)
V  [jvm.dll+0x300b35]
V  [jvm.dll+0x300a12]
V  [jvm.dll+0x2f871d]
V  [jvm.dll+0x2f7de1]
V  [jvm.dll+0x3097c3]
V  [jvm.dll+0x3083b6]
V  [jvm.dll+0x30a13c]
V  [jvm.dll+0x308dad]
V  [jvm.dll+0x30d536]
V  [jvm.dll+0x7b5c90]
V  [jvm.dll+0x7404d4]
V  [jvm.dll+0x6404e5]
C  [ucrtbase.dll+0x21bb2]
C  [KERNEL32.DLL+0x17374]
C  [ntdll.dll+0x4cc91]


siginfo: EXCEPTION_ACCESS_VIOLATION (0xc0000005), reading address 0x0000000000000160


Register to memory mapping:

RIP=0x00007ffc1fda0b35 jvm.dll
RAX=0x0000016e338c07e0 points into unknown readable memory: 0x0000000000000000 | 00 00 00 00 00 00 00 00
RBX=0x0000016e338e7a90 points into unknown readable memory: 0x00007ffc2032d730 | 30 d7 32 20 fc 7f 00 00
RCX=0x0000000000000014 is an unknown value
RDX=0x0 is NULL
RSP=0x0000003c616ff7d0 points into unknown readable memory: 0x0000000000000000 | 00 00 00 00 00 00 00 00
RBP=0x0 is NULL
RSI=0x00000000830ef1c0 is an oop: com.sun.tools.javac.file.PathFileObject$DirectoryFileObject 
{0x00000000830ef1c0} - klass: 'com/sun/tools/javac/file/PathFileObject$DirectoryFileObject'
 - ---- fields (total size 4 words):
 - private 'hasParents' 'Z' @12  false
 - protected final 'fileManager' 'Lcom/sun/tools/javac/file/BaseFileManager;' @16  a 'com/sun/tools/javac/file/JavacFileManager'{0x000000008bdec838} (8bdec838)
 - protected final 'path' 'Ljava/nio/file/Path;' @20  a 'sun/nio/fs/WindowsPath'{0x00000000830ef1e0} (830ef1e0)
 - private final 'userPackageRootDir' 'Ljava/nio/file/Path;' @24  a 'sun/nio/fs/WindowsPath'{0x0000000082213a80} (82213a80)
 - private final 'relativePath' 'Lcom/sun/tools/javac/file/RelativePath;' @28  a 'com/sun/tools/javac/file/RelativePath$RelativeFile'{0x00000000830ef2e0} (830ef2e0)
RDI=0x0000000000100000 is an unknown value
R8 =0x0000000000100000 is an unknown value
R9 =0x0 is NULL
R10=0x0 is NULL
R11=0x346dc5d63886594b is an unknown value
R12=0x0 is NULL
R13=0x0 is NULL
R14=0x0000016e317da510 points into unknown readable memory: 0x0000000000000000 | 00 00 00 00 00 00 00 00
R15=0x0000016e338d9010 points into unknown readable memory: 0x0000016e338e3000 | 00 30 8e 33 6e 01 00 00


Registers:
RAX=0x0000016e338c07e0, RBX=0x0000016e338e7a90, RCX=0x0000000000000014, RDX=0x0000000000000000
RSP=0x0000003c616ff7d0, RBP=0x0000000000000000, RSI=0x00000000830ef1c0, RDI=0x0000000000100000
R8 =0x0000000000100000, R9 =0x0000000000000000, R10=0x0000000000000000, R11=0x346dc5d63886594b
R12=0x0000000000000000, R13=0x0000000000000000, R14=0x0000016e317da510, R15=0x0000016e338d9010
RIP=0x00007ffc1fda0b35, EFLAGS=0x0000000000010202

Top of Stack: (sp=0x0000003c616ff7d0)
0x0000003c616ff7d0:   0000000000000000 0000000000098968
0x0000003c616ff7e0:   00000000830ef130 0000000000000000
0x0000003c616ff7f0:   0000000000000040 0000000000000000
0x0000003c616ff800:   0000000000100000 00007ffc1fda0a12
0x0000003c616ff810:   000000010032c998 0000003c616ff9d0
0x0000003c616ff820:   00000000830ef160 0000003c616ff9d0
0x0000003c616ff830:   0000003c616ff9d0 00007ffc1fd9871d
0x0000003c616ff840:   000000000000000a 00000000830ef1a4
0x0000003c616ff850:   0000000000000040 0000016e317da510
0x0000003c616ff860:   000000010035f908 00007ffc1fd97de1
0x0000003c616ff870:   000000000000000a 00000000830ef170
0x0000003c616ff880:   0000003c616ff9d0 0000016e338e7a90
0x0000003c616ff890:   00000000003e0000 00007ffc1fda97c3
0x0000003c616ff8a0:   00000000830ef170 0000000000000043
0x0000003c616ff8b0:   0000016e338e7a90 0000000000000000
0x0000003c616ff8c0:   0000016e338e4a01 0000016e338d9028 

Instructions: (pc=0x00007ffc1fda0b35)
0x00007ffc1fda0a35:   c0 74 12 48 3b f8 72 16 48 3b bb a0 00 00 00 0f
0x00007ffc1fda0a45:   82 9b 00 00 00 48 3b f9 0f 83 92 00 00 00 80 3d
0x00007ffc1fda0a55:   b7 c7 77 00 00 74 15 8b 47 08 8b 0d 73 33 73 00
0x00007ffc1fda0a65:   48 d3 e0 48 03 05 61 33 73 00 eb 04 48 8b 47 08
0x00007ffc1fda0a75:   81 78 08 00 00 00 c0 72 35 48 8b 83 b0 00 00 00
0x00007ffc1fda0a85:   48 39 83 a8 00 00 00 73 10 48 8b 83 c8 00 00 00
0x00007ffc1fda0a95:   48 39 83 c0 00 00 00 72 47 48 8b cb e8 ca a6 00
0x00007ffc1fda0aa5:   00 b0 01 48 8b 5c 24 38 48 83 c4 20 5f c3 48 8b
0x00007ffc1fda0ab5:   4b 30 48 8d 54 24 30 48 89 7c 24 30 e8 1a 1c 00
0x00007ffc1fda0ac5:   00 84 c0 75 1b 48 8b cb e8 5e 99 00 00 48 8b 4b
0x00007ffc1fda0ad5:   30 48 8d 54 24 30 48 89 7c 24 30 e8 fb 1b 00 00
0x00007ffc1fda0ae5:   48 8b 5c 24 38 b0 01 48 83 c4 20 5f c3 cc cc cc
0x00007ffc1fda0af5:   cc cc cc cc cc cc cc cc cc cc cc 48 89 6c 24 20
0x00007ffc1fda0b05:   57 41 54 41 57 48 83 ec 20 48 8b 41 08 4c 8b f9
0x00007ffc1fda0b15:   4d 8b d0 44 8b e2 49 8b e9 49 8b f8 8b 88 c0 02
0x00007ffc1fda0b25:   00 00 48 8b 80 b0 02 00 00 49 d3 ea 4e 8b 14 d0
0x00007ffc1fda0b35:   4d 3b 82 60 01 00 00 72 11 32 c0 48 8b 6c 24 58
0x00007ffc1fda0b45:   48 83 c4 20 41 5f 41 5c 5f c3 49 8b 87 90 00 00
0x00007ffc1fda0b55:   00 48 8b d7 48 89 5c 24 40 48 89 74 24 48 be 01
0x00007ffc1fda0b65:   00 00 00 4c 89 74 24 50 48 2b 10 8b 48 10 48 8b
0x00007ffc1fda0b75:   40 18 48 c1 ea 03 48 d3 ea 48 8b ca 48 c1 e9 06
0x00007ffc1fda0b85:   48 8b 1c c8 4c 8d 34 c8 0f b6 ca 48 8b c3 80 e1
0x00007ffc1fda0b95:   3f 48 d3 e6 48 0b c6 48 3b c3 74 35 0f 1f 40 00
0x00007ffc1fda0ba5:   66 66 66 0f 1f 84 00 00 00 00 00 4c 8b 0d c1 13
0x00007ffc1fda0bb5:   73 00 4c 8b c3 49 8b d6 48 8b c8 41 ff d1 48 8b
0x00007ffc1fda0bc5:   c8 48 3b c3 74 30 48 8b d8 48 0b c6 48 3b c3 75
0x00007ffc1fda0bd5:   da 40 32 f6 4c 8b 74 24 50 40 0f b6 c6 48 8b 74
0x00007ffc1fda0be5:   24 48 48 8b 5c 24 40 48 8b 6c 24 58 48 83 c4 20
0x00007ffc1fda0bf5:   41 5f 41 5c 5f c3 40 b6 01 48 85 ed 75 2d 40 38
0x00007ffc1fda0c05:   2d 07 c6 77 00 74 15 8b 57 08 8b 0d c3 31 73 00
0x00007ffc1fda0c15:   48 d3 e2 48 03 15 b1 31 73 00 eb 04 48 8b 57 08
0x00007ffc1fda0c25:   48 8b cf e8 33 5f ea ff 48 63 e8 49 8b 87 f0 02 


Stack slot to memory mapping:
stack at sp + 0 slots: 0x0 is NULL
stack at sp + 1 slots: 0x0000000000098968 is an unknown value
stack at sp + 2 slots: 0x00000000830ef130 is an oop: com.sun.tools.javac.code.Scope$ScopeImpl 
{0x00000000830ef130} - klass: 'com/sun/tools/javac/code/Scope$ScopeImpl'
 - ---- fields (total size 6 words):
 - public final 'owner' 'Lcom/sun/tools/javac/code/Symbol;' @12  a 'com/sun/tools/javac/code/Symbol$ClassSymbol'{0x00000000830eecb8} (830eecb8)
 - 'listeners' 'Lcom/sun/tools/javac/code/Scope$ScopeListenerList;' @16  a 'com/sun/tools/javac/code/Scope$ScopeListenerList'{0x00000000830ef160} (830ef160)
 - private 'shared' 'I' @20  0
 - 'hashMask' 'I' @24  15 (f)
 - 'nelems' 'I' @28  0
 - 'removeCount' 'I' @32  0
 - public 'next' 'Lcom/sun/tools/javac/code/Scope$ScopeImpl;' @36  NULL (0)
 - 'table' '[Lcom/sun/tools/javac/code/Scope$Entry;' @40  a 'com/sun/tools/javac/code/Scope$Entry'[16] {0x00000000830ef170} (830ef170)
 - public 'elems' 'Lcom/sun/tools/javac/code/Scope$Entry;' @44  NULL (0)
stack at sp + 3 slots: 0x0 is NULL
stack at sp + 4 slots: 0x0000000000000040 is an unknown value
stack at sp + 5 slots: 0x0 is NULL
stack at sp + 6 slots: 0x0000000000100000 is an unknown value
stack at sp + 7 slots: 0x00007ffc1fda0a12 jvm.dll


---------------  P R O C E S S  ---------------

Threads class SMR info:
_java_thread_list=0x0000016e5539c390, length=11, elements={
0x0000016e33899800, 0x0000016e53405800, 0x0000016e5340e800, 0x0000016e5341f800,
0x0000016e53421800, 0x0000016e53423800, 0x0000016e53425000, 0x0000016e5342a000,
0x0000016e53dac000, 0x0000016e53f16800, 0x0000016e57d50000
}

Java Threads: ( => current thread )
  0x0000016e33899800 JavaThread "main" [_thread_blocked, id=2388, stack(0x0000003c61300000,0x0000003c61400000)]
  0x0000016e53405800 JavaThread "Reference Handler" daemon [_thread_blocked, id=2272, stack(0x0000003c61a00000,0x0000003c61b00000)]
  0x0000016e5340e800 JavaThread "Finalizer" daemon [_thread_blocked, id=12856, stack(0x0000003c61b00000,0x0000003c61c00000)]
  0x0000016e5341f800 JavaThread "Signal Dispatcher" daemon [_thread_blocked, id=13068, stack(0x0000003c61c00000,0x0000003c61d00000)]
  0x0000016e53421800 JavaThread "Attach Listener" daemon [_thread_blocked, id=1876, stack(0x0000003c61d00000,0x0000003c61e00000)]
  0x0000016e53423800 JavaThread "Service Thread" daemon [_thread_blocked, id=3268, stack(0x0000003c61e00000,0x0000003c61f00000)]
  0x0000016e53425000 JavaThread "C2 CompilerThread0" daemon [_thread_blocked, id=9692, stack(0x0000003c61f00000,0x0000003c62000000)]
  0x0000016e5342a000 JavaThread "C1 CompilerThread0" daemon [_thread_blocked, id=5392, stack(0x0000003c62000000,0x0000003c62100000)]
  0x0000016e53dac000 JavaThread "Sweeper thread" daemon [_thread_blocked, id=1620, stack(0x0000003c62100000,0x0000003c62200000)]
  0x0000016e53f16800 JavaThread "Common-Cleaner" daemon [_thread_blocked, id=13204, stack(0x0000003c62300000,0x0000003c62400000)]
  0x0000016e57d50000 JavaThread "C2 CompilerThread1" daemon [_thread_blocked, id=3208, stack(0x0000003c62800000,0x0000003c62900000)]

Other Threads:
  0x0000016e533df000 VMThread "VM Thread" [stack: 0x0000003c61900000,0x0000003c61a00000] [id=13276]
  0x0000016e53f0e000 WatcherThread [stack: 0x0000003c62200000,0x0000003c62300000] [id=10792]
  0x0000016e338b1800 GCTaskThread "GC Thread#0" [stack: 0x0000003c61400000,0x0000003c61500000] [id=12152]
  0x0000016e5495e800 GCTaskThread "GC Thread#1" [stack: 0x0000003c62400000,0x0000003c62500000] [id=10388]
  0x0000016e5495a000 GCTaskThread "GC Thread#2" [stack: 0x0000003c62500000,0x0000003c62600000] [id=7064]
  0x0000016e57b3b800 GCTaskThread "GC Thread#3" [stack: 0x0000003c62600000,0x0000003c62700000] [id=9396]
  0x0000016e338e3000 ConcurrentGCThread "G1 Main Marker" [stack: 0x0000003c61500000,0x0000003c61600000] [id=11820]
=>0x0000016e338e4000 ConcurrentGCThread "G1 Conc#0" [stack: 0x0000003c61600000,0x0000003c61700000] [id=9780]
  0x0000016e53250800 ConcurrentGCThread "G1 Refine#0" [stack: 0x0000003c61700000,0x0000003c61800000] [id=1356]
  0x0000016e553bf800 ConcurrentGCThread "G1 Refine#1" [stack: 0x0000003c62700000,0x0000003c62800000] [id=9964]
  0x0000016e53251800 ConcurrentGCThread "G1 Young RemSet Sampling" [stack: 0x0000003c61800000,0x0000003c61900000] [id=12888]

Threads with active compile tasks:
C2 CompilerThread0    18113 6421       4       java.lang.String::replace (149 bytes)
C1 CompilerThread0    18113 6432       3       com.sun.tools.javac.code.Type$ClassType::getTag (4 bytes)
C2 CompilerThread1    18113 6424 %     4       java.util.regex.Matcher::match @ 46 (154 bytes)

VM state:not at safepoint (normal execution)

VM Mutex/Monitor currently owned by a thread:  ([mutex/lock_event])
[0x0000016e338967d0] Compile_lock - owner thread: 0x0000016e33899800
[0x0000016e33898360] MethodCompileQueue_lock - owner thread: 0x0000016e5342a000

Heap address: 0x0000000081400000, size: 2028 MB, Compressed Oops mode: 32-bit
Narrow klass base: 0x0000000000000000, Narrow klass shift: 3
Compressed class space size: 1073741824 Address: 0x0000000100000000

Heap:
 garbage-first heap   total 174080K, used 63106K [0x0000000081400000, 0x0000000100000000)
  region size 1024K, 20 young (20480K), 13 survivors (13312K)
 Metaspace       used 35148K, capacity 35945K, committed 36220K, reserved 1081344K
  class space    used 3680K, capacity 3970K, committed 4044K, reserved 1048576K
Heap Regions: E=young(eden), S=young(survivor), O=old, HS=humongous(starts), HC=humongous(continues), CS=collection set, F=free, A=archive, TAMS=top-at-mark-start (previous, next)
|   0|0x0000000081400000, 0x0000000081500000, 0x0000000081500000|100%| O|  |TAMS 0x0000000081500000, 0x0000000081500000| Untracked 
|   1|0x0000000081500000, 0x0000000081600000, 0x0000000081600000|100%| O|  |TAMS 0x0000000081600000, 0x0000000081600000| Untracked 
|   2|0x0000000081600000, 0x0000000081700000, 0x0000000081700000|100%| O|  |TAMS 0x0000000081700000, 0x0000000081700000| Untracked 
|   3|0x0000000081700000, 0x0000000081800000, 0x0000000081800000|100%| O|  |TAMS 0x000000008173ae00, 0x0000000081800000| Untracked 
|   4|0x0000000081800000, 0x0000000081900000, 0x0000000081900000|100%| O|  |TAMS 0x0000000081800000, 0x0000000081900000| Untracked 
|   5|0x0000000081900000, 0x0000000081a00000, 0x0000000081a00000|100%| O|  |TAMS 0x0000000081900000, 0x0000000081a00000| Untracked 
|   6|0x0000000081a00000, 0x0000000081b00000, 0x0000000081b00000|100%| O|  |TAMS 0x0000000081a00000, 0x0000000081b00000| Untracked 
|   7|0x0000000081b00000, 0x0000000081c00000, 0x0000000081c00000|100%| O|  |TAMS 0x0000000081b00000, 0x0000000081c00000| Untracked 
|   8|0x0000000081c00000, 0x0000000081d00000, 0x0000000081d00000|100%| O|  |TAMS 0x0000000081c00000, 0x0000000081d00000| Untracked 
|   9|0x0000000081d00000, 0x0000000081e00000, 0x0000000081e00000|100%| O|  |TAMS 0x0000000081d00000, 0x0000000081e00000| Untracked 
|  10|0x0000000081e00000, 0x0000000081f00000, 0x0000000081f00000|100%| O|  |TAMS 0x0000000081e00000, 0x0000000081f00000| Untracked 
|  11|0x0000000081f00000, 0x0000000082000000, 0x0000000082000000|100%| O|  |TAMS 0x0000000081f00000, 0x0000000082000000| Untracked 
|  12|0x0000000082000000, 0x0000000082100000, 0x0000000082100000|100%| O|  |TAMS 0x0000000082000000, 0x0000000082100000| Untracked 
|  13|0x0000000082100000, 0x0000000082200000, 0x0000000082200000|100%|HS|  |TAMS 0x0000000082100000, 0x0000000082200000| Complete 
|  14|0x0000000082200000, 0x0000000082300000, 0x0000000082300000|100%| O|  |TAMS 0x0000000082200000, 0x0000000082300000| Untracked 
|  15|0x0000000082300000, 0x0000000082400000, 0x0000000082400000|100%| O|  |TAMS 0x0000000082300000, 0x0000000082400000| Untracked 
|  16|0x0000000082400000, 0x0000000082500000, 0x0000000082500000|100%| O|  |TAMS 0x0000000082400000, 0x0000000082500000| Untracked 
|  17|0x0000000082500000, 0x0000000082600000, 0x0000000082600000|100%| O|  |TAMS 0x0000000082500000, 0x0000000082600000| Untracked 
|  18|0x0000000082600000, 0x0000000082700000, 0x0000000082700000|100%| O|  |TAMS 0x0000000082600000, 0x0000000082700000| Untracked 
|  19|0x0000000082700000, 0x0000000082800000, 0x0000000082800000|100%| O|  |TAMS 0x0000000082700000, 0x0000000082800000| Untracked 
|  20|0x0000000082800000, 0x0000000082900000, 0x0000000082900000|100%| O|  |TAMS 0x0000000082800000, 0x0000000082900000| Untracked 
|  21|0x0000000082900000, 0x0000000082a00000, 0x0000000082a00000|100%| O|  |TAMS 0x0000000082900000, 0x0000000082a00000| Untracked 
|  22|0x0000000082a00000, 0x0000000082b00000, 0x0000000082b00000|100%| O|  |TAMS 0x0000000082a00000, 0x0000000082b00000| Untracked 
|  23|0x0000000082b00000, 0x0000000082c00000, 0x0000000082c00000|100%| O|  |TAMS 0x0000000082b00000, 0x0000000082c00000| Untracked 
|  24|0x0000000082c00000, 0x0000000082d00000, 0x0000000082d00000|100%| O|  |TAMS 0x0000000082c00000, 0x0000000082d00000| Untracked 
|  25|0x0000000082d00000, 0x0000000082e00000, 0x0000000082e00000|100%| O|  |TAMS 0x0000000082d00000, 0x0000000082e00000| Untracked 
|  26|0x0000000082e00000, 0x0000000082f00000, 0x0000000082f00000|100%| O|  |TAMS 0x0000000082e00000, 0x0000000082f00000| Untracked 
|  27|0x0000000082f00000, 0x0000000083000000, 0x0000000083000000|100%| O|  |TAMS 0x0000000082f00000, 0x0000000083000000| Untracked 
|  28|0x0000000083000000, 0x0000000083100000, 0x0000000083100000|100%| O|  |TAMS 0x0000000083000000, 0x0000000083100000| Untracked 
|  29|0x0000000083100000, 0x0000000083200000, 0x0000000083200000|100%| O|  |TAMS 0x0000000083100000, 0x0000000083200000| Untracked 
|  30|0x0000000083200000, 0x0000000083300000, 0x0000000083300000|100%| O|  |TAMS 0x0000000083200000, 0x0000000083300000| Untracked 
|  31|0x0000000083300000, 0x0000000083400000, 0x0000000083400000|100%| O|  |TAMS 0x0000000083300000, 0x0000000083400000| Untracked 
|  32|0x0000000083400000, 0x0000000083500000, 0x0000000083500000|100%| O|  |TAMS 0x0000000083400000, 0x0000000083500000| Untracked 
|  33|0x0000000083500000, 0x0000000083600000, 0x0000000083600000|100%| O|  |TAMS 0x0000000083500000, 0x0000000083600000| Untracked 
|  34|0x0000000083600000, 0x0000000083700000, 0x0000000083700000|100%| O|  |TAMS 0x0000000083600000, 0x0000000083700000| Untracked 
|  35|0x0000000083700000, 0x0000000083800000, 0x0000000083800000|100%| O|  |TAMS 0x0000000083700000, 0x0000000083800000| Untracked 
|  36|0x0000000083800000, 0x0000000083900000, 0x0000000083900000|100%| O|  |TAMS 0x0000000083800000, 0x0000000083900000| Untracked 
|  37|0x0000000083900000, 0x00000000839a0a00, 0x0000000083a00000| 62%| O|  |TAMS 0x0000000083900000, 0x00000000839a0a00| Untracked 
|  38|0x0000000083a00000, 0x0000000083a00000, 0x0000000083b00000|  0%| F|  |TAMS 0x0000000083a00000, 0x0000000083a00000| Untracked 
|  39|0x0000000083b00000, 0x0000000083b00000, 0x0000000083c00000|  0%| F|  |TAMS 0x0000000083b00000, 0x0000000083b00000| Untracked 
|  40|0x0000000083c00000, 0x0000000083c00000, 0x0000000083d00000|  0%| F|  |TAMS 0x0000000083c00000, 0x0000000083c00000| Untracked 
|  41|0x0000000083d00000, 0x0000000083d00000, 0x0000000083e00000|  0%| F|  |TAMS 0x0000000083d00000, 0x0000000083d00000| Untracked 
|  42|0x0000000083e00000, 0x0000000083e00000, 0x0000000083f00000|  0%| F|  |TAMS 0x0000000083e00000, 0x0000000083e00000| Untracked 
|  43|0x0000000083f00000, 0x0000000083f00000, 0x0000000084000000|  0%| F|  |TAMS 0x0000000083f00000, 0x0000000083f00000| Untracked 
|  44|0x0000000084000000, 0x0000000084000000, 0x0000000084100000|  0%| F|  |TAMS 0x0000000084000000, 0x0000000084000000| Untracked 
|  45|0x0000000084100000, 0x0000000084100000, 0x0000000084200000|  0%| F|  |TAMS 0x0000000084100000, 0x0000000084100000| Untracked 
|  46|0x0000000084200000, 0x0000000084200000, 0x0000000084300000|  0%| F|  |TAMS 0x0000000084200000, 0x0000000084200000| Untracked 
|  47|0x0000000084300000, 0x0000000084300000, 0x0000000084400000|  0%| F|  |TAMS 0x0000000084300000, 0x0000000084300000| Untracked 
|  48|0x0000000084400000, 0x0000000084400000, 0x0000000084500000|  0%| F|  |TAMS 0x0000000084400000, 0x0000000084400000| Untracked 
|  49|0x0000000084500000, 0x0000000084500000, 0x0000000084600000|  0%| F|  |TAMS 0x0000000084500000, 0x0000000084500000| Untracked 
|  50|0x0000000084600000, 0x0000000084600000, 0x0000000084700000|  0%| F|  |TAMS 0x0000000084600000, 0x0000000084600000| Untracked 
|  51|0x0000000084700000, 0x0000000084700000, 0x0000000084800000|  0%| F|  |TAMS 0x0000000084700000, 0x0000000084700000| Untracked 
|  52|0x0000000084800000, 0x0000000084800000, 0x0000000084900000|  0%| F|  |TAMS 0x0000000084800000, 0x0000000084800000| Untracked 
|  53|0x0000000084900000, 0x0000000084900000, 0x0000000084a00000|  0%| F|  |TAMS 0x0000000084900000, 0x0000000084900000| Untracked 
|  54|0x0000000084a00000, 0x0000000084a00000, 0x0000000084b00000|  0%| F|  |TAMS 0x0000000084a00000, 0x0000000084a00000| Untracked 
|  55|0x0000000084b00000, 0x0000000084c00000, 0x0000000084c00000|100%|HS|  |TAMS 0x0000000084b00000, 0x0000000084c00000| Complete 
|  56|0x0000000084c00000, 0x0000000084c00000, 0x0000000084d00000|  0%| F|  |TAMS 0x0000000084c00000, 0x0000000084c00000| Untracked 
|  57|0x0000000084d00000, 0x0000000084e00000, 0x0000000084e00000|100%| S|CS|TAMS 0x0000000084d00000, 0x0000000084d00000| Complete 
|  58|0x0000000084e00000, 0x0000000084f00000, 0x0000000084f00000|100%| S|CS|TAMS 0x0000000084e00000, 0x0000000084e00000| Complete 
|  59|0x0000000084f00000, 0x0000000085000000, 0x0000000085000000|100%| S|CS|TAMS 0x0000000084f00000, 0x0000000084f00000| Complete 
|  60|0x0000000085000000, 0x0000000085100000, 0x0000000085100000|100%| S|CS|TAMS 0x0000000085000000, 0x0000000085000000| Complete 
|  61|0x0000000085100000, 0x0000000085200000, 0x0000000085200000|100%| S|CS|TAMS 0x0000000085100000, 0x0000000085100000| Complete 
|  62|0x0000000085200000, 0x0000000085300000, 0x0000000085300000|100%| S|CS|TAMS 0x0000000085200000, 0x0000000085200000| Complete 
|  63|0x0000000085300000, 0x0000000085400000, 0x0000000085400000|100%| S|CS|TAMS 0x0000000085300000, 0x0000000085300000| Complete 
|  64|0x0000000085400000, 0x0000000085500000, 0x0000000085500000|100%| S|CS|TAMS 0x0000000085400000, 0x0000000085400000| Complete 
|  65|0x0000000085500000, 0x0000000085600000, 0x0000000085600000|100%| S|CS|TAMS 0x0000000085500000, 0x0000000085500000| Complete 
|  66|0x0000000085600000, 0x0000000085700000, 0x0000000085700000|100%| S|CS|TAMS 0x0000000085600000, 0x0000000085600000| Complete 
|  67|0x0000000085700000, 0x0000000085800000, 0x0000000085800000|100%| S|CS|TAMS 0x0000000085700000, 0x0000000085700000| Complete 
|  68|0x0000000085800000, 0x0000000085900000, 0x0000000085900000|100%| S|CS|TAMS 0x0000000085800000, 0x0000000085800000| Complete 
|  69|0x0000000085900000, 0x0000000085a00000, 0x0000000085a00000|100%| S|CS|TAMS 0x0000000085900000, 0x0000000085900000| Complete 
|  70|0x0000000085a00000, 0x0000000085a00000, 0x0000000085b00000|  0%| F|  |TAMS 0x0000000085a00000, 0x0000000085a00000| Untracked 
|  71|0x0000000085b00000, 0x0000000085b00000, 0x0000000085c00000|  0%| F|  |TAMS 0x0000000085b00000, 0x0000000085b00000| Untracked 
|  72|0x0000000085c00000, 0x0000000085c00000, 0x0000000085d00000|  0%| F|  |TAMS 0x0000000085c00000, 0x0000000085c00000| Untracked 
|  73|0x0000000085d00000, 0x0000000085d00000, 0x0000000085e00000|  0%| F|  |TAMS 0x0000000085d00000, 0x0000000085d00000| Untracked 
|  74|0x0000000085e00000, 0x0000000085e00000, 0x0000000085f00000|  0%| F|  |TAMS 0x0000000085e00000, 0x0000000085e00000| Untracked 
|  75|0x0000000085f00000, 0x0000000085f00000, 0x0000000086000000|  0%| F|  |TAMS 0x0000000085f00000, 0x0000000085f00000| Untracked 
|  76|0x0000000086000000, 0x0000000086000000, 0x0000000086100000|  0%| F|  |TAMS 0x0000000086000000, 0x0000000086000000| Untracked 
|  77|0x0000000086100000, 0x0000000086100000, 0x0000000086200000|  0%| F|  |TAMS 0x0000000086100000, 0x0000000086100000| Untracked 
|  78|0x0000000086200000, 0x0000000086200000, 0x0000000086300000|  0%| F|  |TAMS 0x0000000086200000, 0x0000000086200000| Untracked 
|  79|0x0000000086300000, 0x0000000086300000, 0x0000000086400000|  0%| F|  |TAMS 0x0000000086300000, 0x0000000086300000| Untracked 
|  80|0x0000000086400000, 0x0000000086400000, 0x0000000086500000|  0%| F|  |TAMS 0x0000000086400000, 0x0000000086400000| Untracked 
|  81|0x0000000086500000, 0x0000000086500000, 0x0000000086600000|  0%| F|  |TAMS 0x0000000086500000, 0x0000000086500000| Untracked 
|  82|0x0000000086600000, 0x0000000086600000, 0x0000000086700000|  0%| F|  |TAMS 0x0000000086600000, 0x0000000086600000| Untracked 
|  83|0x0000000086700000, 0x0000000086700000, 0x0000000086800000|  0%| F|  |TAMS 0x0000000086700000, 0x0000000086700000| Untracked 
|  84|0x0000000086800000, 0x0000000086800000, 0x0000000086900000|  0%| F|  |TAMS 0x0000000086800000, 0x0000000086800000| Untracked 
|  85|0x0000000086900000, 0x0000000086900000, 0x0000000086a00000|  0%| F|  |TAMS 0x0000000086900000, 0x0000000086900000| Untracked 
|  86|0x0000000086a00000, 0x0000000086a00000, 0x0000000086b00000|  0%| F|  |TAMS 0x0000000086a00000, 0x0000000086a00000| Untracked 
|  87|0x0000000086b00000, 0x0000000086b00000, 0x0000000086c00000|  0%| F|  |TAMS 0x0000000086b00000, 0x0000000086b00000| Untracked 
|  88|0x0000000086c00000, 0x0000000086c00000, 0x0000000086d00000|  0%| F|  |TAMS 0x0000000086c00000, 0x0000000086c00000| Untracked 
|  89|0x0000000086d00000, 0x0000000086d00000, 0x0000000086e00000|  0%| F|  |TAMS 0x0000000086d00000, 0x0000000086d00000| Untracked 
|  90|0x0000000086e00000, 0x0000000086e00000, 0x0000000086f00000|  0%| F|  |TAMS 0x0000000086e00000, 0x0000000086e00000| Untracked 
|  91|0x0000000086f00000, 0x0000000086f00000, 0x0000000087000000|  0%| F|  |TAMS 0x0000000086f00000, 0x0000000086f00000| Untracked 
|  92|0x0000000087000000, 0x0000000087000000, 0x0000000087100000|  0%| F|  |TAMS 0x0000000087000000, 0x0000000087000000| Untracked 
|  93|0x0000000087100000, 0x0000000087100000, 0x0000000087200000|  0%| F|  |TAMS 0x0000000087100000, 0x0000000087100000| Untracked 
|  94|0x0000000087200000, 0x0000000087200000, 0x0000000087300000|  0%| F|  |TAMS 0x0000000087200000, 0x0000000087200000| Untracked 
|  95|0x0000000087300000, 0x0000000087300000, 0x0000000087400000|  0%| F|  |TAMS 0x0000000087300000, 0x0000000087300000| Untracked 
|  96|0x0000000087400000, 0x0000000087400000, 0x0000000087500000|  0%| F|  |TAMS 0x0000000087400000, 0x0000000087400000| Untracked 
|  97|0x0000000087500000, 0x0000000087500000, 0x0000000087600000|  0%| F|  |TAMS 0x0000000087500000, 0x0000000087500000| Untracked 
|  98|0x0000000087600000, 0x0000000087600000, 0x0000000087700000|  0%| F|  |TAMS 0x0000000087600000, 0x0000000087600000| Untracked 
|  99|0x0000000087700000, 0x0000000087700000, 0x0000000087800000|  0%| F|  |TAMS 0x0000000087700000, 0x0000000087700000| Untracked 
| 100|0x0000000087800000, 0x0000000087800000, 0x0000000087900000|  0%| F|  |TAMS 0x0000000087800000, 0x0000000087800000| Untracked 
| 101|0x0000000087900000, 0x0000000087900000, 0x0000000087a00000|  0%| F|  |TAMS 0x0000000087900000, 0x0000000087900000| Untracked 
| 102|0x0000000087a00000, 0x0000000087a00000, 0x0000000087b00000|  0%| F|  |TAMS 0x0000000087a00000, 0x0000000087a00000| Untracked 
| 103|0x0000000087b00000, 0x0000000087b00000, 0x0000000087c00000|  0%| F|  |TAMS 0x0000000087b00000, 0x0000000087b00000| Untracked 
| 104|0x0000000087c00000, 0x0000000087c00000, 0x0000000087d00000|  0%| F|  |TAMS 0x0000000087c00000, 0x0000000087c00000| Untracked 
| 105|0x0000000087d00000, 0x0000000087d00000, 0x0000000087e00000|  0%| F|  |TAMS 0x0000000087d00000, 0x0000000087d00000| Untracked 
| 106|0x0000000087e00000, 0x0000000087e00000, 0x0000000087f00000|  0%| F|  |TAMS 0x0000000087e00000, 0x0000000087e00000| Untracked 
| 107|0x0000000087f00000, 0x0000000087f00000, 0x0000000088000000|  0%| F|  |TAMS 0x0000000087f00000, 0x0000000087f00000| Untracked 
| 108|0x0000000088000000, 0x0000000088000000, 0x0000000088100000|  0%| F|  |TAMS 0x0000000088000000, 0x0000000088000000| Untracked 
| 109|0x0000000088100000, 0x0000000088100000, 0x0000000088200000|  0%| F|  |TAMS 0x0000000088100000, 0x0000000088100000| Untracked 
| 110|0x0000000088200000, 0x0000000088200000, 0x0000000088300000|  0%| F|  |TAMS 0x0000000088200000, 0x0000000088200000| Untracked 
| 111|0x0000000088300000, 0x0000000088300000, 0x0000000088400000|  0%| F|  |TAMS 0x0000000088300000, 0x0000000088300000| Untracked 
| 112|0x0000000088400000, 0x0000000088400000, 0x0000000088500000|  0%| F|  |TAMS 0x0000000088400000, 0x0000000088400000| Untracked 
| 113|0x0000000088500000, 0x0000000088500000, 0x0000000088600000|  0%| F|  |TAMS 0x0000000088500000, 0x0000000088500000| Untracked 
| 114|0x0000000088600000, 0x0000000088600000, 0x0000000088700000|  0%| F|  |TAMS 0x0000000088600000, 0x0000000088600000| Untracked 
| 115|0x0000000088700000, 0x0000000088700000, 0x0000000088800000|  0%| F|  |TAMS 0x0000000088700000, 0x0000000088700000| Untracked 
| 116|0x0000000088800000, 0x0000000088800000, 0x0000000088900000|  0%| F|  |TAMS 0x0000000088800000, 0x0000000088800000| Untracked 
| 117|0x0000000088900000, 0x0000000088900000, 0x0000000088a00000|  0%| F|  |TAMS 0x0000000088900000, 0x0000000088900000| Untracked 
| 118|0x0000000088a00000, 0x0000000088a00000, 0x0000000088b00000|  0%| F|  |TAMS 0x0000000088a00000, 0x0000000088a00000| Untracked 
| 119|0x0000000088b00000, 0x0000000088b00000, 0x0000000088c00000|  0%| F|  |TAMS 0x0000000088b00000, 0x0000000088b00000| Untracked 
| 120|0x0000000088c00000, 0x0000000088c00000, 0x0000000088d00000|  0%| F|  |TAMS 0x0000000088c00000, 0x0000000088c00000| Untracked 
| 121|0x0000000088d00000, 0x0000000088d00000, 0x0000000088e00000|  0%| F|  |TAMS 0x0000000088d00000, 0x0000000088d00000| Untracked 
| 122|0x0000000088e00000, 0x0000000088e00000, 0x0000000088f00000|  0%| F|  |TAMS 0x0000000088e00000, 0x0000000088e00000| Untracked 
| 123|0x0000000088f00000, 0x0000000088f00000, 0x0000000089000000|  0%| F|  |TAMS 0x0000000088f00000, 0x0000000088f00000| Untracked 
| 124|0x0000000089000000, 0x0000000089000000, 0x0000000089100000|  0%| F|  |TAMS 0x0000000089000000, 0x0000000089000000| Untracked 
| 125|0x0000000089100000, 0x0000000089100000, 0x0000000089200000|  0%| F|  |TAMS 0x0000000089100000, 0x0000000089100000| Untracked 
| 126|0x0000000089200000, 0x0000000089200000, 0x0000000089300000|  0%| F|  |TAMS 0x0000000089200000, 0x0000000089200000| Untracked 
| 127|0x0000000089300000, 0x0000000089300000, 0x0000000089400000|  0%| F|  |TAMS 0x0000000089300000, 0x0000000089300000| Untracked 
| 128|0x0000000089400000, 0x0000000089400000, 0x0000000089500000|  0%| F|  |TAMS 0x0000000089400000, 0x0000000089400000| Untracked 
| 129|0x0000000089500000, 0x0000000089500000, 0x0000000089600000|  0%| F|  |TAMS 0x0000000089500000, 0x0000000089500000| Untracked 
| 130|0x0000000089600000, 0x0000000089600000, 0x0000000089700000|  0%| F|  |TAMS 0x0000000089600000, 0x0000000089600000| Untracked 
| 131|0x0000000089700000, 0x0000000089700000, 0x0000000089800000|  0%| F|  |TAMS 0x0000000089700000, 0x0000000089700000| Untracked 
| 132|0x0000000089800000, 0x0000000089800000, 0x0000000089900000|  0%| F|  |TAMS 0x0000000089800000, 0x0000000089800000| Untracked 
| 133|0x0000000089900000, 0x0000000089900000, 0x0000000089a00000|  0%| F|  |TAMS 0x0000000089900000, 0x0000000089900000| Untracked 
| 134|0x0000000089a00000, 0x0000000089a00000, 0x0000000089b00000|  0%| F|  |TAMS 0x0000000089a00000, 0x0000000089a00000| Untracked 
| 135|0x0000000089b00000, 0x0000000089b00000, 0x0000000089c00000|  0%| F|  |TAMS 0x0000000089b00000, 0x0000000089b00000| Untracked 
| 136|0x0000000089c00000, 0x0000000089c00000, 0x0000000089d00000|  0%| F|  |TAMS 0x0000000089c00000, 0x0000000089c00000| Untracked 
| 137|0x0000000089d00000, 0x0000000089d00000, 0x0000000089e00000|  0%| F|  |TAMS 0x0000000089d00000, 0x0000000089d00000| Untracked 
| 138|0x0000000089e00000, 0x0000000089e00000, 0x0000000089f00000|  0%| F|  |TAMS 0x0000000089e00000, 0x0000000089e00000| Untracked 
| 139|0x0000000089f00000, 0x0000000089f00000, 0x000000008a000000|  0%| F|  |TAMS 0x0000000089f00000, 0x0000000089f00000| Untracked 
| 140|0x000000008a000000, 0x000000008a000000, 0x000000008a100000|  0%| F|  |TAMS 0x000000008a000000, 0x000000008a000000| Untracked 
| 141|0x000000008a100000, 0x000000008a100000, 0x000000008a200000|  0%| F|  |TAMS 0x000000008a100000, 0x000000008a100000| Untracked 
| 142|0x000000008a200000, 0x000000008a200000, 0x000000008a300000|  0%| F|  |TAMS 0x000000008a200000, 0x000000008a200000| Untracked 
| 143|0x000000008a300000, 0x000000008a300000, 0x000000008a400000|  0%| F|  |TAMS 0x000000008a300000, 0x000000008a300000| Untracked 
| 144|0x000000008a400000, 0x000000008a400000, 0x000000008a500000|  0%| F|  |TAMS 0x000000008a400000, 0x000000008a400000| Untracked 
| 145|0x000000008a500000, 0x000000008a500000, 0x000000008a600000|  0%| F|  |TAMS 0x000000008a500000, 0x000000008a500000| Untracked 
| 146|0x000000008a600000, 0x000000008a600000, 0x000000008a700000|  0%| F|  |TAMS 0x000000008a600000, 0x000000008a600000| Untracked 
| 147|0x000000008a700000, 0x000000008a700000, 0x000000008a800000|  0%| F|  |TAMS 0x000000008a700000, 0x000000008a700000| Untracked 
| 148|0x000000008a800000, 0x000000008a800000, 0x000000008a900000|  0%| F|  |TAMS 0x000000008a800000, 0x000000008a800000| Untracked 
| 149|0x000000008a900000, 0x000000008a900000, 0x000000008aa00000|  0%| F|  |TAMS 0x000000008a900000, 0x000000008a900000| Untracked 
| 150|0x000000008aa00000, 0x000000008aa00000, 0x000000008ab00000|  0%| F|  |TAMS 0x000000008aa00000, 0x000000008aa00000| Untracked 
| 151|0x000000008ab00000, 0x000000008ab00000, 0x000000008ac00000|  0%| F|  |TAMS 0x000000008ab00000, 0x000000008ab00000| Untracked 
| 152|0x000000008ac00000, 0x000000008ac00000, 0x000000008ad00000|  0%| F|  |TAMS 0x000000008ac00000, 0x000000008ac00000| Untracked 
| 153|0x000000008ad00000, 0x000000008ad00000, 0x000000008ae00000|  0%| F|  |TAMS 0x000000008ad00000, 0x000000008ad00000| Untracked 
| 154|0x000000008ae00000, 0x000000008ae00000, 0x000000008af00000|  0%| F|  |TAMS 0x000000008ae00000, 0x000000008ae00000| Untracked 
| 155|0x000000008af00000, 0x000000008af00000, 0x000000008b000000|  0%| F|  |TAMS 0x000000008af00000, 0x000000008af00000| Untracked 
| 156|0x000000008b000000, 0x000000008b000000, 0x000000008b100000|  0%| F|  |TAMS 0x000000008b000000, 0x000000008b000000| Untracked 
| 157|0x000000008b100000, 0x000000008b100000, 0x000000008b200000|  0%| F|  |TAMS 0x000000008b100000, 0x000000008b100000| Untracked 
| 158|0x000000008b200000, 0x000000008b200000, 0x000000008b300000|  0%| F|  |TAMS 0x000000008b200000, 0x000000008b200000| Untracked 
| 159|0x000000008b300000, 0x000000008b380800, 0x000000008b400000| 50%| E|  |TAMS 0x000000008b300000, 0x000000008b300000| Complete 
| 160|0x000000008b400000, 0x000000008b500000, 0x000000008b500000|100%| E|CS|TAMS 0x000000008b400000, 0x000000008b400000| Complete 
| 161|0x000000008b500000, 0x000000008b600000, 0x000000008b600000|100%| E|CS|TAMS 0x000000008b500000, 0x000000008b500000| Complete 
| 162|0x000000008b600000, 0x000000008b700000, 0x000000008b700000|100%| E|CS|TAMS 0x000000008b600000, 0x000000008b600000| Complete 
| 163|0x000000008b700000, 0x000000008b800000, 0x000000008b800000|100%| O|  |TAMS 0x000000008b700000, 0x000000008b800000| Untracked 
| 164|0x000000008b800000, 0x000000008b900000, 0x000000008b900000|100%| E|CS|TAMS 0x000000008b800000, 0x000000008b800000| Complete 
| 165|0x000000008b900000, 0x000000008ba00000, 0x000000008ba00000|100%| E|CS|TAMS 0x000000008b900000, 0x000000008b900000| Complete 
| 166|0x000000008ba00000, 0x000000008bb00000, 0x000000008bb00000|100%| E|CS|TAMS 0x000000008ba00000, 0x000000008ba00000| Complete 
| 167|0x000000008bb00000, 0x000000008bc00000, 0x000000008bc00000|100%| O|  |TAMS 0x000000008bb00000, 0x000000008bc00000| Untracked 
| 168|0x000000008bc00000, 0x000000008bd00000, 0x000000008bd00000|100%| O|  |TAMS 0x000000008bc00000, 0x000000008bd00000| Untracked 
| 169|0x000000008bd00000, 0x000000008be00000, 0x000000008be00000|100%| O|  |TAMS 0x000000008bd00000, 0x000000008be00000| Untracked 

Card table byte_map: [0x0000016e4c7b0000,0x0000016e4cbb0000] _byte_map_base: 0x0000016e4c3a6000

Marking Bits (Prev, Next): (CMBitMap*) 0x0000016e338d9060, (CMBitMap*) 0x0000016e338d9028
 Prev Bits: [0x0000016e4ef60000, 0x0000016e50f10000)
 Next Bits: [0x0000016e4cfb0000, 0x0000016e4ef60000)

Polling page: 0x0000016e33070000

Metaspace:

Usage:
  Non-class:     31.23 MB capacity,    30.73 MB ( 98%) used,   435.18 KB (  1%) free+waste,    71.50 KB ( <1%) overhead. 
      Class:      3.88 MB capacity,     3.59 MB ( 93%) used,   258.83 KB (  7%) free+waste,    30.56 KB ( <1%) overhead. 
       Both:     35.10 MB capacity,    34.33 MB ( 98%) used,   694.01 KB (  2%) free+waste,   102.06 KB ( <1%) overhead. 

Virtual space:
  Non-class space:       32.00 MB reserved,      31.42 MB ( 98%) committed 
      Class space:        1.00 GB reserved,       3.95 MB ( <1%) committed 
             Both:        1.03 GB reserved,      35.37 MB (  3%) committed 

Chunk freelists:
   Non-Class:  9.00 KB
       Class:  0 bytes
        Both:  9.00 KB

MaxMetaspaceSize: 17179869184.00 GB
CompressedClassSpaceSize: 1.00 GB
Initial GC threshold: 20.80 MB
Current GC threshold: 35.53 MB
CDS: off

CodeHeap 'non-profiled nmethods': size=120064Kb used=4163Kb max_used=4163Kb free=115900Kb
 bounds [0x0000016e44e70000, 0x0000016e45290000, 0x0000016e4c3b0000]
CodeHeap 'profiled nmethods': size=120000Kb used=15908Kb max_used=15908Kb free=104091Kb
 bounds [0x0000016e3d940000, 0x0000016e3e8d0000, 0x0000016e44e70000]
CodeHeap 'non-nmethods': size=5696Kb used=1230Kb max_used=1240Kb free=4465Kb
 bounds [0x0000016e3d3b0000, 0x0000016e3d620000, 0x0000016e3d940000]
 total_blobs=6880 nmethods=6400 adapters=388
 compilation: enabled
              stopped_count=0, restarted_count=0
 full_count=0

Compilation events (20 events):
Event: 18.011 Thread 0x0000016e5342a000 nmethod 6414 0x0000016e3e8c0410 code [0x0000016e3e8c0660, 0x0000016e3e8c0e58]
Event: 18.011 Thread 0x0000016e5342a000 6418       3       jdk.internal.jrtfs.JrtFileSystem::getPath (102 bytes)
Event: 18.011 Thread 0x0000016e53425000 6421       4       java.lang.String::replace (149 bytes)
Event: 18.012 Thread 0x0000016e5342a000 nmethod 6418 0x0000016e3e8c1210 code [0x0000016e3e8c1500, 0x0000016e3e8c2538]
Event: 18.012 Thread 0x0000016e5342a000 6415       3       jdk.internal.jrtfs.JrtDirectoryStream$1::next (5 bytes)
Event: 18.012 Thread 0x0000016e5342a000 nmethod 6415 0x0000016e3e8c2b10 code [0x0000016e3e8c2cc0, 0x0000016e3e8c2de8]
Event: 18.012 Thread 0x0000016e5342a000 6416   !   3       jdk.internal.jrtfs.JrtDirectoryStream$1::next (48 bytes)
Event: 18.013 Thread 0x0000016e5342a000 nmethod 6416 0x0000016e3e8c2e90 code [0x0000016e3e8c3080, 0x0000016e3e8c35f8]
Event: 18.013 Thread 0x0000016e5342a000 6419       3       jdk.internal.jrtfs.JrtPath::resolve (6 bytes)
Event: 18.013 Thread 0x0000016e5342a000 nmethod 6419 0x0000016e3e8c3890 code [0x0000016e3e8c3a60, 0x0000016e3e8c3cf8]
Event: 18.013 Thread 0x0000016e5342a000 6420       3       jdk.internal.jrtfs.JrtPath::resolve (17 bytes)
Event: 18.013 Thread 0x0000016e5342a000 nmethod 6420 0x0000016e3e8c3e10 code [0x0000016e3e8c3fe0, 0x0000016e3e8c4218]
Event: 18.024 Thread 0x0000016e5342a000 6426       3       com.sun.tools.javac.util.SharedNameTable::fromChars (187 bytes)
Event: 18.025 Thread 0x0000016e5342a000 nmethod 6426 0x0000016e3e8c4310 code [0x0000016e3e8c4580, 0x0000016e3e8c5138]
Event: 18.026 Thread 0x0000016e57d50000 6424 %     4       java.util.regex.Matcher::match @ 46 (154 bytes)
Event: 18.026 Thread 0x0000016e5342a000 6427   !   3       com.sun.tools.javac.code.Symbol$ClassSymbol::complete (52 bytes)
Event: 18.027 Thread 0x0000016e5342a000 nmethod 6427 0x0000016e3e8c5590 code [0x0000016e3e8c57e0, 0x0000016e3e8c6158]
Event: 18.027 Thread 0x0000016e5342a000 6429       3       com.sun.tools.javac.jvm.ClassReader::readAttrs (89 bytes)
Event: 18.027 Thread 0x0000016e5342a000 nmethod 6429 0x0000016e3e8c6510 code [0x0000016e3e8c6740, 0x0000016e3e8c6e08]
Event: 18.028 Thread 0x0000016e5342a000 6431       3       com.sun.tools.javac.code.Symtab::enterClass (71 bytes)

GC Heap History (18 events):
Event: 0.844 GC heap before
{Heap before GC invocations=0 (full 0):
 garbage-first heap   total 131072K, used 14336K [0x0000000081400000, 0x0000000100000000)
  region size 1024K, 14 young (14336K), 0 survivors (0K)
 Metaspace       used 11345K, capacity 11505K, committed 11648K, reserved 1060864K
  class space    used 1052K, capacity 1135K, committed 1152K, reserved 1048576K
}
Event: 0.849 GC heap after
{Heap after GC invocations=1 (full 0):
 garbage-first heap   total 131072K, used 3223K [0x0000000081400000, 0x0000000100000000)
  region size 1024K, 2 young (2048K), 2 survivors (2048K)
 Metaspace       used 11345K, capacity 11505K, committed 11648K, reserved 1060864K
  class space    used 1052K, capacity 1135K, committed 1152K, reserved 1048576K
}
Event: 1.066 GC heap before
{Heap before GC invocations=1 (full 0):
 garbage-first heap   total 131072K, used 9367K [0x0000000081400000, 0x0000000100000000)
  region size 1024K, 8 young (8192K), 2 survivors (2048K)
 Metaspace       used 13195K, capacity 13431K, committed 13568K, reserved 1060864K
  class space    used 1316K, capacity 1416K, committed 1536K, reserved 1048576K
}
Event: 1.070 GC heap after
{Heap after GC invocations=2 (full 0):
 garbage-first heap   total 131072K, used 3697K [0x0000000081400000, 0x0000000100000000)
  region size 1024K, 1 young (1024K), 1 survivors (1024K)
 Metaspace       used 13195K, capacity 13431K, committed 13568K, reserved 1060864K
  class space    used 1316K, capacity 1416K, committed 1536K, reserved 1048576K
}
Event: 1.753 GC heap before
{Heap before GC invocations=2 (full 0):
 garbage-first heap   total 131072K, used 28273K [0x0000000081400000, 0x0000000100000000)
  region size 1024K, 26 young (26624K), 1 survivors (1024K)
 Metaspace       used 15203K, capacity 15417K, committed 15488K, reserved 1062912K
  class space    used 1557K, capacity 1647K, committed 1664K, reserved 1048576K
}
Event: 1.758 GC heap after
{Heap after GC invocations=3 (full 0):
 garbage-first heap   total 131072K, used 4604K [0x0000000081400000, 0x0000000100000000)
  region size 1024K, 2 young (2048K), 2 survivors (2048K)
 Metaspace       used 15203K, capacity 15417K, committed 15488K, reserved 1062912K
  class space    used 1557K, capacity 1647K, committed 1664K, reserved 1048576K
}
Event: 3.452 GC heap before
{Heap before GC invocations=3 (full 0):
 garbage-first heap   total 131072K, used 35324K [0x0000000081400000, 0x0000000100000000)
  region size 1024K, 33 young (33792K), 2 survivors (2048K)
 Metaspace       used 20856K, capacity 21214K, committed 21296K, reserved 1069056K
  class space    used 2285K, capacity 2425K, committed 2432K, reserved 1048576K
}
Event: 3.463 GC heap after
{Heap after GC invocations=4 (full 0):
 garbage-first heap   total 131072K, used 6579K [0x0000000081400000, 0x0000000100000000)
  region size 1024K, 4 young (4096K), 4 survivors (4096K)
 Metaspace       used 20856K, capacity 21214K, committed 21296K, reserved 1069056K
  class space    used 2285K, capacity 2425K, committed 2432K, reserved 1048576K
}
Event: 5.830 GC heap before
{Heap before GC invocations=5 (full 0):
 garbage-first heap   total 131072K, used 80307K [0x0000000081400000, 0x0000000100000000)
  region size 1024K, 76 young (77824K), 4 survivors (4096K)
 Metaspace       used 24498K, capacity 25077K, committed 25340K, reserved 1071104K
  class space    used 2594K, capacity 2773K, committed 2892K, reserved 1048576K
}
Event: 5.851 GC heap after
{Heap after GC invocations=6 (full 0):
 garbage-first heap   total 157696K, used 13404K [0x0000000081400000, 0x0000000100000000)
  region size 1024K, 10 young (10240K), 10 survivors (10240K)
 Metaspace       used 24498K, capacity 25077K, committed 25340K, reserved 1071104K
  class space    used 2594K, capacity 2773K, committed 2892K, reserved 1048576K
}
Event: 7.879 GC heap before
{Heap before GC invocations=6 (full 0):
 garbage-first heap   total 157696K, used 97372K [0x0000000081400000, 0x0000000100000000)
  region size 1024K, 92 young (94208K), 10 survivors (10240K)
 Metaspace       used 25041K, capacity 25595K, committed 25852K, reserved 1073152K
  class space    used 2596K, capacity 2773K, committed 2892K, reserved 1048576K
}
Event: 7.903 GC heap after
{Heap after GC invocations=7 (full 0):
 garbage-first heap   total 157696K, used 16698K [0x0000000081400000, 0x0000000100000000)
  region size 1024K, 4 young (4096K), 4 survivors (4096K)
 Metaspace       used 25041K, capacity 25595K, committed 25852K, reserved 1073152K
  class space    used 2596K, capacity 2773K, committed 2892K, reserved 1048576K
}
Event: 9.926 GC heap before
{Heap before GC invocations=7 (full 0):
 garbage-first heap   total 157696K, used 103738K [0x0000000081400000, 0x0000000100000000)
  region size 1024K, 89 young (91136K), 4 survivors (4096K)
 Metaspace       used 25452K, capacity 26020K, committed 26108K, reserved 1073152K
  class space    used 2610K, capacity 2807K, committed 2892K, reserved 1048576K
}
Event: 9.937 GC heap after
{Heap after GC invocations=8 (full 0):
 garbage-first heap   total 157696K, used 20282K [0x0000000081400000, 0x0000000100000000)
  region size 1024K, 7 young (7168K), 7 survivors (7168K)
 Metaspace       used 25452K, capacity 26020K, committed 26108K, reserved 1073152K
  class space    used 2610K, capacity 2807K, committed 2892K, reserved 1048576K
}
Event: 14.331 GC heap before
{Heap before GC invocations=8 (full 0):
 garbage-first heap   total 157696K, used 156474K [0x0000000081400000, 0x0000000100000000)
  region size 1024K, 90 young (92160K), 7 survivors (7168K)
 Metaspace       used 33056K, capacity 33759K, committed 34044K, reserved 1079296K
  class space    used 3519K, capacity 3820K, committed 3916K, reserved 1048576K
}
Event: 14.352 GC heap after
{Heap after GC invocations=9 (full 0):
 garbage-first heap   total 174080K, used 29927K [0x0000000081400000, 0x0000000100000000)
  region size 1024K, 12 young (12288K), 12 survivors (12288K)
 Metaspace       used 33056K, capacity 33759K, committed 34044K, reserved 1079296K
  class space    used 3519K, capacity 3820K, committed 3916K, reserved 1048576K
}
Event: 17.919 GC heap before
{Heap before GC invocations=9 (full 0):
 garbage-first heap   total 174080K, used 115943K [0x0000000081400000, 0x0000000100000000)
  region size 1024K, 96 young (98304K), 12 survivors (12288K)
 Metaspace       used 35088K, capacity 35877K, committed 35964K, reserved 1081344K
  class space    used 3676K, capacity 3970K, committed 4044K, reserved 1048576K
}
Event: 17.977 GC heap after
{Heap after GC invocations=10 (full 0):
 garbage-first heap   total 174080K, used 56962K [0x0000000081400000, 0x0000000100000000)
  region size 1024K, 13 young (13312K), 13 survivors (13312K)
 Metaspace       used 35088K, capacity 35877K, committed 35964K, reserved 1081344K
  class space    used 3676K, capacity 3970K, committed 4044K, reserved 1048576K
}

Deoptimization events (20 events):
Event: 17.579 Thread 0x0000016e33899800 DEOPT PACKING pc=0x0000016e3e630344 sp=0x0000003c613fc450
Event: 17.579 Thread 0x0000016e33899800 DEOPT UNPACKING pc=0x0000016e3d3fa95e sp=0x0000003c613fb9f0 mode 0
Event: 17.689 Thread 0x0000016e33899800 DEOPT PACKING pc=0x0000016e3e630344 sp=0x0000003c613fc3d0
Event: 17.689 Thread 0x0000016e33899800 DEOPT UNPACKING pc=0x0000016e3d3fa95e sp=0x0000003c613fb970 mode 0
Event: 17.886 Thread 0x0000016e33899800 Uncommon trap: trap_request=0xffffff5c fr.pc=0x0000016e45275648 relative=0x0000000000000268
Event: 17.886 Thread 0x0000016e33899800 Uncommon trap: reason=speculate_null_assert action=make_not_entrant pc=0x0000016e45275648 method=com.sun.tools.javac.file.JavacFileManager$ArchiveContainer.list(Ljava/nio/file/Path;Lcom/sun/tools/javac/file/RelativePath$RelativeDirectory;Ljava/util/Set;ZL
Event: 17.886 Thread 0x0000016e33899800 DEOPT PACKING pc=0x0000016e45275648 sp=0x0000003c613fc880
Event: 17.886 Thread 0x0000016e33899800 DEOPT UNPACKING pc=0x0000016e3d3fa1af sp=0x0000003c613fc808 mode 2
Event: 17.887 Thread 0x0000016e33899800 Uncommon trap: trap_request=0xffffff4d fr.pc=0x0000016e45245c84 relative=0x0000000000000d04
Event: 17.887 Thread 0x0000016e33899800 Uncommon trap: reason=unstable_if action=reinterpret pc=0x0000016e45245c84 method=java.nio.file.FileTreeWalker.visit(Ljava/nio/file/Path;ZZ)Ljava/nio/file/FileTreeWalker$Event; @ 84 c2
Event: 17.887 Thread 0x0000016e33899800 DEOPT PACKING pc=0x0000016e45245c84 sp=0x0000003c613fc690
Event: 17.887 Thread 0x0000016e33899800 DEOPT UNPACKING pc=0x0000016e3d3fa1af sp=0x0000003c613fc660 mode 2
Event: 17.888 Thread 0x0000016e33899800 Uncommon trap: trap_request=0xffffff4d fr.pc=0x0000016e4522cb9c relative=0x000000000000113c
Event: 17.888 Thread 0x0000016e33899800 Uncommon trap: reason=unstable_if action=reinterpret pc=0x0000016e4522cb9c method=java.nio.file.FileTreeWalker.visit(Ljava/nio/file/Path;ZZ)Ljava/nio/file/FileTreeWalker$Event; @ 53 c2
Event: 17.888 Thread 0x0000016e33899800 DEOPT PACKING pc=0x0000016e4522cb9c sp=0x0000003c613fc700
Event: 17.888 Thread 0x0000016e33899800 DEOPT UNPACKING pc=0x0000016e3d3fa1af sp=0x0000003c613fc630 mode 2
Event: 18.023 Thread 0x0000016e33899800 Uncommon trap: trap_request=0xffffff4d fr.pc=0x0000016e451fbec4 relative=0x0000000000000be4
Event: 18.023 Thread 0x0000016e33899800 Uncommon trap: reason=unstable_if action=reinterpret pc=0x0000016e451fbec4 method=com.sun.tools.javac.util.ArrayUtils.ensureCapacity([BI)[B @ 3 c2
Event: 18.023 Thread 0x0000016e33899800 DEOPT PACKING pc=0x0000016e451fbec4 sp=0x0000003c613fc590
Event: 18.023 Thread 0x0000016e33899800 DEOPT UNPACKING pc=0x0000016e3d3fa1af sp=0x0000003c613fc4b0 mode 2

Classes redefined (0 events):
No events

Internal exceptions (20 events):
Event: 17.995 Thread 0x0000016e33899800 Exception <a 'sun/nio/fs/WindowsException'{0x000000008bab01b8}> (0x000000008bab01b8) thrown at [s\src\hotspot\share\prims\jni.cpp, line 617]
Event: 17.996 Thread 0x0000016e33899800 Exception <a 'sun/nio/fs/WindowsException'{0x000000008bab05d0}> (0x000000008bab05d0) thrown at [s\src\hotspot\share\prims\jni.cpp, line 617]
Event: 17.996 Thread 0x0000016e33899800 Exception <a 'sun/nio/fs/WindowsException'{0x000000008bab1be0}> (0x000000008bab1be0) thrown at [s\src\hotspot\share\prims\jni.cpp, line 617]
Event: 17.996 Thread 0x0000016e33899800 Exception <a 'sun/nio/fs/WindowsException'{0x000000008bab2080}> (0x000000008bab2080) thrown at [s\src\hotspot\share\prims\jni.cpp, line 617]
Event: 17.996 Thread 0x0000016e33899800 Exception <a 'sun/nio/fs/WindowsException'{0x000000008bab4318}> (0x000000008bab4318) thrown at [s\src\hotspot\share\prims\jni.cpp, line 617]
Event: 17.996 Thread 0x0000016e33899800 Exception <a 'sun/nio/fs/WindowsException'{0x000000008bab4778}> (0x000000008bab4778) thrown at [s\src\hotspot\share\prims\jni.cpp, line 617]
Event: 17.997 Thread 0x0000016e33899800 Exception <a 'sun/nio/fs/WindowsException'{0x000000008babcbd0}> (0x000000008babcbd0) thrown at [s\src\hotspot\share\prims\jni.cpp, line 617]
Event: 17.997 Thread 0x0000016e33899800 Exception <a 'sun/nio/fs/WindowsException'{0x000000008babcfe0}> (0x000000008babcfe0) thrown at [s\src\hotspot\share\prims\jni.cpp, line 617]
Event: 17.997 Thread 0x0000016e33899800 Exception <a 'sun/nio/fs/WindowsException'{0x000000008bad0270}> (0x000000008bad0270) thrown at [s\src\hotspot\share\prims\jni.cpp, line 617]
Event: 17.998 Thread 0x0000016e33899800 Exception <a 'sun/nio/fs/WindowsException'{0x000000008bad06c0}> (0x000000008bad06c0) thrown at [s\src\hotspot\share\prims\jni.cpp, line 617]
Event: 17.998 Thread 0x0000016e33899800 Exception <a 'sun/nio/fs/WindowsException'{0x000000008bad1d10}> (0x000000008bad1d10) thrown at [s\src\hotspot\share\prims\jni.cpp, line 617]
Event: 17.998 Thread 0x0000016e33899800 Exception <a 'sun/nio/fs/WindowsException'{0x000000008bad21f0}> (0x000000008bad21f0) thrown at [s\src\hotspot\share\prims\jni.cpp, line 617]
Event: 18.002 Thread 0x0000016e33899800 Exception <a 'sun/nio/fs/WindowsException'{0x000000008bad4310}> (0x000000008bad4310) thrown at [s\src\hotspot\share\prims\jni.cpp, line 617]
Event: 18.002 Thread 0x0000016e33899800 Exception <a 'sun/nio/fs/WindowsException'{0x000000008bad46a0}> (0x000000008bad46a0) thrown at [s\src\hotspot\share\prims\jni.cpp, line 617]
Event: 18.002 Thread 0x0000016e33899800 Exception <a 'sun/nio/fs/WindowsException'{0x000000008bad5ae0}> (0x000000008bad5ae0) thrown at [s\src\hotspot\share\prims\jni.cpp, line 617]
Event: 18.002 Thread 0x0000016e33899800 Exception <a 'sun/nio/fs/WindowsException'{0x000000008bad5e20}> (0x000000008bad5e20) thrown at [s\src\hotspot\share\prims\jni.cpp, line 617]
Event: 18.003 Thread 0x0000016e33899800 Exception <a 'sun/nio/fs/WindowsException'{0x000000008bad7450}> (0x000000008bad7450) thrown at [s\src\hotspot\share\prims\jni.cpp, line 617]
Event: 18.003 Thread 0x0000016e33899800 Exception <a 'sun/nio/fs/WindowsException'{0x000000008bad77d8}> (0x000000008bad77d8) thrown at [s\src\hotspot\share\prims\jni.cpp, line 617]
Event: 18.003 Thread 0x0000016e33899800 Exception <a 'sun/nio/fs/WindowsException'{0x000000008bad8d40}> (0x000000008bad8d40) thrown at [s\src\hotspot\share\prims\jni.cpp, line 617]
Event: 18.003 Thread 0x0000016e33899800 Exception <a 'sun/nio/fs/WindowsException'{0x000000008bad9150}> (0x000000008bad9150) thrown at [s\src\hotspot\share\prims\jni.cpp, line 617]

Events (20 events):
Event: 17.893 loading class com/sun/tools/javac/util/JCDiagnostic$Factory done
Event: 17.910 loading class com/sun/tools/javac/code/Directive$RequiresDirective
Event: 17.910 loading class com/sun/tools/javac/code/Directive$RequiresDirective done
Event: 17.910 loading class com/sun/tools/javac/code/Directive$RequiresDirective
Event: 17.910 loading class com/sun/tools/javac/code/Directive$RequiresDirective done
Event: 17.910 loading class com/sun/tools/javac/code/Symbol$ModuleSymbol
Event: 17.910 loading class com/sun/tools/javac/code/Symbol$ModuleSymbol done
Event: 17.910 loading class com/sun/tools/javac/code/Symbol$ModuleSymbol
Event: 17.910 loading class com/sun/tools/javac/code/Symbol$ModuleSymbol done
Event: 17.910 loading class com/sun/tools/javac/code/Symtab
Event: 17.910 loading class com/sun/tools/javac/code/Symtab done
Event: 17.916 loading class com/sun/tools/javac/code/Symbol
Event: 17.916 loading class com/sun/tools/javac/code/Symbol done
Event: 17.916 loading class com/sun/tools/javac/code/Symbol
Event: 17.916 loading class com/sun/tools/javac/code/Symbol done
Event: 17.916 loading class com/sun/tools/javac/code/Symbol
Event: 17.916 loading class com/sun/tools/javac/code/Symbol done
Event: 17.919 Executing VM operation: CollectForMetadataAllocation
Event: 17.977 Executing VM operation: CollectForMetadataAllocation done
Event: 18.025 Thread 0x0000016e57d50000 Thread added: 0x0000016e57d50000


Dynamic libraries:
0x00007ff772a10000 - 0x00007ff772a1e000 	C:\Program Files\OpenLogic\jdk-11.0.21.9-hotspot\bin\java.exe
0x00007ffc90470000 - 0x00007ffc90668000 	C:\Windows\SYSTEM32\ntdll.dll
0x00007ffc8f1b0000 - 0x00007ffc8f271000 	C:\Windows\System32\KERNEL32.DLL
0x00007ffc8dbf0000 - 0x00007ffc8deed000 	C:\Windows\System32\KERNELBASE.dll
0x00007ffc8def0000 - 0x00007ffc8dff0000 	C:\Windows\System32\ucrtbase.dll
0x00007ffc671c0000 - 0x00007ffc671db000 	C:\Program Files\OpenLogic\jdk-11.0.21.9-hotspot\bin\VCRUNTIME140.dll
0x00007ffc60970000 - 0x00007ffc60987000 	C:\Program Files\OpenLogic\jdk-11.0.21.9-hotspot\bin\jli.dll
0x00007ffc8f510000 - 0x00007ffc8f6ad000 	C:\Windows\System32\USER32.dll
0x00007ffc8e270000 - 0x00007ffc8e292000 	C:\Windows\System32\win32u.dll
0x00007ffc7d390000 - 0x00007ffc7d62a000 	C:\Windows\WinSxS\amd64_microsoft.windows.common-controls_6595b64144ccf1df_6.0.19041.4355_none_60b8b9eb71f62e16\COMCTL32.dll
0x00007ffc8f290000 - 0x00007ffc8f2bb000 	C:\Windows\System32\GDI32.dll
0x00007ffc8f3a0000 - 0x00007ffc8f43e000 	C:\Windows\System32\msvcrt.dll
0x00007ffc8e380000 - 0x00007ffc8e497000 	C:\Windows\System32\gdi32full.dll
0x00007ffc8db20000 - 0x00007ffc8dbbd000 	C:\Windows\System32\msvcp_win.dll
0x00007ffc8e840000 - 0x00007ffc8e86f000 	C:\Windows\System32\IMM32.DLL
0x00007ffc7e3a0000 - 0x00007ffc7e3ac000 	C:\Program Files\OpenLogic\jdk-11.0.21.9-hotspot\bin\vcruntime140_1.dll
0x00007ffc2cde0000 - 0x00007ffc2ce6d000 	C:\Program Files\OpenLogic\jdk-11.0.21.9-hotspot\bin\msvcp140.dll
0x00007ffc1faa0000 - 0x00007ffc205ed000 	C:\Program Files\OpenLogic\jdk-11.0.21.9-hotspot\bin\server\jvm.dll
0x00007ffc8e870000 - 0x00007ffc8e920000 	C:\Windows\System32\ADVAPI32.dll
0x00007ffc8f6b0000 - 0x00007ffc8f750000 	C:\Windows\System32\sechost.dll
0x00007ffc8e710000 - 0x00007ffc8e833000 	C:\Windows\System32\RPCRT4.dll
0x00007ffc8dbc0000 - 0x00007ffc8dbe7000 	C:\Windows\System32\bcrypt.dll
0x00007ffc8ef80000 - 0x00007ffc8ef88000 	C:\Windows\System32\PSAPI.DLL
0x00007ffc7bd10000 - 0x00007ffc7bd19000 	C:\Windows\SYSTEM32\WSOCK32.dll
0x00007ffc7d630000 - 0x00007ffc7d657000 	C:\Windows\SYSTEM32\WINMM.dll
0x00007ffc8f770000 - 0x00007ffc8f7db000 	C:\Windows\System32\WS2_32.dll
0x00007ffc7e110000 - 0x00007ffc7e11a000 	C:\Windows\SYSTEM32\VERSION.dll
0x00007ffc8b9a0000 - 0x00007ffc8b9b2000 	C:\Windows\SYSTEM32\kernel.appcore.dll
0x00007ffc6ed80000 - 0x00007ffc6ed90000 	C:\Program Files\OpenLogic\jdk-11.0.21.9-hotspot\bin\verify.dll
0x00007ffc6ff30000 - 0x00007ffc70114000 	C:\Windows\SYSTEM32\DBGHELP.DLL
0x00007ffc6fef0000 - 0x00007ffc6ff24000 	C:\Windows\SYSTEM32\dbgcore.DLL
0x00007ffc8e2a0000 - 0x00007ffc8e322000 	C:\Windows\System32\bcryptPrimitives.dll
0x00007ffc4abc0000 - 0x00007ffc4abe8000 	C:\Program Files\OpenLogic\jdk-11.0.21.9-hotspot\bin\java.dll
0x00007ffc6c290000 - 0x00007ffc6c29a000 	C:\Program Files\OpenLogic\jdk-11.0.21.9-hotspot\bin\jimage.dll
0x00007ffc5fa50000 - 0x00007ffc5fa68000 	C:\Program Files\OpenLogic\jdk-11.0.21.9-hotspot\bin\zip.dll
0x00007ffc8f7e0000 - 0x00007ffc8ff4f000 	C:\Windows\System32\SHELL32.dll
0x00007ffc8bba0000 - 0x00007ffc8c343000 	C:\Windows\SYSTEM32\windows.storage.dll
0x00007ffc900d0000 - 0x00007ffc90423000 	C:\Windows\System32\combase.dll
0x00007ffc8d480000 - 0x00007ffc8d4ae000 	C:\Windows\SYSTEM32\Wldp.dll
0x00007ffc8f440000 - 0x00007ffc8f50d000 	C:\Windows\System32\OLEAUT32.dll
0x00007ffc8e4a0000 - 0x00007ffc8e54d000 	C:\Windows\System32\SHCORE.dll
0x00007ffc8ff50000 - 0x00007ffc8ffa5000 	C:\Windows\System32\shlwapi.dll
0x00007ffc8da50000 - 0x00007ffc8da74000 	C:\Windows\SYSTEM32\profapi.dll
0x00007ffc5f320000 - 0x00007ffc5f339000 	C:\Program Files\OpenLogic\jdk-11.0.21.9-hotspot\bin\net.dll
0x00007ffc84ff0000 - 0x00007ffc850fd000 	C:\Windows\SYSTEM32\WINHTTP.dll
0x00007ffc8d1e0000 - 0x00007ffc8d24a000 	C:\Windows\system32\mswsock.dll
0x00007ffc5ec40000 - 0x00007ffc5ec52000 	C:\Program Files\OpenLogic\jdk-11.0.21.9-hotspot\bin\nio.dll
0x0000000069ac0000 - 0x0000000069ae4000 	C:\Program Files\Maven\apache-maven-3.9.6\lib\jansi-native\Windows\x86_64\jansi.dll

dbghelp: loaded successfully - version: 4.0.5 - missing functions: none
symbol engine: initialized successfully - sym options: 0x614 - pdb path: .;C:\Program Files\OpenLogic\jdk-11.0.21.9-hotspot\bin;C:\Windows\SYSTEM32;C:\Windows\WinSxS\amd64_microsoft.windows.common-controls_6595b64144ccf1df_6.0.19041.4355_none_60b8b9eb71f62e16;C:\Program Files\OpenLogic\jdk-11.0.21.9-hotspot\bin\server;C:\Program Files\Maven\apache-maven-3.9.6\lib\jansi-native\Windows\x86_64

VM Arguments:
jvm_args: -Dclassworlds.conf=C:\Program Files\Maven\apache-maven-3.9.6\bin\m2.conf -Dmaven.home=C:\Program Files\Maven\apache-maven-3.9.6 -Dlibrary.jansi.path=C:\Program Files\Maven\apache-maven-3.9.6\lib\jansi-native -Dmaven.multiModuleProjectDirectory=C:\Users\todo-electro\Desktop\Benji\Programación\Java\servidor-gestion-de-ventas 
java_command: org.codehaus.plexus.classworlds.launcher.Launcher spring-boot:run
java_class_path (initial): C:\Program Files\Maven\apache-maven-3.9.6\boot\plexus-classworlds-2.7.0.jar
Launcher Type: SUN_STANDARD

[Global flags]
     intx CICompilerCount                          = 3                                         {product} {ergonomic}
     uint ConcGCThreads                            = 1                                         {product} {ergonomic}
     uint G1ConcRefinementThreads                  = 4                                         {product} {ergonomic}
   size_t G1HeapRegionSize                         = 1048576                                   {product} {ergonomic}
    uintx GCDrainStackTargetSize                   = 64                                        {product} {ergonomic}
   size_t InitialHeapSize                          = 134217728                                 {product} {ergonomic}
   size_t MarkStackSize                            = 4194304                                   {product} {ergonomic}
   size_t MaxHeapSize                              = 2126512128                                {product} {ergonomic}
   size_t MaxNewSize                               = 1275068416                                {product} {ergonomic}
   size_t MinHeapDeltaBytes                        = 1048576                                   {product} {ergonomic}
    uintx NonNMethodCodeHeapSize                   = 5830732                                {pd product} {ergonomic}
    uintx NonProfiledCodeHeapSize                  = 122913754                              {pd product} {ergonomic}
    uintx ProfiledCodeHeapSize                     = 122913754                              {pd product} {ergonomic}
    uintx ReservedCodeCacheSize                    = 251658240                              {pd product} {ergonomic}
     bool SegmentedCodeCache                       = true                                      {product} {ergonomic}
     bool UseCompressedClassPointers               = true                                 {lp64_product} {ergonomic}
     bool UseCompressedOops                        = true                                 {lp64_product} {ergonomic}
     bool UseG1GC                                  = true                                      {product} {ergonomic}
     bool UseLargePagesIndividualAllocation        = false                                  {pd product} {ergonomic}

Logging:
Log output configuration:
 #0: stdout all=warning uptime,level,tags
 #1: stderr all=off uptime,level,tags

Environment Variables:
PATH=C:\Program Files\OpenLogic\jdk-11.0.21.9-hotspot\bin;C:\Windows\SYSTEM32;C:\Windows;C:\Windows\SYSTEM32\WBEM;C:\Windows\SYSTEM32\WINDOWSPOWERSHELL\V1.0\;C:\Windows\SYSTEM32\OPENSSH\;C:\Program Files\Maven\apache-maven-3.9.6\BIN;C:\PROGRAM FILES\GIT\CMD;C:\Program Files\OpenSSL-Win64\bin\BIN;C:\Program Files\PostgreSQL\10\BIN;C:\Program Files\OpenSSL-Win64\bin;C:\Program Files\Git\cmd;C:\Program Files\nodejs\;C:\Users\todo-electro\AppData\Local\Microsoft\WindowsApps;C:\Users\todo-electro\AppData\Local\Programs\Microsoft VS Code\bin;C:\Program Files\JetBrains\IntelliJ IDEA Community Edition 2023.3.2\bin;C:\Users\todo-electro\AppData\Roaming\npm
USERNAME=todo-electro
OS=Windows_NT
PROCESSOR_IDENTIFIER=Intel64 Family 6 Model 42 Stepping 7, GenuineIntel
TMP=C:\Users\TODO-E~1\AppData\Local\Temp
TEMP=C:\Users\TODO-E~1\AppData\Local\Temp



---------------  S Y S T E M  ---------------

OS: Windows 10 , 64 bit Build 19041 (10.0.19041.4842)
OS uptime: 0 days 5:15 hours

CPU:total 4 (initial active 4) (4 cores per cpu, 2 threads per core) family 6 model 42 stepping 7 microcode 0x2f, cmov, cx8, fxsr, mmx, sse, sse2, sse3, ssse3, sse4.1, sse4.2, popcnt, avx, aes, clmul, ht, tsc, tscinvbit

Memory: 4k page, system-wide physical 8105M (1426M free)
TotalPageFile size 15529M (AvailPageFile size 4574M)
current process WorkingSet (physical memory assigned to process): 303M, peak: 307M
current process commit charge ("private bytes"): 331M, peak: 336M

vm_info: OpenJDK 64-Bit Server VM (11.0.21+9-adhoc..jdk11u) for windows-amd64 JRE (11.0.21+9-adhoc..jdk11u), built on Oct 18 2023 09:35:41 by "" with MS VC++ 16.10 / 16.11 (VS2019)

END.
