#
# A fatal error has been detected by the Java Runtime Environment:
#
#  EXCEPTION_ACCESS_VIOLATION (0xc0000005) at pc=0x00007ff951139ffd, pid=4720, tid=11300
#
# JRE version: OpenJDK Runtime Environment OpenLogic-OpenJDK (11.0.21+9) (build 11.0.21+9-adhoc..jdk11u)
# Java VM: OpenJDK 64-Bit Server VM OpenLogic-OpenJDK (11.0.21+9-adhoc..jdk11u, mixed mode, tiered, compressed oops, g1 gc, windows-amd64)
# Problematic frame:
# V  [jvm.dll+0x2f9ffd]
#
# No core dump will be written. Minidumps are not enabled by default on client versions of Windows
#
# If you would like to submit a bug report, please visit:
#   https://techsupport.roguewave.com/
#

---------------  S U M M A R Y ------------

Command Line: -Dclassworlds.conf=C:\Program Files\Maven\apache-maven-3.9.6\bin\m2.conf -Dmaven.home=C:\Program Files\Maven\apache-maven-3.9.6 -Dlibrary.jansi.path=C:\Program Files\Maven\apache-maven-3.9.6\lib\jansi-native -Dmaven.multiModuleProjectDirectory=C:\Users\todo-electro\Desktop\Benji\Programación\Java\servidor-gestion-de-ventas org.codehaus.plexus.classworlds.launcher.Launcher spring-boot:run

Host: Intel(R) Core(TM) i7-2630QM CPU @ 2.00GHz, 4 cores, 7G,  Windows 10 , 64 bit Build 19041 (10.0.19041.4957)
Time: Fri Oct 11 18:40:13 2024 Hora estándar de Argentina elapsed time: 13.717346 seconds (0d 0h 0m 13s)

---------------  T H R E A D  ---------------

Current thread (0x000002585a585800):  GCTaskThread "GC Thread#1" [stack: 0x00000068b2400000,0x00000068b2500000] [id=11300]

Stack: [0x00000068b2400000,0x00000068b2500000],  sp=0x00000068b24ff8a0,  free space=1022k
Native frames: (J=compiled Java code, j=interpreted, Vv=VM code, C=native code)
V  [jvm.dll+0x2f9ffd]
V  [jvm.dll+0x323fff]
V  [jvm.dll+0x324f7d]
V  [jvm.dll+0x323441]
V  [jvm.dll+0x33134e]
V  [jvm.dll+0x32fd41]
V  [jvm.dll+0x2d1c20]
V  [jvm.dll+0x2d1b51]
V  [jvm.dll+0x30096b]
V  [jvm.dll+0x3303c6]
V  [jvm.dll+0x3037ad]
V  [jvm.dll+0x7b5c90]
V  [jvm.dll+0x7404d4]
V  [jvm.dll+0x6404e5]
C  [ucrtbase.dll+0x21bb2]
C  [KERNEL32.DLL+0x17374]
C  [ntdll.dll+0x4cc91]


siginfo: EXCEPTION_ACCESS_VIOLATION (0xc0000005), reading address 0x00000000000000f8


Register to memory mapping:

RIP=0x00007ff951139ffd jvm.dll
RAX=0x00000258395f1ee0 points into unknown readable memory: 0x0000000000000000 | 00 00 00 00 00 00 00 00
RBX=0x000002585cb6f630 points into unknown readable memory: 0x00007ff9516d18b8 | b8 18 6d 51 f9 7f 00 00
RCX=0x0000000000000014 is an unknown value
RDX=0x0 is NULL
RSP=0x00000068b24ff8a0 points into unknown readable memory: 0x0000000000001ebc | bc 1e 00 00 00 00 00 00
RBP=0x000002585cb6f7a0 points into unknown readable memory: 0x00007ff9516d1870 | 70 18 6d 51 f9 7f 00 00
RSI=0x00000001001cbdc8 is pointing into metadata
RDI=0x00000000825a9824 is pointing into object: org.apache.maven.model.Dependency 
{0x00000000825a9818} - klass: 'org/apache/maven/model/Dependency'
 - ---- fields (total size 12 words):
 - private 'groupId' 'Ljava/lang/String;' @12  "com.google.truth"{0x000000008ae0b1a8} (8ae0b1a8)
 - private 'artifactId' 'Ljava/lang/String;' @16  "truth"{0x000000008ae0b1e0} (8ae0b1e0)
 - private 'version' 'Ljava/lang/String;' @20  "${truth.version}"{0x000000008ae0b210} (8ae0b210)
 - private 'type' 'Ljava/lang/String;' @24  "jar"{0x0000000081532e68} (81532e68)
 - private 'classifier' 'Ljava/lang/String;' @28  NULL (0)
 - private 'scope' 'Ljava/lang/String;' @32  "test"{0x000000008ae0b248} (8ae0b248)
 - private 'systemPath' 'Ljava/lang/String;' @36  NULL (0)
 - private strict 'exclusions' 'Ljava/util/List;' @40  a 'java/util/ArrayList'{0x000000008ae0b278} (8ae0b278)
 - private 'optional' 'Ljava/lang/String;' @44  NULL (0)
 - private strict 'locations' 'Ljava/util/Map;' @48  NULL (0)
 - private 'location' 'Lorg/apache/maven/model/InputLocation;' @52  NULL (0)
 - private 'groupIdLocation' 'Lorg/apache/maven/model/InputLocation;' @56  NULL (0)
 - private 'artifactIdLocation' 'Lorg/apache/maven/model/InputLocation;' @60  NULL (0)
 - private 'versionLocation' 'Lorg/apache/maven/model/InputLocation;' @64  NULL (0)
 - private 'typeLocation' 'Lorg/apache/maven/model/InputLocation;' @68  NULL (0)
 - private 'classifierLocation' 'Lorg/apache/maven/model/InputLocation;' @72  NULL (0)
 - private 'scopeLocation' 'Lorg/apache/maven/model/InputLocation;' @76  NULL (0)
 - private 'systemPathLocation' 'Lorg/apache/maven/model/InputLocation;' @80  NULL (0)
 - private 'exclusionsLocation' 'Lorg/apache/maven/model/InputLocation;' @84  NULL (0)
 - private 'optionalLocation' 'Lorg/apache/maven/model/InputLocation;' @88  NULL (0)
 - private 'managementKey' 'Ljava/lang/String;' @92  
[error occurred during error reporting (printing register info), id 0xc0000005, EXCEPTION_ACCESS_VIOLATION (0xc0000005) at pc=0x00007ff9511e3f5e]

Registers:
RAX=0x00000258395f1ee0, RBX=0x000002585cb6f630, RCX=0x0000000000000014, RDX=0x0000000000000000
RSP=0x00000068b24ff8a0, RBP=0x000002585cb6f7a0, RSI=0x00000001001cbdc8, RDI=0x00000000825a9824
R8 =0x00000000825a9874, R9 =0x0000000000000001, R10=0x00000000825a9874, R11=0x000002585cb6f7a0
R12=0x0000000000000002, R13=0x000000000000000c, R14=0x00000001001cbdc8, R15=0x00000000825a9818
RIP=0x00007ff951139ffd, EFLAGS=0x0000000000010202

Top of Stack: (sp=0x00000068b24ff8a0)
0x00000068b24ff8a0:   0000000000001ebc 00000000825a97fd
0x00000068b24ff8b0:   00000068b24ff998 00000000825a97c9
0x00000068b24ff8c0:   00000000825a9874 00007ff951163fff
0x00000068b24ff8d0:   00000000825a97fc 00007ff9511651f2
0x00000068b24ff8e0:   00000000825a97c8 000000008ae0a890
0x00000068b24ff8f0:   0000000000000015 000000008ae0b148
0x00000068b24ff900:   00000000825a9818 00007ff951164f7d
0x00000068b24ff910:   0000000000000001 0000000000000002
0x00000068b24ff920:   000002585cb6f630 00007ff951136a6b
0x00000068b24ff930:   00007ff900000190 00000068b24ffbb8
0x00000068b24ff940:   0000000000000005 0000000000000040
0x00000068b24ff950:   000002585cb6f630 0000000000000040
0x00000068b24ff960:   00000258395e3fc0 00007ff9516d2360
0x00000068b24ff970:   0000000000000000 0000000000000000
0x00000068b24ff980:   0000000000000d7f 00007ff951163441
0x00000068b24ff990:   0000000000000000 00000258395e3f00 

Instructions: (pc=0x00007ff951139ffd)
0x00007ff951139efd:   48 ff 47 20 48 8b 5c 24 30 48 83 c4 20 5f c3 cc
0x00007ff951139f0d:   cc cc cc 48 89 5c 24 08 57 48 83 ec 20 48 8b 41
0x00007ff951139f1d:   18 48 8b fa 48 8b 58 10 48 8b cb e8 33 88 00 00
0x00007ff951139f2d:   84 c0 75 29 48 81 c3 90 00 00 00 48 8b 4b 20 48
0x00007ff951139f3d:   3b 4b 08 75 0c 48 8b cb e8 06 e3 f5 ff 48 8b 4b
0x00007ff951139f4d:   20 48 8b 43 38 48 89 3c c8 48 ff 43 20 48 8b 5c
0x00007ff951139f5d:   24 30 48 83 c4 20 5f c3 cc cc cc cc cc cc cc cc
0x00007ff951139f6d:   cc cc cc 48 89 5c 24 08 57 48 83 ec 20 48 8b 79
0x00007ff951139f7d:   10 48 8b da 48 83 cb 01 48 8b cf 48 8b d3 e8 d0
0x00007ff951139f8d:   87 00 00 84 c0 75 29 48 81 c7 90 00 00 00 48 8b
0x00007ff951139f9d:   4f 20 48 3b 4f 08 75 0c 48 8b cf e8 a3 e2 f5 ff
0x00007ff951139fad:   48 8b 4f 20 48 8b 47 38 48 89 1c c8 48 ff 47 20
0x00007ff951139fbd:   48 8b 5c 24 30 48 83 c4 20 5f c3 cc cc cc cc cc
0x00007ff951139fcd:   cc cc cc 40 53 48 83 ec 20 8b 82 04 01 00 00 48
0x00007ff951139fdd:   8b d9 d1 e8 a8 01 75 6b 48 8b 41 08 8b 88 c0 02
0x00007ff951139fed:   00 00 48 8b 80 b0 02 00 00 49 d3 e9 4a 8b 14 c8
0x00007ff951139ffd:   48 8b 82 f8 00 00 00 83 b8 18 01 00 00 00 74 43
0x00007ff95113a00d:   48 8b 4b 50 48 89 7c 24 30 49 c1 e8 09 48 8b 79
0x00007ff95113a01d:   48 48 2b 79 40 49 03 f8 48 8b d7 e8 13 ca ff ff
0x00007ff95113a02d:   84 c0 74 1a 80 7b 28 00 48 8d 4b 18 74 10 48 8b
0x00007ff95113a03d:   43 50 48 8b 50 40 48 03 d7 e8 a5 30 39 00 48 8b
0x00007ff95113a04d:   7c 24 30 48 83 c4 20 5b c3 cc cc cc cc cc cc cc
0x00007ff95113a05d:   cc cc cc 48 89 5c 24 10 48 89 74 24 18 55 57 41
0x00007ff95113a06d:   54 41 56 41 57 48 8b ec 48 83 ec 60 45 33 ff 4c
0x00007ff95113a07d:   89 01 4c 89 79 10 4c 8b e1 44 88 49 08 89 51 0c
0x00007ff95113a08d:   4c 89 79 18 4c 89 79 20 44 89 79 28 e8 62 d0 f3
0x00007ff95113a09d:   ff 48 8b 0d 43 fb 77 00 41 8b ff 4c 89 7d d8 45
0x00007ff95113a0ad:   8b f7 44 89 7d e0 44 89 7d f0 48 85 c9 0f 84 e5
0x00007ff95113a0bd:   00 00 00 8b 01 41 8b df 48 89 4d c0 44 89 7d c8
0x00007ff95113a0cd:   0f 10 45 c0 48 89 4d c0 89 45 c8 0f 11 45 d8 0f
0x00007ff95113a0dd:   10 45 c0 0f 11 45 e8 85 c0 74 17 48 8b 41 18 48
0x00007ff95113a0ed:   8b 38 48 8b cf e8 69 48 f0 ff 48 8b d8 48 85 c0 


Stack slot to memory mapping:
stack at sp + 0 slots: 0x0000000000001ebc is an unknown value
stack at sp + 1 slots: 0x00000000825a97fd is pointing into object: org.apache.maven.model.Exclusion 
{0x00000000825a97f0} - klass: 'org/apache/maven/model/Exclusion'
 - ---- fields (total size 5 words):
 - private 'groupId' 'Ljava/lang/String;' @12  "com.google.guava"{0x0000000082510f98} (82510f98)
 - private 'artifactId' 'Ljava/lang/String;' @16  "guava"{0x0000000082510fd0} (82510fd0)
 - private strict 'locations' 'Ljava/util/Map;' @20  NULL (0)
 - private 'location' 'Lorg/apache/maven/model/InputLocation;' @24  NULL (0)
 - private 'groupIdLocation' 'Lorg/apache/maven/model/InputLocation;' @28  NULL (0)
 - private 'artifactIdLocation' 'Lorg/apache/maven/model/InputLocation;' @32  NULL (0)
stack at sp + 2 slots: 0x00000068b24ff998 points into unknown readable memory: 0x00000258395e3f00 | 00 3f 5e 39 58 02 00 00
stack at sp + 3 slots: 0x00000000825a97c9 is pointing into object: [Ljava.lang.Object; 
{0x00000000825a97b8} - klass: 'java/lang/Object'[]
 - length: 10
stack at sp + 4 slots: 0x00000000825a9874 is pointing into object: org.apache.maven.model.Dependency 
{0x00000000825a9818} - klass: 'org/apache/maven/model/Dependency'
 - ---- fields (total size 12 words):
 - private 'groupId' 'Ljava/lang/String;' @12  "com.google.truth"{0x000000008ae0b1a8} (8ae0b1a8)
 - private 'artifactId' 'Ljava/lang/String;' @16  "truth"{0x000000008ae0b1e0} (8ae0b1e0)
 - private 'version' 'Ljava/lang/String;' @20  "${truth.version}"{0x000000008ae0b210} (8ae0b210)
 - private 'type' 'Ljava/lang/String;' @24  "jar"{0x0000000081532e68} (81532e68)
 - private 'classifier' 'Ljava/lang/String;' @28  NULL (0)
 - private 'scope' 'Ljava/lang/String;' @32  "test"{0x000000008ae0b248} (8ae0b248)
 - private 'systemPath' 'Ljava/lang/String;' @36  NULL (0)
 - private strict 'exclusions' 'Ljava/util/List;' @40  a 'java/util/ArrayList'{0x000000008ae0b278} (8ae0b278)
 - private 'optional' 'Ljava/lang/String;' @44  NULL (0)
 - private strict 'locations' 'Ljava/util/Map;' @48  NULL (0)
 - private 'location' 'Lorg/apache/maven/model/InputLocation;' @52  NULL (0)
 - private 'groupIdLocation' 'Lorg/apache/maven/model/InputLocation;' @56  NULL (0)
 - private 'artifactIdLocation' 'Lorg/apache/maven/model/InputLocation;' @60  NULL (0)
 - private 'versionLocation' 'Lorg/apache/maven/model/InputLocation;' @64  NULL (0)
 - private 'typeLocation' 'Lorg/apache/maven/model/InputLocation;' @68  NULL (0)
 - private 'classifierLocation' 'Lorg/apache/maven/model/InputLocation;' @72  NULL (0)
 - private 'scopeLocation' 'Lorg/apache/maven/model/InputLocation;' @76  NULL (0)
 - private 'systemPathLocation' 'Lorg/apache/maven/model/InputLocation;' @80  NULL (0)
 - private 'exclusionsLocation' 'Lorg/apache/maven/model/InputLocation;' @84  NULL (0)
 - private 'optionalLocation' 'Lorg/apache/maven/model/InputLocation;' @88  NULL (0)
 - private 'managementKey' 'Ljava/lang/String;' @92  
[error occurred during error reporting (inspecting top of stack), id 0xc0000005, EXCEPTION_ACCESS_VIOLATION (0xc0000005) at pc=0x00007ff9511e3f5e]


---------------  P R O C E S S  ---------------

Threads class SMR info:
_java_thread_list=0x000002585ab9e080, length=11, elements={
0x00000258395cf000, 0x0000025859145800, 0x000002585914f000, 0x0000025859160000,
0x0000025859162000, 0x0000025859164000, 0x0000025859165000, 0x0000025859170800,
0x0000025859175800, 0x0000025859c46800, 0x000002585c8dc800
}

Java Threads: ( => current thread )
  0x00000258395cf000 JavaThread "main" [_thread_blocked, id=13016, stack(0x00000068b1300000,0x00000068b1400000)]
  0x0000025859145800 JavaThread "Reference Handler" daemon [_thread_blocked, id=12776, stack(0x00000068b1a00000,0x00000068b1b00000)]
  0x000002585914f000 JavaThread "Finalizer" daemon [_thread_blocked, id=1644, stack(0x00000068b1b00000,0x00000068b1c00000)]
  0x0000025859160000 JavaThread "Signal Dispatcher" daemon [_thread_blocked, id=1812, stack(0x00000068b1c00000,0x00000068b1d00000)]
  0x0000025859162000 JavaThread "Attach Listener" daemon [_thread_blocked, id=12112, stack(0x00000068b1d00000,0x00000068b1e00000)]
  0x0000025859164000 JavaThread "Service Thread" daemon [_thread_blocked, id=10428, stack(0x00000068b1e00000,0x00000068b1f00000)]
  0x0000025859165000 JavaThread "C2 CompilerThread0" daemon [_thread_blocked, id=3100, stack(0x00000068b1f00000,0x00000068b2000000)]
  0x0000025859170800 JavaThread "C1 CompilerThread0" daemon [_thread_blocked, id=9752, stack(0x00000068b2000000,0x00000068b2100000)]
  0x0000025859175800 JavaThread "Sweeper thread" daemon [_thread_blocked, id=12576, stack(0x00000068b2100000,0x00000068b2200000)]
  0x0000025859c46800 JavaThread "Common-Cleaner" daemon [_thread_blocked, id=2052, stack(0x00000068b2300000,0x00000068b2400000)]
  0x000002585c8dc800 JavaThread "C2 CompilerThread1" daemon [_thread_blocked, id=5576, stack(0x00000068b2600000,0x00000068b2700000)]

Other Threads:
  0x000002585911e800 VMThread "VM Thread" [stack: 0x00000068b1900000,0x00000068b1a00000] [id=14188]
  0x0000025859c39800 WatcherThread [stack: 0x00000068b2200000,0x00000068b2300000] [id=5340]
  0x00000258395e3800 GCTaskThread "GC Thread#0" [stack: 0x00000068b1400000,0x00000068b1500000] [id=13264]
=>0x000002585a585800 GCTaskThread "GC Thread#1" [stack: 0x00000068b2400000,0x00000068b2500000] [id=11300]
  0x000002585a6ce800 GCTaskThread "GC Thread#2" [stack: 0x00000068b2500000,0x00000068b2600000] [id=852]
  0x0000025839614000 ConcurrentGCThread "G1 Main Marker" [stack: 0x00000068b1500000,0x00000068b1600000] [id=14116]
  0x0000025839615800 ConcurrentGCThread "G1 Conc#0" [stack: 0x00000068b1600000,0x00000068b1700000] [id=1824]
  0x0000025839699000 ConcurrentGCThread "G1 Refine#0" [stack: 0x00000068b1700000,0x00000068b1800000] [id=4092]
  0x0000025858f90800 ConcurrentGCThread "G1 Young RemSet Sampling" [stack: 0x00000068b1800000,0x00000068b1900000] [id=10412]

Threads with active compile tasks:

VM state:at safepoint (normal execution)

VM Mutex/Monitor currently owned by a thread:  ([mutex/lock_event])
[0x00000258395cb850] Threads_lock - owner thread: 0x000002585911e800
[0x00000258395cbc40] Heap_lock - owner thread: 0x00000258395cf000

Heap address: 0x0000000081400000, size: 2028 MB, Compressed Oops mode: 32-bit
Narrow klass base: 0x0000000000000000, Narrow klass shift: 3
Compressed class space size: 1073741824 Address: 0x0000000100000000

Heap:
 garbage-first heap   total 162816K, used 113433K [0x0000000081400000, 0x0000000100000000)
  region size 1024K, 97 young (99328K), 12 survivors (12288K)
 Metaspace       used 34779K, capacity 35579K, committed 35712K, reserved 1081344K
  class space    used 3652K, capacity 3956K, committed 3968K, reserved 1048576K
Heap Regions: E=young(eden), S=young(survivor), O=old, HS=humongous(starts), HC=humongous(continues), CS=collection set, F=free, A=archive, TAMS=top-at-mark-start (previous, next)
|   0|0x0000000081400000, 0x0000000081500000, 0x0000000081500000|100%| O|  |TAMS 0x0000000081500000, 0x0000000081400000| Untracked 
|   1|0x0000000081500000, 0x0000000081600000, 0x0000000081600000|100%| O|  |TAMS 0x0000000081600000, 0x0000000081500000| Untracked 
|   2|0x0000000081600000, 0x0000000081700000, 0x0000000081700000|100%| O|  |TAMS 0x0000000081700000, 0x0000000081600000| Untracked 
|   3|0x0000000081700000, 0x0000000081800000, 0x0000000081800000|100%| O|  |TAMS 0x0000000081733600, 0x0000000081700000| Untracked 
|   4|0x0000000081800000, 0x0000000081900000, 0x0000000081900000|100%| O|  |TAMS 0x0000000081800000, 0x0000000081800000| Untracked 
|   5|0x0000000081900000, 0x0000000081a00000, 0x0000000081a00000|100%| O|  |TAMS 0x0000000081900000, 0x0000000081900000| Untracked 
|   6|0x0000000081a00000, 0x0000000081b00000, 0x0000000081b00000|100%| O|  |TAMS 0x0000000081a00000, 0x0000000081a00000| Untracked 
|   7|0x0000000081b00000, 0x0000000081c00000, 0x0000000081c00000|100%| O|  |TAMS 0x0000000081b00000, 0x0000000081b00000| Untracked 
|   8|0x0000000081c00000, 0x0000000081d00000, 0x0000000081d00000|100%| O|  |TAMS 0x0000000081c00000, 0x0000000081c00000| Untracked 
|   9|0x0000000081d00000, 0x0000000081e00000, 0x0000000081e00000|100%| O|  |TAMS 0x0000000081d00000, 0x0000000081d00000| Untracked 
|  10|0x0000000081e00000, 0x0000000081f00000, 0x0000000081f00000|100%| O|  |TAMS 0x0000000081e00000, 0x0000000081e00000| Untracked 
|  11|0x0000000081f00000, 0x0000000082000000, 0x0000000082000000|100%| O|  |TAMS 0x0000000081f00000, 0x0000000081f00000| Untracked 
|  12|0x0000000082000000, 0x0000000082100000, 0x0000000082100000|100%|HS|  |TAMS 0x0000000082000000, 0x0000000082000000| Complete 
|  13|0x0000000082100000, 0x0000000082200000, 0x0000000082200000|100%|HS|  |TAMS 0x0000000082100000, 0x0000000082100000| Complete 
|  14|0x0000000082200000, 0x0000000082300000, 0x0000000082300000|100%|HS|  |TAMS 0x0000000082200000, 0x0000000082200000| Complete 
|  15|0x0000000082300000, 0x0000000082400000, 0x0000000082400000|100%|HS|  |TAMS 0x0000000082300000, 0x0000000082300000| Complete 
|  16|0x0000000082400000, 0x0000000082500000, 0x0000000082500000|100%| O|  |TAMS 0x0000000082400000, 0x0000000082400000| Untracked 
|  17|0x0000000082500000, 0x0000000082600000, 0x0000000082600000|100%| O|  |TAMS 0x0000000082500000, 0x0000000082500000| Untracked 
|  18|0x0000000082600000, 0x0000000082700000, 0x0000000082700000|100%| O|  |TAMS 0x0000000082600000, 0x0000000082600000| Untracked 
|  19|0x0000000082700000, 0x0000000082800000, 0x0000000082800000|100%| O|  |TAMS 0x0000000082700000, 0x0000000082700000| Untracked 
|  20|0x0000000082800000, 0x0000000082900000, 0x0000000082900000|100%| O|  |TAMS 0x0000000082800000, 0x0000000082800000| Untracked 
|  21|0x0000000082900000, 0x0000000082a00000, 0x0000000082a00000|100%| O|  |TAMS 0x0000000082900000, 0x0000000082900000| Untracked 
|  22|0x0000000082a00000, 0x0000000082b00000, 0x0000000082b00000|100%| O|  |TAMS 0x0000000082a00000, 0x0000000082a00000| Untracked 
|  23|0x0000000082b00000, 0x0000000082c00000, 0x0000000082c00000|100%| O|  |TAMS 0x0000000082b00000, 0x0000000082b00000| Untracked 
|  24|0x0000000082c00000, 0x0000000082d00000, 0x0000000082d00000|100%| O|  |TAMS 0x0000000082c00000, 0x0000000082c00000| Untracked 
|  25|0x0000000082d00000, 0x0000000082e00000, 0x0000000082e00000|100%| O|  |TAMS 0x0000000082d00000, 0x0000000082d00000| Untracked 
|  26|0x0000000082e00000, 0x0000000082f00000, 0x0000000082f00000|100%| O|  |TAMS 0x0000000082e00000, 0x0000000082e00000| Untracked 
|  27|0x0000000082f00000, 0x0000000083000000, 0x0000000083000000|100%| O|  |TAMS 0x0000000082f00000, 0x0000000082f00000| Untracked 
|  28|0x0000000083000000, 0x0000000083100000, 0x0000000083100000|100%| O|  |TAMS 0x0000000083000000, 0x0000000083000000| Untracked 
|  29|0x0000000083100000, 0x0000000083200000, 0x0000000083200000|100%| O|  |TAMS 0x0000000083100000, 0x0000000083100000| Untracked 
|  30|0x0000000083200000, 0x0000000083200000, 0x0000000083300000|  0%| F|  |TAMS 0x0000000083200000, 0x0000000083200000| Untracked 
|  31|0x0000000083300000, 0x0000000083300000, 0x0000000083400000|  0%| F|  |TAMS 0x0000000083300000, 0x0000000083300000| Untracked 
|  32|0x0000000083400000, 0x0000000083400000, 0x0000000083500000|  0%| F|  |TAMS 0x0000000083400000, 0x0000000083400000| Untracked 
|  33|0x0000000083500000, 0x0000000083500000, 0x0000000083600000|  0%| F|  |TAMS 0x0000000083500000, 0x0000000083500000| Untracked 
|  34|0x0000000083600000, 0x0000000083600000, 0x0000000083700000|  0%| F|  |TAMS 0x0000000083600000, 0x0000000083600000| Untracked 
|  35|0x0000000083700000, 0x0000000083700000, 0x0000000083800000|  0%| F|  |TAMS 0x0000000083700000, 0x0000000083700000| Untracked 
|  36|0x0000000083800000, 0x0000000083800000, 0x0000000083900000|  0%| F|  |TAMS 0x0000000083800000, 0x0000000083800000| Untracked 
|  37|0x0000000083900000, 0x0000000083900000, 0x0000000083a00000|  0%| F|  |TAMS 0x0000000083900000, 0x0000000083900000| Untracked 
|  38|0x0000000083a00000, 0x0000000083a00000, 0x0000000083b00000|  0%| F|  |TAMS 0x0000000083a00000, 0x0000000083a00000| Untracked 
|  39|0x0000000083b00000, 0x0000000083b00000, 0x0000000083c00000|  0%| F|  |TAMS 0x0000000083b00000, 0x0000000083b00000| Untracked 
|  40|0x0000000083c00000, 0x0000000083c00000, 0x0000000083d00000|  0%| F|  |TAMS 0x0000000083c00000, 0x0000000083c00000| Untracked 
|  41|0x0000000083d00000, 0x0000000083d00000, 0x0000000083e00000|  0%| F|  |TAMS 0x0000000083d00000, 0x0000000083d00000| Untracked 
|  42|0x0000000083e00000, 0x0000000083e00000, 0x0000000083f00000|  0%| F|  |TAMS 0x0000000083e00000, 0x0000000083e00000| Untracked 
|  43|0x0000000083f00000, 0x0000000083f00000, 0x0000000084000000|  0%| F|  |TAMS 0x0000000083f00000, 0x0000000083f00000| Untracked 
|  44|0x0000000084000000, 0x0000000084000000, 0x0000000084100000|  0%| F|  |TAMS 0x0000000084000000, 0x0000000084000000| Untracked 
|  45|0x0000000084100000, 0x0000000084100000, 0x0000000084200000|  0%| F|  |TAMS 0x0000000084100000, 0x0000000084100000| Untracked 
|  46|0x0000000084200000, 0x0000000084200000, 0x0000000084300000|  0%| F|  |TAMS 0x0000000084200000, 0x0000000084200000| Untracked 
|  47|0x0000000084300000, 0x0000000084300000, 0x0000000084400000|  0%| F|  |TAMS 0x0000000084300000, 0x0000000084300000| Untracked 
|  48|0x0000000084400000, 0x0000000084400000, 0x0000000084500000|  0%| F|  |TAMS 0x0000000084400000, 0x0000000084400000| Untracked 
|  49|0x0000000084500000, 0x0000000084500000, 0x0000000084600000|  0%| F|  |TAMS 0x0000000084500000, 0x0000000084500000| Untracked 
|  50|0x0000000084600000, 0x0000000084600000, 0x0000000084700000|  0%| F|  |TAMS 0x0000000084600000, 0x0000000084600000| Untracked 
|  51|0x0000000084700000, 0x0000000084700000, 0x0000000084800000|  0%| F|  |TAMS 0x0000000084700000, 0x0000000084700000| Untracked 
|  52|0x0000000084800000, 0x0000000084900000, 0x0000000084900000|100%| S|  |TAMS 0x0000000084800000, 0x0000000084800000| Complete 
|  53|0x0000000084900000, 0x0000000084a00000, 0x0000000084a00000|100%| S|  |TAMS 0x0000000084900000, 0x0000000084900000| Complete 
|  54|0x0000000084a00000, 0x0000000084b00000, 0x0000000084b00000|100%| S|  |TAMS 0x0000000084a00000, 0x0000000084a00000| Complete 
|  55|0x0000000084b00000, 0x0000000084c00000, 0x0000000084c00000|100%| S|  |TAMS 0x0000000084b00000, 0x0000000084b00000| Complete 
|  56|0x0000000084c00000, 0x0000000084d00000, 0x0000000084d00000|100%| S|  |TAMS 0x0000000084c00000, 0x0000000084c00000| Complete 
|  57|0x0000000084d00000, 0x0000000084e00000, 0x0000000084e00000|100%| S|  |TAMS 0x0000000084d00000, 0x0000000084d00000| Complete 
|  58|0x0000000084e00000, 0x0000000084f00000, 0x0000000084f00000|100%| S|  |TAMS 0x0000000084e00000, 0x0000000084e00000| Complete 
|  59|0x0000000084f00000, 0x0000000085000000, 0x0000000085000000|100%| S|  |TAMS 0x0000000084f00000, 0x0000000084f00000| Complete 
|  60|0x0000000085000000, 0x0000000085100000, 0x0000000085100000|100%| E|CS|TAMS 0x0000000085000000, 0x0000000085000000| Complete 
|  61|0x0000000085100000, 0x0000000085200000, 0x0000000085200000|100%| E|CS|TAMS 0x0000000085100000, 0x0000000085100000| Complete 
|  62|0x0000000085200000, 0x0000000085300000, 0x0000000085300000|100%| E|CS|TAMS 0x0000000085200000, 0x0000000085200000| Complete 
|  63|0x0000000085300000, 0x0000000085400000, 0x0000000085400000|100%| E|CS|TAMS 0x0000000085300000, 0x0000000085300000| Complete 
|  64|0x0000000085400000, 0x0000000085500000, 0x0000000085500000|100%| E|CS|TAMS 0x0000000085400000, 0x0000000085400000| Complete 
|  65|0x0000000085500000, 0x0000000085600000, 0x0000000085600000|100%| S|  |TAMS 0x0000000085500000, 0x0000000085500000| Complete 
|  66|0x0000000085600000, 0x0000000085700000, 0x0000000085700000|100%| S|  |TAMS 0x0000000085600000, 0x0000000085600000| Complete 
|  67|0x0000000085700000, 0x0000000085800000, 0x0000000085800000|100%| S|  |TAMS 0x0000000085700000, 0x0000000085700000| Complete 
|  68|0x0000000085800000, 0x0000000085900000, 0x0000000085900000|100%| S|  |TAMS 0x0000000085800000, 0x0000000085800000| Complete 
|  69|0x0000000085900000, 0x0000000085a00000, 0x0000000085a00000|100%| E|CS|TAMS 0x0000000085900000, 0x0000000085900000| Complete 
|  70|0x0000000085a00000, 0x0000000085b00000, 0x0000000085b00000|100%| E|CS|TAMS 0x0000000085a00000, 0x0000000085a00000| Complete 
|  71|0x0000000085b00000, 0x0000000085c00000, 0x0000000085c00000|100%| E|CS|TAMS 0x0000000085b00000, 0x0000000085b00000| Complete 
|  72|0x0000000085c00000, 0x0000000085d00000, 0x0000000085d00000|100%| E|CS|TAMS 0x0000000085c00000, 0x0000000085c00000| Complete 
|  73|0x0000000085d00000, 0x0000000085e00000, 0x0000000085e00000|100%| E|CS|TAMS 0x0000000085d00000, 0x0000000085d00000| Complete 
|  74|0x0000000085e00000, 0x0000000085f00000, 0x0000000085f00000|100%| E|CS|TAMS 0x0000000085e00000, 0x0000000085e00000| Complete 
|  75|0x0000000085f00000, 0x0000000086000000, 0x0000000086000000|100%| E|CS|TAMS 0x0000000085f00000, 0x0000000085f00000| Complete 
|  76|0x0000000086000000, 0x0000000086100000, 0x0000000086100000|100%| E|CS|TAMS 0x0000000086000000, 0x0000000086000000| Complete 
|  77|0x0000000086100000, 0x0000000086200000, 0x0000000086200000|100%| E|CS|TAMS 0x0000000086100000, 0x0000000086100000| Complete 
|  78|0x0000000086200000, 0x0000000086300000, 0x0000000086300000|100%| E|CS|TAMS 0x0000000086200000, 0x0000000086200000| Complete 
|  79|0x0000000086300000, 0x0000000086400000, 0x0000000086400000|100%| E|CS|TAMS 0x0000000086300000, 0x0000000086300000| Complete 
|  80|0x0000000086400000, 0x0000000086500000, 0x0000000086500000|100%| E|CS|TAMS 0x0000000086400000, 0x0000000086400000| Complete 
|  81|0x0000000086500000, 0x0000000086600000, 0x0000000086600000|100%| E|CS|TAMS 0x0000000086500000, 0x0000000086500000| Complete 
|  82|0x0000000086600000, 0x0000000086700000, 0x0000000086700000|100%| E|CS|TAMS 0x0000000086600000, 0x0000000086600000| Complete 
|  83|0x0000000086700000, 0x0000000086800000, 0x0000000086800000|100%| E|CS|TAMS 0x0000000086700000, 0x0000000086700000| Complete 
|  84|0x0000000086800000, 0x0000000086900000, 0x0000000086900000|100%| E|CS|TAMS 0x0000000086800000, 0x0000000086800000| Complete 
|  85|0x0000000086900000, 0x0000000086a00000, 0x0000000086a00000|100%| E|CS|TAMS 0x0000000086900000, 0x0000000086900000| Complete 
|  86|0x0000000086a00000, 0x0000000086b00000, 0x0000000086b00000|100%| E|CS|TAMS 0x0000000086a00000, 0x0000000086a00000| Complete 
|  87|0x0000000086b00000, 0x0000000086c00000, 0x0000000086c00000|100%| E|CS|TAMS 0x0000000086b00000, 0x0000000086b00000| Complete 
|  88|0x0000000086c00000, 0x0000000086d00000, 0x0000000086d00000|100%| E|CS|TAMS 0x0000000086c00000, 0x0000000086c00000| Complete 
|  89|0x0000000086d00000, 0x0000000086e00000, 0x0000000086e00000|100%| E|CS|TAMS 0x0000000086d00000, 0x0000000086d00000| Complete 
|  90|0x0000000086e00000, 0x0000000086f00000, 0x0000000086f00000|100%| E|CS|TAMS 0x0000000086e00000, 0x0000000086e00000| Complete 
|  91|0x0000000086f00000, 0x0000000087000000, 0x0000000087000000|100%| E|CS|TAMS 0x0000000086f00000, 0x0000000086f00000| Complete 
|  92|0x0000000087000000, 0x0000000087100000, 0x0000000087100000|100%| E|CS|TAMS 0x0000000087000000, 0x0000000087000000| Complete 
|  93|0x0000000087100000, 0x0000000087200000, 0x0000000087200000|100%| E|CS|TAMS 0x0000000087100000, 0x0000000087100000| Complete 
|  94|0x0000000087200000, 0x0000000087300000, 0x0000000087300000|100%| E|CS|TAMS 0x0000000087200000, 0x0000000087200000| Complete 
|  95|0x0000000087300000, 0x0000000087400000, 0x0000000087400000|100%| E|CS|TAMS 0x0000000087300000, 0x0000000087300000| Complete 
|  96|0x0000000087400000, 0x0000000087500000, 0x0000000087500000|100%| E|CS|TAMS 0x0000000087400000, 0x0000000087400000| Complete 
|  97|0x0000000087500000, 0x0000000087600000, 0x0000000087600000|100%| E|CS|TAMS 0x0000000087500000, 0x0000000087500000| Complete 
|  98|0x0000000087600000, 0x0000000087700000, 0x0000000087700000|100%| E|CS|TAMS 0x0000000087600000, 0x0000000087600000| Complete 
|  99|0x0000000087700000, 0x0000000087800000, 0x0000000087800000|100%| E|CS|TAMS 0x0000000087700000, 0x0000000087700000| Complete 
| 100|0x0000000087800000, 0x0000000087900000, 0x0000000087900000|100%| E|CS|TAMS 0x0000000087800000, 0x0000000087800000| Complete 
| 101|0x0000000087900000, 0x0000000087a00000, 0x0000000087a00000|100%| E|CS|TAMS 0x0000000087900000, 0x0000000087900000| Complete 
| 102|0x0000000087a00000, 0x0000000087b00000, 0x0000000087b00000|100%| E|CS|TAMS 0x0000000087a00000, 0x0000000087a00000| Complete 
| 103|0x0000000087b00000, 0x0000000087c00000, 0x0000000087c00000|100%| E|CS|TAMS 0x0000000087b00000, 0x0000000087b00000| Complete 
| 104|0x0000000087c00000, 0x0000000087d00000, 0x0000000087d00000|100%| E|CS|TAMS 0x0000000087c00000, 0x0000000087c00000| Complete 
| 105|0x0000000087d00000, 0x0000000087e00000, 0x0000000087e00000|100%| E|CS|TAMS 0x0000000087d00000, 0x0000000087d00000| Complete 
| 106|0x0000000087e00000, 0x0000000087f00000, 0x0000000087f00000|100%| E|CS|TAMS 0x0000000087e00000, 0x0000000087e00000| Complete 
| 107|0x0000000087f00000, 0x0000000088000000, 0x0000000088000000|100%| E|CS|TAMS 0x0000000087f00000, 0x0000000087f00000| Complete 
| 108|0x0000000088000000, 0x0000000088100000, 0x0000000088100000|100%| E|CS|TAMS 0x0000000088000000, 0x0000000088000000| Complete 
| 109|0x0000000088100000, 0x0000000088200000, 0x0000000088200000|100%| E|CS|TAMS 0x0000000088100000, 0x0000000088100000| Complete 
| 110|0x0000000088200000, 0x0000000088300000, 0x0000000088300000|100%| E|CS|TAMS 0x0000000088200000, 0x0000000088200000| Complete 
| 111|0x0000000088300000, 0x0000000088400000, 0x0000000088400000|100%| E|CS|TAMS 0x0000000088300000, 0x0000000088300000| Complete 
| 112|0x0000000088400000, 0x0000000088500000, 0x0000000088500000|100%| E|CS|TAMS 0x0000000088400000, 0x0000000088400000| Complete 
| 113|0x0000000088500000, 0x0000000088600000, 0x0000000088600000|100%| E|CS|TAMS 0x0000000088500000, 0x0000000088500000| Complete 
| 114|0x0000000088600000, 0x0000000088700000, 0x0000000088700000|100%| E|CS|TAMS 0x0000000088600000, 0x0000000088600000| Complete 
| 115|0x0000000088700000, 0x0000000088800000, 0x0000000088800000|100%| E|CS|TAMS 0x0000000088700000, 0x0000000088700000| Complete 
| 116|0x0000000088800000, 0x0000000088900000, 0x0000000088900000|100%| E|CS|TAMS 0x0000000088800000, 0x0000000088800000| Complete 
| 117|0x0000000088900000, 0x0000000088a00000, 0x0000000088a00000|100%| E|CS|TAMS 0x0000000088900000, 0x0000000088900000| Complete 
| 118|0x0000000088a00000, 0x0000000088b00000, 0x0000000088b00000|100%| E|CS|TAMS 0x0000000088a00000, 0x0000000088a00000| Complete 
| 119|0x0000000088b00000, 0x0000000088c00000, 0x0000000088c00000|100%| E|CS|TAMS 0x0000000088b00000, 0x0000000088b00000| Complete 
| 120|0x0000000088c00000, 0x0000000088d00000, 0x0000000088d00000|100%| E|CS|TAMS 0x0000000088c00000, 0x0000000088c00000| Complete 
| 121|0x0000000088d00000, 0x0000000088e00000, 0x0000000088e00000|100%| E|CS|TAMS 0x0000000088d00000, 0x0000000088d00000| Complete 
| 122|0x0000000088e00000, 0x0000000088f00000, 0x0000000088f00000|100%| E|CS|TAMS 0x0000000088e00000, 0x0000000088e00000| Complete 
| 123|0x0000000088f00000, 0x0000000089000000, 0x0000000089000000|100%| E|CS|TAMS 0x0000000088f00000, 0x0000000088f00000| Complete 
| 124|0x0000000089000000, 0x0000000089100000, 0x0000000089100000|100%| E|CS|TAMS 0x0000000089000000, 0x0000000089000000| Complete 
| 125|0x0000000089100000, 0x0000000089200000, 0x0000000089200000|100%| E|CS|TAMS 0x0000000089100000, 0x0000000089100000| Complete 
| 126|0x0000000089200000, 0x0000000089300000, 0x0000000089300000|100%| E|CS|TAMS 0x0000000089200000, 0x0000000089200000| Complete 
| 127|0x0000000089300000, 0x0000000089400000, 0x0000000089400000|100%| E|CS|TAMS 0x0000000089300000, 0x0000000089300000| Complete 
| 128|0x0000000089400000, 0x0000000089500000, 0x0000000089500000|100%| E|CS|TAMS 0x0000000089400000, 0x0000000089400000| Complete 
| 129|0x0000000089500000, 0x0000000089600000, 0x0000000089600000|100%| E|CS|TAMS 0x0000000089500000, 0x0000000089500000| Complete 
| 130|0x0000000089600000, 0x0000000089700000, 0x0000000089700000|100%| E|CS|TAMS 0x0000000089600000, 0x0000000089600000| Complete 
| 131|0x0000000089700000, 0x0000000089800000, 0x0000000089800000|100%| E|CS|TAMS 0x0000000089700000, 0x0000000089700000| Complete 
| 132|0x0000000089800000, 0x0000000089900000, 0x0000000089900000|100%| E|CS|TAMS 0x0000000089800000, 0x0000000089800000| Complete 
| 133|0x0000000089900000, 0x0000000089a00000, 0x0000000089a00000|100%| E|CS|TAMS 0x0000000089900000, 0x0000000089900000| Complete 
| 134|0x0000000089a00000, 0x0000000089b00000, 0x0000000089b00000|100%| E|CS|TAMS 0x0000000089a00000, 0x0000000089a00000| Complete 
| 135|0x0000000089b00000, 0x0000000089c00000, 0x0000000089c00000|100%| E|CS|TAMS 0x0000000089b00000, 0x0000000089b00000| Complete 
| 136|0x0000000089c00000, 0x0000000089d00000, 0x0000000089d00000|100%| E|CS|TAMS 0x0000000089c00000, 0x0000000089c00000| Complete 
| 137|0x0000000089d00000, 0x0000000089e00000, 0x0000000089e00000|100%| E|CS|TAMS 0x0000000089d00000, 0x0000000089d00000| Complete 
| 138|0x0000000089e00000, 0x0000000089f00000, 0x0000000089f00000|100%| E|CS|TAMS 0x0000000089e00000, 0x0000000089e00000| Complete 
| 139|0x0000000089f00000, 0x000000008a000000, 0x000000008a000000|100%| E|CS|TAMS 0x0000000089f00000, 0x0000000089f00000| Complete 
| 140|0x000000008a000000, 0x000000008a100000, 0x000000008a100000|100%| E|CS|TAMS 0x000000008a000000, 0x000000008a000000| Complete 
| 141|0x000000008a100000, 0x000000008a200000, 0x000000008a200000|100%| E|CS|TAMS 0x000000008a100000, 0x000000008a100000| Complete 
| 142|0x000000008a200000, 0x000000008a300000, 0x000000008a300000|100%| E|CS|TAMS 0x000000008a200000, 0x000000008a200000| Complete 
| 143|0x000000008a300000, 0x000000008a400000, 0x000000008a400000|100%| E|CS|TAMS 0x000000008a300000, 0x000000008a300000| Complete 
| 144|0x000000008a400000, 0x000000008a500000, 0x000000008a500000|100%| E|CS|TAMS 0x000000008a400000, 0x000000008a400000| Complete 
| 145|0x000000008a500000, 0x000000008a600000, 0x000000008a600000|100%| E|CS|TAMS 0x000000008a500000, 0x000000008a500000| Complete 
| 146|0x000000008a600000, 0x000000008a700000, 0x000000008a700000|100%| E|CS|TAMS 0x000000008a600000, 0x000000008a600000| Complete 
| 147|0x000000008a700000, 0x000000008a800000, 0x000000008a800000|100%| E|CS|TAMS 0x000000008a700000, 0x000000008a700000| Complete 
| 148|0x000000008a800000, 0x000000008a900000, 0x000000008a900000|100%| E|CS|TAMS 0x000000008a800000, 0x000000008a800000| Complete 
| 149|0x000000008a900000, 0x000000008aa00000, 0x000000008aa00000|100%| E|CS|TAMS 0x000000008a900000, 0x000000008a900000| Complete 
| 150|0x000000008aa00000, 0x000000008ab00000, 0x000000008ab00000|100%| E|CS|TAMS 0x000000008aa00000, 0x000000008aa00000| Complete 
| 151|0x000000008ab00000, 0x000000008ac00000, 0x000000008ac00000|100%| E|CS|TAMS 0x000000008ab00000, 0x000000008ab00000| Complete 
| 152|0x000000008ac00000, 0x000000008ad00000, 0x000000008ad00000|100%| E|CS|TAMS 0x000000008ac00000, 0x000000008ac00000| Complete 
| 153|0x000000008ad00000, 0x000000008ae00000, 0x000000008ae00000|100%| E|CS|TAMS 0x000000008ad00000, 0x000000008ad00000| Complete 
| 154|0x000000008ae00000, 0x000000008af00000, 0x000000008af00000|100%| E|CS|TAMS 0x000000008ae00000, 0x000000008ae00000| Complete 
| 155|0x000000008af00000, 0x000000008b000000, 0x000000008b000000|100%| E|CS|TAMS 0x000000008af00000, 0x000000008af00000| Complete 
| 156|0x000000008b000000, 0x000000008b100000, 0x000000008b100000|100%| E|CS|TAMS 0x000000008b000000, 0x000000008b000000| Complete 
| 157|0x000000008b100000, 0x000000008b200000, 0x000000008b200000|100%| E|CS|TAMS 0x000000008b100000, 0x000000008b100000| Complete 
| 158|0x000000008b200000, 0x000000008b300000, 0x000000008b300000|100%| E|CS|TAMS 0x000000008b200000, 0x000000008b200000| Complete 

Card table byte_map: [0x00000258524e0000,0x00000258528e0000] _byte_map_base: 0x00000258520d6000

Marking Bits (Prev, Next): (CMBitMap*) 0x000002583960b6f0, (CMBitMap*) 0x000002583960b6b8
 Prev Bits: [0x0000025854c90000, 0x0000025856c40000)
 Next Bits: [0x0000025852ce0000, 0x0000025854c90000)

Polling page: 0x0000025837550000

Metaspace:

Usage:
  Non-class:     30.88 MB capacity,    30.40 MB ( 98%) used,   426.71 KB (  1%) free+waste,    69.19 KB ( <1%) overhead. 
      Class:      3.86 MB capacity,     3.57 MB ( 92%) used,   273.91 KB (  7%) free+waste,    29.69 KB ( <1%) overhead. 
       Both:     34.75 MB capacity,    33.96 MB ( 98%) used,   700.62 KB (  2%) free+waste,    98.88 KB ( <1%) overhead. 

Virtual space:
  Non-class space:       32.00 MB reserved,      31.00 MB ( 97%) committed 
      Class space:        1.00 GB reserved,       3.88 MB ( <1%) committed 
             Both:        1.03 GB reserved,      34.88 MB (  3%) committed 

Chunk freelists:
   Non-Class:  57.00 KB
       Class:  12.00 KB
        Both:  69.00 KB

MaxMetaspaceSize: 17179869184.00 GB
CompressedClassSpaceSize: 1.00 GB
Initial GC threshold: 20.80 MB
Current GC threshold: 35.20 MB
CDS: off

CodeHeap 'non-profiled nmethods': size=120064Kb used=3757Kb max_used=3757Kb free=116306Kb
 bounds [0x000002584aba0000, 0x000002584af50000, 0x00000258520e0000]
CodeHeap 'profiled nmethods': size=120000Kb used=14679Kb max_used=14679Kb free=105320Kb
 bounds [0x0000025843670000, 0x00000258444d0000, 0x000002584aba0000]
CodeHeap 'non-nmethods': size=5696Kb used=1205Kb max_used=1245Kb free=4490Kb
 bounds [0x00000258430e0000, 0x0000025843350000, 0x0000025843670000]
 total_blobs=6550 nmethods=6075 adapters=387
 compilation: enabled
              stopped_count=0, restarted_count=0
 full_count=0

Compilation events (20 events):
Event: 13.551 Thread 0x0000025859170800 6104       3       jdk.nio.zipfs.ZipConstants::LOCEXT (7 bytes)
Event: 13.551 Thread 0x0000025859170800 nmethod 6104 0x00000258444b6210 code [0x00000258444b63e0, 0x00000258444b6638]
Event: 13.551 Thread 0x0000025859170800 6105       3       jdk.nio.zipfs.ZipFileSystem$Entry::readExtra (921 bytes)
Event: 13.553 Thread 0x000002585c8dc800 nmethod 6101 0x000002584af47010 code [0x000002584af471a0, 0x000002584af47438]
Event: 13.553 Thread 0x000002585c8dc800 6107       4       jdk.nio.zipfs.ZipConstants::SH (19 bytes)
Event: 13.555 Thread 0x000002585c8dc800 nmethod 6107 0x000002584af47590 code [0x000002584af47720, 0x000002584af477b8]
Event: 13.555 Thread 0x000002585c8dc800 6108       4       jdk.internal.misc.Unsafe::checkNativeAddress (28 bytes)
Event: 13.555 Thread 0x000002585c8dc800 nmethod 6108 0x000002584af47890 code [0x000002584af47a20, 0x000002584af47a78]
Event: 13.563 Thread 0x0000025859170800 nmethod 6105 0x00000258444b6790 code [0x00000258444b73c0, 0x00000258444bfc78]
Event: 13.563 Thread 0x0000025859170800 6106       3       jdk.nio.zipfs.ZipConstants::locSigAt (8 bytes)
Event: 13.564 Thread 0x0000025859170800 nmethod 6106 0x00000258444c3110 code [0x00000258444c32c0, 0x00000258444c33e8]
Event: 13.574 Thread 0x0000025859170800 6109   !   3       sun.nio.fs.WindowsFileSystemProvider::checkAccess (294 bytes)
Event: 13.576 Thread 0x0000025859170800 nmethod 6109 0x00000258444c3490 code [0x00000258444c3840, 0x00000258444c54b8]
Event: 13.587 Thread 0x0000025859165000 nmethod 6093 0x000002584af47b90 code [0x000002584af47de0, 0x000002584af494e8]
Event: 13.591 Thread 0x000002585c8dc800 6110       4       sun.nio.fs.WindowsPath::getFileSystem (5 bytes)
Event: 13.591 Thread 0x000002585c8dc800 nmethod 6110 0x000002584af4a290 code [0x000002584af4a420, 0x000002584af4a498]
Event: 13.623 Thread 0x0000025859165000 6111       4       java.util.AbstractCollection::toArray (144 bytes)
Event: 13.630 Thread 0x000002585c8dc800 6112       4       jdk.nio.zipfs.ZipFileSystem$IndexNode::name (14 bytes)
Event: 13.632 Thread 0x0000025859165000 nmethod 6111 0x000002584af4a590 code [0x000002584af4a740, 0x000002584af4ac18]
Event: 13.636 Thread 0x000002585c8dc800 nmethod 6112 0x000002584af4af90 code [0x000002584af4b120, 0x000002584af4b378]

GC Heap History (17 events):
Event: 0.720 GC heap before
{Heap before GC invocations=0 (full 0):
 garbage-first heap   total 131072K, used 14336K [0x0000000081400000, 0x0000000100000000)
  region size 1024K, 14 young (14336K), 0 survivors (0K)
 Metaspace       used 11333K, capacity 11505K, committed 11648K, reserved 1060864K
  class space    used 1051K, capacity 1135K, committed 1152K, reserved 1048576K
}
Event: 0.725 GC heap after
{Heap after GC invocations=1 (full 0):
 garbage-first heap   total 131072K, used 3201K [0x0000000081400000, 0x0000000100000000)
  region size 1024K, 2 young (2048K), 2 survivors (2048K)
 Metaspace       used 11333K, capacity 11505K, committed 11648K, reserved 1060864K
  class space    used 1051K, capacity 1135K, committed 1152K, reserved 1048576K
}
Event: 1.019 GC heap before
{Heap before GC invocations=1 (full 0):
 garbage-first heap   total 131072K, used 17537K [0x0000000081400000, 0x0000000100000000)
  region size 1024K, 16 young (16384K), 2 survivors (2048K)
 Metaspace       used 13673K, capacity 13886K, committed 14080K, reserved 1062912K
  class space    used 1389K, capacity 1482K, committed 1536K, reserved 1048576K
}
Event: 1.024 GC heap after
{Heap after GC invocations=2 (full 0):
 garbage-first heap   total 131072K, used 3904K [0x0000000081400000, 0x0000000100000000)
  region size 1024K, 1 young (1024K), 1 survivors (1024K)
 Metaspace       used 13673K, capacity 13886K, committed 14080K, reserved 1062912K
  class space    used 1389K, capacity 1482K, committed 1536K, reserved 1048576K
}
Event: 1.692 GC heap before
{Heap before GC invocations=2 (full 0):
 garbage-first heap   total 131072K, used 34624K [0x0000000081400000, 0x0000000100000000)
  region size 1024K, 31 young (31744K), 1 survivors (1024K)
 Metaspace       used 17477K, capacity 17827K, committed 17920K, reserved 1064960K
  class space    used 1847K, capacity 1981K, committed 2048K, reserved 1048576K
}
Event: 1.696 GC heap after
{Heap after GC invocations=3 (full 0):
 garbage-first heap   total 131072K, used 5299K [0x0000000081400000, 0x0000000100000000)
  region size 1024K, 2 young (2048K), 2 survivors (2048K)
 Metaspace       used 17477K, capacity 17827K, committed 17920K, reserved 1064960K
  class space    used 1847K, capacity 1981K, committed 2048K, reserved 1048576K
}
Event: 2.433 GC heap before
{Heap before GC invocations=3 (full 0):
 garbage-first heap   total 131072K, used 23731K [0x0000000081400000, 0x0000000100000000)
  region size 1024K, 21 young (21504K), 2 survivors (2048K)
 Metaspace       used 20862K, capacity 21215K, committed 21296K, reserved 1069056K
  class space    used 2286K, capacity 2425K, committed 2432K, reserved 1048576K
}
Event: 2.443 GC heap after
{Heap after GC invocations=4 (full 0):
 garbage-first heap   total 131072K, used 6668K [0x0000000081400000, 0x0000000100000000)
  region size 1024K, 4 young (4096K), 4 survivors (4096K)
 Metaspace       used 20862K, capacity 21215K, committed 21296K, reserved 1069056K
  class space    used 2286K, capacity 2425K, committed 2432K, reserved 1048576K
}
Event: 4.481 GC heap before
{Heap before GC invocations=5 (full 0):
 garbage-first heap   total 131072K, used 54796K [0x0000000081400000, 0x0000000100000000)
  region size 1024K, 51 young (52224K), 4 survivors (4096K)
 Metaspace       used 24108K, capacity 24669K, committed 24832K, reserved 1071104K
  class space    used 2589K, capacity 2767K, committed 2816K, reserved 1048576K
}
Event: 4.496 GC heap after
{Heap after GC invocations=6 (full 0):
 garbage-first heap   total 131072K, used 11859K [0x0000000081400000, 0x0000000100000000)
  region size 1024K, 7 young (7168K), 7 survivors (7168K)
 Metaspace       used 24108K, capacity 24669K, committed 24832K, reserved 1071104K
  class space    used 2589K, capacity 2767K, committed 2816K, reserved 1048576K
}
Event: 5.873 GC heap before
{Heap before GC invocations=6 (full 0):
 garbage-first heap   total 131072K, used 79443K [0x0000000081400000, 0x0000000100000000)
  region size 1024K, 73 young (74752K), 7 survivors (7168K)
 Metaspace       used 24847K, capacity 25404K, committed 25600K, reserved 1073152K
  class space    used 2593K, capacity 2773K, committed 2816K, reserved 1048576K
}
Event: 5.901 GC heap after
{Heap after GC invocations=7 (full 0):
 garbage-first heap   total 157696K, used 14784K [0x0000000081400000, 0x0000000100000000)
  region size 1024K, 7 young (7168K), 7 survivors (7168K)
 Metaspace       used 24847K, capacity 25404K, committed 25600K, reserved 1073152K
  class space    used 2593K, capacity 2773K, committed 2816K, reserved 1048576K
}
Event: 7.760 GC heap before
{Heap before GC invocations=7 (full 0):
 garbage-first heap   total 157696K, used 92608K [0x0000000081400000, 0x0000000100000000)
  region size 1024K, 83 young (84992K), 7 survivors (7168K)
 Metaspace       used 25195K, capacity 25726K, committed 25856K, reserved 1073152K
  class space    used 2594K, capacity 2773K, committed 2816K, reserved 1048576K
}
Event: 7.777 GC heap after
{Heap after GC invocations=8 (full 0):
 garbage-first heap   total 157696K, used 18635K [0x0000000081400000, 0x0000000100000000)
  region size 1024K, 7 young (7168K), 7 survivors (7168K)
 Metaspace       used 25195K, capacity 25726K, committed 25856K, reserved 1073152K
  class space    used 2594K, capacity 2773K, committed 2816K, reserved 1048576K
}
Event: 10.024 GC heap before
{Heap before GC invocations=8 (full 0):
 garbage-first heap   total 157696K, used 151755K [0x0000000081400000, 0x0000000100000000)
  region size 1024K, 89 young (91136K), 7 survivors (7168K)
 Metaspace       used 26510K, capacity 27153K, committed 27264K, reserved 1073152K
  class space    used 2725K, capacity 2930K, committed 2944K, reserved 1048576K
}
Event: 10.039 GC heap after
{Heap after GC invocations=9 (full 0):
 garbage-first heap   total 162816K, used 22297K [0x0000000081400000, 0x0000000100000000)
  region size 1024K, 10 young (10240K), 10 survivors (10240K)
 Metaspace       used 26510K, capacity 27153K, committed 27264K, reserved 1073152K
  class space    used 2725K, capacity 2930K, committed 2944K, reserved 1048576K
}
Event: 13.694 GC heap before
{Heap before GC invocations=9 (full 0):
 garbage-first heap   total 162816K, used 112409K [0x0000000081400000, 0x0000000100000000)
  region size 1024K, 95 young (97280K), 10 survivors (10240K)
 Metaspace       used 34779K, capacity 35579K, committed 35712K, reserved 1081344K
  class space    used 3652K, capacity 3956K, committed 3968K, reserved 1048576K
}

Deoptimization events (20 events):
Event: 13.057 Thread 0x00000258395cf000 DEOPT PACKING pc=0x000002584443610e sp=0x00000068b13fc7c0
Event: 13.057 Thread 0x00000258395cf000 DEOPT UNPACKING pc=0x000002584312a95e sp=0x00000068b13fbc38 mode 0
Event: 13.072 Thread 0x00000258395cf000 Uncommon trap: trap_request=0xffffff4d fr.pc=0x000002584acb1dec relative=0x00000000000000ac
Event: 13.072 Thread 0x00000258395cf000 Uncommon trap: reason=unstable_if action=reinterpret pc=0x000002584acb1dec method=java.util.Spliterator.getExactSizeIfKnown()J @ 9 c2
Event: 13.072 Thread 0x00000258395cf000 DEOPT PACKING pc=0x000002584acb1dec sp=0x00000068b13fc8a0
Event: 13.072 Thread 0x00000258395cf000 DEOPT UNPACKING pc=0x000002584312a1af sp=0x00000068b13fc838 mode 2
Event: 13.115 Thread 0x00000258395cf000 Uncommon trap: trap_request=0xffffff4d fr.pc=0x000002584aec86b8 relative=0x0000000000000638
Event: 13.115 Thread 0x00000258395cf000 Uncommon trap: reason=unstable_if action=reinterpret pc=0x000002584aec86b8 method=java.lang.StringCoding.decode(Ljava/nio/charset/Charset;[BII)Ljava/lang/StringCoding$Result; @ 4 c2
Event: 13.115 Thread 0x00000258395cf000 DEOPT PACKING pc=0x000002584aec86b8 sp=0x00000068b13fc5c0
Event: 13.115 Thread 0x00000258395cf000 DEOPT UNPACKING pc=0x000002584312a1af sp=0x00000068b13fc548 mode 2
Event: 13.162 Thread 0x00000258395cf000 DEOPT PACKING pc=0x0000025844448438 sp=0x00000068b13fc3d0
Event: 13.162 Thread 0x00000258395cf000 DEOPT UNPACKING pc=0x000002584312a95e sp=0x00000068b13fb848 mode 0
Event: 13.168 Thread 0x00000258395cf000 DEOPT PACKING pc=0x0000025844448438 sp=0x00000068b13fc390
Event: 13.168 Thread 0x00000258395cf000 DEOPT UNPACKING pc=0x000002584312a95e sp=0x00000068b13fb808 mode 0
Event: 13.172 Thread 0x00000258395cf000 DEOPT PACKING pc=0x0000025844448438 sp=0x00000068b13fc390
Event: 13.172 Thread 0x00000258395cf000 DEOPT UNPACKING pc=0x000002584312a95e sp=0x00000068b13fb808 mode 0
Event: 13.359 Thread 0x00000258395cf000 Uncommon trap: trap_request=0xffffff4d fr.pc=0x000002584af2cd7c relative=0x000000000000023c
Event: 13.359 Thread 0x00000258395cf000 Uncommon trap: reason=unstable_if action=reinterpret pc=0x000002584af2cd7c method=java.time.LocalDate.create(III)Ljava/time/LocalDate; @ 3 c2
Event: 13.359 Thread 0x00000258395cf000 DEOPT PACKING pc=0x000002584af2cd7c sp=0x00000068b13fc540
Event: 13.359 Thread 0x00000258395cf000 DEOPT UNPACKING pc=0x000002584312a1af sp=0x00000068b13fc468 mode 2

Classes redefined (0 events):
No events

Internal exceptions (20 events):
Event: 9.655 Thread 0x00000258395cf000 Exception <a 'java/lang/NoSuchMethodError'{0x0000000086b30708}: 'int java.lang.invoke.DirectMethodHandle$Holder.invokeVirtual(java.lang.Object, java.lang.Object)'> (0x0000000086b30708) thrown at [s\src\hotspot\share\interpreter\linkResolver.cpp, line 773]
Event: 11.486 Thread 0x00000258395cf000 Exception <a 'sun/nio/fs/WindowsException'{0x00000000892816e0}> (0x00000000892816e0) thrown at [s\src\hotspot\share\prims\jni.cpp, line 617]
Event: 12.104 Thread 0x00000258395cf000 Implicit null exception at 0x000002584aed3676 to 0x000002584aed52fc
Event: 12.222 Thread 0x00000258395cf000 Exception <a 'sun/nio/fs/WindowsException'{0x0000000087f62af0}> (0x0000000087f62af0) thrown at [s\src\hotspot\share\prims\jni.cpp, line 617]
Event: 12.224 Thread 0x00000258395cf000 Exception <a 'sun/nio/fs/WindowsException'{0x0000000087f66048}> (0x0000000087f66048) thrown at [s\src\hotspot\share\prims\jni.cpp, line 617]
Event: 12.226 Thread 0x00000258395cf000 Exception <a 'sun/nio/fs/WindowsException'{0x0000000087f685e8}> (0x0000000087f685e8) thrown at [s\src\hotspot\share\prims\jni.cpp, line 617]
Event: 12.237 Thread 0x00000258395cf000 Exception <a 'sun/nio/fs/WindowsException'{0x0000000087f9b1d0}> (0x0000000087f9b1d0) thrown at [s\src\hotspot\share\prims\jni.cpp, line 617]
Event: 12.238 Thread 0x00000258395cf000 Exception <a 'sun/nio/fs/WindowsException'{0x0000000087f9b580}> (0x0000000087f9b580) thrown at [s\src\hotspot\share\prims\jni.cpp, line 617]
Event: 12.239 Thread 0x00000258395cf000 Exception <a 'java/lang/NoSuchMethodError'{0x0000000087fa3030}: 'int java.lang.invoke.DirectMethodHandle$Holder.invokeVirtual(java.lang.Object, java.lang.Object, java.lang.Object)'> (0x0000000087fa3030) thrown at [s\src\hotspot\share\interpreter\linkResolver.cpp, line 773]
Event: 12.432 Thread 0x00000258395cf000 Exception <a 'java/lang/NoSuchMethodError'{0x0000000087d9b5a8}: 'java.lang.Object java.lang.invoke.Invokers$Holder.linkToTargetMethod(java.lang.Object, java.lang.Object, java.lang.Object, java.lang.Object, java.lang.Object, java.lang.Object)'> (0x0000000087d9b5a8) thrown at [s\src\hotspot\share\interpreter\linkResolver.cpp, line 773]
Event: 12.450 Thread 0x00000258395cf000 Exception <a 'sun/nio/fs/WindowsException'{0x0000000087dc3710}> (0x0000000087dc3710) thrown at [s\src\hotspot\share\prims\jni.cpp, line 617]
Event: 12.450 Thread 0x00000258395cf000 Exception <a 'sun/nio/fs/WindowsException'{0x0000000087dc39b0}> (0x0000000087dc39b0) thrown at [s\src\hotspot\share\prims\jni.cpp, line 617]
Event: 12.993 Thread 0x00000258395cf000 Exception <a 'sun/nio/fs/WindowsException'{0x0000000086f05190}> (0x0000000086f05190) thrown at [s\src\hotspot\share\prims\jni.cpp, line 617]
Event: 12.993 Thread 0x00000258395cf000 Exception <a 'sun/nio/fs/WindowsException'{0x0000000086f05560}> (0x0000000086f05560) thrown at [s\src\hotspot\share\prims\jni.cpp, line 617]
Event: 12.993 Thread 0x00000258395cf000 Exception <a 'sun/nio/fs/WindowsException'{0x0000000086f066e8}> (0x0000000086f066e8) thrown at [s\src\hotspot\share\prims\jni.cpp, line 617]
Event: 12.994 Thread 0x00000258395cf000 Exception <a 'sun/nio/fs/WindowsException'{0x0000000086f06b38}> (0x0000000086f06b38) thrown at [s\src\hotspot\share\prims\jni.cpp, line 617]
Event: 12.994 Thread 0x00000258395cf000 Exception <a 'sun/nio/fs/WindowsException'{0x0000000086f07d78}> (0x0000000086f07d78) thrown at [s\src\hotspot\share\prims\jni.cpp, line 617]
Event: 12.994 Thread 0x00000258395cf000 Exception <a 'sun/nio/fs/WindowsException'{0x0000000086f08158}> (0x0000000086f08158) thrown at [s\src\hotspot\share\prims\jni.cpp, line 617]
Event: 13.068 Thread 0x00000258395cf000 Exception <a 'sun/nio/fs/WindowsException'{0x0000000086d6d5d8}> (0x0000000086d6d5d8) thrown at [s\src\hotspot\share\prims\jni.cpp, line 617]
Event: 13.198 Thread 0x00000258395cf000 Exception <a 'java/lang/NoSuchMethodError'{0x0000000086b09618}: 'void java.lang.invoke.DirectMethodHandle$Holder.invokeSpecial(java.lang.Object, java.lang.Object, java.lang.Object, java.lang.Object, java.lang.Object)'> (0x0000000086b09618) thrown at [s\src\hotspot\share\interpreter\linkResolver.cpp, line 773]

Events (20 events):
Event: 13.114 loading class java/nio/file/ClosedDirectoryStreamException done
Event: 13.114 loading class java/nio/file/DirectoryIteratorException
Event: 13.114 loading class java/nio/file/DirectoryIteratorException done
Event: 13.114 loading class java/nio/file/FileTreeWalker$DirectoryNode
Event: 13.114 loading class java/nio/file/FileTreeWalker$DirectoryNode done
Event: 13.114 loading class java/nio/file/FileTreeWalker$Event
Event: 13.115 loading class java/nio/file/FileTreeWalker$Event done
Event: 13.115 loading class java/nio/file/FileTreeWalker$EventType
Event: 13.115 loading class java/nio/file/FileTreeWalker$EventType done
Event: 13.115 loading class java/nio/file/Files$3
Event: 13.115 loading class java/nio/file/Files$3 done
Event: 13.115 loading class java/nio/file/FileVisitResult
Event: 13.115 loading class java/nio/file/FileVisitResult done
Event: 13.197 loading class jdk/nio/zipfs/ZipFileSystem$IndexNode
Event: 13.197 loading class jdk/nio/zipfs/ZipFileSystem$IndexNode done
Event: 13.197 loading class jdk/nio/zipfs/JarFileSystem
Event: 13.197 loading class jdk/nio/zipfs/JarFileSystem done
Event: 13.198 loading class jdk/nio/zipfs/JarFileSystem
Event: 13.198 loading class jdk/nio/zipfs/JarFileSystem done
Event: 13.694 Executing VM operation: G1CollectForAllocation


Dynamic libraries:
0x00007ff6e6db0000 - 0x00007ff6e6dbe000 	C:\Program Files\OpenLogic\jdk-11.0.21.9-hotspot\bin\java.exe
0x00007ff9990b0000 - 0x00007ff9992a8000 	C:\Windows\SYSTEM32\ntdll.dll
0x00007ff998730000 - 0x00007ff9987f2000 	C:\Windows\System32\KERNEL32.DLL
0x00007ff996940000 - 0x00007ff996c3e000 	C:\Windows\System32\KERNELBASE.dll
0x00007ff996c40000 - 0x00007ff996d40000 	C:\Windows\System32\ucrtbase.dll
0x00007ff990cb0000 - 0x00007ff990ccb000 	C:\Program Files\OpenLogic\jdk-11.0.21.9-hotspot\bin\VCRUNTIME140.dll
0x00007ff990280000 - 0x00007ff990297000 	C:\Program Files\OpenLogic\jdk-11.0.21.9-hotspot\bin\jli.dll
0x00007ff998330000 - 0x00007ff9984cd000 	C:\Windows\System32\USER32.dll
0x00007ff996ec0000 - 0x00007ff996ee2000 	C:\Windows\System32\win32u.dll
0x00007ff995ab0000 - 0x00007ff995d4a000 	C:\Windows\WinSxS\amd64_microsoft.windows.common-controls_6595b64144ccf1df_6.0.19041.4355_none_60b8b9eb71f62e16\COMCTL32.dll
0x00007ff997420000 - 0x00007ff99744b000 	C:\Windows\System32\GDI32.dll
0x00007ff998290000 - 0x00007ff99832e000 	C:\Windows\System32\msvcrt.dll
0x00007ff996f60000 - 0x00007ff997077000 	C:\Windows\System32\gdi32full.dll
0x00007ff996e20000 - 0x00007ff996ebd000 	C:\Windows\System32\msvcp_win.dll
0x00007ff997780000 - 0x00007ff9977af000 	C:\Windows\System32\IMM32.DLL
0x00007ff990de0000 - 0x00007ff990dec000 	C:\Program Files\OpenLogic\jdk-11.0.21.9-hotspot\bin\vcruntime140_1.dll
0x00007ff97ff90000 - 0x00007ff98001d000 	C:\Program Files\OpenLogic\jdk-11.0.21.9-hotspot\bin\msvcp140.dll
0x00007ff950e40000 - 0x00007ff95198d000 	C:\Program Files\OpenLogic\jdk-11.0.21.9-hotspot\bin\server\jvm.dll
0x00007ff9985b0000 - 0x00007ff998662000 	C:\Windows\System32\ADVAPI32.dll
0x00007ff997250000 - 0x00007ff9972f0000 	C:\Windows\System32\sechost.dll
0x00007ff9972f0000 - 0x00007ff997413000 	C:\Windows\System32\RPCRT4.dll
0x00007ff996d40000 - 0x00007ff996d67000 	C:\Windows\System32\bcrypt.dll
0x00007ff997b10000 - 0x00007ff997b18000 	C:\Windows\System32\PSAPI.DLL
0x00007ff9864b0000 - 0x00007ff9864b9000 	C:\Windows\SYSTEM32\WSOCK32.dll
0x00007ff985c30000 - 0x00007ff985c57000 	C:\Windows\SYSTEM32\WINMM.dll
0x00007ff993830000 - 0x00007ff99383a000 	C:\Windows\SYSTEM32\VERSION.dll
0x00007ff998f70000 - 0x00007ff998fdb000 	C:\Windows\System32\WS2_32.dll
0x00007ff994880000 - 0x00007ff994892000 	C:\Windows\SYSTEM32\kernel.appcore.dll
0x00007ff990ca0000 - 0x00007ff990cb0000 	C:\Program Files\OpenLogic\jdk-11.0.21.9-hotspot\bin\verify.dll
0x00007ff995ea0000 - 0x00007ff996084000 	C:\Windows\SYSTEM32\DBGHELP.DLL
0x00007ff995e60000 - 0x00007ff995e94000 	C:\Windows\SYSTEM32\dbgcore.DLL
0x00007ff996750000 - 0x00007ff9967d2000 	C:\Windows\System32\bcryptPrimitives.dll
0x00007ff98c1f0000 - 0x00007ff98c218000 	C:\Program Files\OpenLogic\jdk-11.0.21.9-hotspot\bin\java.dll
0x00007ff990c70000 - 0x00007ff990c7a000 	C:\Program Files\OpenLogic\jdk-11.0.21.9-hotspot\bin\jimage.dll
0x00007ff990260000 - 0x00007ff990278000 	C:\Program Files\OpenLogic\jdk-11.0.21.9-hotspot\bin\zip.dll
0x00007ff998800000 - 0x00007ff998f6f000 	C:\Windows\System32\SHELL32.dll
0x00007ff993ac0000 - 0x00007ff994264000 	C:\Windows\SYSTEM32\windows.storage.dll
0x00007ff9977b0000 - 0x00007ff997b03000 	C:\Windows\System32\combase.dll
0x00007ff995a10000 - 0x00007ff995a3e000 	C:\Windows\SYSTEM32\Wldp.dll
0x00007ff997d50000 - 0x00007ff997e1d000 	C:\Windows\System32\OLEAUT32.dll
0x00007ff997450000 - 0x00007ff9974fd000 	C:\Windows\System32\SHCORE.dll
0x00007ff9970d0000 - 0x00007ff997125000 	C:\Windows\System32\shlwapi.dll
0x00007ff996680000 - 0x00007ff9966a4000 	C:\Windows\SYSTEM32\profapi.dll
0x00007ff9900c0000 - 0x00007ff9900d9000 	C:\Program Files\OpenLogic\jdk-11.0.21.9-hotspot\bin\net.dll
0x00007ff98e8f0000 - 0x00007ff98e9fd000 	C:\Windows\SYSTEM32\WINHTTP.dll
0x00007ff9958e0000 - 0x00007ff99594a000 	C:\Windows\system32\mswsock.dll
0x00007ff98fa10000 - 0x00007ff98fa22000 	C:\Program Files\OpenLogic\jdk-11.0.21.9-hotspot\bin\nio.dll
0x0000000069ac0000 - 0x0000000069ae4000 	C:\Program Files\Maven\apache-maven-3.9.6\lib\jansi-native\Windows\x86_64\jansi.dll

dbghelp: loaded successfully - version: 4.0.5 - missing functions: none
symbol engine: initialized successfully - sym options: 0x614 - pdb path: .;C:\Program Files\OpenLogic\jdk-11.0.21.9-hotspot\bin;C:\Windows\SYSTEM32;C:\Windows\WinSxS\amd64_microsoft.windows.common-controls_6595b64144ccf1df_6.0.19041.4355_none_60b8b9eb71f62e16;C:\Program Files\OpenLogic\jdk-11.0.21.9-hotspot\bin\server;C:\Program Files\Maven\apache-maven-3.9.6\lib\jansi-native\Windows\x86_64

VM Arguments:
jvm_args: -Dclassworlds.conf=C:\Program Files\Maven\apache-maven-3.9.6\bin\m2.conf -Dmaven.home=C:\Program Files\Maven\apache-maven-3.9.6 -Dlibrary.jansi.path=C:\Program Files\Maven\apache-maven-3.9.6\lib\jansi-native -Dmaven.multiModuleProjectDirectory=C:\Users\todo-electro\Desktop\Benji\Programación\Java\servidor-gestion-de-ventas 
java_command: org.codehaus.plexus.classworlds.launcher.Launcher spring-boot:run
java_class_path (initial): C:\Program Files\Maven\apache-maven-3.9.6\boot\plexus-classworlds-2.7.0.jar
Launcher Type: SUN_STANDARD

[Global flags]
     intx CICompilerCount                          = 3                                         {product} {ergonomic}
     uint ConcGCThreads                            = 1                                         {product} {ergonomic}
     uint G1ConcRefinementThreads                  = 4                                         {product} {ergonomic}
   size_t G1HeapRegionSize                         = 1048576                                   {product} {ergonomic}
    uintx GCDrainStackTargetSize                   = 64                                        {product} {ergonomic}
   size_t InitialHeapSize                          = 134217728                                 {product} {ergonomic}
   size_t MarkStackSize                            = 4194304                                   {product} {ergonomic}
   size_t MaxHeapSize                              = 2126512128                                {product} {ergonomic}
   size_t MaxNewSize                               = 1275068416                                {product} {ergonomic}
   size_t MinHeapDeltaBytes                        = 1048576                                   {product} {ergonomic}
    uintx NonNMethodCodeHeapSize                   = 5830732                                {pd product} {ergonomic}
    uintx NonProfiledCodeHeapSize                  = 122913754                              {pd product} {ergonomic}
    uintx ProfiledCodeHeapSize                     = 122913754                              {pd product} {ergonomic}
    uintx ReservedCodeCacheSize                    = 251658240                              {pd product} {ergonomic}
     bool SegmentedCodeCache                       = true                                      {product} {ergonomic}
     bool UseCompressedClassPointers               = true                                 {lp64_product} {ergonomic}
     bool UseCompressedOops                        = true                                 {lp64_product} {ergonomic}
     bool UseG1GC                                  = true                                      {product} {ergonomic}
     bool UseLargePagesIndividualAllocation        = false                                  {pd product} {ergonomic}

Logging:
Log output configuration:
 #0: stdout all=warning uptime,level,tags
 #1: stderr all=off uptime,level,tags

Environment Variables:
PATH=C:\Program Files\OpenLogic\jdk-11.0.21.9-hotspot\bin;C:\Windows\SYSTEM32;C:\Windows;C:\Windows\SYSTEM32\WBEM;C:\Windows\SYSTEM32\WINDOWSPOWERSHELL\V1.0\;C:\Windows\SYSTEM32\OPENSSH\;C:\Program Files\Maven\apache-maven-3.9.6\BIN;C:\PROGRAM FILES\GIT\CMD;C:\Program Files\OpenSSL-Win64\bin\BIN;C:\Program Files\PostgreSQL\10\BIN;C:\Program Files\OpenSSL-Win64\bin;C:\Program Files\Git\cmd;C:\Program Files\nodejs\;C:\Users\todo-electro\AppData\Local\Microsoft\WindowsApps;;C:\Users\todo-electro\AppData\Local\Programs\Microsoft VS Code\bin;C:\Program Files\JetBrains\IntelliJ IDEA Community Edition 2023.3.2\bin;;C:\Users\todo-electro\AppData\Roaming\npm
USERNAME=todo-electro
OS=Windows_NT
PROCESSOR_IDENTIFIER=Intel64 Family 6 Model 42 Stepping 7, GenuineIntel
TMP=C:\Users\TODO-E~1\AppData\Local\Temp
TEMP=C:\Users\TODO-E~1\AppData\Local\Temp



---------------  S Y S T E M  ---------------

OS: Windows 10 , 64 bit Build 19041 (10.0.19041.4957)
OS uptime: 0 days 2:17 hours

CPU:total 4 (initial active 4) (4 cores per cpu, 2 threads per core) family 6 model 42 stepping 7 microcode 0x2f, cmov, cx8, fxsr, mmx, sse, sse2, sse3, ssse3, sse4.1, sse4.2, popcnt, avx, aes, clmul, ht, tsc, tscinvbit

Memory: 4k page, system-wide physical 8105M (1956M free)
TotalPageFile size 15529M (AvailPageFile size 6026M)
current process WorkingSet (physical memory assigned to process): 298M, peak: 299M
current process commit charge ("private bytes"): 327M, peak: 329M

vm_info: OpenJDK 64-Bit Server VM (11.0.21+9-adhoc..jdk11u) for windows-amd64 JRE (11.0.21+9-adhoc..jdk11u), built on Oct 18 2023 09:35:41 by "" with MS VC++ 16.10 / 16.11 (VS2019)

END.
