#
# A fatal error has been detected by the Java Runtime Environment:
#
#  EXCEPTION_ACCESS_VIOLATION (0xc0000005) at pc=0x00007ffc020d9ffd, pid=6992, tid=9076
#
# JRE version: OpenJDK Runtime Environment OpenLogic-OpenJDK (11.0.21+9) (build 11.0.21+9-adhoc..jdk11u)
# Java VM: OpenJDK 64-Bit Server VM OpenLogic-OpenJDK (11.0.21+9-adhoc..jdk11u, mixed mode, tiered, compressed oops, g1 gc, windows-amd64)
# Problematic frame:
# V  [jvm.dll+0x2f9ffd]
#
# No core dump will be written. Minidumps are not enabled by default on client versions of Windows
#
# If you would like to submit a bug report, please visit:
#   https://techsupport.roguewave.com/
#

---------------  S U M M A R Y ------------

Command Line: -Xverify:none -XX:TieredStopAtLevel=1 com.servidor.gestiondeventas.GestionDeVentasApplication

Host: Intel(R) Core(TM) i7-2630QM CPU @ 2.00GHz, 4 cores, 7G,  Windows 10 , 64 bit Build 19041 (10.0.19041.4597)
Time: Sat Jul 27 13:45:49 2024 Hora estándar de Argentina elapsed time: 1093.275802 seconds (0d 0h 18m 13s)

---------------  T H R E A D  ---------------

Current thread (0x000001d85b7fd000):  GCTaskThread "GC Thread#0" [stack: 0x0000004ae6800000,0x0000004ae6900000] [id=9076]

Stack: [0x0000004ae6800000,0x0000004ae6900000],  sp=0x0000004ae68ff6a0,  free space=1021k
Native frames: (J=compiled Java code, j=interpreted, Vv=VM code, C=native code)
V  [jvm.dll+0x2f9ffd]
V  [jvm.dll+0x323fff]
V  [jvm.dll+0x324f7d]
V  [jvm.dll+0x323441]
V  [jvm.dll+0x33134e]
V  [jvm.dll+0x32fd41]
V  [jvm.dll+0x2d1c20]
V  [jvm.dll+0x2d1b51]
V  [jvm.dll+0x300985]
V  [jvm.dll+0x3303c6]
V  [jvm.dll+0x3037ad]
V  [jvm.dll+0x7b5c90]
V  [jvm.dll+0x7404d4]
V  [jvm.dll+0x6404e5]
C  [ucrtbase.dll+0x21bb2]
C  [KERNEL32.DLL+0x17374]
C  [ntdll.dll+0x4cc91]


siginfo: EXCEPTION_ACCESS_VIOLATION (0xc0000005), reading address 0x00000000000000f8


Register to memory mapping:

RIP=0x00007ffc020d9ffd jvm.dll
RAX=0x000001d85b80c860 points into unknown readable memory: 0x0000000000000000 | 00 00 00 00 00 00 00 00
RBX=0x000001d87e2cdb80 points into unknown readable memory: 0x00007ffc026718b8 | b8 18 67 02 fc 7f 00 00
RCX=0x0000000000000014 is an unknown value
RDX=0x0 is NULL
RSP=0x0000004ae68ff6a0 points into unknown readable memory: 0x0000000082f23d58 | 58 3d f2 82 00 00 00 00
RBP=0x000001d87e2cdcf0 points into unknown readable memory: 0x00007ffc02671870 | 70 18 67 02 fc 7f 00 00
RSI=0x000000010006f0c8 is pointing into metadata
RDI=0x0000000082f2c4ac is pointing into object: java.util.concurrent.locks.ReentrantLock$NonfairSync 
{0x0000000082f2c498} - klass: 'java/util/concurrent/locks/ReentrantLock$NonfairSync'
 - ---- fields (total size 4 words):
 - private transient 'exclusiveOwnerThread' 'Ljava/lang/Thread;' @12  NULL (0)
 - private volatile 'state' 'I' @16  0
 - private volatile transient 'head' 'Ljava/util/concurrent/locks/AbstractQueuedSynchronizer$Node;' @20  NULL (0)
 - private volatile transient 'tail' 'Ljava/util/concurrent/locks/AbstractQueuedSynchronizer$Node;' @24  
[error occurred during error reporting (printing register info), id 0xc0000005, EXCEPTION_ACCESS_VIOLATION (0xc0000005) at pc=0x00007ffc02183f5e]

Registers:
RAX=0x000001d85b80c860, RBX=0x000001d87e2cdb80, RCX=0x0000000000000014, RDX=0x0000000000000000
RSP=0x0000004ae68ff6a0, RBP=0x000001d87e2cdcf0, RSI=0x000000010006f0c8, RDI=0x0000000082f2c4ac
R8 =0x0000000082f2c4b0, R9 =0x0000000000000000, R10=0x0000000082f2c4b0, R11=0x000001d87e2cdcf0
R12=0x0000000000000002, R13=0x0000000000000004, R14=0x000000010006f0c0, R15=0x0000000082f2c498
RIP=0x00007ffc020d9ffd, EFLAGS=0x0000000000010246

Top of Stack: (sp=0x0000004ae68ff6a0)
0x0000004ae68ff6a0:   0000000082f23d58 0000000082f2c47d
0x0000004ae68ff6b0:   0000000000000002 0000000082f2ba4d
0x0000004ae68ff6c0:   0000000082f2c4b0 00007ffc02103fff
0x0000004ae68ff6d0:   0000000082f2c47c 00007ffc021051f2
0x0000004ae68ff6e0:   000001d87e2cdb80 0000000000000040
0x0000004ae68ff6f0:   0000000000000015 000000008598c890
0x0000004ae68ff700:   0000000082f2c498 00007ffc02104f7d
0x0000004ae68ff710:   0000000000000001 0000000000000002
0x0000004ae68ff720:   000001d87e2cdb80 0000000000000200
0x0000004ae68ff730:   00007ffc00000200 0000004ae68ff9b8
0x0000004ae68ff740:   0000000000000004 00007ffc020dc69e
0x0000004ae68ff750:   000001d87e2cdb80 0000000000000040
0x0000004ae68ff760:   000001d85b7fe5c0 00007ffc02672360
0x0000004ae68ff770:   0000000000000000 0000000000000000
0x0000004ae68ff780:   0000000000000436 00007ffc02103441
0x0000004ae68ff790:   000001d87e2cdb80 000001d85b7fe5c0 

Instructions: (pc=0x00007ffc020d9ffd)
0x00007ffc020d9efd:   48 ff 47 20 48 8b 5c 24 30 48 83 c4 20 5f c3 cc
0x00007ffc020d9f0d:   cc cc cc 48 89 5c 24 08 57 48 83 ec 20 48 8b 41
0x00007ffc020d9f1d:   18 48 8b fa 48 8b 58 10 48 8b cb e8 33 88 00 00
0x00007ffc020d9f2d:   84 c0 75 29 48 81 c3 90 00 00 00 48 8b 4b 20 48
0x00007ffc020d9f3d:   3b 4b 08 75 0c 48 8b cb e8 06 e3 f5 ff 48 8b 4b
0x00007ffc020d9f4d:   20 48 8b 43 38 48 89 3c c8 48 ff 43 20 48 8b 5c
0x00007ffc020d9f5d:   24 30 48 83 c4 20 5f c3 cc cc cc cc cc cc cc cc
0x00007ffc020d9f6d:   cc cc cc 48 89 5c 24 08 57 48 83 ec 20 48 8b 79
0x00007ffc020d9f7d:   10 48 8b da 48 83 cb 01 48 8b cf 48 8b d3 e8 d0
0x00007ffc020d9f8d:   87 00 00 84 c0 75 29 48 81 c7 90 00 00 00 48 8b
0x00007ffc020d9f9d:   4f 20 48 3b 4f 08 75 0c 48 8b cf e8 a3 e2 f5 ff
0x00007ffc020d9fad:   48 8b 4f 20 48 8b 47 38 48 89 1c c8 48 ff 47 20
0x00007ffc020d9fbd:   48 8b 5c 24 30 48 83 c4 20 5f c3 cc cc cc cc cc
0x00007ffc020d9fcd:   cc cc cc 40 53 48 83 ec 20 8b 82 04 01 00 00 48
0x00007ffc020d9fdd:   8b d9 d1 e8 a8 01 75 6b 48 8b 41 08 8b 88 c0 02
0x00007ffc020d9fed:   00 00 48 8b 80 b0 02 00 00 49 d3 e9 4a 8b 14 c8
0x00007ffc020d9ffd:   48 8b 82 f8 00 00 00 83 b8 18 01 00 00 00 74 43
0x00007ffc020da00d:   48 8b 4b 50 48 89 7c 24 30 49 c1 e8 09 48 8b 79
0x00007ffc020da01d:   48 48 2b 79 40 49 03 f8 48 8b d7 e8 13 ca ff ff
0x00007ffc020da02d:   84 c0 74 1a 80 7b 28 00 48 8d 4b 18 74 10 48 8b
0x00007ffc020da03d:   43 50 48 8b 50 40 48 03 d7 e8 a5 30 39 00 48 8b
0x00007ffc020da04d:   7c 24 30 48 83 c4 20 5b c3 cc cc cc cc cc cc cc
0x00007ffc020da05d:   cc cc cc 48 89 5c 24 10 48 89 74 24 18 55 57 41
0x00007ffc020da06d:   54 41 56 41 57 48 8b ec 48 83 ec 60 45 33 ff 4c
0x00007ffc020da07d:   89 01 4c 89 79 10 4c 8b e1 44 88 49 08 89 51 0c
0x00007ffc020da08d:   4c 89 79 18 4c 89 79 20 44 89 79 28 e8 62 d0 f3
0x00007ffc020da09d:   ff 48 8b 0d 43 fb 77 00 41 8b ff 4c 89 7d d8 45
0x00007ffc020da0ad:   8b f7 44 89 7d e0 44 89 7d f0 48 85 c9 0f 84 e5
0x00007ffc020da0bd:   00 00 00 8b 01 41 8b df 48 89 4d c0 44 89 7d c8
0x00007ffc020da0cd:   0f 10 45 c0 48 89 4d c0 89 45 c8 0f 11 45 d8 0f
0x00007ffc020da0dd:   10 45 c0 0f 11 45 e8 85 c0 74 17 48 8b 41 18 48
0x00007ffc020da0ed:   8b 38 48 8b cf e8 69 48 f0 ff 48 8b d8 48 85 c0 


Stack slot to memory mapping:
stack at sp + 0 slots: 0x0000000082f23d58 is an oop: org.springframework.util.ConcurrentReferenceHashMap$SoftEntryReference 
{0x0000000082f23d58} - klass: 'org/springframework/util/ConcurrentReferenceHashMap$SoftEntryReference'
 - ---- fields (total size 6 words):
 - private strict 'referent' 'Ljava/lang/Object;' @12  a 'org/springframework/util/ConcurrentReferenceHashMap$Entry'{0x0000000082f23d88} (82f23d88)
 - volatile strict 'queue' 'Ljava/lang/ref/ReferenceQueue;' @16  a 'java/lang/ref/ReferenceQueue'{0x0000000082f23b18} (82f23b18)
 - volatile 'next' 'Ljava/lang/ref/Reference;' @20  NULL (0)
 - private transient strict 'discovered' 'Ljava/lang/ref/Reference;' @24  NULL (0)
 - private 'timestamp' 'J' @32  160513 (27301 0)
 - private final 'hash' 'I' @40  353556128 (1512d6a0)
 - private final strict 'nextReference' 'Lorg/springframework/util/ConcurrentReferenceHashMap$Reference;' @44  NULL (0)
stack at sp + 1 slots: 0x0000000082f2c47d is pointing into object: org.springframework.util.ConcurrentReferenceHashMap$Segment 
{0x0000000082f2c470} - klass: 'org/springframework/util/ConcurrentReferenceHashMap$Segment'
 - ---- fields (total size 5 words):
 - private final 'sync' 'Ljava/util/concurrent/locks/ReentrantLock$Sync;' @12  a 'java/util/concurrent/locks/ReentrantLock$NonfairSync'{0x000000008598c890} (8598c890)
 - private final 'initialSize' 'I' @16  64 (40)
 - private 'resizeThreshold' 'I' @20  48 (30)
 - private final strict 'referenceManager' 'Lorg/springframework/util/ConcurrentReferenceHashMap$ReferenceManager;' @24  a 'org/springframework/util/ConcurrentReferenceHashMap$ReferenceManager'{0x00000000839e5a70} (839e5a70)
 - private volatile strict 'references' '[Lorg/springframework/util/ConcurrentReferenceHashMap$Reference;' @28  a 'org/springframework/util/ConcurrentReferenceHashMap$Reference'[64] {0x0000000083a24348} (83a24348)
 - private final 'count' 'Ljava/util/concurrent/atomic/AtomicInteger;' @32  a 'java/util/concurrent/atomic/AtomicInteger'{0x0000000083a3fc50} (83a3fc50)
 - final synthetic 'this$0' 'Lorg/springframework/util/ConcurrentReferenceHashMap;' @36  a 'org/springframework/util/ConcurrentReferenceHashMap'{0x0000000082f2b9d8} (82f2b9d8)
stack at sp + 2 slots: 0x0000000000000002 is an unknown value
stack at sp + 3 slots: 0x0000000082f2ba4d is pointing into object: [Lorg.springframework.util.ConcurrentReferenceHashMap$Segment; 
{0x0000000082f2ba00} - klass: 'org/springframework/util/ConcurrentReferenceHashMap$Segment'[]
 - length: 16
stack at sp + 4 slots: 0x0000000082f2c4b0 is pointing into object: java.util.concurrent.locks.ReentrantLock$NonfairSync 
{0x0000000082f2c498} - klass: 'java/util/concurrent/locks/ReentrantLock$NonfairSync'
 - ---- fields (total size 4 words):
 - private transient 'exclusiveOwnerThread' 'Ljava/lang/Thread;' @12  NULL (0)
 - private volatile 'state' 'I' @16  0
 - private volatile transient 'head' 'Ljava/util/concurrent/locks/AbstractQueuedSynchronizer$Node;' @20  NULL (0)
 - private volatile transient 'tail' 'Ljava/util/concurrent/locks/AbstractQueuedSynchronizer$Node;' @24  
[error occurred during error reporting (inspecting top of stack), id 0xc0000005, EXCEPTION_ACCESS_VIOLATION (0xc0000005) at pc=0x00007ffc02183f5e]


---------------  P R O C E S S  ---------------

Threads class SMR info:
_java_thread_list=0x000001d87e1aa310, length=26, elements={
0x000001d87b35e800, 0x000001d87b34f800, 0x000001d87b36b800, 0x000001d87b36f800,
0x000001d87b371800, 0x000001d87b374000, 0x000001d87bce9000, 0x000001d87be1e000,
0x000001d87c3d5000, 0x000001d87c3d5800, 0x000001d87c40e800, 0x000001d87de38000,
0x000001d80048d800, 0x000001d8004df800, 0x000001d8004e0000, 0x000001d85b7e4800,
0x000001d87d5c0800, 0x000001d8007c8800, 0x000001d8007c9800, 0x000001d87c61d800,
0x000001d87dc11000, 0x000001d87dc0d000, 0x000001d87dc10000, 0x000001d87dc0b800,
0x000001d87dc0e800, 0x000001d87dc0c000
}

Java Threads: ( => current thread )
  0x000001d87b35e800 JavaThread "Reference Handler" daemon [_thread_blocked, id=5536, stack(0x0000004ae6e00000,0x0000004ae6f00000)]
  0x000001d87b34f800 JavaThread "Finalizer" daemon [_thread_blocked, id=9044, stack(0x0000004ae6f00000,0x0000004ae7000000)]
  0x000001d87b36b800 JavaThread "Signal Dispatcher" daemon [_thread_blocked, id=9040, stack(0x0000004ae7000000,0x0000004ae7100000)]
  0x000001d87b36f800 JavaThread "Attach Listener" daemon [_thread_blocked, id=9036, stack(0x0000004ae7100000,0x0000004ae7200000)]
  0x000001d87b371800 JavaThread "Service Thread" daemon [_thread_blocked, id=9032, stack(0x0000004ae7200000,0x0000004ae7300000)]
  0x000001d87b374000 JavaThread "C1 CompilerThread0" daemon [_thread_blocked, id=9024, stack(0x0000004ae7300000,0x0000004ae7400000)]
  0x000001d87bce9000 JavaThread "Sweeper thread" daemon [_thread_blocked, id=9028, stack(0x0000004ae7400000,0x0000004ae7500000)]
  0x000001d87be1e000 JavaThread "Common-Cleaner" daemon [_thread_blocked, id=5468, stack(0x0000004ae7600000,0x0000004ae7700000)]
  0x000001d87c3d5000 JavaThread "Catalina-utility-1" [_thread_blocked, id=8008, stack(0x0000004ae7900000,0x0000004ae7a00000)]
  0x000001d87c3d5800 JavaThread "Catalina-utility-2" [_thread_blocked, id=8996, stack(0x0000004ae7b00000,0x0000004ae7c00000)]
  0x000001d87c40e800 JavaThread "container-0" [_thread_blocked, id=8992, stack(0x0000004ae7c00000,0x0000004ae7d00000)]
  0x000001d87de38000 JavaThread "HikariPool-1 housekeeper" daemon [_thread_blocked, id=7820, stack(0x0000004ae7e00000,0x0000004ae7f00000)]
  0x000001d80048d800 JavaThread "http-nio-8080-Poller" daemon [_thread_in_native, id=5492, stack(0x0000004ae8100000,0x0000004ae8200000)]
  0x000001d8004df800 JavaThread "http-nio-8080-Acceptor" daemon [_thread_in_native, id=5480, stack(0x0000004ae8200000,0x0000004ae8300000)]
  0x000001d8004e0000 JavaThread "scheduling-1" [_thread_blocked, id=7120, stack(0x0000004ae8300000,0x0000004ae8400000)]
  0x000001d85b7e4800 JavaThread "DestroyJavaVM" [_thread_blocked, id=9164, stack(0x0000004ae6700000,0x0000004ae6800000)]
  0x000001d87d5c0800 JavaThread "http-nio-8080-exec-1" daemon [_thread_blocked, id=4128, stack(0x0000004ae7f00000,0x0000004ae8000000)]
  0x000001d8007c8800 JavaThread "http-nio-8080-exec-2" daemon [_thread_blocked, id=3264, stack(0x0000004ae8400000,0x0000004ae8500000)]
  0x000001d8007c9800 JavaThread "http-nio-8080-exec-3" daemon [_thread_blocked, id=4540, stack(0x0000004ae6500000,0x0000004ae6600000)]
  0x000001d87c61d800 JavaThread "http-nio-8080-exec-4" daemon [_thread_blocked, id=7800, stack(0x0000004ae6600000,0x0000004ae6700000)]
  0x000001d87dc11000 JavaThread "http-nio-8080-exec-5" daemon [_thread_blocked, id=2676, stack(0x0000004ae8000000,0x0000004ae8100000)]
  0x000001d87dc0d000 JavaThread "http-nio-8080-exec-6" daemon [_thread_blocked, id=4556, stack(0x0000004ae8500000,0x0000004ae8600000)]
  0x000001d87dc10000 JavaThread "http-nio-8080-exec-7" daemon [_thread_blocked, id=1228, stack(0x0000004ae8600000,0x0000004ae8700000)]
  0x000001d87dc0b800 JavaThread "http-nio-8080-exec-8" daemon [_thread_blocked, id=644, stack(0x0000004ae8700000,0x0000004ae8800000)]
  0x000001d87dc0e800 JavaThread "http-nio-8080-exec-9" daemon [_thread_blocked, id=1216, stack(0x0000004ae7d00000,0x0000004ae7e00000)]
  0x000001d87dc0c000 JavaThread "http-nio-8080-exec-10" daemon [_thread_blocked, id=2692, stack(0x0000004ae8800000,0x0000004ae8900000)]

Other Threads:
  0x000001d87b329000 VMThread "VM Thread" [stack: 0x0000004ae6d00000,0x0000004ae6e00000] [id=9196]
  0x000001d87be19800 WatcherThread [stack: 0x0000004ae7500000,0x0000004ae7600000] [id=5640]
=>0x000001d85b7fd000 GCTaskThread "GC Thread#0" [stack: 0x0000004ae6800000,0x0000004ae6900000] [id=9076]
  0x000001d87c388000 GCTaskThread "GC Thread#1" [stack: 0x0000004ae7700000,0x0000004ae7800000] [id=5452]
  0x000001d87c410800 GCTaskThread "GC Thread#2" [stack: 0x0000004ae7800000,0x0000004ae7900000] [id=6140]
  0x000001d87c87e800 GCTaskThread "GC Thread#3" [stack: 0x0000004ae7a00000,0x0000004ae7b00000] [id=4068]
  0x000001d85b82d000 ConcurrentGCThread "G1 Main Marker" [stack: 0x0000004ae6900000,0x0000004ae6a00000] [id=9112]
  0x000001d85b830800 ConcurrentGCThread "G1 Conc#0" [stack: 0x0000004ae6a00000,0x0000004ae6b00000] [id=9172]
  0x000001d87b192800 ConcurrentGCThread "G1 Refine#0" [stack: 0x0000004ae6b00000,0x0000004ae6c00000] [id=9104]
  0x000001d87b194800 ConcurrentGCThread "G1 Young RemSet Sampling" [stack: 0x0000004ae6c00000,0x0000004ae6d00000] [id=5236]

Threads with active compile tasks:

VM state:at safepoint (normal execution)

VM Mutex/Monitor currently owned by a thread:  ([mutex/lock_event])
[0x000001d85b7e08e0] Threads_lock - owner thread: 0x000001d87b329000
[0x000001d85b7e1540] Heap_lock - owner thread: 0x000001d8004e0000

Heap address: 0x0000000081400000, size: 2028 MB, Compressed Oops mode: 32-bit
Narrow klass base: 0x0000000000000000, Narrow klass shift: 3
Compressed class space size: 1073741824 Address: 0x0000000100000000

Heap:
 garbage-first heap   total 189440K, used 139982K [0x0000000081400000, 0x0000000100000000)
  region size 1024K, 100 young (102400K), 3 survivors (3072K)
 Metaspace       used 70205K, capacity 72439K, committed 72492K, reserved 1112064K
  class space    used 9007K, capacity 9836K, committed 9856K, reserved 1048576K
Heap Regions: E=young(eden), S=young(survivor), O=old, HS=humongous(starts), HC=humongous(continues), CS=collection set, F=free, A=archive, TAMS=top-at-mark-start (previous, next)
|   0|0x0000000081400000, 0x0000000081500000, 0x0000000081500000|100%|HS|  |TAMS 0x0000000081500000, 0x0000000081400000| Complete 
|   1|0x0000000081500000, 0x0000000081600000, 0x0000000081600000|100%| O|  |TAMS 0x0000000081600000, 0x0000000081500000| Untracked 
|   2|0x0000000081600000, 0x0000000081700000, 0x0000000081700000|100%| O|  |TAMS 0x0000000081700000, 0x0000000081600000| Untracked 
|   3|0x0000000081700000, 0x0000000081800000, 0x0000000081800000|100%| O|  |TAMS 0x0000000081800000, 0x0000000081700000| Untracked 
|   4|0x0000000081800000, 0x0000000081900000, 0x0000000081900000|100%| O|  |TAMS 0x0000000081900000, 0x0000000081800000| Untracked 
|   5|0x0000000081900000, 0x0000000081a00000, 0x0000000081a00000|100%| O|  |TAMS 0x0000000081a00000, 0x0000000081900000| Untracked 
|   6|0x0000000081a00000, 0x0000000081b00000, 0x0000000081b00000|100%| O|  |TAMS 0x0000000081b00000, 0x0000000081a00000| Untracked 
|   7|0x0000000081b00000, 0x0000000081c00000, 0x0000000081c00000|100%| O|  |TAMS 0x0000000081c00000, 0x0000000081b00000| Untracked 
|   8|0x0000000081c00000, 0x0000000081d00000, 0x0000000081d00000|100%| O|  |TAMS 0x0000000081d00000, 0x0000000081c00000| Untracked 
|   9|0x0000000081d00000, 0x0000000081e00000, 0x0000000081e00000|100%| O|  |TAMS 0x0000000081e00000, 0x0000000081d00000| Untracked 
|  10|0x0000000081e00000, 0x0000000081f00000, 0x0000000081f00000|100%| O|  |TAMS 0x0000000081e16e00, 0x0000000081e00000| Untracked 
|  11|0x0000000081f00000, 0x0000000082000000, 0x0000000082000000|100%| O|  |TAMS 0x0000000081f00000, 0x0000000081f00000| Untracked 
|  12|0x0000000082000000, 0x0000000082100000, 0x0000000082100000|100%| O|  |TAMS 0x0000000082000000, 0x0000000082000000| Untracked 
|  13|0x0000000082100000, 0x0000000082200000, 0x0000000082200000|100%| O|  |TAMS 0x0000000082100000, 0x0000000082100000| Untracked 
|  14|0x0000000082200000, 0x0000000082300000, 0x0000000082300000|100%| O|  |TAMS 0x0000000082300000, 0x0000000082200000| Untracked 
|  15|0x0000000082300000, 0x0000000082400000, 0x0000000082400000|100%| O|  |TAMS 0x0000000082400000, 0x0000000082300000| Untracked 
|  16|0x0000000082400000, 0x0000000082500000, 0x0000000082500000|100%| O|  |TAMS 0x0000000082500000, 0x0000000082400000| Untracked 
|  17|0x0000000082500000, 0x0000000082600000, 0x0000000082600000|100%| O|  |TAMS 0x0000000082500000, 0x0000000082500000| Untracked 
|  18|0x0000000082600000, 0x0000000082700000, 0x0000000082700000|100%| O|  |TAMS 0x0000000082600000, 0x0000000082600000| Untracked 
|  19|0x0000000082700000, 0x0000000082800000, 0x0000000082800000|100%| O|  |TAMS 0x0000000082700000, 0x0000000082700000| Untracked 
|  20|0x0000000082800000, 0x0000000082900000, 0x0000000082900000|100%| O|  |TAMS 0x0000000082800000, 0x0000000082800000| Untracked 
|  21|0x0000000082900000, 0x0000000082a00000, 0x0000000082a00000|100%| O|  |TAMS 0x0000000082900000, 0x0000000082900000| Untracked 
|  22|0x0000000082a00000, 0x0000000082b00000, 0x0000000082b00000|100%| O|  |TAMS 0x0000000082a00000, 0x0000000082a00000| Untracked 
|  23|0x0000000082b00000, 0x0000000082c00000, 0x0000000082c00000|100%| O|  |TAMS 0x0000000082b00000, 0x0000000082b00000| Untracked 
|  24|0x0000000082c00000, 0x0000000082d00000, 0x0000000082d00000|100%| O|  |TAMS 0x0000000082c00000, 0x0000000082c00000| Untracked 
|  25|0x0000000082d00000, 0x0000000082e00000, 0x0000000082e00000|100%| O|  |TAMS 0x0000000082d00000, 0x0000000082d00000| Untracked 
|  26|0x0000000082e00000, 0x0000000082f00000, 0x0000000082f00000|100%| O|  |TAMS 0x0000000082e00000, 0x0000000082e00000| Untracked 
|  27|0x0000000082f00000, 0x0000000083000000, 0x0000000083000000|100%| O|  |TAMS 0x0000000082f00000, 0x0000000082f00000| Untracked 
|  28|0x0000000083000000, 0x0000000083100000, 0x0000000083100000|100%| O|  |TAMS 0x0000000083000000, 0x0000000083000000| Untracked 
|  29|0x0000000083100000, 0x0000000083200000, 0x0000000083200000|100%| O|  |TAMS 0x0000000083100000, 0x0000000083100000| Untracked 
|  30|0x0000000083200000, 0x0000000083300000, 0x0000000083300000|100%| O|  |TAMS 0x0000000083200000, 0x0000000083200000| Untracked 
|  31|0x0000000083300000, 0x0000000083400000, 0x0000000083400000|100%| O|  |TAMS 0x0000000083300000, 0x0000000083300000| Untracked 
|  32|0x0000000083400000, 0x0000000083500000, 0x0000000083500000|100%| O|  |TAMS 0x0000000083400000, 0x0000000083400000| Untracked 
|  33|0x0000000083500000, 0x0000000083600000, 0x0000000083600000|100%| O|  |TAMS 0x0000000083500000, 0x0000000083500000| Untracked 
|  34|0x0000000083600000, 0x0000000083700000, 0x0000000083700000|100%| O|  |TAMS 0x0000000083600000, 0x0000000083600000| Untracked 
|  35|0x0000000083700000, 0x0000000083800000, 0x0000000083800000|100%| O|  |TAMS 0x0000000083700000, 0x0000000083700000| Untracked 
|  36|0x0000000083800000, 0x0000000083900000, 0x0000000083900000|100%| O|  |TAMS 0x0000000083800000, 0x0000000083800000| Untracked 
|  37|0x0000000083900000, 0x0000000083a00000, 0x0000000083a00000|100%| O|  |TAMS 0x0000000083900000, 0x0000000083900000| Untracked 
|  38|0x0000000083a00000, 0x0000000083a5eb90, 0x0000000083b00000| 37%| O|  |TAMS 0x0000000083a00000, 0x0000000083a00000| Untracked 
|  39|0x0000000083b00000, 0x0000000083b00000, 0x0000000083c00000|  0%| F|  |TAMS 0x0000000083b00000, 0x0000000083b00000| Untracked 
|  40|0x0000000083c00000, 0x0000000083c00000, 0x0000000083d00000|  0%| F|  |TAMS 0x0000000083c00000, 0x0000000083c00000| Untracked 
|  41|0x0000000083d00000, 0x0000000083d00000, 0x0000000083e00000|  0%| F|  |TAMS 0x0000000083d00000, 0x0000000083d00000| Untracked 
|  42|0x0000000083e00000, 0x0000000083e00000, 0x0000000083f00000|  0%| F|  |TAMS 0x0000000083e00000, 0x0000000083e00000| Untracked 
|  43|0x0000000083f00000, 0x0000000083f00000, 0x0000000084000000|  0%| F|  |TAMS 0x0000000083f00000, 0x0000000083f00000| Untracked 
|  44|0x0000000084000000, 0x0000000084000000, 0x0000000084100000|  0%| F|  |TAMS 0x0000000084000000, 0x0000000084000000| Untracked 
|  45|0x0000000084100000, 0x0000000084100000, 0x0000000084200000|  0%| F|  |TAMS 0x0000000084100000, 0x0000000084100000| Untracked 
|  46|0x0000000084200000, 0x0000000084200000, 0x0000000084300000|  0%| F|  |TAMS 0x0000000084200000, 0x0000000084200000| Untracked 
|  47|0x0000000084300000, 0x0000000084300000, 0x0000000084400000|  0%| F|  |TAMS 0x0000000084300000, 0x0000000084300000| Untracked 
|  48|0x0000000084400000, 0x0000000084400000, 0x0000000084500000|  0%| F|  |TAMS 0x0000000084400000, 0x0000000084400000| Untracked 
|  49|0x0000000084500000, 0x0000000084500000, 0x0000000084600000|  0%| F|  |TAMS 0x0000000084500000, 0x0000000084500000| Untracked 
|  50|0x0000000084600000, 0x0000000084600000, 0x0000000084700000|  0%| F|  |TAMS 0x0000000084600000, 0x0000000084600000| Untracked 
|  51|0x0000000084700000, 0x0000000084700000, 0x0000000084800000|  0%| F|  |TAMS 0x0000000084700000, 0x0000000084700000| Untracked 
|  52|0x0000000084800000, 0x0000000084800000, 0x0000000084900000|  0%| F|  |TAMS 0x0000000084800000, 0x0000000084800000| Untracked 
|  53|0x0000000084900000, 0x0000000084900000, 0x0000000084a00000|  0%| F|  |TAMS 0x0000000084900000, 0x0000000084900000| Untracked 
|  54|0x0000000084a00000, 0x0000000084a00000, 0x0000000084b00000|  0%| F|  |TAMS 0x0000000084a00000, 0x0000000084a00000| Untracked 
|  55|0x0000000084b00000, 0x0000000084b00000, 0x0000000084c00000|  0%| F|  |TAMS 0x0000000084b00000, 0x0000000084b00000| Untracked 
|  56|0x0000000084c00000, 0x0000000084c00000, 0x0000000084d00000|  0%| F|  |TAMS 0x0000000084c00000, 0x0000000084c00000| Untracked 
|  57|0x0000000084d00000, 0x0000000084d00000, 0x0000000084e00000|  0%| F|  |TAMS 0x0000000084d00000, 0x0000000084d00000| Untracked 
|  58|0x0000000084e00000, 0x0000000084e00000, 0x0000000084f00000|  0%| F|  |TAMS 0x0000000084e00000, 0x0000000084e00000| Untracked 
|  59|0x0000000084f00000, 0x0000000084f00000, 0x0000000085000000|  0%| F|  |TAMS 0x0000000084f00000, 0x0000000084f00000| Untracked 
|  60|0x0000000085000000, 0x00000000850c7470, 0x0000000085100000| 77%| E|CS|TAMS 0x0000000085000000, 0x0000000085000000| Complete 
|  61|0x0000000085100000, 0x0000000085200000, 0x0000000085200000|100%| E|CS|TAMS 0x0000000085100000, 0x0000000085100000| Complete 
|  62|0x0000000085200000, 0x0000000085300000, 0x0000000085300000|100%| E|CS|TAMS 0x0000000085200000, 0x0000000085200000| Complete 
|  63|0x0000000085300000, 0x0000000085400000, 0x0000000085400000|100%| E|CS|TAMS 0x0000000085300000, 0x0000000085300000| Complete 
|  64|0x0000000085400000, 0x0000000085500000, 0x0000000085500000|100%| E|CS|TAMS 0x0000000085400000, 0x0000000085400000| Complete 
|  65|0x0000000085500000, 0x0000000085600000, 0x0000000085600000|100%| E|CS|TAMS 0x0000000085500000, 0x0000000085500000| Complete 
|  66|0x0000000085600000, 0x0000000085700000, 0x0000000085700000|100%| E|CS|TAMS 0x0000000085600000, 0x0000000085600000| Complete 
|  67|0x0000000085700000, 0x0000000085800000, 0x0000000085800000|100%| E|CS|TAMS 0x0000000085700000, 0x0000000085700000| Complete 
|  68|0x0000000085800000, 0x0000000085900000, 0x0000000085900000|100%| E|CS|TAMS 0x0000000085800000, 0x0000000085800000| Complete 
|  69|0x0000000085900000, 0x0000000085a00000, 0x0000000085a00000|100%| E|CS|TAMS 0x0000000085900000, 0x0000000085900000| Complete 
|  70|0x0000000085a00000, 0x0000000085b00000, 0x0000000085b00000|100%| E|CS|TAMS 0x0000000085a00000, 0x0000000085a00000| Complete 
|  71|0x0000000085b00000, 0x0000000085c00000, 0x0000000085c00000|100%| E|CS|TAMS 0x0000000085b00000, 0x0000000085b00000| Complete 
|  72|0x0000000085c00000, 0x0000000085d00000, 0x0000000085d00000|100%| E|CS|TAMS 0x0000000085c00000, 0x0000000085c00000| Complete 
|  73|0x0000000085d00000, 0x0000000085e00000, 0x0000000085e00000|100%| E|CS|TAMS 0x0000000085d00000, 0x0000000085d00000| Complete 
|  74|0x0000000085e00000, 0x0000000085e00000, 0x0000000085f00000|  0%| F|  |TAMS 0x0000000085e00000, 0x0000000085e00000| Untracked 
|  75|0x0000000085f00000, 0x0000000085f00000, 0x0000000086000000|  0%| F|  |TAMS 0x0000000085f00000, 0x0000000085f00000| Untracked 
|  76|0x0000000086000000, 0x0000000086000000, 0x0000000086100000|  0%| F|  |TAMS 0x0000000086000000, 0x0000000086000000| Untracked 
|  77|0x0000000086100000, 0x0000000086100000, 0x0000000086200000|  0%| F|  |TAMS 0x0000000086100000, 0x0000000086100000| Untracked 
|  78|0x0000000086200000, 0x0000000086200000, 0x0000000086300000|  0%| F|  |TAMS 0x0000000086200000, 0x0000000086200000| Untracked 
|  79|0x0000000086300000, 0x0000000086300000, 0x0000000086400000|  0%| F|  |TAMS 0x0000000086300000, 0x0000000086300000| Untracked 
|  80|0x0000000086400000, 0x0000000086400000, 0x0000000086500000|  0%| F|  |TAMS 0x0000000086400000, 0x0000000086400000| Untracked 
|  81|0x0000000086500000, 0x0000000086500000, 0x0000000086600000|  0%| F|  |TAMS 0x0000000086500000, 0x0000000086500000| Untracked 
|  82|0x0000000086600000, 0x0000000086600000, 0x0000000086700000|  0%| F|  |TAMS 0x0000000086600000, 0x0000000086600000| Untracked 
|  83|0x0000000086700000, 0x0000000086700000, 0x0000000086800000|  0%| F|  |TAMS 0x0000000086700000, 0x0000000086700000| Untracked 
|  84|0x0000000086800000, 0x0000000086800000, 0x0000000086900000|  0%| F|  |TAMS 0x0000000086800000, 0x0000000086800000| Untracked 
|  85|0x0000000086900000, 0x0000000086980000, 0x0000000086a00000| 50%| S|  |TAMS 0x0000000086900000, 0x0000000086900000| Complete 
|  86|0x0000000086a00000, 0x0000000086b00000, 0x0000000086b00000|100%| S|  |TAMS 0x0000000086a00000, 0x0000000086a00000| Complete 
|  87|0x0000000086b00000, 0x0000000086c00000, 0x0000000086c00000|100%| S|  |TAMS 0x0000000086b00000, 0x0000000086b00000| Complete 
|  88|0x0000000086c00000, 0x0000000086d00000, 0x0000000086d00000|100%| E|CS|TAMS 0x0000000086c00000, 0x0000000086c00000| Complete 
|  89|0x0000000086d00000, 0x0000000086e00000, 0x0000000086e00000|100%| E|CS|TAMS 0x0000000086d00000, 0x0000000086d00000| Complete 
|  90|0x0000000086e00000, 0x0000000086f00000, 0x0000000086f00000|100%| E|CS|TAMS 0x0000000086e00000, 0x0000000086e00000| Complete 
|  91|0x0000000086f00000, 0x0000000087000000, 0x0000000087000000|100%| E|CS|TAMS 0x0000000086f00000, 0x0000000086f00000| Complete 
|  92|0x0000000087000000, 0x0000000087100000, 0x0000000087100000|100%| E|CS|TAMS 0x0000000087000000, 0x0000000087000000| Complete 
|  93|0x0000000087100000, 0x0000000087200000, 0x0000000087200000|100%| E|CS|TAMS 0x0000000087100000, 0x0000000087100000| Complete 
|  94|0x0000000087200000, 0x0000000087300000, 0x0000000087300000|100%| E|CS|TAMS 0x0000000087200000, 0x0000000087200000| Complete 
|  95|0x0000000087300000, 0x0000000087400000, 0x0000000087400000|100%| E|CS|TAMS 0x0000000087300000, 0x0000000087300000| Complete 
|  96|0x0000000087400000, 0x0000000087500000, 0x0000000087500000|100%| E|CS|TAMS 0x0000000087400000, 0x0000000087400000| Complete 
|  97|0x0000000087500000, 0x0000000087600000, 0x0000000087600000|100%| E|CS|TAMS 0x0000000087500000, 0x0000000087500000| Complete 
|  98|0x0000000087600000, 0x0000000087700000, 0x0000000087700000|100%| E|CS|TAMS 0x0000000087600000, 0x0000000087600000| Complete 
|  99|0x0000000087700000, 0x0000000087800000, 0x0000000087800000|100%| E|CS|TAMS 0x0000000087700000, 0x0000000087700000| Complete 
| 100|0x0000000087800000, 0x0000000087900000, 0x0000000087900000|100%| E|CS|TAMS 0x0000000087800000, 0x0000000087800000| Complete 
| 101|0x0000000087900000, 0x0000000087a00000, 0x0000000087a00000|100%| E|CS|TAMS 0x0000000087900000, 0x0000000087900000| Complete 
| 102|0x0000000087a00000, 0x0000000087b00000, 0x0000000087b00000|100%| E|CS|TAMS 0x0000000087a00000, 0x0000000087a00000| Complete 
| 103|0x0000000087b00000, 0x0000000087c00000, 0x0000000087c00000|100%| E|CS|TAMS 0x0000000087b00000, 0x0000000087b00000| Complete 
| 104|0x0000000087c00000, 0x0000000087d00000, 0x0000000087d00000|100%| E|CS|TAMS 0x0000000087c00000, 0x0000000087c00000| Complete 
| 105|0x0000000087d00000, 0x0000000087e00000, 0x0000000087e00000|100%| E|CS|TAMS 0x0000000087d00000, 0x0000000087d00000| Complete 
| 106|0x0000000087e00000, 0x0000000087f00000, 0x0000000087f00000|100%| E|CS|TAMS 0x0000000087e00000, 0x0000000087e00000| Complete 
| 107|0x0000000087f00000, 0x0000000088000000, 0x0000000088000000|100%| E|CS|TAMS 0x0000000087f00000, 0x0000000087f00000| Complete 
| 108|0x0000000088000000, 0x0000000088100000, 0x0000000088100000|100%| E|CS|TAMS 0x0000000088000000, 0x0000000088000000| Complete 
| 109|0x0000000088100000, 0x0000000088200000, 0x0000000088200000|100%| E|CS|TAMS 0x0000000088100000, 0x0000000088100000| Complete 
| 110|0x0000000088200000, 0x0000000088300000, 0x0000000088300000|100%| E|CS|TAMS 0x0000000088200000, 0x0000000088200000| Complete 
| 111|0x0000000088300000, 0x0000000088400000, 0x0000000088400000|100%| E|CS|TAMS 0x0000000088300000, 0x0000000088300000| Complete 
| 112|0x0000000088400000, 0x0000000088500000, 0x0000000088500000|100%| E|CS|TAMS 0x0000000088400000, 0x0000000088400000| Complete 
| 113|0x0000000088500000, 0x0000000088600000, 0x0000000088600000|100%| E|CS|TAMS 0x0000000088500000, 0x0000000088500000| Complete 
| 114|0x0000000088600000, 0x0000000088700000, 0x0000000088700000|100%| E|CS|TAMS 0x0000000088600000, 0x0000000088600000| Complete 
| 115|0x0000000088700000, 0x0000000088800000, 0x0000000088800000|100%| E|CS|TAMS 0x0000000088700000, 0x0000000088700000| Complete 
| 116|0x0000000088800000, 0x0000000088900000, 0x0000000088900000|100%| E|CS|TAMS 0x0000000088800000, 0x0000000088800000| Complete 
| 117|0x0000000088900000, 0x0000000088a00000, 0x0000000088a00000|100%| E|CS|TAMS 0x0000000088900000, 0x0000000088900000| Complete 
| 118|0x0000000088a00000, 0x0000000088b00000, 0x0000000088b00000|100%| E|CS|TAMS 0x0000000088a00000, 0x0000000088a00000| Complete 
| 119|0x0000000088b00000, 0x0000000088c00000, 0x0000000088c00000|100%| E|CS|TAMS 0x0000000088b00000, 0x0000000088b00000| Complete 
| 120|0x0000000088c00000, 0x0000000088d00000, 0x0000000088d00000|100%| E|CS|TAMS 0x0000000088c00000, 0x0000000088c00000| Complete 
| 121|0x0000000088d00000, 0x0000000088e00000, 0x0000000088e00000|100%| E|CS|TAMS 0x0000000088d00000, 0x0000000088d00000| Complete 
| 122|0x0000000088e00000, 0x0000000088f00000, 0x0000000088f00000|100%| E|CS|TAMS 0x0000000088e00000, 0x0000000088e00000| Complete 
| 123|0x0000000088f00000, 0x0000000089000000, 0x0000000089000000|100%| E|CS|TAMS 0x0000000088f00000, 0x0000000088f00000| Complete 
| 124|0x0000000089000000, 0x0000000089100000, 0x0000000089100000|100%| E|CS|TAMS 0x0000000089000000, 0x0000000089000000| Complete 
| 125|0x0000000089100000, 0x0000000089200000, 0x0000000089200000|100%| E|CS|TAMS 0x0000000089100000, 0x0000000089100000| Complete 
| 126|0x0000000089200000, 0x0000000089300000, 0x0000000089300000|100%| E|CS|TAMS 0x0000000089200000, 0x0000000089200000| Complete 
| 127|0x0000000089300000, 0x0000000089400000, 0x0000000089400000|100%| E|CS|TAMS 0x0000000089300000, 0x0000000089300000| Complete 
| 128|0x0000000089400000, 0x0000000089500000, 0x0000000089500000|100%| E|CS|TAMS 0x0000000089400000, 0x0000000089400000| Complete 
| 129|0x0000000089500000, 0x0000000089600000, 0x0000000089600000|100%| E|CS|TAMS 0x0000000089500000, 0x0000000089500000| Complete 
| 130|0x0000000089600000, 0x0000000089700000, 0x0000000089700000|100%| E|CS|TAMS 0x0000000089600000, 0x0000000089600000| Complete 
| 131|0x0000000089700000, 0x0000000089800000, 0x0000000089800000|100%| E|CS|TAMS 0x0000000089700000, 0x0000000089700000| Complete 
| 132|0x0000000089800000, 0x0000000089900000, 0x0000000089900000|100%| E|CS|TAMS 0x0000000089800000, 0x0000000089800000| Complete 
| 133|0x0000000089900000, 0x0000000089a00000, 0x0000000089a00000|100%| E|CS|TAMS 0x0000000089900000, 0x0000000089900000| Complete 
| 134|0x0000000089a00000, 0x0000000089b00000, 0x0000000089b00000|100%| E|CS|TAMS 0x0000000089a00000, 0x0000000089a00000| Complete 
| 135|0x0000000089b00000, 0x0000000089c00000, 0x0000000089c00000|100%| E|CS|TAMS 0x0000000089b00000, 0x0000000089b00000| Complete 
| 136|0x0000000089c00000, 0x0000000089d00000, 0x0000000089d00000|100%| E|CS|TAMS 0x0000000089c00000, 0x0000000089c00000| Complete 
| 137|0x0000000089d00000, 0x0000000089e00000, 0x0000000089e00000|100%| E|CS|TAMS 0x0000000089d00000, 0x0000000089d00000| Complete 
| 138|0x0000000089e00000, 0x0000000089f00000, 0x0000000089f00000|100%| E|CS|TAMS 0x0000000089e00000, 0x0000000089e00000| Complete 
| 139|0x0000000089f00000, 0x000000008a000000, 0x000000008a000000|100%| E|CS|TAMS 0x0000000089f00000, 0x0000000089f00000| Complete 
| 140|0x000000008a000000, 0x000000008a100000, 0x000000008a100000|100%| E|CS|TAMS 0x000000008a000000, 0x000000008a000000| Complete 
| 141|0x000000008a100000, 0x000000008a200000, 0x000000008a200000|100%| E|CS|TAMS 0x000000008a100000, 0x000000008a100000| Complete 
| 142|0x000000008a200000, 0x000000008a300000, 0x000000008a300000|100%| E|CS|TAMS 0x000000008a200000, 0x000000008a200000| Complete 
| 143|0x000000008a300000, 0x000000008a400000, 0x000000008a400000|100%| E|CS|TAMS 0x000000008a300000, 0x000000008a300000| Complete 
| 144|0x000000008a400000, 0x000000008a500000, 0x000000008a500000|100%| E|CS|TAMS 0x000000008a400000, 0x000000008a400000| Complete 
| 145|0x000000008a500000, 0x000000008a600000, 0x000000008a600000|100%| E|CS|TAMS 0x000000008a500000, 0x000000008a500000| Complete 
| 146|0x000000008a600000, 0x000000008a700000, 0x000000008a700000|100%| E|CS|TAMS 0x000000008a600000, 0x000000008a600000| Complete 
| 147|0x000000008a700000, 0x000000008a800000, 0x000000008a800000|100%| E|CS|TAMS 0x000000008a700000, 0x000000008a700000| Complete 
| 148|0x000000008a800000, 0x000000008a900000, 0x000000008a900000|100%| E|CS|TAMS 0x000000008a800000, 0x000000008a800000| Complete 
| 149|0x000000008a900000, 0x000000008aa00000, 0x000000008aa00000|100%| E|CS|TAMS 0x000000008a900000, 0x000000008a900000| Complete 
| 150|0x000000008aa00000, 0x000000008ab00000, 0x000000008ab00000|100%| E|CS|TAMS 0x000000008aa00000, 0x000000008aa00000| Complete 
| 151|0x000000008ab00000, 0x000000008ac00000, 0x000000008ac00000|100%| E|CS|TAMS 0x000000008ab00000, 0x000000008ab00000| Complete 
| 152|0x000000008ac00000, 0x000000008ad00000, 0x000000008ad00000|100%| E|CS|TAMS 0x000000008ac00000, 0x000000008ac00000| Complete 
| 153|0x000000008ad00000, 0x000000008ae00000, 0x000000008ae00000|100%| E|CS|TAMS 0x000000008ad00000, 0x000000008ad00000| Complete 
| 154|0x000000008ae00000, 0x000000008af00000, 0x000000008af00000|100%| E|CS|TAMS 0x000000008ae00000, 0x000000008ae00000| Complete 
| 155|0x000000008af00000, 0x000000008b000000, 0x000000008b000000|100%| E|CS|TAMS 0x000000008af00000, 0x000000008af00000| Complete 
| 156|0x000000008b000000, 0x000000008b100000, 0x000000008b100000|100%| E|CS|TAMS 0x000000008b000000, 0x000000008b000000| Complete 
| 157|0x000000008b100000, 0x000000008b200000, 0x000000008b200000|100%| E|CS|TAMS 0x000000008b100000, 0x000000008b100000| Complete 
| 158|0x000000008b200000, 0x000000008b300000, 0x000000008b300000|100%| E|CS|TAMS 0x000000008b200000, 0x000000008b200000| Complete 
| 159|0x000000008b300000, 0x000000008b400000, 0x000000008b400000|100%| E|CS|TAMS 0x000000008b300000, 0x000000008b300000| Complete 
| 160|0x000000008b400000, 0x000000008b500000, 0x000000008b500000|100%| E|CS|TAMS 0x000000008b400000, 0x000000008b400000| Complete 
| 161|0x000000008b500000, 0x000000008b600000, 0x000000008b600000|100%| E|CS|TAMS 0x000000008b500000, 0x000000008b500000| Complete 
| 162|0x000000008b600000, 0x000000008b700000, 0x000000008b700000|100%| E|CS|TAMS 0x000000008b600000, 0x000000008b600000| Complete 
| 163|0x000000008b700000, 0x000000008b800000, 0x000000008b800000|100%| E|CS|TAMS 0x000000008b700000, 0x000000008b700000| Complete 
| 164|0x000000008b800000, 0x000000008b900000, 0x000000008b900000|100%| E|CS|TAMS 0x000000008b800000, 0x000000008b800000| Complete 
| 165|0x000000008b900000, 0x000000008ba00000, 0x000000008ba00000|100%| E|CS|TAMS 0x000000008b900000, 0x000000008b900000| Complete 
| 166|0x000000008ba00000, 0x000000008bb00000, 0x000000008bb00000|100%| E|CS|TAMS 0x000000008ba00000, 0x000000008ba00000| Complete 
| 167|0x000000008bb00000, 0x000000008bc00000, 0x000000008bc00000|100%| E|CS|TAMS 0x000000008bb00000, 0x000000008bb00000| Complete 
| 168|0x000000008bc00000, 0x000000008bd00000, 0x000000008bd00000|100%| E|CS|TAMS 0x000000008bc00000, 0x000000008bc00000| Complete 
| 169|0x000000008bd00000, 0x000000008be00000, 0x000000008be00000|100%| E|CS|TAMS 0x000000008bd00000, 0x000000008bd00000| Complete 
| 170|0x000000008be00000, 0x000000008bf00000, 0x000000008bf00000|100%| E|CS|TAMS 0x000000008be00000, 0x000000008be00000| Complete 
| 171|0x000000008bf00000, 0x000000008c000000, 0x000000008c000000|100%| E|CS|TAMS 0x000000008bf00000, 0x000000008bf00000| Complete 
| 172|0x000000008c000000, 0x000000008c100000, 0x000000008c100000|100%| E|CS|TAMS 0x000000008c000000, 0x000000008c000000| Complete 
| 173|0x000000008c100000, 0x000000008c200000, 0x000000008c200000|100%| E|CS|TAMS 0x000000008c100000, 0x000000008c100000| Complete 
| 174|0x000000008c200000, 0x000000008c300000, 0x000000008c300000|100%| E|CS|TAMS 0x000000008c200000, 0x000000008c200000| Complete 
| 175|0x000000008c300000, 0x000000008c400000, 0x000000008c400000|100%| E|CS|TAMS 0x000000008c300000, 0x000000008c300000| Complete 
| 176|0x000000008c400000, 0x000000008c500000, 0x000000008c500000|100%| E|CS|TAMS 0x000000008c400000, 0x000000008c400000| Complete 
| 177|0x000000008c500000, 0x000000008c600000, 0x000000008c600000|100%| E|CS|TAMS 0x000000008c500000, 0x000000008c500000| Complete 
| 178|0x000000008c600000, 0x000000008c700000, 0x000000008c700000|100%| E|CS|TAMS 0x000000008c600000, 0x000000008c600000| Complete 
| 179|0x000000008c700000, 0x000000008c800000, 0x000000008c800000|100%| E|CS|TAMS 0x000000008c700000, 0x000000008c700000| Complete 
| 180|0x000000008c800000, 0x000000008c900000, 0x000000008c900000|100%| E|CS|TAMS 0x000000008c800000, 0x000000008c800000| Complete 
| 181|0x000000008c900000, 0x000000008ca00000, 0x000000008ca00000|100%| E|CS|TAMS 0x000000008c900000, 0x000000008c900000| Complete 
| 182|0x000000008ca00000, 0x000000008cb00000, 0x000000008cb00000|100%| E|CS|TAMS 0x000000008ca00000, 0x000000008ca00000| Complete 
| 183|0x000000008cb00000, 0x000000008cc00000, 0x000000008cc00000|100%| E|CS|TAMS 0x000000008cb00000, 0x000000008cb00000| Complete 
| 184|0x000000008cc00000, 0x000000008cd00000, 0x000000008cd00000|100%| E|CS|TAMS 0x000000008cc00000, 0x000000008cc00000| Complete 

Card table byte_map: [0x000001d8746f0000,0x000001d874af0000] _byte_map_base: 0x000001d8742e6000

Marking Bits (Prev, Next): (CMBitMap*) 0x000001d85b824120, (CMBitMap*) 0x000001d85b8240e8
 Prev Bits: [0x000001d876ea0000, 0x000001d878e50000)
 Next Bits: [0x000001d874ef0000, 0x000001d876ea0000)

Polling page: 0x000001d859730000

Metaspace:

Usage:
  Non-class:     61.14 MB capacity,    59.76 MB ( 98%) used,     1.12 MB (  2%) free+waste,   259.25 KB ( <1%) overhead. 
      Class:      9.61 MB capacity,     8.80 MB ( 92%) used,   703.54 KB (  7%) free+waste,   125.06 KB (  1%) overhead. 
       Both:     70.74 MB capacity,    68.56 MB ( 97%) used,     1.81 MB (  3%) free+waste,   384.31 KB ( <1%) overhead. 

Virtual space:
  Non-class space:       62.00 MB reserved,      61.17 MB ( 99%) committed 
      Class space:        1.00 GB reserved,       9.62 MB ( <1%) committed 
             Both:        1.06 GB reserved,      70.79 MB (  7%) committed 

Chunk freelists:
   Non-Class:  0 bytes
       Class:  0 bytes
        Both:  0 bytes

MaxMetaspaceSize: 17179869184.00 GB
CompressedClassSpaceSize: 1.00 GB
Initial GC threshold: 20.80 MB
Current GC threshold: 80.28 MB
CDS: off

CodeHeap 'non-profiled nmethods': size=238912Kb used=12834Kb max_used=12834Kb free=226077Kb
 bounds [0x000001d8659a0000, 0x000001d866630000, 0x000001d8742f0000]
CodeHeap 'non-nmethods': size=6848Kb used=1337Kb max_used=1337Kb free=5510Kb
 bounds [0x000001d8652f0000, 0x000001d865560000, 0x000001d8659a0000]
 total_blobs=8686 nmethods=8037 adapters=575
 compilation: enabled
              stopped_count=0, restarted_count=0
 full_count=0

Compilation events (20 events):
Event: 1050.756 Thread 0x000001d87b374000 8028       1       org.apache.tomcat.util.buf.CharChunk::getBuffer (5 bytes)
Event: 1050.756 Thread 0x000001d87b374000 nmethod 8028 0x000001d866626490 code [0x000001d866626640, 0x000001d8666266f8]
Event: 1050.756 Thread 0x000001d87b374000 8029       1       org.apache.catalina.core.ContainerBase::getParent (5 bytes)
Event: 1050.756 Thread 0x000001d87b374000 nmethod 8029 0x000001d866626790 code [0x000001d866626940, 0x000001d8666269f8]
Event: 1050.764 Thread 0x000001d87b374000 8030       1       org.springframework.aop.framework.ReflectiveMethodInvocation::getMethod (5 bytes)
Event: 1050.764 Thread 0x000001d87b374000 nmethod 8030 0x000001d866626a90 code [0x000001d866626c40, 0x000001d866626cf8]
Event: 1050.764 Thread 0x000001d87b374000 8031       1       org.hibernate.engine.spi.QueryParameters::getRowSelection (5 bytes)
Event: 1050.764 Thread 0x000001d87b374000 nmethod 8031 0x000001d866626d90 code [0x000001d866626f40, 0x000001d866626ff8]
Event: 1050.770 Thread 0x000001d87b374000 8032       1       org.apache.coyote.Response::getMimeHeaders (5 bytes)
Event: 1050.770 Thread 0x000001d87b374000 nmethod 8032 0x000001d866627090 code [0x000001d866627240, 0x000001d8666272f8]
Event: 1050.770 Thread 0x000001d87b374000 8033       1       org.apache.tomcat.util.buf.MessageBytes::isNull (33 bytes)
Event: 1050.770 Thread 0x000001d87b374000 nmethod 8033 0x000001d866627390 code [0x000001d866627540, 0x000001d866627698]
Event: 1050.770 Thread 0x000001d87b374000 8034       1       java.nio.HeapByteBuffer::put (175 bytes)
Event: 1050.771 Thread 0x000001d87b374000 nmethod 8034 0x000001d866627790 code [0x000001d8666279e0, 0x000001d866627ef8]
Event: 1050.771 Thread 0x000001d87b374000 8036       1       org.apache.coyote.Response::getWriteListener (5 bytes)
Event: 1050.771 Thread 0x000001d87b374000 nmethod 8036 0x000001d866628190 code [0x000001d866628340, 0x000001d8666283f8]
Event: 1050.771 Thread 0x000001d87b374000 8035       1       jdk.internal.misc.Unsafe::checkNativeAddress (28 bytes)
Event: 1050.771 Thread 0x000001d87b374000 nmethod 8035 0x000001d866628490 code [0x000001d866628640, 0x000001d8666286f8]
Event: 1088.761 Thread 0x000001d87b374000 8037       1       org.apache.catalina.loader.WebappLoader::getClassLoader (5 bytes)
Event: 1088.761 Thread 0x000001d87b374000 nmethod 8037 0x000001d866628790 code [0x000001d866628940, 0x000001d8666289f8]

GC Heap History (20 events):
Event: 1.085 GC heap after
{Heap after GC invocations=2 (full 0):
 garbage-first heap   total 131072K, used 9122K [0x0000000081400000, 0x0000000100000000)
  region size 1024K, 1 young (1024K), 1 survivors (1024K)
 Metaspace       used 10291K, capacity 10538K, committed 10624K, reserved 1058816K
  class space    used 996K, capacity 1070K, committed 1152K, reserved 1048576K
}
Event: 1.768 GC heap before
{Heap before GC invocations=2 (full 0):
 garbage-first heap   total 131072K, used 33698K [0x0000000081400000, 0x0000000100000000)
  region size 1024K, 25 young (25600K), 1 survivors (1024K)
 Metaspace       used 15235K, capacity 15644K, committed 15744K, reserved 1062912K
  class space    used 1695K, capacity 1853K, committed 1920K, reserved 1048576K
}
Event: 1.775 GC heap after
{Heap after GC invocations=3 (full 0):
 garbage-first heap   total 131072K, used 10405K [0x0000000081400000, 0x0000000100000000)
  region size 1024K, 2 young (2048K), 2 survivors (2048K)
 Metaspace       used 15235K, capacity 15644K, committed 15744K, reserved 1062912K
  class space    used 1695K, capacity 1853K, committed 1920K, reserved 1048576K
}
Event: 2.250 GC heap before
{Heap before GC invocations=3 (full 0):
 garbage-first heap   total 131072K, used 42149K [0x0000000081400000, 0x0000000100000000)
  region size 1024K, 34 young (34816K), 2 survivors (2048K)
 Metaspace       used 20439K, capacity 21038K, committed 21248K, reserved 1069056K
  class space    used 2328K, capacity 2530K, committed 2560K, reserved 1048576K
}
Event: 2.258 GC heap after
{Heap after GC invocations=4 (full 0):
 garbage-first heap   total 131072K, used 11547K [0x0000000081400000, 0x0000000100000000)
  region size 1024K, 3 young (3072K), 3 survivors (3072K)
 Metaspace       used 20439K, capacity 21038K, committed 21248K, reserved 1069056K
  class space    used 2328K, capacity 2530K, committed 2560K, reserved 1048576K
}
Event: 3.640 GC heap before
{Heap before GC invocations=5 (full 0):
 garbage-first heap   total 131072K, used 60699K [0x0000000081400000, 0x0000000100000000)
  region size 1024K, 51 young (52224K), 3 survivors (3072K)
 Metaspace       used 23113K, capacity 23862K, committed 24064K, reserved 1071104K
  class space    used 2723K, capacity 3026K, committed 3072K, reserved 1048576K
}
Event: 3.651 GC heap after
{Heap after GC invocations=6 (full 0):
 garbage-first heap   total 157696K, used 13771K [0x0000000081400000, 0x0000000100000000)
  region size 1024K, 6 young (6144K), 6 survivors (6144K)
 Metaspace       used 23113K, capacity 23862K, committed 24064K, reserved 1071104K
  class space    used 2723K, capacity 3026K, committed 3072K, reserved 1048576K
}
Event: 5.910 GC heap before
{Heap before GC invocations=6 (full 0):
 garbage-first heap   total 157696K, used 80331K [0x0000000081400000, 0x0000000100000000)
  region size 1024K, 71 young (72704K), 6 survivors (6144K)
 Metaspace       used 30567K, capacity 31660K, committed 31872K, reserved 1077248K
  class space    used 3787K, capacity 4208K, committed 4224K, reserved 1048576K
}
Event: 5.924 GC heap after
{Heap after GC invocations=7 (full 0):
 garbage-first heap   total 157696K, used 17392K [0x0000000081400000, 0x0000000100000000)
  region size 1024K, 9 young (9216K), 9 survivors (9216K)
 Metaspace       used 30567K, capacity 31660K, committed 31872K, reserved 1077248K
  class space    used 3787K, capacity 4208K, committed 4224K, reserved 1048576K
}
Event: 6.855 GC heap before
{Heap before GC invocations=7 (full 0):
 garbage-first heap   total 157696K, used 63472K [0x0000000081400000, 0x0000000100000000)
  region size 1024K, 51 young (52224K), 9 survivors (9216K)
 Metaspace       used 34373K, capacity 35528K, committed 35628K, reserved 1081344K
  class space    used 4249K, capacity 4730K, committed 4736K, reserved 1048576K
}
Event: 6.878 GC heap after
{Heap after GC invocations=8 (full 0):
 garbage-first heap   total 157696K, used 19487K [0x0000000081400000, 0x0000000100000000)
  region size 1024K, 8 young (8192K), 8 survivors (8192K)
 Metaspace       used 34373K, capacity 35528K, committed 35628K, reserved 1081344K
  class space    used 4249K, capacity 4730K, committed 4736K, reserved 1048576K
}
Event: 9.484 GC heap before
{Heap before GC invocations=9 (full 0):
 garbage-first heap   total 157696K, used 105503K [0x0000000081400000, 0x0000000100000000)
  region size 1024K, 92 young (94208K), 8 survivors (8192K)
 Metaspace       used 47627K, capacity 48912K, committed 49068K, reserved 1091584K
  class space    used 6092K, capacity 6596K, committed 6656K, reserved 1048576K
}
Event: 9.507 GC heap after
{Heap after GC invocations=10 (full 0):
 garbage-first heap   total 157696K, used 23345K [0x0000000081400000, 0x0000000100000000)
  region size 1024K, 10 young (10240K), 10 survivors (10240K)
 Metaspace       used 47627K, capacity 48912K, committed 49068K, reserved 1091584K
  class space    used 6092K, capacity 6596K, committed 6656K, reserved 1048576K
}
Event: 11.283 GC heap before
{Heap before GC invocations=11 (full 0):
 garbage-first heap   total 157696K, used 107313K [0x0000000081400000, 0x0000000100000000)
  region size 1024K, 92 young (94208K), 10 survivors (10240K)
 Metaspace       used 54680K, capacity 56216K, committed 56492K, reserved 1097728K
  class space    used 7011K, capacity 7640K, committed 7680K, reserved 1048576K
}
Event: 11.303 GC heap after
{Heap after GC invocations=12 (full 0):
 garbage-first heap   total 189440K, used 27264K [0x0000000081400000, 0x0000000100000000)
  region size 1024K, 10 young (10240K), 10 survivors (10240K)
 Metaspace       used 54680K, capacity 56216K, committed 56492K, reserved 1097728K
  class space    used 7011K, capacity 7640K, committed 7680K, reserved 1048576K
}
Event: 12.794 GC heap before
{Heap before GC invocations=12 (full 0):
 garbage-first heap   total 189440K, used 130688K [0x0000000081400000, 0x0000000100000000)
  region size 1024K, 111 young (113664K), 10 survivors (10240K)
 Metaspace       used 57422K, capacity 59168K, committed 59436K, reserved 1101824K
  class space    used 7351K, capacity 8012K, committed 8064K, reserved 1048576K
}
Event: 12.811 GC heap after
{Heap after GC invocations=13 (full 0):
 garbage-first heap   total 189440K, used 31040K [0x0000000081400000, 0x0000000100000000)
  region size 1024K, 9 young (9216K), 9 survivors (9216K)
 Metaspace       used 57422K, capacity 59168K, committed 59436K, reserved 1101824K
  class space    used 7351K, capacity 8012K, committed 8064K, reserved 1048576K
}
Event: 37.890 GC heap before
{Heap before GC invocations=13 (full 0):
 garbage-first heap   total 189440K, used 142656K [0x0000000081400000, 0x0000000100000000)
  region size 1024K, 111 young (113664K), 9 survivors (9216K)
 Metaspace       used 69312K, capacity 71287K, committed 71596K, reserved 1112064K
  class space    used 8873K, capacity 9653K, committed 9728K, reserved 1048576K
}
Event: 37.920 GC heap after
{Heap after GC invocations=14 (full 0):
 garbage-first heap   total 189440K, used 40654K [0x0000000081400000, 0x0000000100000000)
  region size 1024K, 14 young (14336K), 14 survivors (14336K)
 Metaspace       used 69312K, capacity 71287K, committed 71596K, reserved 1112064K
  class space    used 8873K, capacity 9653K, committed 9728K, reserved 1048576K
}
Event: 1093.239 GC heap before
{Heap before GC invocations=14 (full 0):
 garbage-first heap   total 189440K, used 139982K [0x0000000081400000, 0x0000000100000000)
  region size 1024K, 111 young (113664K), 14 survivors (14336K)
 Metaspace       used 70205K, capacity 72439K, committed 72492K, reserved 1112064K
  class space    used 9007K, capacity 9836K, committed 9856K, reserved 1048576K
}

Deoptimization events (6 events):
Event: 3.574 Thread 0x000001d85b7e4800 DEOPT PACKING pc=0x000001d865ca67ec sp=0x0000004ae67fd590
Event: 3.574 Thread 0x000001d85b7e4800 DEOPT UNPACKING pc=0x000001d86533a95e sp=0x0000004ae67fcaf8 mode 0
Event: 11.329 Thread 0x000001d85b7e4800 DEOPT PACKING pc=0x000001d865cdec37 sp=0x0000004ae67fd060
Event: 11.329 Thread 0x000001d85b7e4800 DEOPT UNPACKING pc=0x000001d86533a95e sp=0x0000004ae67fc568 mode 3
Event: 17.785 Thread 0x000001d87d5c0800 DEOPT PACKING pc=0x000001d865a52ecc sp=0x0000004ae7ffc210
Event: 17.785 Thread 0x000001d87d5c0800 DEOPT UNPACKING pc=0x000001d86533a95e sp=0x0000004ae7ffb728 mode 0

Classes redefined (0 events):
No events

Internal exceptions (20 events):
Event: 12.387 Thread 0x000001d85b7e4800 Exception <a 'java/lang/ClassNotFoundException'{0x0000000087a48930}: org/springframework/context/ResourceLoaderAwareCustomizer> (0x0000000087a48930) thrown at [s\src\hotspot\share\classfile\systemDictionary.cpp, line 230]
Event: 12.388 Thread 0x000001d85b7e4800 Exception <a 'java/lang/ClassNotFoundException'{0x0000000087a5f580}: org/springframework/beans/factory/AwareCustomizer> (0x0000000087a5f580) thrown at [s\src\hotspot\share\classfile\systemDictionary.cpp, line 230]
Event: 12.388 Thread 0x000001d85b7e4800 Exception <a 'java/lang/ClassNotFoundException'{0x0000000087a77800}: org/springframework/context/ApplicationContextAwareCustomizer> (0x0000000087a77800) thrown at [s\src\hotspot\share\classfile\systemDictionary.cpp, line 230]
Event: 12.389 Thread 0x000001d85b7e4800 Exception <a 'java/lang/ClassNotFoundException'{0x0000000087a8f020}: org/springframework/beans/factory/AwareCustomizer> (0x0000000087a8f020) thrown at [s\src\hotspot\share\classfile\systemDictionary.cpp, line 230]
Event: 12.389 Thread 0x000001d85b7e4800 Exception <a 'java/lang/ClassNotFoundException'{0x0000000087aa7278}: org/springframework/web/context/ServletContextAwareCustomizer> (0x0000000087aa7278) thrown at [s\src\hotspot\share\classfile\systemDictionary.cpp, line 230]
Event: 12.390 Thread 0x000001d85b7e4800 Exception <a 'java/lang/ClassNotFoundException'{0x0000000087abe330}: org/springframework/beans/factory/AwareCustomizer> (0x0000000087abe330) thrown at [s\src\hotspot\share\classfile\systemDictionary.cpp, line 230]
Event: 12.611 Thread 0x000001d85b7e4800 Exception <a 'java/lang/NoSuchMethodError'{0x0000000086f01260}: 'void java.lang.invoke.DirectMethodHandle$Holder.invokeVirtual(java.lang.Object, java.lang.Object, int)'> (0x0000000086f01260) thrown at [s\src\hotspot\share\interpreter\linkResolver.cpp, line 773]
Event: 12.614 Thread 0x000001d85b7e4800 Exception <a 'java/lang/NoSuchMethodError'{0x0000000086f1b058}: 'void java.lang.invoke.DirectMethodHandle$Holder.invokeVirtual(java.lang.Object, java.lang.Object, long)'> (0x0000000086f1b058) thrown at [s\src\hotspot\share\interpreter\linkResolver.cpp, line 773]
Event: 12.847 Thread 0x000001d85b7e4800 Exception <a 'java/lang/IncompatibleClassChangeError'{0x000000008cb79078}: Found class java.lang.Object, but interface was expected> (0x000000008cb79078) thrown at [s\src\hotspot\share\interpreter\linkResolver.cpp, line 839]
Event: 12.900 Thread 0x000001d85b7e4800 Exception <a 'java/lang/NoSuchMethodError'{0x000000008c95e598}: 'int java.lang.invoke.DirectMethodHandle$Holder.invokeStaticInit(java.lang.Object, java.lang.Object, java.lang.Object, java.lang.Object)'> (0x000000008c95e598) thrown at [s\src\hotspot\share\interpreter\linkResolver.cpp, line 773]
Event: 13.087 Thread 0x000001d85b7e4800 Exception <a 'java/lang/NoSuchMethodError'{0x000000008c202ec0}: 'java.lang.Object java.lang.invoke.DirectMethodHandle$Holder.invokeSpecial(java.lang.Object, java.lang.Object, int, java.lang.Object, int, java.lang.Object)'> (0x000000008c202ec0) thrown at [s\src\hotspot\share\interpreter\linkResolver.cpp, line 773]
Event: 13.088 Thread 0x000001d85b7e4800 Exception <a 'java/lang/NoSuchMethodError'{0x000000008c20a3a8}: 'java.lang.Object java.lang.invoke.DirectMethodHandle$Holder.invokeStatic(java.lang.Object, java.lang.Object, int, java.lang.Object, int)'> (0x000000008c20a3a8) thrown at [s\src\hotspot\share\interpreter\linkResolver.cpp, line 773]
Event: 13.088 Thread 0x000001d85b7e4800 Exception <a 'java/lang/NoSuchMethodError'{0x000000008c20db88}: 'java.lang.Object java.lang.invoke.DirectMethodHandle$Holder.invokeSpecial(java.lang.Object, java.lang.Object, java.lang.Object, int, java.lang.Object, int)'> (0x000000008c20db88) thrown at [s\src\hotspot\share\interpreter\linkResolver.cpp, line 773]
Event: 13.089 Thread 0x000001d85b7e4800 Exception <a 'java/lang/NoSuchMethodError'{0x000000008c219ca8}: 'void java.lang.invoke.DirectMethodHandle$Holder.invokeVirtual(java.lang.Object, java.lang.Object)'> (0x000000008c219ca8) thrown at [s\src\hotspot\share\interpreter\linkResolver.cpp, line 773]
Event: 13.315 Thread 0x000001d8004e0000 Exception <a 'sun/nio/fs/WindowsException'{0x000000008b92ae70}> (0x000000008b92ae70) thrown at [s\src\hotspot\share\prims\jni.cpp, line 617]
Event: 14.009 Thread 0x000001d8004e0000 Exception <a 'java/lang/NoSuchMethodError'{0x000000008930cac0}: 'java.lang.Object java.lang.invoke.DirectMethodHandle$Holder.invokeStatic(java.lang.Object, java.lang.Object, java.lang.Object, java.lang.Object, java.lang.Object, java.lang.Object, java.lang.Object, java.lang.Object, java.lang.Object, java.lang.Object, java.lang.Object, java.lang.Object, java.lang.Object, int)'> (0x000000008930cac0) thrown at [s\src\hotspot\share\interpreter\linkResolver.cpp, line 773]
Event: 14.011 Thread 0x000001d8004e0000 Exception <a 'java/lang/NoSuchMethodError'{0x0000000089319210}: 'java.lang.Object java.lang.invoke.DirectMethodHandle$Holder.invokeStatic(java.lang.Object, java.lang.Object, java.lang.Object, java.lang.Object, java.lang.Object, java.lang.Object, java.lang.Object, java.lang.Object, java.lang.Object, java.lang.Object, java.lang.Object, java.lang.Object, java.lang.Object, int, int)'> (0x0000000089319210) thrown at [s\src\hotspot\share\interpreter\linkResolver.cpp, line 773]
Event: 17.711 Thread 0x000001d87d5c0800 Exception <a 'java/lang/NoSuchMethodError'{0x0000000086fe1c68}: 'java.lang.Object java.lang.invoke.DirectMethodHandle$Holder.invokeInterface(java.lang.Object, java.lang.Object, java.lang.Object, java.lang.Object)'> (0x0000000086fe1c68) thrown at [s\src\hotspot\share\interpreter\linkResolver.cpp, line 773]
Event: 253.548 Thread 0x000001d8004e0000 Exception <a 'java/lang/ClassNotFoundException'{0x000000008b406d50}: java/lang/ObjectCustomizer> (0x000000008b406d50) thrown at [s\src\hotspot\share\classfile\systemDictionary.cpp, line 230]
Event: 253.549 Thread 0x000001d8004e0000 Exception <a 'java/lang/ClassNotFoundException'{0x000000008b4247f0}: com/servidor/gestiondeventas/entities/receipts/AFIP/AuthAFIPCustomizer> (0x000000008b4247f0) thrown at [s\src\hotspot\share\classfile\systemDictionary.cpp, line 230]

Events (20 events):
Event: 253.595 loading class org/hibernate/action/internal/EntityUpdateAction done
Event: 253.595 loading class org/hibernate/event/spi/PostUpdateEvent
Event: 253.595 loading class org/hibernate/event/spi/PostUpdateEvent done
Event: 253.595 loading class org/hibernate/event/spi/PostUpdateEventListener
Event: 253.595 loading class org/hibernate/event/spi/PostUpdateEventListener done
Event: 253.596 loading class org/hibernate/engine/spi/BatchFetchQueue
Event: 253.596 loading class org/hibernate/engine/spi/BatchFetchQueue done
Event: 253.596 loading class org/hibernate/engine/spi/SessionImplementor
Event: 253.596 loading class org/hibernate/engine/spi/SessionImplementor done
Event: 253.596 loading class org/hibernate/engine/spi/SessionImplementor
Event: 253.596 loading class org/hibernate/engine/spi/SessionImplementor done
Event: 638.690 Thread 0x000001d87dc10000 Thread added: 0x000001d87dc10000
Event: 638.745 Thread 0x000001d87dc0b800 Thread added: 0x000001d87dc0b800
Event: 638.745 Executing VM operation: RevokeBias
Event: 638.745 Executing VM operation: RevokeBias done
Event: 699.286 Thread 0x000001d87dc0e800 Thread added: 0x000001d87dc0e800
Event: 1001.133 Thread 0x000001d87dc0c000 Thread added: 0x000001d87dc0c000
Event: 1001.172 Executing VM operation: RevokeBias
Event: 1001.172 Executing VM operation: RevokeBias done
Event: 1093.239 Executing VM operation: G1CollectForAllocation


Dynamic libraries:
0x00007ff6ca7a0000 - 0x00007ff6ca7ae000 	C:\Program Files\OpenLogic\jdk-11.0.21.9-hotspot\bin\java.exe
0x00007ffc6f010000 - 0x00007ffc6f208000 	C:\Windows\SYSTEM32\ntdll.dll
0x00007ffc6df50000 - 0x00007ffc6e011000 	C:\Windows\System32\KERNEL32.DLL
0x00007ffc6cbe0000 - 0x00007ffc6ced6000 	C:\Windows\System32\KERNELBASE.dll
0x00007ffc6c7e0000 - 0x00007ffc6c8e0000 	C:\Windows\System32\ucrtbase.dll
0x00007ffc4b8c0000 - 0x00007ffc4b8d7000 	C:\Program Files\OpenLogic\jdk-11.0.21.9-hotspot\bin\jli.dll
0x00007ffc6d4b0000 - 0x00007ffc6d64f000 	C:\Windows\System32\USER32.dll
0x00007ffc6c6c0000 - 0x00007ffc6c6e2000 	C:\Windows\System32\win32u.dll
0x00007ffc6d060000 - 0x00007ffc6d08b000 	C:\Windows\System32\GDI32.dll
0x00007ffc6cac0000 - 0x00007ffc6cbd7000 	C:\Windows\System32\gdi32full.dll
0x00007ffc6c6f0000 - 0x00007ffc6c78d000 	C:\Windows\System32\msvcp_win.dll
0x00007ffc4b8a0000 - 0x00007ffc4b8bb000 	C:\Program Files\OpenLogic\jdk-11.0.21.9-hotspot\bin\VCRUNTIME140.dll
0x00007ffc55100000 - 0x00007ffc5539a000 	C:\Windows\WinSxS\amd64_microsoft.windows.common-controls_6595b64144ccf1df_6.0.19041.4355_none_60b8b9eb71f62e16\COMCTL32.dll
0x00007ffc6d2e0000 - 0x00007ffc6d37e000 	C:\Windows\System32\msvcrt.dll
0x00007ffc6e200000 - 0x00007ffc6e22f000 	C:\Windows\System32\IMM32.DLL
0x00007ffc67ff0000 - 0x00007ffc67ffc000 	C:\Program Files\OpenLogic\jdk-11.0.21.9-hotspot\bin\vcruntime140_1.dll
0x00007ffc02930000 - 0x00007ffc029bd000 	C:\Program Files\OpenLogic\jdk-11.0.21.9-hotspot\bin\msvcp140.dll
0x00007ffc01de0000 - 0x00007ffc0292d000 	C:\Program Files\OpenLogic\jdk-11.0.21.9-hotspot\bin\server\jvm.dll
0x00007ffc6dea0000 - 0x00007ffc6df50000 	C:\Windows\System32\ADVAPI32.dll
0x00007ffc6d090000 - 0x00007ffc6d130000 	C:\Windows\System32\sechost.dll
0x00007ffc6d380000 - 0x00007ffc6d4a3000 	C:\Windows\System32\RPCRT4.dll
0x00007ffc6c8e0000 - 0x00007ffc6c907000 	C:\Windows\System32\bcrypt.dll
0x00007ffc6d850000 - 0x00007ffc6d858000 	C:\Windows\System32\PSAPI.DLL
0x00007ffc59900000 - 0x00007ffc59909000 	C:\Windows\SYSTEM32\WSOCK32.dll
0x00007ffc5c5a0000 - 0x00007ffc5c5c7000 	C:\Windows\SYSTEM32\WINMM.dll
0x00007ffc6e020000 - 0x00007ffc6e08b000 	C:\Windows\System32\WS2_32.dll
0x00007ffc5cca0000 - 0x00007ffc5ccaa000 	C:\Windows\SYSTEM32\VERSION.dll
0x00007ffc6a540000 - 0x00007ffc6a552000 	C:\Windows\SYSTEM32\kernel.appcore.dll
0x00007ffc4c2f0000 - 0x00007ffc4c300000 	C:\Program Files\OpenLogic\jdk-11.0.21.9-hotspot\bin\verify.dll
0x00007ffc4f9f0000 - 0x00007ffc4fbd4000 	C:\Windows\SYSTEM32\DBGHELP.DLL
0x00007ffc4f9b0000 - 0x00007ffc4f9e4000 	C:\Windows\SYSTEM32\dbgcore.DLL
0x00007ffc6c9c0000 - 0x00007ffc6ca42000 	C:\Windows\System32\bcryptPrimitives.dll
0x00007ffc455c0000 - 0x00007ffc455e8000 	C:\Program Files\OpenLogic\jdk-11.0.21.9-hotspot\bin\java.dll
0x00007ffc4b890000 - 0x00007ffc4b89a000 	C:\Program Files\OpenLogic\jdk-11.0.21.9-hotspot\bin\jimage.dll
0x00007ffc455a0000 - 0x00007ffc455b8000 	C:\Program Files\OpenLogic\jdk-11.0.21.9-hotspot\bin\zip.dll
0x00007ffc6e860000 - 0x00007ffc6efcc000 	C:\Windows\System32\SHELL32.dll
0x00007ffc6a740000 - 0x00007ffc6aede000 	C:\Windows\SYSTEM32\windows.storage.dll
0x00007ffc6e2b0000 - 0x00007ffc6e603000 	C:\Windows\System32\combase.dll
0x00007ffc6c010000 - 0x00007ffc6c03e000 	C:\Windows\SYSTEM32\Wldp.dll
0x00007ffc6d650000 - 0x00007ffc6d71d000 	C:\Windows\System32\OLEAUT32.dll
0x00007ffc6d860000 - 0x00007ffc6d90d000 	C:\Windows\System32\SHCORE.dll
0x00007ffc6e1a0000 - 0x00007ffc6e1f5000 	C:\Windows\System32\shlwapi.dll
0x00007ffc6c5f0000 - 0x00007ffc6c614000 	C:\Windows\SYSTEM32\profapi.dll
0x00007ffc45580000 - 0x00007ffc45599000 	C:\Program Files\OpenLogic\jdk-11.0.21.9-hotspot\bin\net.dll
0x00007ffc63d30000 - 0x00007ffc63e3a000 	C:\Windows\SYSTEM32\WINHTTP.dll
0x00007ffc6bd70000 - 0x00007ffc6bdda000 	C:\Windows\system32\mswsock.dll
0x00007ffc43d20000 - 0x00007ffc43d32000 	C:\Program Files\OpenLogic\jdk-11.0.21.9-hotspot\bin\nio.dll
0x00007ffbfff90000 - 0x00007ffbfff99000 	C:\Program Files\OpenLogic\jdk-11.0.21.9-hotspot\bin\management.dll
0x00007ffbfff80000 - 0x00007ffbfff8b000 	C:\Program Files\OpenLogic\jdk-11.0.21.9-hotspot\bin\management_ext.dll
0x00007ffc4c300000 - 0x00007ffc4c317000 	C:\Windows\system32\napinsp.dll
0x00007ffc4be80000 - 0x00007ffc4be9b000 	C:\Windows\system32\pnrpnsp.dll
0x00007ffc68ac0000 - 0x00007ffc68ad5000 	C:\Windows\system32\wshbth.dll
0x00007ffc66e20000 - 0x00007ffc66e3d000 	C:\Windows\system32\NLAapi.dll
0x00007ffc6ba50000 - 0x00007ffc6ba8b000 	C:\Windows\SYSTEM32\IPHLPAPI.DLL
0x00007ffc6ba90000 - 0x00007ffc6bb5a000 	C:\Windows\SYSTEM32\DNSAPI.dll
0x00007ffc6e230000 - 0x00007ffc6e238000 	C:\Windows\System32\NSI.dll
0x00007ffc4be60000 - 0x00007ffc4be72000 	C:\Windows\System32\winrnr.dll
0x00007ffc5ea60000 - 0x00007ffc5ea6a000 	C:\Windows\System32\rasadhlp.dll
0x00007ffc5eb70000 - 0x00007ffc5ebf0000 	C:\Windows\System32\fwpuclnt.dll
0x00007ffc6bf60000 - 0x00007ffc6bf78000 	C:\Windows\SYSTEM32\CRYPTSP.dll
0x00007ffc6b690000 - 0x00007ffc6b6c4000 	C:\Windows\system32\rsaenh.dll
0x00007ffc6c5a0000 - 0x00007ffc6c5ce000 	C:\Windows\SYSTEM32\USERENV.dll
0x00007ffc6bf80000 - 0x00007ffc6bf8c000 	C:\Windows\SYSTEM32\CRYPTBASE.dll
0x00007ffc636e0000 - 0x00007ffc636f7000 	C:\Windows\SYSTEM32\dhcpcsvc6.DLL
0x00007ffc64bf0000 - 0x00007ffc64c0d000 	C:\Windows\SYSTEM32\dhcpcsvc.DLL
0x00007ffc40030000 - 0x00007ffc4003e000 	C:\Program Files\OpenLogic\jdk-11.0.21.9-hotspot\bin\sunmscapi.dll
0x00007ffc6cee0000 - 0x00007ffc6d03e000 	C:\Windows\System32\CRYPT32.dll
0x00007ffc6c080000 - 0x00007ffc6c0a9000 	C:\Windows\SYSTEM32\ncrypt.dll
0x00007ffc6c040000 - 0x00007ffc6c07b000 	C:\Windows\SYSTEM32\NTASN1.dll
0x00007ffc00820000 - 0x00007ffc00847000 	C:\Program Files\OpenLogic\jdk-11.0.21.9-hotspot\bin\sunec.dll

dbghelp: loaded successfully - version: 4.0.5 - missing functions: none
symbol engine: initialized successfully - sym options: 0x614 - pdb path: .;C:\Program Files\OpenLogic\jdk-11.0.21.9-hotspot\bin;C:\Windows\SYSTEM32;C:\Windows\WinSxS\amd64_microsoft.windows.common-controls_6595b64144ccf1df_6.0.19041.4355_none_60b8b9eb71f62e16;C:\Program Files\OpenLogic\jdk-11.0.21.9-hotspot\bin\server

VM Arguments:
jvm_args: -Xverify:none -XX:TieredStopAtLevel=1 
java_command: com.servidor.gestiondeventas.GestionDeVentasApplication
java_class_path (initial): C:\Users\todo-electro\Desktop\Benji\Programación\Java\servidor-gestion-de-ventas\target\classes;C:\Users\todo-electro\.m2\repository\org\springframework\spring-aop\5.3.10\spring-aop-5.3.10.jar;C:\Users\todo-electro\.m2\repository\org\aspectj\aspectjweaver\1.9.7\aspectjweaver-1.9.7.jar;C:\Users\todo-electro\.m2\repository\com\zaxxer\HikariCP\4.0.3\HikariCP-4.0.3.jar;C:\Users\todo-electro\.m2\repository\org\springframework\spring-jdbc\5.3.10\spring-jdbc-5.3.10.jar;C:\Users\todo-electro\.m2\repository\jakarta\transaction\jakarta.transaction-api\1.3.3\jakarta.transaction-api-1.3.3.jar;C:\Users\todo-electro\.m2\repository\jakarta\persistence\jakarta.persistence-api\2.2.3\jakarta.persistence-api-2.2.3.jar;C:\Users\todo-electro\.m2\repository\org\hibernate\hibernate-core\5.4.32.Final\hibernate-core-5.4.32.Final.jar;C:\Users\todo-electro\.m2\repository\org\jboss\logging\jboss-logging\3.4.2.Final\jboss-logging-3.4.2.Final.jar;C:\Users\todo-electro\.m2\repository\org\javassist\javassist\3.27.0-GA\javassist-3.27.0-GA.jar;C:\Users\todo-electro\.m2\repository\net\bytebuddy\byte-buddy\1.10.22\byte-buddy-1.10.22.jar;C:\Users\todo-electro\.m2\repository\antlr\antlr\2.7.7\antlr-2.7.7.jar;C:\Users\todo-electro\.m2\repository\org\jboss\jandex\2.2.3.Final\jandex-2.2.3.Final.jar;C:\Users\todo-electro\.m2\repository\com\fasterxml\classmate\1.5.1\classmate-1.5.1.jar;C:\Users\todo-electro\.m2\repository\org\dom4j\dom4j\2.1.3\dom4j-2.1.3.jar;C:\Users\todo-electro\.m2\repository\org\hibernate\common\hibernate-commons-annotations\5.1.2.Final\hibernate-commons-annotations-5.1.2.Final.jar;C:\Users\todo-electro\.m2\repository\org\glassfish\jaxb\jaxb-runtime\2.3.5\jaxb-runtime-2.3.5.jar;C:\Users\todo-electro\.m2\repository\org\glassfish\jaxb\txw2\2.3.5\txw2-2.3.5.jar;C:\Users\todo-electro\.m2\repository\com\sun\istack\istack-commons-runtime\3.0.12\istack-commons-runtime-3.0.12.jar;C:\Users\todo-electro\.m2\repository\org\springframework\data\spring-data-jpa\2.5.5\spri
Launcher Type: SUN_STANDARD

[Global flags]
     bool BytecodeVerificationLocal                = false                                     {product} {command line}
     bool BytecodeVerificationRemote               = false                                     {product} {command line}
     intx CICompilerCount                          = 3                                         {product} {ergonomic}
     uint ConcGCThreads                            = 1                                         {product} {ergonomic}
     uint G1ConcRefinementThreads                  = 4                                         {product} {ergonomic}
   size_t G1HeapRegionSize                         = 1048576                                   {product} {ergonomic}
    uintx GCDrainStackTargetSize                   = 64                                        {product} {ergonomic}
   size_t InitialHeapSize                          = 134217728                                 {product} {ergonomic}
   size_t MarkStackSize                            = 4194304                                   {product} {ergonomic}
   size_t MaxHeapSize                              = 2126512128                                {product} {ergonomic}
   size_t MaxNewSize                               = 1275068416                                {product} {ergonomic}
   size_t MinHeapDeltaBytes                        = 1048576                                   {product} {ergonomic}
    uintx NonNMethodCodeHeapSize                   = 6973028                                {pd product} {ergonomic}
    uintx NonProfiledCodeHeapSize                  = 244685212                              {pd product} {ergonomic}
    uintx ProfiledCodeHeapSize                     = 0                                      {pd product} {ergonomic}
    uintx ReservedCodeCacheSize                    = 251658240                              {pd product} {ergonomic}
     bool SegmentedCodeCache                       = true                                      {product} {ergonomic}
     intx TieredStopAtLevel                        = 1                                         {product} {command line}
     bool UseCompressedClassPointers               = true                                 {lp64_product} {ergonomic}
     bool UseCompressedOops                        = true                                 {lp64_product} {ergonomic}
     bool UseG1GC                                  = true                                      {product} {ergonomic}
     bool UseLargePagesIndividualAllocation        = false                                  {pd product} {ergonomic}

Logging:
Log output configuration:
 #0: stdout all=warning uptime,level,tags
 #1: stderr all=off uptime,level,tags

Environment Variables:
PATH=C:\Program Files\OpenLogic\jdk-11.0.21.9-hotspot\bin;C:\Windows\system32;C:\Windows;C:\Windows\System32\Wbem;C:\Windows\System32\WindowsPowerShell\v1.0\;C:\Windows\System32\OpenSSH\;C:\Program Files\Maven\apache-maven-3.9.6\bin;C:\Program Files\Git\cmd;C:\Program Files\nodejs\;C:\Program Files\OpenSSL-Win64\bin\bin;C:\Program Files\PostgreSQL\10\bin;C:\Program Files\OpenSSL-Win64\bin;C:\Users\todo-electro\AppData\Local\Microsoft\WindowsApps;;C:\Users\todo-electro\AppData\Local\Programs\Microsoft VS Code\bin;C:\Program Files\JetBrains\IntelliJ IDEA Community Edition 2023.3.2\bin;;C:\Users\todo-electro\AppData\Roaming\npm
USERNAME=todo-electro
OS=Windows_NT
PROCESSOR_IDENTIFIER=Intel64 Family 6 Model 42 Stepping 7, GenuineIntel
TMP=C:\Users\TODO-E~1\AppData\Local\Temp
TEMP=C:\Users\TODO-E~1\AppData\Local\Temp



---------------  S Y S T E M  ---------------

OS: Windows 10 , 64 bit Build 19041 (10.0.19041.4597)
OS uptime: 0 days 0:20 hours

CPU:total 4 (initial active 4) (4 cores per cpu, 2 threads per core) family 6 model 42 stepping 7 microcode 0x2f, cmov, cx8, fxsr, mmx, sse, sse2, sse3, ssse3, sse4.1, sse4.2, popcnt, avx, aes, clmul, ht, tsc, tscinvbit

Memory: 4k page, system-wide physical 8105M (2029M free)
TotalPageFile size 11561M (AvailPageFile size 4297M)
current process WorkingSet (physical memory assigned to process): 306M, peak: 306M
current process commit charge ("private bytes"): 362M, peak: 362M

vm_info: OpenJDK 64-Bit Server VM (11.0.21+9-adhoc..jdk11u) for windows-amd64 JRE (11.0.21+9-adhoc..jdk11u), built on Oct 18 2023 09:35:41 by "" with MS VC++ 16.10 / 16.11 (VS2019)

END.
