#
# A fatal error has been detected by the Java Runtime Environment:
#
#  EXCEPTION_ACCESS_VIOLATION (0xc0000005) at pc=0x00007ffe9698cac8, pid=13684, tid=11172
#
# JRE version: OpenJDK Runtime Environment Temurin-17.0.12+7 (17.0.12+7) (build 17.0.12+7)
# Java VM: OpenJDK 64-Bit Server VM Temurin-17.0.12+7 (17.0.12+7, mixed mode, tiered, compressed oops, compressed class ptrs, parallel gc, windows-amd64)
# Problematic frame:
# V  [jvm.dll+0xcac8]
#
# No core dump will be written. Minidumps are not enabled by default on client versions of Windows
#
# If you would like to submit a bug report, please visit:
#   https://github.com/adoptium/adoptium-support/issues
#

---------------  S U M M A R Y ------------

Command Line: --add-modules=ALL-SYSTEM --add-opens=java.base/java.util=ALL-UNNAMED --add-opens=java.base/java.lang=ALL-UNNAMED --add-opens=java.base/sun.nio.fs=ALL-UNNAMED -Declipse.application=org.eclipse.jdt.ls.core.id1 -Dosgi.bundles.defaultStartLevel=4 -Declipse.product=org.eclipse.jdt.ls.core.product -Djava.import.generatesMetadataFilesAtProjectRoot=false -DDetectVMInstallationsJob.disabled=true -Dfile.encoding=utf8 -XX:+UseParallelGC -XX:GCTimeRatio=4 -XX:AdaptiveSizePolicyWeight=90 -Dsun.zip.disableMemoryMapping=true -Xmx1G -Xms100m -Xlog:disable -javaagent:c:\Users\todo-electro\.vscode\extensions\redhat.java-1.35.1-win32-x64\lombok\lombok-1.18.33.jar -XX:+HeapDumpOnOutOfMemoryError -XX:HeapDumpPath=c:\Users\todo-electro\AppData\Roaming\Code\User\workspaceStorage\7d49be737cfa8eba95d55698d0fc987f\redhat.java -Daether.dependencyCollector.impl=bf c:\Users\todo-electro\.vscode\extensions\redhat.java-1.35.1-win32-x64\server\plugins\org.eclipse.equinox.launcher_1.6.900.v20240613-2009.jar -configuration c:\Users\todo-electro\AppData\Roaming\Code\User\globalStorage\redhat.java\1.35.1\config_win -data c:\Users\todo-electro\AppData\Roaming\Code\User\workspaceStorage\7d49be737cfa8eba95d55698d0fc987f\redhat.java\jdt_ws --pipe=\\.\pipe\lsp-78e3635d5ff76b812c74d7a701f86357-sock

Host: Intel(R) Core(TM) i7-2630QM CPU @ 2.00GHz, 4 cores, 7G,  Windows 10 , 64 bit Build 19041 (10.0.19041.4957)
Time: Thu Oct 10 18:19:10 2024 Hora estándar de Argentina elapsed time: 33.879424 seconds (0d 0h 0m 33s)

---------------  T H R E A D  ---------------

Current thread (0x000001befdf799c0):  GCTaskThread "GC Thread#1" [stack: 0x0000000a05e00000,0x0000000a05f00000] [id=11172]

Stack: [0x0000000a05e00000,0x0000000a05f00000],  sp=0x0000000a05eff898,  free space=1022k
Native frames: (J=compiled Java code, j=interpreted, Vv=VM code, C=native code)
V  [jvm.dll+0xcac8]


siginfo: EXCEPTION_ACCESS_VIOLATION (0xc0000005), reading address 0x00000003517b2ba0


Registers:
RAX=0x0000000000000001, RBX=0x00000000c289f1b0, RCX=0x0000000000000003, RDX=0x00000000c289f1b0
RSP=0x0000000a05eff898, RBP=0x0000000a05eff990, RSI=0x00000000c299f1ac, RDI=0x000001befc4788b0
R8 =0x00000003517b2b98, R9 =0x00000000000144f8, R10=0x0000000000000052, R11=0x0000000000000003
R12=0x00000000000003d8, R13=0x0000000a05effaf0, R14=0x0000000100654988, R15=0x00000000c299f198
RIP=0x00007ffe9698cac8, EFLAGS=0x0000000000010202


Register to memory mapping:

RIP=0x00007ffe9698cac8 jvm.dll
RAX=0x0000000000000001 is an unknown value
RBX=0x00000000c289f1b0 is pointing into object: [B 
{0x00000000c289f198} - klass: {type array byte}
 - length: 54
RCX=0x0000000000000003 is an unknown value
RDX=0x00000000c289f1b0 is pointing into object: [B 
{0x00000000c289f198} - klass: {type array byte}
 - length: 54
RSP=0x0000000a05eff898 points into unknown readable memory: 0x00007ffe97033d02 | 02 3d 03 97 fe 7f 00 00
RBP=0x0000000a05eff990 points into unknown readable memory: 0x00007ffe973343d8 | d8 43 33 97 fe 7f 00 00
RSI=0x00000000c299f1ac is pointing into object: jdk.internal.jimage.ImageLocation 
{0x00000000c299f198} - klass: 'jdk/internal/jimage/ImageLocation'
 - ---- fields (total size 3 words):
 - protected final 'attributes' '[J' @12  
[error occurred during error reporting (printing register info), id 0xc0000005, EXCEPTION_ACCESS_VIOLATION (0xc0000005) at pc=0x00007ffe96fec083]

Top of Stack: (sp=0x0000000a05eff898)
0x0000000a05eff898:   00007ffe97033d02 00000000c299f198
0x0000000a05eff8a8:   0000000000000003 0000000a05eff990
0x0000000a05eff8b8:   00007ffe97032b19 000001befc4788b0
0x0000000a05eff8c8:   00007ffe970315b2 00000000c289f1b0
0x0000000a05eff8d8:   00000001006505d8 000001be85f6b150
0x0000000a05eff8e8:   0000000a05eff990 0000000100654980
0x0000000a05eff8f8:   00007ffe97031e2e 00000000c299f1a4
0x0000000a05eff908:   00007ffe9703339e 00000000c296da40
0x0000000a05eff918:   00000000c296da3c 0000000000000000
0x0000000a05eff928:   00007ffe974b4810 0000000000001a82
0x0000000a05eff938:   00007ffe970336e4 00007ffe973343d8
0x0000000a05eff948:   000001befc4788b0 00007ffe9729eb80
0x0000000a05eff958:   0000000000001a8d 0000000000000000
0x0000000a05eff968:   000001befdf79900 000001bee67fb790
0x0000000a05eff978:   00007ffe97160001 0000000000000001
0x0000000a05eff988:   00000000c056f218 00007ffe973343d8
0x0000000a05eff998:   000001bee674aec0 000001be00000003
0x0000000a05eff9a8:   000001befc4788b0 0000000000000000
0x0000000a05eff9b8:   0000000000000000 000001bee67fb790
0x0000000a05eff9c8:   000001befdaf1618 000001befdd42890
0x0000000a05eff9d8:   000001befdaf1240 000001befdaf1230
0x0000000a05eff9e8:   00007ffe97037bb8 000001befc4788b0
0x0000000a05eff9f8:   0000154100000b28 000001befdaf1240
0x0000000a05effa08:   000001befc4788b0 00007ffe97334bc8
0x0000000a05effa18:   000001befc4788b0 00007ffe972d7b30
0x0000000a05effa28:   0000000a05effa10 0000000000000000
0x0000000a05effa38:   0000000000000184 0000000000000003
0x0000000a05effa48:   0000000000000001 00007ffe97334bc8
0x0000000a05effa58:   0000000a050fe520 000001befe9f3278
0x0000000a05effa68:   00007ffe9716a828 000000000000010d
0x0000000a05effa78:   000001befe9f3390 0000000a05effaf0
0x0000000a05effa88:   0000000000000001 0000000a050fe660 

Instructions: (pc=0x00007ffe9698cac8)
0x00007ffe9698c9c8:   48 83 c4 20 5e c3 cc cc 48 8b 01 c3 cc cc cc cc
0x00007ffe9698c9d8:   cc cc cc cc cc cc cc cc 4c 8b 01 4c 8b c9 48 8b
0x00007ffe9698c9e8:   0d a3 e1 b6 00 ba 44 60 08 00 e9 d9 f1 ff ff cc
0x00007ffe9698c9f8:   cc cc cc cc cc cc cc cc 48 89 5c 24 08 57 48 83
0x00007ffe9698ca08:   ec 20 48 8b 39 48 8b d9 48 85 3d 01 cb bb 00 75
0x00007ffe9698ca18:   0e 48 8b c7 48 8b 5c 24 30 48 83 c4 20 5f c3 48
0x00007ffe9698ca28:   8b cf e8 81 c0 85 00 48 8b d0 48 85 c0 74 20 48
0x00007ffe9698ca38:   8b c7 f0 48 0f b1 13 74 16 48 85 05 d0 ca bb 00
0x00007ffe9698ca48:   74 0d 48 8b c8 f0 48 0f b1 13 48 3b c1 75 ea 48
0x00007ffe9698ca58:   8b 5c 24 30 48 8b c2 48 83 c4 20 5f c3 cc cc cc
0x00007ffe9698ca68:   cc cc cc cc cc cc cc cc 4c 8b 01 4c 8b c9 48 8b
0x00007ffe9698ca78:   0d 13 e1 b6 00 ba 64 60 08 00 e9 49 f1 ff ff cc
0x00007ffe9698ca88:   cc cc cc cc cc cc cc cc 8b 05 62 28 b1 00 c3 cc
0x00007ffe9698ca98:   cc cc cc cc cc cc cc cc 0f b6 05 40 e9 b7 00 48
0x00007ffe9698caa8:   8b d1 84 c0 74 16 44 8b 41 08 8b 0d 40 28 b1 00
0x00007ffe9698cab8:   49 d3 e0 4c 03 05 2e 28 b1 00 eb 04 4c 8b 41 08
0x00007ffe9698cac8:   45 8b 50 08 45 85 d2 7e 0e 41 f6 c2 01 75 53 41
0x00007ffe9698cad8:   c1 fa 03 41 8b c2 c3 79 49 84 c0 b9 10 00 00 00
0x00007ffe9698cae8:   8b 05 46 37 b1 00 41 b8 0c 00 00 00 41 0f 45 c8
0x00007ffe9698caf8:   ff c8 4c 63 c8 48 63 14 11 41 8b ca 83 e1 3f 48
0x00007ffe9698cb08:   d3 e2 41 8b ca 48 c1 f9 10 0f b6 c1 49 8d 0c 11
0x00007ffe9698cb18:   49 f7 d1 48 03 c1 49 c1 e9 03 48 c1 e8 03 41 23
0x00007ffe9698cb28:   c1 c3 49 8b 00 49 8b c8 48 ff a0 00 01 00 00 cc
0x00007ffe9698cb38:   cc cc cc cc cc cc cc cc 8b 44 24 30 45 03 c9 44
0x00007ffe9698cb48:   2b 4c 24 28 83 c0 0b 44 03 ca 45 03 c8 41 03 c1
0x00007ffe9698cb58:   c3 cc cc cc cc cc cc cc 4c 8b ca 48 8b d1 45 8b
0x00007ffe9698cb68:   41 08 45 85 c0 7e 0e 41 f6 c0 01 75 56 41 c1 f8
0x00007ffe9698cb78:   03 41 8b c0 c3 79 4c 80 3d 61 e8 b7 00 00 b8 0c
0x00007ffe9698cb88:   00 00 00 b9 10 00 00 00 0f 45 c8 8b 05 9b 36 b1
0x00007ffe9698cb98:   00 ff c8 4c 63 c8 48 63 14 11 41 8b c8 83 e1 3f
0x00007ffe9698cba8:   48 d3 e2 41 8b c8 48 c1 f9 10 0f b6 c1 49 8d 0c
0x00007ffe9698cbb8:   11 49 f7 d1 48 03 c1 49 c1 e9 03 48 c1 e8 03 41 


Stack slot to memory mapping:
stack at sp + 0 slots: 0x00007ffe97033d02 jvm.dll
stack at sp + 1 slots: 0x00000000c299f198 is an oop: jdk.internal.jimage.ImageLocation 
{0x00000000c299f198} - klass: 'jdk/internal/jimage/ImageLocation'
 - ---- fields (total size 3 words):
 - protected final 'attributes' '[J' @12  
[error occurred during error reporting (inspecting top of stack), id 0xc0000005, EXCEPTION_ACCESS_VIOLATION (0xc0000005) at pc=0x00007ffe96fec083]


---------------  P R O C E S S  ---------------

Threads class SMR info:
_java_thread_list=0x000001be93aeaa80, length=36, elements={
0x000001bee673c310, 0x000001bee67fb790, 0x000001bee67fd430, 0x000001befc4da080,
0x000001befc4dcd20, 0x000001befc4de050, 0x000001befc50dfd0, 0x000001befc51bf40,
0x000001befc51c900, 0x000001befc521a10, 0x000001befd72c6b0, 0x000001befda510f0,
0x000001befe091510, 0x000001befe16f010, 0x000001befe5403a0, 0x000001befe153f00,
0x000001befe62f400, 0x000001befe861f30, 0x000001befe85e780, 0x000001befe85fbc0,
0x000001befe85f6b0, 0x000001befe861000, 0x000001befe85ec90, 0x000001befe861510,
0x000001befe861a20, 0x000001befe8600d0, 0x000001befe8605e0, 0x000001befe860af0,
0x000001be857cc090, 0x000001be857c6a80, 0x000001be857ca740, 0x000001be857c6f90,
0x000001be857c83d0, 0x000001be857c8df0, 0x000001be857c9810, 0x000001be92952880
}

Java Threads: ( => current thread )
  0x000001bee673c310 JavaThread "main" [_thread_blocked, id=4628, stack(0x0000000a04e00000,0x0000000a04f00000)]
  0x000001bee67fb790 JavaThread "Reference Handler" daemon [_thread_blocked, id=3364, stack(0x0000000a05100000,0x0000000a05200000)]
  0x000001bee67fd430 JavaThread "Finalizer" daemon [_thread_blocked, id=14128, stack(0x0000000a05200000,0x0000000a05300000)]
  0x000001befc4da080 JavaThread "Signal Dispatcher" daemon [_thread_blocked, id=13184, stack(0x0000000a05300000,0x0000000a05400000)]
  0x000001befc4dcd20 JavaThread "Attach Listener" daemon [_thread_blocked, id=6948, stack(0x0000000a05400000,0x0000000a05500000)]
  0x000001befc4de050 JavaThread "Service Thread" daemon [_thread_blocked, id=14064, stack(0x0000000a05500000,0x0000000a05600000)]
  0x000001befc50dfd0 JavaThread "Monitor Deflation Thread" daemon [_thread_blocked, id=6508, stack(0x0000000a05600000,0x0000000a05700000)]
  0x000001befc51bf40 JavaThread "C2 CompilerThread0" daemon [_thread_blocked, id=4344, stack(0x0000000a05700000,0x0000000a05800000)]
  0x000001befc51c900 JavaThread "C1 CompilerThread0" daemon [_thread_blocked, id=9012, stack(0x0000000a05800000,0x0000000a05900000)]
  0x000001befc521a10 JavaThread "Sweeper thread" daemon [_thread_blocked, id=13948, stack(0x0000000a05900000,0x0000000a05a00000)]
  0x000001befd72c6b0 JavaThread "Common-Cleaner" daemon [_thread_blocked, id=1284, stack(0x0000000a05a00000,0x0000000a05b00000)]
  0x000001befda510f0 JavaThread "Notification Thread" daemon [_thread_blocked, id=8312, stack(0x0000000a05b00000,0x0000000a05c00000)]
  0x000001befe091510 JavaThread "Active Thread: Equinox Container: 21f3bf77-2c1b-4c02-ae68-a052055b02e2" [_thread_blocked, id=404, stack(0x0000000a06100000,0x0000000a06200000)]
  0x000001befe16f010 JavaThread "Framework Event Dispatcher: Equinox Container: 21f3bf77-2c1b-4c02-ae68-a052055b02e2" daemon [_thread_blocked, id=6804, stack(0x0000000a06200000,0x0000000a06300000)]
  0x000001befe5403a0 JavaThread "Start Level: Equinox Container: 21f3bf77-2c1b-4c02-ae68-a052055b02e2" daemon [_thread_blocked, id=13480, stack(0x0000000a06300000,0x0000000a06400000)]
  0x000001befe153f00 JavaThread "Bundle File Closer" daemon [_thread_blocked, id=1840, stack(0x0000000a06400000,0x0000000a06500000)]
  0x000001befe62f400 JavaThread "SCR Component Actor" daemon [_thread_blocked, id=6728, stack(0x0000000a06500000,0x0000000a06600000)]
  0x000001befe861f30 JavaThread "Worker-JM" [_thread_blocked, id=13788, stack(0x0000000a05d00000,0x0000000a05e00000)]
  0x000001befe85e780 JavaThread "JNA Cleaner" daemon [_thread_blocked, id=5204, stack(0x0000000a06800000,0x0000000a06900000)]
  0x000001befe85fbc0 JavaThread "Worker-0" [_thread_blocked, id=12932, stack(0x0000000a06900000,0x0000000a06a00000)]
  0x000001befe85f6b0 JavaThread "Worker-1: Initialize workspace" [_thread_blocked, id=11200, stack(0x0000000a06a00000,0x0000000a06b00000)]
  0x000001befe861000 JavaThread "Java indexing" daemon [_thread_blocked, id=13424, stack(0x0000000a06b00000,0x0000000a06c00000)]
  0x000001befe85ec90 JavaThread "Worker-2: Publish Diagnostics" [_thread_in_native, id=8284, stack(0x0000000a06c00000,0x0000000a06d00000)]
  0x000001befe861510 JavaThread "Thread-2" daemon [_thread_in_native, id=8440, stack(0x0000000a06f00000,0x0000000a07000000)]
  0x000001befe861a20 JavaThread "Thread-3" daemon [_thread_in_native, id=8564, stack(0x0000000a07000000,0x0000000a07100000)]
  0x000001befe8600d0 JavaThread "Thread-4" daemon [_thread_in_native, id=8432, stack(0x0000000a07100000,0x0000000a07200000)]
  0x000001befe8605e0 JavaThread "Thread-5" daemon [_thread_in_native, id=2304, stack(0x0000000a07200000,0x0000000a07300000)]
  0x000001befe860af0 JavaThread "Thread-6" daemon [_thread_in_native, id=9240, stack(0x0000000a07300000,0x0000000a07400000)]
  0x000001be857cc090 JavaThread "pool-2-thread-1" [_thread_blocked, id=6424, stack(0x0000000a07400000,0x0000000a07500000)]
  0x000001be857c6a80 JavaThread "WorkspaceEventsHandler" [_thread_blocked, id=11208, stack(0x0000000a07500000,0x0000000a07600000)]
  0x000001be857ca740 JavaThread "pool-1-thread-1" [_thread_blocked, id=11772, stack(0x0000000a07600000,0x0000000a07700000)]
  0x000001be857c6f90 JavaThread "Worker-3" [_thread_blocked, id=7736, stack(0x0000000a07700000,0x0000000a07800000)]
  0x000001be857c83d0 JavaThread "ForkJoinPool.commonPool-worker-1" daemon [_thread_blocked, id=13076, stack(0x0000000a06600000,0x0000000a06700000)]
  0x000001be857c8df0 JavaThread "ForkJoinPool.commonPool-worker-2" daemon [_thread_blocked, id=9032, stack(0x0000000a07800000,0x0000000a07900000)]
  0x000001be857c9810 JavaThread "ForkJoinPool.commonPool-worker-3" daemon [_thread_blocked, id=1740, stack(0x0000000a07900000,0x0000000a07a00000)]
  0x000001be92952880 JavaThread "C2 CompilerThread1" daemon [_thread_blocked, id=11576, stack(0x0000000a06700000,0x0000000a06800000)]

Other Threads:
  0x000001bee67c54e0 VMThread "VM Thread" [stack: 0x0000000a05000000,0x0000000a05100000] [id=1404]
  0x000001befd9b7730 WatcherThread [stack: 0x0000000a05c00000,0x0000000a05d00000] [id=4792]
  0x000001bee6752680 GCTaskThread "GC Thread#0" [stack: 0x0000000a04f00000,0x0000000a05000000] [id=3504]
=>0x000001befdf799c0 GCTaskThread "GC Thread#1" [stack: 0x0000000a05e00000,0x0000000a05f00000] [id=11172]
  0x000001befdf9d1c0 GCTaskThread "GC Thread#2" [stack: 0x0000000a05f00000,0x0000000a06000000] [id=8208]
  0x000001befdf9d480 GCTaskThread "GC Thread#3" [stack: 0x0000000a06000000,0x0000000a06100000] [id=11560]

Threads with active compile tasks:
C2 CompilerThread0    33919 12799       4       lombok.eclipse.EclipseAST::drill (80 bytes)
C2 CompilerThread1    33919 12363       4       java.util.Collections$UnmodifiableMap::hashCode (10 bytes)

VM state: at safepoint (normal execution)

VM Mutex/Monitor currently owned by a thread:  ([mutex/lock_event])
[0x000001bee6738820] Threads_lock - owner thread: 0x000001bee67c54e0
[0x000001bee6738550] Heap_lock - owner thread: 0x000001befe85f6b0

Heap address: 0x00000000c0000000, size: 1024 MB, Compressed Oops mode: 32-bit

CDS archive(s) not mapped
Compressed class space mapped at: 0x0000000100000000-0x0000000140000000, reserved size: 1073741824
Narrow klass base: 0x0000000000000000, Narrow klass shift: 3, Narrow klass range: 0x140000000

GC Precious Log:
 CPUs: 4 total, 4 available
 Memory: 8105M
 Large Page Support: Disabled
 NUMA Support: Disabled
 Compressed Oops: Enabled (32-bit)
 Alignments: Space 512K, Generation 512K, Heap 2M
 Heap Min Capacity: 100M
 Heap Initial Capacity: 100M
 Heap Max Capacity: 1G
 Pre-touch: Disabled
 Parallel Workers: 4

Heap:
 PSYoungGen      total 9216K, used 539K [0x00000000eab00000, 0x00000000ebf80000, 0x0000000100000000)
  eden space 8192K, 0% used [0x00000000eab00000,0x00000000eab00000,0x00000000eb300000)
  from space 1024K, 52% used [0x00000000eb380000,0x00000000eb406c78,0x00000000eb480000)
  to   space 4096K, 0% used [0x00000000ebb80000,0x00000000ebb80000,0x00000000ebf80000)
 ParOldGen       total 114176K, used 107279K [0x00000000c0000000, 0x00000000c6f80000, 0x00000000eab00000)
  object space 114176K, 93% used [0x00000000c0000000,0x00000000c68c3c30,0x00000000c6f80000)
 Metaspace       used 72938K, committed 74304K, reserved 1179648K
  class space    used 7492K, committed 8128K, reserved 1048576K

Card table byte_map: [0x000001bef9da0000,0x000001bef9fb0000] _byte_map_base: 0x000001bef97a0000

Marking Bits: (ParMarkBitMap*) 0x00007ffe975258b0
 Begin Bits: [0x000001befa110000, 0x000001befb110000)
 End Bits:   [0x000001befb110000, 0x000001befc110000)

Polling page: 0x000001bee6800000

Metaspace:

Usage:
  Non-class:     63.91 MB used.
      Class:      7.32 MB used.
       Both:     71.23 MB used.

Virtual space:
  Non-class space:      128.00 MB reserved,      64.62 MB ( 50%) committed,  2 nodes.
      Class space:        1.00 GB reserved,       7.94 MB ( <1%) committed,  1 nodes.
             Both:        1.12 GB reserved,      72.56 MB (  6%) committed. 

Chunk freelists:
   Non-Class:  15.41 MB
       Class:  8.05 MB
        Both:  23.46 MB

MaxMetaspaceSize: unlimited
CompressedClassSpaceSize: 1.00 GB
Initial GC threshold: 21.00 MB
Current GC threshold: 117.81 MB
CDS: off
MetaspaceReclaimPolicy: balanced
 - commit_granule_bytes: 65536.
 - commit_granule_words: 8192.
 - virtual_space_node_default_size: 8388608.
 - enlarge_chunks_in_place: 1.
 - new_chunks_are_fully_committed: 0.
 - uncommit_free_chunks: 1.
 - use_allocation_guard: 0.
 - handle_deallocations: 1.


Internal statistics:

num_allocs_failed_limit: 9.
num_arena_births: 872.
num_arena_deaths: 18.
num_vsnodes_births: 3.
num_vsnodes_deaths: 0.
num_space_committed: 1161.
num_space_uncommitted: 0.
num_chunks_returned_to_freelist: 29.
num_chunks_taken_from_freelist: 3956.
num_chunk_merges: 12.
num_chunk_splits: 2399.
num_chunks_enlarged: 1341.
num_inconsistent_stats: 0.

CodeHeap 'non-profiled nmethods': size=120000Kb used=6714Kb max_used=6714Kb free=113285Kb
 bounds [0x000001bef2680000, 0x000001bef2d10000, 0x000001bef9bb0000]
CodeHeap 'profiled nmethods': size=120000Kb used=23126Kb max_used=23126Kb free=96873Kb
 bounds [0x000001beeabb0000, 0x000001beec250000, 0x000001bef20e0000]
CodeHeap 'non-nmethods': size=5760Kb used=1373Kb max_used=1454Kb free=4386Kb
 bounds [0x000001bef20e0000, 0x000001bef2350000, 0x000001bef2680000]
 total_blobs=11409 nmethods=10682 adapters=636
 compilation: enabled
              stopped_count=0, restarted_count=0
 full_count=0

Compilation events (20 events):
Event: 33.811 Thread 0x000001befc51c900 12873       2       org.eclipse.jdt.internal.core.BinaryType::getField (10 bytes)
Event: 33.812 Thread 0x000001befc51c900 nmethod 12873 0x000001beec241210 code [0x000001beec2413a0, 0x000001beec241568]
Event: 33.813 Thread 0x000001befc51c900 12874 %     3       org.eclipse.jdt.internal.core.util.MementoTokenizer::nextToken @ 381 (647 bytes)
Event: 33.814 Thread 0x000001befc51c900 nmethod 12874% 0x000001beec241690 code [0x000001beec241a00, 0x000001beec242ef8]
Event: 33.816 Thread 0x000001befc51c900 12875       2       org.eclipse.core.internal.preferences.EclipsePreferences::getBoolean (21 bytes)
Event: 33.816 Thread 0x000001befc51c900 nmethod 12875 0x000001beec243490 code [0x000001beec243640, 0x000001beec2437b8]
Event: 33.821 Thread 0x000001befc51c900 12877       1       org.eclipse.jdt.internal.compiler.lookup.ReferenceBinding::getFileName (5 bytes)
Event: 33.821 Thread 0x000001befc51c900 nmethod 12877 0x000001bef2d0ce90 code [0x000001bef2d0d020, 0x000001bef2d0d0f8]
Event: 33.823 Thread 0x000001befc51c900 12878       3       org.eclipse.jdt.internal.core.util.MementoTokenizer::nextToken (647 bytes)
Event: 33.823 Thread 0x000001be92952880 nmethod 12604 0x000001bef2d0d190 code [0x000001bef2d0d380, 0x000001bef2d0d900]
Event: 33.823 Thread 0x000001be92952880 12876       4       lombok.core.LombokImmutableList::iterator (9 bytes)
Event: 33.824 Thread 0x000001be92952880 nmethod 12876 0x000001bef2d0e010 code [0x000001bef2d0e1a0, 0x000001bef2d0e278]
Event: 33.825 Thread 0x000001be92952880 11942       4       java.util.concurrent.atomic.AtomicLong::incrementAndGet (14 bytes)
Event: 33.825 Thread 0x000001befc51c900 nmethod 12878 0x000001beec243890 code [0x000001beec243c00, 0x000001beec245078]
Event: 33.825 Thread 0x000001be92952880 nmethod 11942 0x000001bef2d0e310 code [0x000001bef2d0e480, 0x000001bef2d0e518]
Event: 33.825 Thread 0x000001be92952880 11825       4       org.eclipse.jdt.internal.compiler.lookup.ReferenceBinding::isInterface (15 bytes)
Event: 33.825 Thread 0x000001be92952880 nmethod 11825 0x000001bef2d0e610 code [0x000001bef2d0e780, 0x000001bef2d0e818]
Event: 33.825 Thread 0x000001be92952880 12363       4       java.util.Collections$UnmodifiableMap::hashCode (10 bytes)
Event: 33.831 Thread 0x000001befc51c900 12880       3       org.eclipse.jdt.internal.compiler.lookup.MethodBinding::isConstructor (14 bytes)
Event: 33.832 Thread 0x000001befc51c900 nmethod 12880 0x000001beec245590 code [0x000001beec245720, 0x000001beec245898]

GC Heap History (20 events):
Event: 31.820 GC heap after
{Heap after GC invocations=251 (full 7):
 PSYoungGen      total 17920K, used 0K [0x00000000eab00000, 0x00000000ec280000, 0x0000000100000000)
  eden space 11776K, 0% used [0x00000000eab00000,0x00000000eab00000,0x00000000eb680000)
  from space 6144K, 0% used [0x00000000ebc80000,0x00000000ebc80000,0x00000000ec280000)
  to   space 6144K, 0% used [0x00000000eb680000,0x00000000eb680000,0x00000000ebc80000)
 ParOldGen       total 114176K, used 87061K [0x00000000c0000000, 0x00000000c6f80000, 0x00000000eab00000)
  object space 114176K, 76% used [0x00000000c0000000,0x00000000c5505538,0x00000000c6f80000)
 Metaspace       used 71125K, committed 72384K, reserved 1114112K
  class space    used 7342K, committed 7872K, reserved 1048576K
}
Event: 31.982 GC heap before
{Heap before GC invocations=252 (full 7):
 PSYoungGen      total 17920K, used 11776K [0x00000000eab00000, 0x00000000ec280000, 0x0000000100000000)
  eden space 11776K, 100% used [0x00000000eab00000,0x00000000eb680000,0x00000000eb680000)
  from space 6144K, 0% used [0x00000000ebc80000,0x00000000ebc80000,0x00000000ec280000)
  to   space 6144K, 0% used [0x00000000eb680000,0x00000000eb680000,0x00000000ebc80000)
 ParOldGen       total 114176K, used 87061K [0x00000000c0000000, 0x00000000c6f80000, 0x00000000eab00000)
  object space 114176K, 76% used [0x00000000c0000000,0x00000000c5505538,0x00000000c6f80000)
 Metaspace       used 71583K, committed 72832K, reserved 1114112K
  class space    used 7382K, committed 7936K, reserved 1048576K
}
Event: 31.986 GC heap after
{Heap after GC invocations=252 (full 7):
 PSYoungGen      total 13312K, used 1497K [0x00000000eab00000, 0x00000000ebd00000, 0x0000000100000000)
  eden space 11776K, 0% used [0x00000000eab00000,0x00000000eab00000,0x00000000eb680000)
  from space 1536K, 97% used [0x00000000eb680000,0x00000000eb7f64c0,0x00000000eb800000)
  to   space 3072K, 0% used [0x00000000eba00000,0x00000000eba00000,0x00000000ebd00000)
 ParOldGen       total 114176K, used 87061K [0x00000000c0000000, 0x00000000c6f80000, 0x00000000eab00000)
  object space 114176K, 76% used [0x00000000c0000000,0x00000000c5505538,0x00000000c6f80000)
 Metaspace       used 71583K, committed 72832K, reserved 1114112K
  class space    used 7382K, committed 7936K, reserved 1048576K
}
Event: 32.263 GC heap before
{Heap before GC invocations=253 (full 7):
 PSYoungGen      total 13312K, used 13273K [0x00000000eab00000, 0x00000000ebd00000, 0x0000000100000000)
  eden space 11776K, 100% used [0x00000000eab00000,0x00000000eb680000,0x00000000eb680000)
  from space 1536K, 97% used [0x00000000eb680000,0x00000000eb7f64c0,0x00000000eb800000)
  to   space 3072K, 0% used [0x00000000eba00000,0x00000000eba00000,0x00000000ebd00000)
 ParOldGen       total 114176K, used 87061K [0x00000000c0000000, 0x00000000c6f80000, 0x00000000eab00000)
  object space 114176K, 76% used [0x00000000c0000000,0x00000000c5505538,0x00000000c6f80000)
 Metaspace       used 72096K, committed 73280K, reserved 1114112K
  class space    used 7424K, committed 7936K, reserved 1048576K
}
Event: 32.269 GC heap after
{Heap after GC invocations=253 (full 7):
 PSYoungGen      total 13824K, used 2032K [0x00000000eab00000, 0x00000000ebc00000, 0x0000000100000000)
  eden space 11776K, 0% used [0x00000000eab00000,0x00000000eab00000,0x00000000eb680000)
  from space 2048K, 99% used [0x00000000eba00000,0x00000000ebbfc380,0x00000000ebc00000)
  to   space 2560K, 0% used [0x00000000eb700000,0x00000000eb700000,0x00000000eb980000)
 ParOldGen       total 114176K, used 87069K [0x00000000c0000000, 0x00000000c6f80000, 0x00000000eab00000)
  object space 114176K, 76% used [0x00000000c0000000,0x00000000c5507538,0x00000000c6f80000)
 Metaspace       used 72096K, committed 73280K, reserved 1114112K
  class space    used 7424K, committed 7936K, reserved 1048576K
}
Event: 32.416 GC heap before
{Heap before GC invocations=254 (full 7):
 PSYoungGen      total 13824K, used 13808K [0x00000000eab00000, 0x00000000ebc00000, 0x0000000100000000)
  eden space 11776K, 100% used [0x00000000eab00000,0x00000000eb680000,0x00000000eb680000)
  from space 2048K, 99% used [0x00000000eba00000,0x00000000ebbfc380,0x00000000ebc00000)
  to   space 2560K, 0% used [0x00000000eb700000,0x00000000eb700000,0x00000000eb980000)
 ParOldGen       total 114176K, used 87069K [0x00000000c0000000, 0x00000000c6f80000, 0x00000000eab00000)
  object space 114176K, 76% used [0x00000000c0000000,0x00000000c5507538,0x00000000c6f80000)
 Metaspace       used 72448K, committed 73728K, reserved 1179648K
  class space    used 7456K, committed 8000K, reserved 1048576K
}
Event: 32.420 GC heap after
{Heap after GC invocations=254 (full 7):
 PSYoungGen      total 14336K, used 2537K [0x00000000eab00000, 0x00000000ebd80000, 0x0000000100000000)
  eden space 11776K, 0% used [0x00000000eab00000,0x00000000eab00000,0x00000000eb680000)
  from space 2560K, 99% used [0x00000000eb700000,0x00000000eb97a770,0x00000000eb980000)
  to   space 3584K, 0% used [0x00000000eba00000,0x00000000eba00000,0x00000000ebd80000)
 ParOldGen       total 114176K, used 87477K [0x00000000c0000000, 0x00000000c6f80000, 0x00000000eab00000)
  object space 114176K, 76% used [0x00000000c0000000,0x00000000c556d558,0x00000000c6f80000)
 Metaspace       used 72448K, committed 73728K, reserved 1179648K
  class space    used 7456K, committed 8000K, reserved 1048576K
}
Event: 32.496 GC heap before
{Heap before GC invocations=255 (full 7):
 PSYoungGen      total 14336K, used 14313K [0x00000000eab00000, 0x00000000ebd80000, 0x0000000100000000)
  eden space 11776K, 100% used [0x00000000eab00000,0x00000000eb680000,0x00000000eb680000)
  from space 2560K, 99% used [0x00000000eb700000,0x00000000eb97a770,0x00000000eb980000)
  to   space 3584K, 0% used [0x00000000eba00000,0x00000000eba00000,0x00000000ebd80000)
 ParOldGen       total 114176K, used 87477K [0x00000000c0000000, 0x00000000c6f80000, 0x00000000eab00000)
  object space 114176K, 76% used [0x00000000c0000000,0x00000000c556d558,0x00000000c6f80000)
 Metaspace       used 72469K, committed 73792K, reserved 1179648K
  class space    used 7457K, committed 8000K, reserved 1048576K
}
Event: 32.502 GC heap after
{Heap after GC invocations=255 (full 7):
 PSYoungGen      total 15360K, used 3197K [0x00000000eab00000, 0x00000000ebd80000, 0x0000000100000000)
  eden space 11776K, 0% used [0x00000000eab00000,0x00000000eab00000,0x00000000eb680000)
  from space 3584K, 89% used [0x00000000eba00000,0x00000000ebd1f658,0x00000000ebd80000)
  to   space 3584K, 0% used [0x00000000eb680000,0x00000000eb680000,0x00000000eba00000)
 ParOldGen       total 114176K, used 87477K [0x00000000c0000000, 0x00000000c6f80000, 0x00000000eab00000)
  object space 114176K, 76% used [0x00000000c0000000,0x00000000c556d558,0x00000000c6f80000)
 Metaspace       used 72469K, committed 73792K, reserved 1179648K
  class space    used 7457K, committed 8000K, reserved 1048576K
}
Event: 32.851 GC heap before
{Heap before GC invocations=256 (full 7):
 PSYoungGen      total 15360K, used 14973K [0x00000000eab00000, 0x00000000ebd80000, 0x0000000100000000)
  eden space 11776K, 100% used [0x00000000eab00000,0x00000000eb680000,0x00000000eb680000)
  from space 3584K, 89% used [0x00000000eba00000,0x00000000ebd1f658,0x00000000ebd80000)
  to   space 3584K, 0% used [0x00000000eb680000,0x00000000eb680000,0x00000000eba00000)
 ParOldGen       total 114176K, used 87477K [0x00000000c0000000, 0x00000000c6f80000, 0x00000000eab00000)
  object space 114176K, 76% used [0x00000000c0000000,0x00000000c556d558,0x00000000c6f80000)
 Metaspace       used 72641K, committed 73920K, reserved 1179648K
  class space    used 7457K, committed 8000K, reserved 1048576K
}
Event: 32.860 GC heap after
{Heap after GC invocations=256 (full 7):
 PSYoungGen      total 15360K, used 3561K [0x00000000eab00000, 0x00000000ec080000, 0x0000000100000000)
  eden space 11776K, 0% used [0x00000000eab00000,0x00000000eab00000,0x00000000eb680000)
  from space 3584K, 99% used [0x00000000eb680000,0x00000000eb9fa540,0x00000000eba00000)
  to   space 5120K, 0% used [0x00000000ebb80000,0x00000000ebb80000,0x00000000ec080000)
 ParOldGen       total 114176K, used 88386K [0x00000000c0000000, 0x00000000c6f80000, 0x00000000eab00000)
  object space 114176K, 77% used [0x00000000c0000000,0x00000000c5650868,0x00000000c6f80000)
 Metaspace       used 72641K, committed 73920K, reserved 1179648K
  class space    used 7457K, committed 8000K, reserved 1048576K
}
Event: 33.149 GC heap before
{Heap before GC invocations=257 (full 7):
 PSYoungGen      total 15360K, used 15337K [0x00000000eab00000, 0x00000000ec080000, 0x0000000100000000)
  eden space 11776K, 100% used [0x00000000eab00000,0x00000000eb680000,0x00000000eb680000)
  from space 3584K, 99% used [0x00000000eb680000,0x00000000eb9fa540,0x00000000eba00000)
  to   space 5120K, 0% used [0x00000000ebb80000,0x00000000ebb80000,0x00000000ec080000)
 ParOldGen       total 114176K, used 88386K [0x00000000c0000000, 0x00000000c6f80000, 0x00000000eab00000)
  object space 114176K, 77% used [0x00000000c0000000,0x00000000c5650868,0x00000000c6f80000)
 Metaspace       used 72875K, committed 74240K, reserved 1179648K
  class space    used 7482K, committed 8064K, reserved 1048576K
}
Event: 33.157 GC heap after
{Heap after GC invocations=257 (full 7):
 PSYoungGen      total 13312K, used 5098K [0x00000000eab00000, 0x00000000ec780000, 0x0000000100000000)
  eden space 8192K, 0% used [0x00000000eab00000,0x00000000eab00000,0x00000000eb300000)
  from space 5120K, 99% used [0x00000000ebb80000,0x00000000ec07a968,0x00000000ec080000)
  to   space 8704K, 0% used [0x00000000eb300000,0x00000000eb300000,0x00000000ebb80000)
 ParOldGen       total 114176K, used 91289K [0x00000000c0000000, 0x00000000c6f80000, 0x00000000eab00000)
  object space 114176K, 79% used [0x00000000c0000000,0x00000000c5926638,0x00000000c6f80000)
 Metaspace       used 72875K, committed 74240K, reserved 1179648K
  class space    used 7482K, committed 8064K, reserved 1048576K
}
Event: 33.384 GC heap before
{Heap before GC invocations=258 (full 7):
 PSYoungGen      total 13312K, used 13290K [0x00000000eab00000, 0x00000000ec780000, 0x0000000100000000)
  eden space 8192K, 100% used [0x00000000eab00000,0x00000000eb300000,0x00000000eb300000)
  from space 5120K, 99% used [0x00000000ebb80000,0x00000000ec07a968,0x00000000ec080000)
  to   space 8704K, 0% used [0x00000000eb300000,0x00000000eb300000,0x00000000ebb80000)
 ParOldGen       total 114176K, used 91289K [0x00000000c0000000, 0x00000000c6f80000, 0x00000000eab00000)
  object space 114176K, 79% used [0x00000000c0000000,0x00000000c5926638,0x00000000c6f80000)
 Metaspace       used 72902K, committed 74240K, reserved 1179648K
  class space    used 7487K, committed 8064K, reserved 1048576K
}
Event: 33.395 GC heap after
{Heap after GC invocations=258 (full 7):
 PSYoungGen      total 16896K, used 8676K [0x00000000eab00000, 0x00000000ecb00000, 0x0000000100000000)
  eden space 8192K, 0% used [0x00000000eab00000,0x00000000eab00000,0x00000000eb300000)
  from space 8704K, 99% used [0x00000000eb300000,0x00000000ebb793f8,0x00000000ebb80000)
  to   space 12288K, 0% used [0x00000000ebf00000,0x00000000ebf00000,0x00000000ecb00000)
 ParOldGen       total 114176K, used 93850K [0x00000000c0000000, 0x00000000c6f80000, 0x00000000eab00000)
  object space 114176K, 82% used [0x00000000c0000000,0x00000000c5ba6960,0x00000000c6f80000)
 Metaspace       used 72902K, committed 74240K, reserved 1179648K
  class space    used 7487K, committed 8064K, reserved 1048576K
}
Event: 33.443 GC heap before
{Heap before GC invocations=259 (full 7):
 PSYoungGen      total 16896K, used 14396K [0x00000000eab00000, 0x00000000ecb00000, 0x0000000100000000)
  eden space 8192K, 69% used [0x00000000eab00000,0x00000000eb095cc8,0x00000000eb300000)
  from space 8704K, 99% used [0x00000000eb300000,0x00000000ebb793f8,0x00000000ebb80000)
  to   space 12288K, 0% used [0x00000000ebf00000,0x00000000ebf00000,0x00000000ecb00000)
 ParOldGen       total 114176K, used 93850K [0x00000000c0000000, 0x00000000c6f80000, 0x00000000eab00000)
  object space 114176K, 82% used [0x00000000c0000000,0x00000000c5ba6960,0x00000000c6f80000)
 Metaspace       used 72910K, committed 74240K, reserved 1179648K
  class space    used 7487K, committed 8064K, reserved 1048576K
}
Event: 33.455 GC heap after
{Heap after GC invocations=259 (full 7):
 PSYoungGen      total 17920K, used 9728K [0x00000000eab00000, 0x00000000ec880000, 0x0000000100000000)
  eden space 8192K, 0% used [0x00000000eab00000,0x00000000eab00000,0x00000000eb300000)
  from space 9728K, 100% used [0x00000000ebf00000,0x00000000ec880000,0x00000000ec880000)
  to   space 10752K, 0% used [0x00000000eb380000,0x00000000eb380000,0x00000000ebe00000)
 ParOldGen       total 114176K, used 97527K [0x00000000c0000000, 0x00000000c6f80000, 0x00000000eab00000)
  object space 114176K, 85% used [0x00000000c0000000,0x00000000c5f3dc30,0x00000000c6f80000)
 Metaspace       used 72910K, committed 74240K, reserved 1179648K
  class space    used 7487K, committed 8064K, reserved 1048576K
}
Event: 33.835 GC heap before
{Heap before GC invocations=260 (full 7):
 PSYoungGen      total 17920K, used 17920K [0x00000000eab00000, 0x00000000ec880000, 0x0000000100000000)
  eden space 8192K, 100% used [0x00000000eab00000,0x00000000eb300000,0x00000000eb300000)
  from space 9728K, 100% used [0x00000000ebf00000,0x00000000ec880000,0x00000000ec880000)
  to   space 10752K, 0% used [0x00000000eb380000,0x00000000eb380000,0x00000000ebe00000)
 ParOldGen       total 114176K, used 97527K [0x00000000c0000000, 0x00000000c6f80000, 0x00000000eab00000)
  object space 114176K, 85% used [0x00000000c0000000,0x00000000c5f3dc30,0x00000000c6f80000)
 Metaspace       used 72938K, committed 74304K, reserved 1179648K
  class space    used 7492K, committed 8128K, reserved 1048576K
}
Event: 33.848 GC heap after
{Heap after GC invocations=260 (full 7):
 PSYoungGen      total 9216K, used 539K [0x00000000eab00000, 0x00000000ebf80000, 0x0000000100000000)
  eden space 8192K, 0% used [0x00000000eab00000,0x00000000eab00000,0x00000000eb300000)
  from space 1024K, 52% used [0x00000000eb380000,0x00000000eb406c78,0x00000000eb480000)
  to   space 4096K, 0% used [0x00000000ebb80000,0x00000000ebb80000,0x00000000ebf80000)
 ParOldGen       total 114176K, used 107279K [0x00000000c0000000, 0x00000000c6f80000, 0x00000000eab00000)
  object space 114176K, 93% used [0x00000000c0000000,0x00000000c68c3c30,0x00000000c6f80000)
 Metaspace       used 72938K, committed 74304K, reserved 1179648K
  class space    used 7492K, committed 8128K, reserved 1048576K
}
Event: 33.848 GC heap before
{Heap before GC invocations=261 (full 8):
 PSYoungGen      total 9216K, used 539K [0x00000000eab00000, 0x00000000ebf80000, 0x0000000100000000)
  eden space 8192K, 0% used [0x00000000eab00000,0x00000000eab00000,0x00000000eb300000)
  from space 1024K, 52% used [0x00000000eb380000,0x00000000eb406c78,0x00000000eb480000)
  to   space 4096K, 0% used [0x00000000ebb80000,0x00000000ebb80000,0x00000000ebf80000)
 ParOldGen       total 114176K, used 107279K [0x00000000c0000000, 0x00000000c6f80000, 0x00000000eab00000)
  object space 114176K, 93% used [0x00000000c0000000,0x00000000c68c3c30,0x00000000c6f80000)
 Metaspace       used 72938K, committed 74304K, reserved 1179648K
  class space    used 7492K, committed 8128K, reserved 1048576K
}

Dll operation events (10 events):
Event: 0.011 Loaded shared library c:\Users\todo-electro\.vscode\extensions\redhat.java-1.35.1-win32-x64\jre\17.0.12-win32-x86_64\bin\java.dll
Event: 0.175 Loaded shared library c:\Users\todo-electro\.vscode\extensions\redhat.java-1.35.1-win32-x64\jre\17.0.12-win32-x86_64\bin\zip.dll
Event: 0.181 Loaded shared library C:\Users\todo-electro\.vscode\extensions\redhat.java-1.35.1-win32-x64\jre\17.0.12-win32-x86_64\bin\instrument.dll
Event: 0.197 Loaded shared library C:\Users\todo-electro\.vscode\extensions\redhat.java-1.35.1-win32-x64\jre\17.0.12-win32-x86_64\bin\net.dll
Event: 0.200 Loaded shared library C:\Users\todo-electro\.vscode\extensions\redhat.java-1.35.1-win32-x64\jre\17.0.12-win32-x86_64\bin\nio.dll
Event: 0.209 Loaded shared library C:\Users\todo-electro\.vscode\extensions\redhat.java-1.35.1-win32-x64\jre\17.0.12-win32-x86_64\bin\zip.dll
Event: 0.228 Loaded shared library C:\Users\todo-electro\.vscode\extensions\redhat.java-1.35.1-win32-x64\jre\17.0.12-win32-x86_64\bin\jimage.dll
Event: 0.306 Loaded shared library c:\Users\todo-electro\.vscode\extensions\redhat.java-1.35.1-win32-x64\jre\17.0.12-win32-x86_64\bin\verify.dll
Event: 2.136 Loaded shared library C:\Users\todo-electro\AppData\Roaming\Code\User\globalStorage\redhat.java\1.35.1\config_win\org.eclipse.equinox.launcher\org.eclipse.equinox.launcher.win32.win32.x86_64_1.2.1100.v20240722-2106\eclipse_11904.dll
Event: 4.300 Loaded shared library C:\Users\todo-electro\AppData\Local\Temp\jna--1585942139\jna9173662946603213296.dll

Deoptimization events (20 events):
Event: 33.436 Thread 0x000001be857c9810 Uncommon trap: trap_request=0xffffff45 fr.pc=0x000001bef2ce2f9c relative=0x00000000000002fc
Event: 33.436 Thread 0x000001be857c9810 Uncommon trap: reason=unstable_if action=reinterpret pc=0x000001bef2ce2f9c method=org.eclipse.jdt.internal.compiler.util.HashtableOfObject.putUnsafely([CLjava/lang/Object;)V @ 23 c2
Event: 33.436 Thread 0x000001be857c9810 DEOPT PACKING pc=0x000001bef2ce2f9c sp=0x0000000a079fdc10
Event: 33.436 Thread 0x000001be857c9810 DEOPT UNPACKING pc=0x000001bef21366a3 sp=0x0000000a079fdba0 mode 2
Event: 33.442 Thread 0x000001be857c8df0 Uncommon trap: trap_request=0xffffff6e fr.pc=0x000001bef27b360c relative=0x000000000000016c
Event: 33.442 Thread 0x000001be857c8df0 Uncommon trap: reason=loop_limit_check action=maybe_recompile pc=0x000001bef27b360c method=java.lang.StringLatin1.lastIndexOf([BII)I @ 19 c2
Event: 33.443 Thread 0x000001be857c8df0 DEOPT PACKING pc=0x000001bef27b360c sp=0x0000000a078fd870
Event: 33.443 Thread 0x000001be857c8df0 DEOPT UNPACKING pc=0x000001bef21366a3 sp=0x0000000a078fd728 mode 2
Event: 33.465 Thread 0x000001be857c8df0 DEOPT PACKING pc=0x000001beeb13781f sp=0x0000000a078fd320
Event: 33.465 Thread 0x000001be857c8df0 DEOPT UNPACKING pc=0x000001bef2136e43 sp=0x0000000a078fc8a0 mode 0
Event: 33.486 Thread 0x000001be857c8df0 DEOPT PACKING pc=0x000001beec1f7e6a sp=0x0000000a078fd940
Event: 33.486 Thread 0x000001be857c8df0 DEOPT UNPACKING pc=0x000001bef2136e43 sp=0x0000000a078fcdd0 mode 0
Event: 33.586 Thread 0x000001be857c9810 Uncommon trap: trap_request=0xffffff45 fr.pc=0x000001bef2ce5a78 relative=0x00000000000000f8
Event: 33.586 Thread 0x000001be857c9810 Uncommon trap: reason=unstable_if action=reinterpret pc=0x000001bef2ce5a78 method=org.eclipse.jdt.internal.core.index.DiskIndex.readStreamInt(Ljava/io/InputStream;)I @ 10 c2
Event: 33.586 Thread 0x000001be857c9810 DEOPT PACKING pc=0x000001bef2ce5a78 sp=0x0000000a079fdf90
Event: 33.586 Thread 0x000001be857c9810 DEOPT UNPACKING pc=0x000001bef21366a3 sp=0x0000000a079fdf20 mode 2
Event: 33.599 Thread 0x000001befe85f6b0 DEOPT PACKING pc=0x000001beeba6e7a1 sp=0x0000000a06afd2a0
Event: 33.599 Thread 0x000001befe85f6b0 DEOPT UNPACKING pc=0x000001bef2136e43 sp=0x0000000a06afc748 mode 0
Event: 33.604 Thread 0x000001be857c8df0 DEOPT PACKING pc=0x000001beebefa130 sp=0x0000000a078fdae0
Event: 33.604 Thread 0x000001be857c8df0 DEOPT UNPACKING pc=0x000001bef2136e43 sp=0x0000000a078fcf70 mode 0

Classes loaded (20 events):
Event: 32.378 Loading class sun/util/locale/provider/TimeZoneNameProviderImpl done
Event: 32.378 Loading class sun/util/cldr/CLDRTimeZoneNameProviderImpl done
Event: 32.379 Loading class sun/util/locale/provider/BaseLocaleDataMetaInfo
Event: 32.379 Loading class sun/util/locale/provider/BaseLocaleDataMetaInfo done
Event: 32.380 Loading class sun/util/resources/cldr/TimeZoneNames
Event: 32.381 Loading class sun/util/resources/TimeZoneNamesBundle
Event: 32.381 Loading class sun/util/resources/OpenListResourceBundle
Event: 32.381 Loading class sun/util/resources/OpenListResourceBundle done
Event: 32.381 Loading class sun/util/resources/TimeZoneNamesBundle done
Event: 32.381 Loading class sun/util/resources/cldr/TimeZoneNames done
Event: 32.381 Loading class sun/util/resources/cldr/TimeZoneNames_en
Event: 32.383 Loading class sun/util/resources/cldr/TimeZoneNames_en done
Event: 32.383 Loading class sun/util/resources/cldr/TimeZoneNames_en_US
Event: 32.383 Loading class sun/util/resources/cldr/TimeZoneNames_en_US done
Event: 32.385 Loading class sun/util/cldr/CLDRBaseLocaleDataMetaInfo$TZCanonicalIDMapHolder
Event: 32.386 Loading class sun/util/cldr/CLDRBaseLocaleDataMetaInfo$TZCanonicalIDMapHolder done
Event: 32.389 Loading class sun/util/resources/TimeZoneNames
Event: 32.392 Loading class sun/util/resources/TimeZoneNames done
Event: 32.392 Loading class sun/util/resources/TimeZoneNames_en
Event: 32.392 Loading class sun/util/resources/TimeZoneNames_en done

Classes unloaded (9 events):
Event: 6.362 Thread 0x000001bee67c54e0 Unloading class 0x000000010024c400 'java/lang/invoke/LambdaForm$MH+0x000000010024c400'
Event: 6.362 Thread 0x000001bee67c54e0 Unloading class 0x000000010024c000 'java/lang/invoke/LambdaForm$MH+0x000000010024c000'
Event: 6.362 Thread 0x000001bee67c54e0 Unloading class 0x000000010024bc00 'java/lang/invoke/LambdaForm$MH+0x000000010024bc00'
Event: 6.362 Thread 0x000001bee67c54e0 Unloading class 0x000000010024b800 'java/lang/invoke/LambdaForm$MH+0x000000010024b800'
Event: 6.362 Thread 0x000001bee67c54e0 Unloading class 0x000000010024b400 'java/lang/invoke/LambdaForm$BMH+0x000000010024b400'
Event: 6.362 Thread 0x000001bee67c54e0 Unloading class 0x000000010024b000 'java/lang/invoke/LambdaForm$DMH+0x000000010024b000'
Event: 6.362 Thread 0x000001bee67c54e0 Unloading class 0x0000000100248400 'java/lang/invoke/LambdaForm$DMH+0x0000000100248400'
Event: 13.962 Thread 0x000001bee67c54e0 Unloading class 0x000000010064e800 'jdk/internal/reflect/GeneratedSerializationConstructorAccessor27'
Event: 13.962 Thread 0x000001bee67c54e0 Unloading class 0x000000010064e400 'jdk/internal/reflect/GeneratedSerializationConstructorAccessor25'

Classes redefined (0 events):
No events

Internal exceptions (20 events):
Event: 28.787 Thread 0x000001befe85ec90 Implicit null exception at 0x000001bef2ac289b to 0x000001bef2ac29e4
Event: 29.836 Thread 0x000001be857c9810 Exception <a 'java/lang/LinkageError'{0x00000000eb65bb80}: loader lombok.launch.ShadowClassLoader @1806e5e6 attempted duplicate class definition for lombok.launch.PatchFixesHider$Val. (lombok.launch.PatchFixesHider$Val is in unnamed module of loader lombok.launch.ShadowClassLoader @1806e5e6, parent loader org.eclipse.osgi.internal.loader.EquinoxClassLoader @3b08980c)> (0x00000000eb65bb80) 
thrown [s\src\hotspot\share\classfile\systemDictionary.cpp, line 1723]
Event: 29.836 Thread 0x000001be857c8df0 Exception <a 'java/lang/LinkageError'{0x00000000eb6702f8}: loader lombok.launch.ShadowClassLoader @1806e5e6 attempted duplicate class definition for lombok.launch.PatchFixesHider$Val. (lombok.launch.PatchFixesHider$Val is in unnamed module of loader lombok.launch.ShadowClassLoader @1806e5e6, parent loader org.eclipse.osgi.internal.loader.EquinoxClassLoader @3b08980c)> (0x00000000eb6702f8) 
thrown [s\src\hotspot\share\classfile\systemDictionary.cpp, line 1723]
Event: 30.354 Thread 0x000001be857c8df0 Exception <a 'java/lang/LinkageError'{0x00000000eacd37a8}: loader lombok.launch.ShadowClassLoader @1806e5e6 attempted duplicate class definition for lombok.launch.PatchFixesHider$ExtensionMethod. (lombok.launch.PatchFixesHider$ExtensionMethod is in unnamed module of loader lombok.launch.ShadowClassLoader @1806e5e6, parent loader org.eclipse.osgi.internal.loader.EquinoxClassLoader @3b08980c)> (0x00000000eacd37a8) 
thrown [s\src\hotspot\share\classfile\systemDictionary.cpp, line 1723]
Event: 30.729 Thread 0x000001be857c83d0 Exception <a 'java/lang/NoSuchMethodError'{0x00000000eb5c6408}: 'int java.lang.invoke.DirectMethodHandle$Holder.invokeStatic(java.lang.Object, int, java.lang.Object)'> (0x00000000eb5c6408) 
thrown [s\src\hotspot\share\interpreter\linkResolver.cpp, line 759]
Event: 30.801 Thread 0x000001be857c83d0 Implicit null exception at 0x000001bef2ae1f5d to 0x000001bef2ae2428
Event: 30.888 Thread 0x000001be857c8df0 Exception <a 'java/lang/LinkageError'{0x00000000eb77ec40}: loader lombok.launch.ShadowClassLoader @4173b832 attempted duplicate class definition for lombok.eclipse.agent.PatchDiagnostics. (lombok.eclipse.agent.PatchDiagnostics is in unnamed module of loader lombok.launch.ShadowClassLoader @4173b832, parent loader org.eclipse.osgi.internal.loader.EquinoxClassLoader @62ef0f83)> (0x00000000eb77ec40) 
thrown [s\src\hotspot\share\classfile\systemDictionary.cpp, line 1723]
Event: 30.905 Thread 0x000001befe85ec90 Exception <a 'java/io/FileNotFoundException'{0x00000000eabac640}> (0x00000000eabac640) 
thrown [s\src\hotspot\share\prims\jni.cpp, line 516]
Event: 30.907 Thread 0x000001befe85ec90 Exception <a 'java/io/FileNotFoundException'{0x00000000eabad788}> (0x00000000eabad788) 
thrown [s\src\hotspot\share\prims\jni.cpp, line 516]
Event: 30.908 Thread 0x000001befe85ec90 Exception <a 'java/io/FileNotFoundException'{0x00000000eabae558}> (0x00000000eabae558) 
thrown [s\src\hotspot\share\prims\jni.cpp, line 516]
Event: 30.929 Thread 0x000001be857c8df0 Exception <a 'java/lang/LinkageError'{0x00000000eadcb448}: loader lombok.launch.ShadowClassLoader @4173b832 attempted duplicate class definition for lombok.eclipse.EcjAugments. (lombok.eclipse.EcjAugments is in unnamed module of loader lombok.launch.ShadowClassLoader @4173b832, parent loader org.eclipse.osgi.internal.loader.EquinoxClassLoader @62ef0f83)> (0x00000000eadcb448) 
thrown [s\src\hotspot\share\classfile\systemDictionary.cpp, line 1723]
Event: 30.949 Thread 0x000001be857c9810 Exception <a 'java/lang/LinkageError'{0x00000000eae84d30}: loader lombok.launch.ShadowClassLoader @4173b832 attempted duplicate class definition for lombok.launch.PatchFixesHider$ValPortal. (lombok.launch.PatchFixesHider$ValPortal is in unnamed module of loader lombok.launch.ShadowClassLoader @4173b832, parent loader org.eclipse.osgi.internal.loader.EquinoxClassLoader @62ef0f83)> (0x00000000eae84d30) 
thrown [s\src\hotspot\share\classfile\systemDictionary.cpp, line 1723]
Event: 31.010 Thread 0x000001be857c83d0 Exception <a 'java/lang/LinkageError'{0x00000000eb0e6f20}: loader lombok.launch.ShadowClassLoader @4173b832 attempted duplicate class definition for lombok.eclipse.EcjAugments. (lombok.eclipse.EcjAugments is in unnamed module of loader lombok.launch.ShadowClassLoader @4173b832, parent loader org.eclipse.osgi.internal.loader.EquinoxClassLoader @62ef0f83)> (0x00000000eb0e6f20) 
thrown [s\src\hotspot\share\classfile\systemDictionary.cpp, line 1723]
Event: 31.900 Thread 0x000001be857c8df0 Implicit null exception at 0x000001bef2b1582c to 0x000001bef2b1588c
Event: 31.913 Thread 0x000001be857c83d0 Exception <a 'java/lang/ArrayIndexOutOfBoundsException'{0x00000000eb3159e0}> (0x00000000eb3159e0) 
thrown [s\src\hotspot\share\runtime\sharedRuntime.cpp, line 631]
Event: 32.068 Thread 0x000001befe85f6b0 Implicit null exception at 0x000001bef288d09f to 0x000001bef288d398
Event: 32.068 Thread 0x000001befe85f6b0 Implicit null exception at 0x000001bef2ac899f to 0x000001bef2ac8c98
Event: 32.274 Thread 0x000001be857c9810 Implicit null exception at 0x000001bef296a411 to 0x000001bef296a558
Event: 32.740 Thread 0x000001be857c8df0 Implicit null exception at 0x000001bef2c3ae11 to 0x000001bef2c3aea0
Event: 33.103 Thread 0x000001be857c83d0 Exception <a 'java/lang/NoSuchMethodError'{0x00000000eb2892e8}: 'java.lang.Object java.lang.invoke.DirectMethodHandle$Holder.invokeStatic(java.lang.Object, int, java.lang.Object)'> (0x00000000eb2892e8) 
thrown [s\src\hotspot\share\interpreter\linkResolver.cpp, line 759]

VM Operations (20 events):
Event: 32.287 Executing VM operation: ParallelGCFailedAllocation done
Event: 32.416 Executing VM operation: ParallelGCFailedAllocation
Event: 32.427 Executing VM operation: ParallelGCFailedAllocation done
Event: 32.492 Executing VM operation: ParallelGCFailedAllocation
Event: 32.512 Executing VM operation: ParallelGCFailedAllocation done
Event: 32.550 Executing VM operation: HandshakeAllThreads
Event: 32.552 Executing VM operation: HandshakeAllThreads done
Event: 32.729 Executing VM operation: ICBufferFull
Event: 32.732 Executing VM operation: ICBufferFull done
Event: 32.769 Executing VM operation: HandshakeAllThreads
Event: 32.805 Executing VM operation: HandshakeAllThreads done
Event: 32.851 Executing VM operation: ParallelGCFailedAllocation
Event: 32.861 Executing VM operation: ParallelGCFailedAllocation done
Event: 33.133 Executing VM operation: ParallelGCFailedAllocation
Event: 33.181 Executing VM operation: ParallelGCFailedAllocation done
Event: 33.348 Executing VM operation: ParallelGCFailedAllocation
Event: 33.430 Executing VM operation: ParallelGCFailedAllocation done
Event: 33.443 Executing VM operation: ParallelGCFailedAllocation
Event: 33.455 Executing VM operation: ParallelGCFailedAllocation done
Event: 33.835 Executing VM operation: ParallelGCFailedAllocation

Events (20 events):
Event: 28.630 Thread 0x000001befc521a10 flushing nmethod 0x000001beebcfdd10
Event: 28.631 Thread 0x000001befc521a10 flushing nmethod 0x000001beebe06c10
Event: 28.631 Thread 0x000001befc521a10 flushing nmethod 0x000001beebe1c210
Event: 28.631 Thread 0x000001befc521a10 flushing nmethod 0x000001beebe20d10
Event: 28.631 Thread 0x000001befc521a10 flushing nmethod 0x000001beebe28e10
Event: 28.631 Thread 0x000001befc521a10 flushing nmethod 0x000001beebe44b10
Event: 28.631 Thread 0x000001befc521a10 flushing nmethod 0x000001beebe64c10
Event: 28.631 Thread 0x000001befc521a10 flushing nmethod 0x000001beebe82990
Event: 32.040 Thread 0x000001be857cd9e0 Thread exited: 0x000001be857cd9e0
Event: 32.040 Thread 0x000001be857ca230 Thread exited: 0x000001be857ca230
Event: 32.040 Thread 0x000001be857c6060 Thread exited: 0x000001be857c6060
Event: 32.040 Thread 0x000001be857c9d20 Thread exited: 0x000001be857c9d20
Event: 32.040 Thread 0x000001be857c6570 Thread exited: 0x000001be857c6570
Event: 32.555 Thread 0x000001befc521a10 flushing nmethod 0x000001bef2b65410
Event: 32.568 Thread 0x000001befc521a10 flushing nmethod 0x000001beeba36990
Event: 32.572 Thread 0x000001befc521a10 flushing nmethod 0x000001beebe17690
Event: 32.572 Thread 0x000001befc521a10 flushing nmethod 0x000001beebe1fe10
Event: 32.572 Thread 0x000001befc521a10 flushing nmethod 0x000001beebe87910
Event: 32.572 Thread 0x000001befc521a10 flushing nmethod 0x000001beebe93790
Event: 32.572 Thread 0x000001befc521a10 flushing nmethod 0x000001beebeab690


Dynamic libraries:
0x00007ff6bead0000 - 0x00007ff6beade000 	c:\Users\todo-electro\.vscode\extensions\redhat.java-1.35.1-win32-x64\jre\17.0.12-win32-x86_64\bin\java.exe
0x00007ffef7f10000 - 0x00007ffef8108000 	C:\Windows\SYSTEM32\ntdll.dll
0x00007ffef7db0000 - 0x00007ffef7e72000 	C:\Windows\System32\KERNEL32.DLL
0x00007ffef5750000 - 0x00007ffef5a4e000 	C:\Windows\System32\KERNELBASE.dll
0x00007ffef5b10000 - 0x00007ffef5c10000 	C:\Windows\System32\ucrtbase.dll
0x00007ffee5c90000 - 0x00007ffee5ca7000 	c:\Users\todo-electro\.vscode\extensions\redhat.java-1.35.1-win32-x64\jre\17.0.12-win32-x86_64\bin\jli.dll
0x00007ffef66b0000 - 0x00007ffef684d000 	C:\Windows\System32\USER32.dll
0x00007ffef5de0000 - 0x00007ffef5e02000 	C:\Windows\System32\win32u.dll
0x00007ffef7ea0000 - 0x00007ffef7ecb000 	C:\Windows\System32\GDI32.dll
0x00007ffef5e10000 - 0x00007ffef5f27000 	C:\Windows\System32\gdi32full.dll
0x00007ffef5600000 - 0x00007ffef569d000 	C:\Windows\System32\msvcp_win.dll
0x00007ffecd4b0000 - 0x00007ffecd4cb000 	c:\Users\todo-electro\.vscode\extensions\redhat.java-1.35.1-win32-x64\jre\17.0.12-win32-x86_64\bin\VCRUNTIME140.dll
0x00007ffee4510000 - 0x00007ffee47aa000 	C:\Windows\WinSxS\amd64_microsoft.windows.common-controls_6595b64144ccf1df_6.0.19041.4355_none_60b8b9eb71f62e16\COMCTL32.dll
0x00007ffef69d0000 - 0x00007ffef6a6e000 	C:\Windows\System32\msvcrt.dll
0x00007ffef73c0000 - 0x00007ffef73ef000 	C:\Windows\System32\IMM32.DLL
0x00007ffeef750000 - 0x00007ffeef75c000 	c:\Users\todo-electro\.vscode\extensions\redhat.java-1.35.1-win32-x64\jre\17.0.12-win32-x86_64\bin\vcruntime140_1.dll
0x00007ffecd260000 - 0x00007ffecd2ed000 	c:\Users\todo-electro\.vscode\extensions\redhat.java-1.35.1-win32-x64\jre\17.0.12-win32-x86_64\bin\msvcp140.dll
0x00007ffe96980000 - 0x00007ffe975ea000 	c:\Users\todo-electro\.vscode\extensions\redhat.java-1.35.1-win32-x64\jre\17.0.12-win32-x86_64\bin\server\jvm.dll
0x00007ffef76f0000 - 0x00007ffef77a2000 	C:\Windows\System32\ADVAPI32.dll
0x00007ffef74a0000 - 0x00007ffef7540000 	C:\Windows\System32\sechost.dll
0x00007ffef7100000 - 0x00007ffef7223000 	C:\Windows\System32\RPCRT4.dll
0x00007ffef5ae0000 - 0x00007ffef5b07000 	C:\Windows\System32\bcrypt.dll
0x00007ffef7090000 - 0x00007ffef70fb000 	C:\Windows\System32\WS2_32.dll
0x00007ffef5410000 - 0x00007ffef545b000 	C:\Windows\SYSTEM32\POWRPROF.dll
0x00007ffee56f0000 - 0x00007ffee5717000 	C:\Windows\SYSTEM32\WINMM.dll
0x00007ffee5a90000 - 0x00007ffee5a9a000 	C:\Windows\SYSTEM32\VERSION.dll
0x00007ffef53f0000 - 0x00007ffef5402000 	C:\Windows\SYSTEM32\UMPDC.dll
0x00007ffef3430000 - 0x00007ffef3442000 	C:\Windows\SYSTEM32\kernel.appcore.dll
0x00007ffece130000 - 0x00007ffece13a000 	c:\Users\todo-electro\.vscode\extensions\redhat.java-1.35.1-win32-x64\jre\17.0.12-win32-x86_64\bin\jimage.dll
0x00007ffed7ba0000 - 0x00007ffed7d84000 	C:\Windows\SYSTEM32\DBGHELP.DLL
0x00007ffed7b60000 - 0x00007ffed7b94000 	C:\Windows\SYSTEM32\dbgcore.DLL
0x00007ffef5a50000 - 0x00007ffef5ad2000 	C:\Windows\System32\bcryptPrimitives.dll
0x00007ffecd4a0000 - 0x00007ffecd4ae000 	c:\Users\todo-electro\.vscode\extensions\redhat.java-1.35.1-win32-x64\jre\17.0.12-win32-x86_64\bin\instrument.dll
0x00007ffecd230000 - 0x00007ffecd255000 	c:\Users\todo-electro\.vscode\extensions\redhat.java-1.35.1-win32-x64\jre\17.0.12-win32-x86_64\bin\java.dll
0x00007ffef0ec0000 - 0x00007ffef0ed8000 	c:\Users\todo-electro\.vscode\extensions\redhat.java-1.35.1-win32-x64\jre\17.0.12-win32-x86_64\bin\zip.dll
0x00007ffef5f30000 - 0x00007ffef669f000 	C:\Windows\System32\SHELL32.dll
0x00007ffef3630000 - 0x00007ffef3dd4000 	C:\Windows\SYSTEM32\windows.storage.dll
0x00007ffef6ad0000 - 0x00007ffef6e23000 	C:\Windows\System32\combase.dll
0x00007ffef4f10000 - 0x00007ffef4f3e000 	C:\Windows\SYSTEM32\Wldp.dll
0x00007ffef6e30000 - 0x00007ffef6efd000 	C:\Windows\System32\OLEAUT32.dll
0x00007ffef73f0000 - 0x00007ffef749d000 	C:\Windows\System32\SHCORE.dll
0x00007ffef6970000 - 0x00007ffef69c5000 	C:\Windows\System32\shlwapi.dll
0x00007ffef54e0000 - 0x00007ffef5504000 	C:\Windows\SYSTEM32\profapi.dll
0x00007ffeef940000 - 0x00007ffeef959000 	C:\Users\todo-electro\.vscode\extensions\redhat.java-1.35.1-win32-x64\jre\17.0.12-win32-x86_64\bin\net.dll
0x00007ffeec810000 - 0x00007ffeec91d000 	C:\Windows\SYSTEM32\WINHTTP.dll
0x00007ffef4c70000 - 0x00007ffef4cda000 	C:\Windows\system32\mswsock.dll
0x00007ffeef810000 - 0x00007ffeef826000 	C:\Users\todo-electro\.vscode\extensions\redhat.java-1.35.1-win32-x64\jre\17.0.12-win32-x86_64\bin\nio.dll
0x00007ffef1a30000 - 0x00007ffef1a40000 	c:\Users\todo-electro\.vscode\extensions\redhat.java-1.35.1-win32-x64\jre\17.0.12-win32-x86_64\bin\verify.dll
0x00007ffedb5a0000 - 0x00007ffedb5e5000 	C:\Users\todo-electro\AppData\Roaming\Code\User\globalStorage\redhat.java\1.35.1\config_win\org.eclipse.equinox.launcher\org.eclipse.equinox.launcher.win32.win32.x86_64_1.2.1100.v20240722-2106\eclipse_11904.dll
0x00007ffef6f60000 - 0x00007ffef708b000 	C:\Windows\System32\ole32.dll
0x00007ffef4e60000 - 0x00007ffef4e78000 	C:\Windows\SYSTEM32\CRYPTSP.dll
0x00007ffef4590000 - 0x00007ffef45c4000 	C:\Windows\system32\rsaenh.dll
0x00007ffef54a0000 - 0x00007ffef54ce000 	C:\Windows\SYSTEM32\USERENV.dll
0x00007ffef4e80000 - 0x00007ffef4e8c000 	C:\Windows\SYSTEM32\CRYPTBASE.dll
0x00007ffef4950000 - 0x00007ffef498b000 	C:\Windows\SYSTEM32\IPHLPAPI.DLL
0x00007ffef7e80000 - 0x00007ffef7e88000 	C:\Windows\System32\NSI.dll
0x00007ffeed5a0000 - 0x00007ffeed5b7000 	C:\Windows\SYSTEM32\dhcpcsvc6.DLL
0x00007ffeedb60000 - 0x00007ffeedb7d000 	C:\Windows\SYSTEM32\dhcpcsvc.DLL
0x00007ffef4990000 - 0x00007ffef4a5a000 	C:\Windows\SYSTEM32\DNSAPI.dll
0x00007ffedb220000 - 0x00007ffedb269000 	C:\Users\todo-electro\AppData\Local\Temp\jna--1585942139\jna9173662946603213296.dll
0x00007ffef7e90000 - 0x00007ffef7e98000 	C:\Windows\System32\PSAPI.DLL

dbghelp: loaded successfully - version: 4.0.5 - missing functions: none
symbol engine: initialized successfully - sym options: 0x614 - pdb path: .;c:\Users\todo-electro\.vscode\extensions\redhat.java-1.35.1-win32-x64\jre\17.0.12-win32-x86_64\bin;C:\Windows\SYSTEM32;C:\Windows\WinSxS\amd64_microsoft.windows.common-controls_6595b64144ccf1df_6.0.19041.4355_none_60b8b9eb71f62e16;c:\Users\todo-electro\.vscode\extensions\redhat.java-1.35.1-win32-x64\jre\17.0.12-win32-x86_64\bin\server;C:\Users\todo-electro\AppData\Roaming\Code\User\globalStorage\redhat.java\1.35.1\config_win\org.eclipse.equinox.launcher\org.eclipse.equinox.launcher.win32.win32.x86_64_1.2.1100.v20240722-2106;C:\Users\todo-electro\AppData\Local\Temp\jna--1585942139

VM Arguments:
jvm_args: --add-modules=ALL-SYSTEM --add-opens=java.base/java.util=ALL-UNNAMED --add-opens=java.base/java.lang=ALL-UNNAMED --add-opens=java.base/sun.nio.fs=ALL-UNNAMED -Declipse.application=org.eclipse.jdt.ls.core.id1 -Dosgi.bundles.defaultStartLevel=4 -Declipse.product=org.eclipse.jdt.ls.core.product -Djava.import.generatesMetadataFilesAtProjectRoot=false -DDetectVMInstallationsJob.disabled=true -Dfile.encoding=utf8 -XX:+UseParallelGC -XX:GCTimeRatio=4 -XX:AdaptiveSizePolicyWeight=90 -Dsun.zip.disableMemoryMapping=true -Xmx1G -Xms100m -Xlog:disable -javaagent:c:\Users\todo-electro\.vscode\extensions\redhat.java-1.35.1-win32-x64\lombok\lombok-1.18.33.jar -XX:+HeapDumpOnOutOfMemoryError -XX:HeapDumpPath=c:\Users\todo-electro\AppData\Roaming\Code\User\workspaceStorage\7d49be737cfa8eba95d55698d0fc987f\redhat.java -Daether.dependencyCollector.impl=bf 
java_command: c:\Users\todo-electro\.vscode\extensions\redhat.java-1.35.1-win32-x64\server\plugins\org.eclipse.equinox.launcher_1.6.900.v20240613-2009.jar -configuration c:\Users\todo-electro\AppData\Roaming\Code\User\globalStorage\redhat.java\1.35.1\config_win -data c:\Users\todo-electro\AppData\Roaming\Code\User\workspaceStorage\7d49be737cfa8eba95d55698d0fc987f\redhat.java\jdt_ws --pipe=\\.\pipe\lsp-78e3635d5ff76b812c74d7a701f86357-sock
java_class_path (initial): c:\Users\todo-electro\.vscode\extensions\redhat.java-1.35.1-win32-x64\server\plugins\org.eclipse.equinox.launcher_1.6.900.v20240613-2009.jar
Launcher Type: SUN_STANDARD

[Global flags]
    uintx AdaptiveSizePolicyWeight                 = 90                                        {product} {command line}
     intx CICompilerCount                          = 3                                         {product} {ergonomic}
    uintx GCTimeRatio                              = 4                                         {product} {command line}
     bool HeapDumpOnOutOfMemoryError               = true                                   {manageable} {command line}
    ccstr HeapDumpPath                             = c:\Users\todo-electro\AppData\Roaming\Code\User\workspaceStorage\7d49be737cfa8eba95d55698d0fc987f\redhat.java         {manageable} {command line}
   size_t InitialHeapSize                          = 104857600                                 {product} {command line}
   size_t MaxHeapSize                              = 1073741824                                {product} {command line}
   size_t MaxNewSize                               = 357564416                                 {product} {ergonomic}
   size_t MinHeapDeltaBytes                        = 524288                                    {product} {ergonomic}
   size_t MinHeapSize                              = 104857600                                 {product} {command line}
   size_t NewSize                                  = 34603008                                  {product} {ergonomic}
    uintx NonNMethodCodeHeapSize                   = 5832780                                {pd product} {ergonomic}
    uintx NonProfiledCodeHeapSize                  = 122912730                              {pd product} {ergonomic}
   size_t OldSize                                  = 70254592                                  {product} {ergonomic}
    uintx ProfiledCodeHeapSize                     = 122912730                              {pd product} {ergonomic}
    uintx ReservedCodeCacheSize                    = 251658240                              {pd product} {ergonomic}
     bool SegmentedCodeCache                       = true                                      {product} {ergonomic}
   size_t SoftMaxHeapSize                          = 1073741824                             {manageable} {ergonomic}
     bool UseCompressedClassPointers               = true                           {product lp64_product} {ergonomic}
     bool UseCompressedOops                        = true                           {product lp64_product} {ergonomic}
     bool UseLargePagesIndividualAllocation        = false                                  {pd product} {ergonomic}
     bool UseParallelGC                            = true                                      {product} {command line}

Logging:
Log output configuration:
 #0: stdout all=off uptime,level,tags
 #1: stderr all=off uptime,level,tags

Environment Variables:
PATH=C:\Program Files\OpenLogic\jdk-11.0.21.9-hotspot\bin;C:\Windows\SYSTEM32;C:\Windows;C:\Windows\SYSTEM32\WBEM;C:\Windows\SYSTEM32\WINDOWSPOWERSHELL\V1.0\;C:\Windows\SYSTEM32\OPENSSH\;C:\Program Files\Maven\apache-maven-3.9.6\BIN;C:\PROGRAM FILES\GIT\CMD;C:\Program Files\OpenSSL-Win64\bin\BIN;C:\Program Files\PostgreSQL\10\BIN;C:\Program Files\OpenSSL-Win64\bin;C:\Program Files\Git\cmd;C:\Program Files\nodejs\;C:\Users\todo-electro\AppData\Local\Microsoft\WindowsApps;;C:\Users\todo-electro\AppData\Local\Programs\Microsoft VS Code\bin;C:\Program Files\JetBrains\IntelliJ IDEA Community Edition 2023.3.2\bin;;C:\Users\todo-electro\AppData\Roaming\npm
USERNAME=todo-electro
OS=Windows_NT
PROCESSOR_IDENTIFIER=Intel64 Family 6 Model 42 Stepping 7, GenuineIntel
TMP=C:\Users\TODO-E~1\AppData\Local\Temp
TEMP=C:\Users\TODO-E~1\AppData\Local\Temp



Periodic native trim disabled


---------------  S Y S T E M  ---------------

OS:
 Windows 10 , 64 bit Build 19041 (10.0.19041.4957)
OS uptime: 0 days 0:27 hours

CPU: total 4 (initial active 4) (4 cores per cpu, 2 threads per core) family 6 model 42 stepping 7 microcode 0x2f, cx8, cmov, fxsr, ht, mmx, sse, sse2, sse3, ssse3, sse4.1, sse4.2, popcnt, tsc, tscinvbit, avx, aes, clmul, vzeroupper, clflush
Processor Information for all 4 processors :
  Max Mhz: 2001, Current Mhz: 2000, Mhz Limit: 1980

Memory: 4k page, system-wide physical 8105M (1131M free)
TotalPageFile size 15529M (AvailPageFile size 6539M)
current process WorkingSet (physical memory assigned to process): 381M, peak: 389M
current process commit charge ("private bytes"): 413M, peak: 425M

vm_info: OpenJDK 64-Bit Server VM (17.0.12+7) for windows-amd64 JRE (17.0.12+7), built on Jul 16 2024 22:08:24 by "admin" with MS VC++ 16.10 / 16.11 (VS2019)

END.
