#
# A fatal error has been detected by the Java Runtime Environment:
#
#  EXCEPTION_ACCESS_VIOLATION (0xc0000005) at pc=0x00007ffd1ae4cac8, pid=9076, tid=10584
#
# JRE version: OpenJDK Runtime Environment Temurin-17.0.12+7 (17.0.12+7) (build 17.0.12+7)
# Java VM: OpenJDK 64-Bit Server VM Temurin-17.0.12+7 (17.0.12+7, mixed mode, tiered, compressed oops, compressed class ptrs, parallel gc, windows-amd64)
# Problematic frame:
# V  [jvm.dll+0xcac8]
#
# No core dump will be written. Minidumps are not enabled by default on client versions of Windows
#
# If you would like to submit a bug report, please visit:
#   https://github.com/adoptium/adoptium-support/issues
#

---------------  S U M M A R Y ------------

Command Line: --add-modules=ALL-SYSTEM --add-opens=java.base/java.util=ALL-UNNAMED --add-opens=java.base/java.lang=ALL-UNNAMED --add-opens=java.base/sun.nio.fs=ALL-UNNAMED -Declipse.application=org.eclipse.jdt.ls.core.id1 -Dosgi.bundles.defaultStartLevel=4 -Declipse.product=org.eclipse.jdt.ls.core.product -Djava.import.generatesMetadataFilesAtProjectRoot=false -DDetectVMInstallationsJob.disabled=true -Dfile.encoding=utf8 -XX:+UseParallelGC -XX:GCTimeRatio=4 -XX:AdaptiveSizePolicyWeight=90 -Dsun.zip.disableMemoryMapping=true -Xmx1G -Xms100m -Xlog:disable -javaagent:c:\Users\todo-electro\.vscode\extensions\redhat.java-1.34.0-win32-x64\lombok\lombok-1.18.33.jar -XX:+HeapDumpOnOutOfMemoryError -XX:HeapDumpPath=c:\Users\todo-electro\AppData\Roaming\Code\User\workspaceStorage\7d49be737cfa8eba95d55698d0fc987f\redhat.java -Daether.dependencyCollector.impl=bf c:\Users\todo-electro\.vscode\extensions\redhat.java-1.34.0-win32-x64\server\plugins\org.eclipse.equinox.launcher_1.6.900.v20240613-2009.jar -configuration c:\Users\todo-electro\AppData\Roaming\Code\User\globalStorage\redhat.java\1.34.0\config_win -data c:\Users\todo-electro\AppData\Roaming\Code\User\workspaceStorage\7d49be737cfa8eba95d55698d0fc987f\redhat.java\jdt_ws --pipe=\\.\pipe\lsp-1b13502d0a2e5b336730a2c66a0a6f09-sock

Host: Intel(R) Core(TM) i7-2630QM CPU @ 2.00GHz, 4 cores, 7G,  Windows 10 , 64 bit Build 19041 (10.0.19041.4842)
Time: Tue Sep 24 23:47:13 2024 Hora estándar de Argentina elapsed time: 878.286994 seconds (0d 0h 14m 38s)

---------------  T H R E A D  ---------------

Current thread (0x000001a0d0d8c4c0):  GCTaskThread "GC Thread#0" [stack: 0x00000007b8500000,0x00000007b8600000] [id=10584]

Stack: [0x00000007b8500000,0x00000007b8600000],  sp=0x00000007b85ff818,  free space=1022k
Native frames: (J=compiled Java code, j=interpreted, Vv=VM code, C=native code)
V  [jvm.dll+0xcac8]


siginfo: EXCEPTION_ACCESS_VIOLATION (0xc0000005), reading address 0x0000000625616608


Registers:
RAX=0x0000000000000001, RBX=0x00000000c79dec98, RCX=0x0000000000000003, RDX=0x00000000c79dec98
RSP=0x00000007b85ff818, RBP=0x00000007b85ff910, RSI=0x00000000c79e130c, RDI=0x000001a0e4b72f70
R8 =0x0000000625616600, R9 =0x000000000003cef6, R10=0x0000000000000047, R11=0x0000000000000003
R12=0x00000007b86fed88, R13=0x0000000000000010, R14=0x0000000100060830, R15=0x00000000c79e12f0
RIP=0x00007ffd1ae4cac8, EFLAGS=0x0000000000010206


Register to memory mapping:

RIP=0x00007ffd1ae4cac8 jvm.dll
RAX=0x0000000000000001 is an unknown value
RBX=0x00000000c79dec98 is pointing into object: [Ljava.lang.String; 
{0x00000000c79dec90} - klass: 'java/lang/String'[]
 - length: 1
RCX=0x0000000000000003 is an unknown value
RDX=0x00000000c79dec98 is pointing into object: [Ljava.lang.String; 
{0x00000000c79dec90} - klass: 'java/lang/String'[]
 - length: 1
RSP=0x00000007b85ff818 points into unknown readable memory: 0x00007ffd1b4f3d02 | 02 3d 4f 1b fd 7f 00 00
RBP=0x00000007b85ff910 points into unknown readable memory: 0x00007ffd1b7f43d8 | d8 43 7f 1b fd 7f 00 00
RSI=0x00000000c79e130c is pointing into object: java.util.HashMap$Node 
{0x00000000c79e12f0} - klass: 'java/util/HashMap$Node'
 - ---- fields (total size 4 words):
 - final 'hash' 'I' @12  3443527 (348b47)
 - final 'key' 'Ljava/lang/Object;' @16  
[error occurred during error reporting (printing register info), id 0xc0000005, EXCEPTION_ACCESS_VIOLATION (0xc0000005) at pc=0x00007ffd1b4ac083]

Top of Stack: (sp=0x00000007b85ff818)
0x00000007b85ff818:   00007ffd1b4f3d02 00000000c7f43c40
0x00000007b85ff828:   0000000000000009 00000000c7cd41d0
0x00000007b85ff838:   00007ffd1b4f2aef 000001a0e4b72f70
0x00000007b85ff848:   00007ffd1b4f15b2 00000000c79dec98
0x00000007b85ff858:   00007ffd1b4f339e 00000000c7cd41d0
0x00000007b85ff868:   00007ffd1b4f285f 0000000100060828
0x00000007b85ff878:   00007ffd1b4f1e2e 00000000c79e1300
0x00000007b85ff888:   00007ffd1b4f339e 00000000cb340008
0x00000007b85ff898:   00000000cb340004 0000000000000000
0x00000007b85ff8a8:   00007ffd1b974810 000000000001fb9f
0x00000007b85ff8b8:   00007ffd1b4f36e4 00007ffd1b7f43d8
0x00000007b85ff8c8:   000001a0e4b72f70 00007ffd1b75eb80
0x00000007b85ff8d8:   000000000001fba2 00000000ca02cd00
0x00000007b85ff8e8:   00007ffd00008800 000001a000000003
0x00000007b85ff8f8:   000001a0e4b72f70 0000000000000000
0x00000007b85ff908:   0000000000000000 00007ffd1b7f43d8
0x00000007b85ff918:   000001a0d0d8dd60 000001a000000003
0x00000007b85ff928:   000001a0e4b72f70 0000000000000000
0x00000007b85ff938:   0000000000000000 0000000000000003
0x00000007b85ff948:   00000000ca030d10 00000000ca030d10
0x00000007b85ff958:   000000000000000c 000001a0e4b72f70
0x00000007b85ff968:   00007ffd1b4fa94c 00000000cb38e7c8
0x00000007b85ff978:   000458850001fa0e 0000302f00000684
0x00000007b85ff988:   00000000cb38e7c8 00000000ca02cd00
0x00000007b85ff998:   00007ffd00000800 00007ffd1b7f4bc8
0x00000007b85ff9a8:   00000007b86fec40 0000000000000000
0x00000007b85ff9b8:   0000000000000000 0000000000000003
0x00000007b85ff9c8:   00000007b86fed80 00000007b86fed48
0x00000007b85ff9d8:   00000007b86fec40 00000007b86fec40
0x00000007b85ff9e8:   00007ffd1b4fb7da 0000000000000005
0x00000007b85ff9f8:   00000007b85ffa70 0000000000000000
0x00000007b85ffa08:   000001a0d0d8c4c0 00000007b86ff420 

Instructions: (pc=0x00007ffd1ae4cac8)
0x00007ffd1ae4c9c8:   48 83 c4 20 5e c3 cc cc 48 8b 01 c3 cc cc cc cc
0x00007ffd1ae4c9d8:   cc cc cc cc cc cc cc cc 4c 8b 01 4c 8b c9 48 8b
0x00007ffd1ae4c9e8:   0d a3 e1 b6 00 ba 44 60 08 00 e9 d9 f1 ff ff cc
0x00007ffd1ae4c9f8:   cc cc cc cc cc cc cc cc 48 89 5c 24 08 57 48 83
0x00007ffd1ae4ca08:   ec 20 48 8b 39 48 8b d9 48 85 3d 01 cb bb 00 75
0x00007ffd1ae4ca18:   0e 48 8b c7 48 8b 5c 24 30 48 83 c4 20 5f c3 48
0x00007ffd1ae4ca28:   8b cf e8 81 c0 85 00 48 8b d0 48 85 c0 74 20 48
0x00007ffd1ae4ca38:   8b c7 f0 48 0f b1 13 74 16 48 85 05 d0 ca bb 00
0x00007ffd1ae4ca48:   74 0d 48 8b c8 f0 48 0f b1 13 48 3b c1 75 ea 48
0x00007ffd1ae4ca58:   8b 5c 24 30 48 8b c2 48 83 c4 20 5f c3 cc cc cc
0x00007ffd1ae4ca68:   cc cc cc cc cc cc cc cc 4c 8b 01 4c 8b c9 48 8b
0x00007ffd1ae4ca78:   0d 13 e1 b6 00 ba 64 60 08 00 e9 49 f1 ff ff cc
0x00007ffd1ae4ca88:   cc cc cc cc cc cc cc cc 8b 05 62 28 b1 00 c3 cc
0x00007ffd1ae4ca98:   cc cc cc cc cc cc cc cc 0f b6 05 40 e9 b7 00 48
0x00007ffd1ae4caa8:   8b d1 84 c0 74 16 44 8b 41 08 8b 0d 40 28 b1 00
0x00007ffd1ae4cab8:   49 d3 e0 4c 03 05 2e 28 b1 00 eb 04 4c 8b 41 08
0x00007ffd1ae4cac8:   45 8b 50 08 45 85 d2 7e 0e 41 f6 c2 01 75 53 41
0x00007ffd1ae4cad8:   c1 fa 03 41 8b c2 c3 79 49 84 c0 b9 10 00 00 00
0x00007ffd1ae4cae8:   8b 05 46 37 b1 00 41 b8 0c 00 00 00 41 0f 45 c8
0x00007ffd1ae4caf8:   ff c8 4c 63 c8 48 63 14 11 41 8b ca 83 e1 3f 48
0x00007ffd1ae4cb08:   d3 e2 41 8b ca 48 c1 f9 10 0f b6 c1 49 8d 0c 11
0x00007ffd1ae4cb18:   49 f7 d1 48 03 c1 49 c1 e9 03 48 c1 e8 03 41 23
0x00007ffd1ae4cb28:   c1 c3 49 8b 00 49 8b c8 48 ff a0 00 01 00 00 cc
0x00007ffd1ae4cb38:   cc cc cc cc cc cc cc cc 8b 44 24 30 45 03 c9 44
0x00007ffd1ae4cb48:   2b 4c 24 28 83 c0 0b 44 03 ca 45 03 c8 41 03 c1
0x00007ffd1ae4cb58:   c3 cc cc cc cc cc cc cc 4c 8b ca 48 8b d1 45 8b
0x00007ffd1ae4cb68:   41 08 45 85 c0 7e 0e 41 f6 c0 01 75 56 41 c1 f8
0x00007ffd1ae4cb78:   03 41 8b c0 c3 79 4c 80 3d 61 e8 b7 00 00 b8 0c
0x00007ffd1ae4cb88:   00 00 00 b9 10 00 00 00 0f 45 c8 8b 05 9b 36 b1
0x00007ffd1ae4cb98:   00 ff c8 4c 63 c8 48 63 14 11 41 8b c8 83 e1 3f
0x00007ffd1ae4cba8:   48 d3 e2 41 8b c8 48 c1 f9 10 0f b6 c1 49 8d 0c
0x00007ffd1ae4cbb8:   11 49 f7 d1 48 03 c1 49 c1 e9 03 48 c1 e8 03 41 


Stack slot to memory mapping:
stack at sp + 0 slots: 0x00007ffd1b4f3d02 jvm.dll
stack at sp + 1 slots: 0x00000000c7f43c40 is an oop: org.eclipse.jdt.internal.compiler.classfmt.MethodInfo 
{0x00000000c7f43c40} - klass: 'org/eclipse/jdt/internal/compiler/classfmt/MethodInfo'
 - ---- fields (total size 9 words):
 - 'structOffset' 'I' @12  953 (3b9)
 - 'reference' '[B' @16  [B{0x00000000c22c38c0} (c22c38c0)
 - 'constantPoolOffsets' '[I' @20  [I{0x00000000c7f3eb58} (c7f3eb58)
 - protected 'tagBits' 'J' @24  0 (0 0)
 - protected 'version' 'J' @32  3604480 (370000 0)
 - protected 'accessFlags' 'I' @40  -1 (ffffffff)
 - protected 'attributeBytes' 'I' @44  8
 - protected 'signatureUtf8Offset' 'I' @48  -1 (ffffffff)
 - protected 'descriptor' '[C' @52  [C{0x00000000c7ca5a30} (c7ca5a30)
 - protected volatile 'exceptionNames' '[[C' @56  NULL (0)
 - protected 'name' '[C' @60  [C{0x00000000c760bd78} (c760bd78)
 - protected 'signature' '[C' @64  NULL (0)
 - protected volatile 'argumentNames' '[[C' @68  a {type array char}[0] {0x00000000c0932010} (c0932010)
stack at sp + 2 slots: 0x0000000000000009 is an unknown value
stack at sp + 3 slots: 0x00000000c7cd41d0 is an oop: org.eclipse.jdt.internal.core.util.WeakHashSet$HashableWeakReference 
{0x00000000c7cd41d0} - klass: 'org/eclipse/jdt/internal/core/util/WeakHashSet$HashableWeakReference'
 - ---- fields (total size 4 words):
 - private 'referent' 'Ljava/lang/Object;' @12  "TrustManager"{0x00000000c3fdbe40} (c3fdbe40)
 - volatile 'queue' 'Ljava/lang/ref/ReferenceQueue;' @16  a 'java/lang/ref/ReferenceQueue'{0x00000000c0cec310} (c0cec310)
 - volatile 'next' 'Ljava/lang/ref/Reference;' @20  NULL (0)
 - private transient 'discovered' 'Ljava/lang/ref/Reference;' @24  a 'org/eclipse/jdt/internal/core/util/WeakHashSet$HashableWeakReference'{0x00000000cbc464c8} (cbc464c8)
 - public 'hashCode' 'I' @28  -1149605291 (bb7a6a55)
stack at sp + 4 slots: 0x00007ffd1b4f2aef jvm.dll
stack at sp + 5 slots: 0x000001a0e4b72f70 points into unknown readable memory: 0x000001a0d0e2e2a0 | a0 e2 e2 d0 a0 01 00 00
stack at sp + 6 slots: 0x00007ffd1b4f15b2 jvm.dll
stack at sp + 7 slots: 0x00000000c79dec98 is pointing into object: [Ljava.lang.String; 
{0x00000000c79dec90} - klass: 'java/lang/String'[]
 - length: 1


---------------  P R O C E S S  ---------------

Threads class SMR info:
_java_thread_list=0x000001a0ec9936c0, length=37, elements={
0x000001a0d0d7b710, 0x000001a0d0e33950, 0x000001a0d0e35470, 0x000001a0e4bdbc90,
0x000001a0e4bfe200, 0x000001a0e4bfee90, 0x000001a0e4bff850, 0x000001a0d0e3e740,
0x000001a0e4c1e970, 0x000001a0e9e1e2b0, 0x000001a0d0de13f0, 0x000001a0ea0d6370,
0x000001a0ea8295d0, 0x000001a0ea552010, 0x000001a0ea5524f0, 0x000001a0ea32f6a0,
0x000001a0eaf44840, 0x000001a0ea9d5ee0, 0x000001a0ea9d59d0, 0x000001a0ea9d7830,
0x000001a0ea9d4590, 0x000001a0ea9d4aa0, 0x000001a0ea9d6900, 0x000001a0ea9d4fb0,
0x000001a0ea9d54c0, 0x000001a0eb446f50, 0x000001a0eb445b10, 0x000001a0eb447970,
0x000001a0eb448db0, 0x000001a0eb4497d0, 0x000001a0eb445600, 0x000001a0eb446020,
0x000001a0eb4492c0, 0x000001a0eb4446d0, 0x000001a0eb442d80, 0x000001a0ec9a7880,
0x000001a0ed346050
}

Java Threads: ( => current thread )
  0x000001a0d0d7b710 JavaThread "main" [_thread_blocked, id=10588, stack(0x00000007b8400000,0x00000007b8500000)]
  0x000001a0d0e33950 JavaThread "Reference Handler" daemon [_thread_blocked, id=10596, stack(0x00000007b8700000,0x00000007b8800000)]
  0x000001a0d0e35470 JavaThread "Finalizer" daemon [_thread_blocked, id=8044, stack(0x00000007b8800000,0x00000007b8900000)]
  0x000001a0e4bdbc90 JavaThread "Signal Dispatcher" daemon [_thread_blocked, id=1092, stack(0x00000007b8900000,0x00000007b8a00000)]
  0x000001a0e4bfe200 JavaThread "Attach Listener" daemon [_thread_blocked, id=8944, stack(0x00000007b8a00000,0x00000007b8b00000)]
  0x000001a0e4bfee90 JavaThread "Service Thread" daemon [_thread_blocked, id=7456, stack(0x00000007b8b00000,0x00000007b8c00000)]
  0x000001a0e4bff850 JavaThread "Monitor Deflation Thread" daemon [_thread_blocked, id=7372, stack(0x00000007b8c00000,0x00000007b8d00000)]
  0x000001a0d0e3e740 JavaThread "C2 CompilerThread0" daemon [_thread_blocked, id=9684, stack(0x00000007b8d00000,0x00000007b8e00000)]
  0x000001a0e4c1e970 JavaThread "C1 CompilerThread0" daemon [_thread_blocked, id=10600, stack(0x00000007b8e00000,0x00000007b8f00000)]
  0x000001a0e9e1e2b0 JavaThread "Sweeper thread" daemon [_thread_blocked, id=9556, stack(0x00000007b8f00000,0x00000007b9000000)]
  0x000001a0d0de13f0 JavaThread "Common-Cleaner" daemon [_thread_blocked, id=9564, stack(0x00000007b9000000,0x00000007b9100000)]
  0x000001a0ea0d6370 JavaThread "Notification Thread" daemon [_thread_blocked, id=8972, stack(0x00000007b9100000,0x00000007b9200000)]
  0x000001a0ea8295d0 JavaThread "Active Thread: Equinox Container: 971c82a1-c9a9-43e9-90e8-23d7b23057f1" [_thread_blocked, id=7224, stack(0x00000007b9700000,0x00000007b9800000)]
  0x000001a0ea552010 JavaThread "Framework Event Dispatcher: Equinox Container: 971c82a1-c9a9-43e9-90e8-23d7b23057f1" daemon [_thread_blocked, id=2716, stack(0x00000007b9600000,0x00000007b9700000)]
  0x000001a0ea5524f0 JavaThread "Start Level: Equinox Container: 971c82a1-c9a9-43e9-90e8-23d7b23057f1" daemon [_thread_blocked, id=2040, stack(0x00000007b9800000,0x00000007b9900000)]
  0x000001a0ea32f6a0 JavaThread "Bundle File Closer" daemon [_thread_blocked, id=2024, stack(0x00000007b9900000,0x00000007b9a00000)]
  0x000001a0eaf44840 JavaThread "SCR Component Actor" daemon [_thread_blocked, id=3108, stack(0x00000007b9a00000,0x00000007b9b00000)]
  0x000001a0ea9d5ee0 JavaThread "Worker-JM" [_thread_blocked, id=3260, stack(0x00000007b9d00000,0x00000007b9e00000)]
  0x000001a0ea9d59d0 JavaThread "JNA Cleaner" daemon [_thread_blocked, id=3204, stack(0x00000007b9e00000,0x00000007b9f00000)]
  0x000001a0ea9d7830 JavaThread "Worker-0" [_thread_blocked, id=3240, stack(0x00000007b9f00000,0x00000007ba000000)]
  0x000001a0ea9d4590 JavaThread "Java indexing" daemon [_thread_blocked, id=3484, stack(0x00000007ba100000,0x00000007ba200000)]
  0x000001a0ea9d4aa0 JavaThread "Thread-2" daemon [_thread_in_native, id=5096, stack(0x00000007ba500000,0x00000007ba600000)]
  0x000001a0ea9d6900 JavaThread "Thread-3" daemon [_thread_in_native, id=4840, stack(0x00000007ba600000,0x00000007ba700000)]
  0x000001a0ea9d4fb0 JavaThread "Thread-4" daemon [_thread_blocked, id=5668, stack(0x00000007ba700000,0x00000007ba800000)]
  0x000001a0ea9d54c0 JavaThread "Thread-5" daemon [_thread_in_native, id=5912, stack(0x00000007ba800000,0x00000007ba900000)]
  0x000001a0eb446f50 JavaThread "Thread-6" daemon [_thread_in_native, id=10296, stack(0x00000007ba900000,0x00000007baa00000)]
  0x000001a0eb445b10 JavaThread "pool-2-thread-1" [_thread_blocked, id=7632, stack(0x00000007baa00000,0x00000007bab00000)]
  0x000001a0eb447970 JavaThread "WorkspaceEventsHandler" [_thread_blocked, id=3788, stack(0x00000007bab00000,0x00000007bac00000)]
  0x000001a0eb448db0 JavaThread "pool-1-thread-1" [_thread_blocked, id=8644, stack(0x00000007bac00000,0x00000007bad00000)]
  0x000001a0eb4497d0 JavaThread "ForkJoinPool.commonPool-worker-1" daemon [_thread_blocked, id=5908, stack(0x00000007b9c00000,0x00000007b9d00000)]
  0x000001a0eb445600 JavaThread "ForkJoinPool.commonPool-worker-2" daemon [_thread_blocked, id=4320, stack(0x00000007bae00000,0x00000007baf00000)]
  0x000001a0eb446020 JavaThread "ForkJoinPool.commonPool-worker-3" daemon [_thread_blocked, id=4456, stack(0x00000007baf00000,0x00000007bb000000)]
  0x000001a0eb4492c0 JavaThread "Cleaner-0" daemon [_thread_blocked, id=7520, stack(0x00000007bb300000,0x00000007bb400000)]
  0x000001a0eb4446d0 JavaThread "Compiler Source File Reader" daemon [_thread_blocked, id=1208, stack(0x00000007b9b00000,0x00000007b9c00000)]
  0x000001a0eb442d80 JavaThread "Compiler Source File Reader" daemon [_thread_blocked, id=3524, stack(0x00000007bb400000,0x00000007bb500000)]
  0x000001a0ec9a7880 JavaThread "Worker-7" [_thread_blocked, id=4816, stack(0x00000007ba200000,0x00000007ba300000)]
  0x000001a0ed346050 JavaThread "C2 CompilerThread1" daemon [_thread_blocked, id=12696, stack(0x00000007b8200000,0x00000007b8300000)]

Other Threads:
  0x000001a0d0e08670 VMThread "VM Thread" [stack: 0x00000007b8600000,0x00000007b8700000] [id=11160]
  0x000001a0ea1d8c20 WatcherThread [stack: 0x00000007b9200000,0x00000007b9300000] [id=3176]
=>0x000001a0d0d8c4c0 GCTaskThread "GC Thread#0" [stack: 0x00000007b8500000,0x00000007b8600000] [id=10584]
  0x000001a0ea1f0060 GCTaskThread "GC Thread#1" [stack: 0x00000007b9300000,0x00000007b9400000] [id=1112]
  0x000001a0ea6f6ed0 GCTaskThread "GC Thread#2" [stack: 0x00000007b9400000,0x00000007b9500000] [id=10920]
  0x000001a0ea6f7190 GCTaskThread "GC Thread#3" [stack: 0x00000007b9500000,0x00000007b9600000] [id=10768]

Threads with active compile tasks:

VM state: at safepoint (normal execution)

VM Mutex/Monitor currently owned by a thread:  ([mutex/lock_event])
[0x000001a0d0d78ac0] Threads_lock - owner thread: 0x000001a0d0e08670
[0x000001a0d0d77290] Heap_lock - owner thread: 0x000001a0eb446020

Heap address: 0x00000000c0000000, size: 1024 MB, Compressed Oops mode: 32-bit

CDS archive(s) not mapped
Compressed class space mapped at: 0x0000000100000000-0x0000000140000000, reserved size: 1073741824
Narrow klass base: 0x0000000000000000, Narrow klass shift: 3, Narrow klass range: 0x140000000

GC Precious Log:
 CPUs: 4 total, 4 available
 Memory: 8105M
 Large Page Support: Disabled
 NUMA Support: Disabled
 Compressed Oops: Enabled (32-bit)
 Alignments: Space 512K, Generation 512K, Heap 2M
 Heap Min Capacity: 100M
 Heap Initial Capacity: 100M
 Heap Max Capacity: 1G
 Pre-touch: Disabled
 Parallel Workers: 4

Heap:
 PSYoungGen      total 10240K, used 4417K [0x00000000eab00000, 0x00000000eba80000, 0x0000000100000000)
  eden space 5632K, 0% used [0x00000000eab00000,0x00000000eab00000,0x00000000eb080000)
  from space 4608K, 95% used [0x00000000eb080000,0x00000000eb4d04e0,0x00000000eb500000)
  to   space 5120K, 0% used [0x00000000eb580000,0x00000000eb580000,0x00000000eba80000)
 ParOldGen       total 275456K, used 274916K [0x00000000c0000000, 0x00000000d0d00000, 0x00000000eab00000)
  object space 275456K, 99% used [0x00000000c0000000,0x00000000d0c792f0,0x00000000d0d00000)
 Metaspace       used 94942K, committed 96320K, reserved 1179648K
  class space    used 9186K, committed 9856K, reserved 1048576K

Card table byte_map: [0x000001a0d0720000,0x000001a0d0930000] _byte_map_base: 0x000001a0d0120000

Marking Bits: (ParMarkBitMap*) 0x00007ffd1b9e58b0
 Begin Bits: [0x000001a0e2a20000, 0x000001a0e3a20000)
 End Bits:   [0x000001a0e3a20000, 0x000001a0e4a20000)

Polling page: 0x000001a0ced30000

Metaspace:

Usage:
  Non-class:     83.75 MB used.
      Class:      8.97 MB used.
       Both:     92.72 MB used.

Virtual space:
  Non-class space:      128.00 MB reserved,      84.44 MB ( 66%) committed,  2 nodes.
      Class space:        1.00 GB reserved,       9.62 MB ( <1%) committed,  1 nodes.
             Both:        1.12 GB reserved,      94.06 MB (  8%) committed. 

Chunk freelists:
   Non-Class:  11.00 MB
       Class:  6.29 MB
        Both:  17.30 MB

MaxMetaspaceSize: unlimited
CompressedClassSpaceSize: 1.00 GB
Initial GC threshold: 21.00 MB
Current GC threshold: 156.69 MB
CDS: off
MetaspaceReclaimPolicy: balanced
 - commit_granule_bytes: 65536.
 - commit_granule_words: 8192.
 - virtual_space_node_default_size: 8388608.
 - enlarge_chunks_in_place: 1.
 - new_chunks_are_fully_committed: 0.
 - uncommit_free_chunks: 1.
 - use_allocation_guard: 0.
 - handle_deallocations: 1.


Internal statistics:

num_allocs_failed_limit: 9.
num_arena_births: 1244.
num_arena_deaths: 178.
num_vsnodes_births: 3.
num_vsnodes_deaths: 0.
num_space_committed: 1505.
num_space_uncommitted: 0.
num_chunks_returned_to_freelist: 221.
num_chunks_taken_from_freelist: 5624.
num_chunk_merges: 73.
num_chunk_splits: 3370.
num_chunks_enlarged: 1802.
num_inconsistent_stats: 0.

CodeHeap 'non-profiled nmethods': size=120000Kb used=30329Kb max_used=30419Kb free=89670Kb
 bounds [0x000001a0db4f0000, 0x000001a0dd2b0000, 0x000001a0e2a20000]
CodeHeap 'profiled nmethods': size=120000Kb used=41579Kb max_used=42058Kb free=78420Kb
 bounds [0x000001a0d3a20000, 0x000001a0d6360000, 0x000001a0daf50000]
CodeHeap 'non-nmethods': size=5760Kb used=1432Kb max_used=1584Kb free=4327Kb
 bounds [0x000001a0daf50000, 0x000001a0db1c0000, 0x000001a0db4f0000]
 total_blobs=21270 nmethods=20486 adapters=692
 compilation: enabled
              stopped_count=0, restarted_count=0
 full_count=0

Compilation events (20 events):
Event: 877.343 Thread 0x000001a0ed346050 nmethod 30420 0x000001a0dd131590 code [0x000001a0dd131740, 0x000001a0dd131e68]
Event: 877.369 Thread 0x000001a0ed346050 30422       4       org.eclipse.jdt.internal.compiler.lookup.MethodScope::findField (162 bytes)
Event: 877.375 Thread 0x000001a0ed346050 nmethod 30422 0x000001a0dc8fd710 code [0x000001a0dc8fd8c0, 0x000001a0dc8fdaf8]
Event: 877.375 Thread 0x000001a0ed346050 30423       4       org.eclipse.jdt.internal.compiler.ast.MessageSend::analyseCode (992 bytes)
Event: 877.378 Thread 0x000001a0e4c1e970 30426       3       org.eclipse.jdt.internal.compiler.codegen.StackMapFrameCodeStream::initializeMaxLocals (34 bytes)
Event: 877.379 Thread 0x000001a0e4c1e970 nmethod 30426 0x000001a0d5aa3410 code [0x000001a0d5aa35e0, 0x000001a0d5aa39f8]
Event: 877.472 Thread 0x000001a0d0e3e740 nmethod 30421 0x000001a0dc22cd90 code [0x000001a0dc22d060, 0x000001a0dc22fd50]
Event: 877.472 Thread 0x000001a0d0e3e740 30424       4       org.eclipse.jdt.internal.compiler.lookup.FieldBinding::sourceField (70 bytes)
Event: 877.480 Thread 0x000001a0d0e3e740 nmethod 30424 0x000001a0dc236d90 code [0x000001a0dc236f20, 0x000001a0dc237138]
Event: 877.480 Thread 0x000001a0d0e3e740 30425       4       org.eclipse.jdt.internal.compiler.lookup.ReferenceBinding::getSourceTypeBinding (48 bytes)
Event: 877.482 Thread 0x000001a0d0e3e740 nmethod 30425 0x000001a0dc5b8410 code [0x000001a0dc5b8580, 0x000001a0dc5b8638]
Event: 877.511 Thread 0x000001a0d0e3e740 30427       4       org.eclipse.jdt.internal.compiler.ast.CastExpression::traverse (34 bytes)
Event: 877.516 Thread 0x000001a0d0e3e740 nmethod 30427 0x000001a0dc236710 code [0x000001a0dc2368c0, 0x000001a0dc236a88]
Event: 877.571 Thread 0x000001a0d0e3e740 30428       4       org.eclipse.jdt.internal.compiler.lookup.TypeBinding::isAnonymousType (17 bytes)
Event: 877.571 Thread 0x000001a0d0e3e740 nmethod 30428 0x000001a0dd17a890 code [0x000001a0dd17aa00, 0x000001a0dd17aa98]
Event: 877.590 Thread 0x000001a0d0e3e740 30429       4       org.eclipse.jdt.internal.compiler.lookup.ParameterizedTypeBinding::capture (310 bytes)
Event: 877.685 Thread 0x000001a0ed346050 nmethod 30423 0x000001a0db753c10 code [0x000001a0db754340, 0x000001a0db758088]
Event: 877.686 Thread 0x000001a0ed346050 30430       4       org.eclipse.jdt.internal.compiler.flow.UnconditionalFlowInfo::isPotentiallyAssigned (76 bytes)
Event: 877.687 Thread 0x000001a0ed346050 nmethod 30430 0x000001a0dd17a590 code [0x000001a0dd17a700, 0x000001a0dd17a7b8]
Event: 877.712 Thread 0x000001a0d0e3e740 nmethod 30429 0x000001a0dce78610 code [0x000001a0dce788c0, 0x000001a0dce7a7b0]

GC Heap History (20 events):
Event: 877.364 GC heap after
{Heap after GC invocations=5120 (full 98):
 PSYoungGen      total 7168K, used 640K [0x00000000eab00000, 0x00000000eb580000, 0x0000000100000000)
  eden space 6144K, 0% used [0x00000000eab00000,0x00000000eab00000,0x00000000eb100000)
  from space 1024K, 62% used [0x00000000eb480000,0x00000000eb520000,0x00000000eb580000)
  to   space 1024K, 0% used [0x00000000eb100000,0x00000000eb100000,0x00000000eb200000)
 ParOldGen       total 275456K, used 260299K [0x00000000c0000000, 0x00000000d0d00000, 0x00000000eab00000)
  object space 275456K, 94% used [0x00000000c0000000,0x00000000cfe32dd8,0x00000000d0d00000)
 Metaspace       used 94942K, committed 96320K, reserved 1179648K
  class space    used 9186K, committed 9856K, reserved 1048576K
}
Event: 877.401 GC heap before
{Heap before GC invocations=5121 (full 98):
 PSYoungGen      total 7168K, used 6784K [0x00000000eab00000, 0x00000000eb580000, 0x0000000100000000)
  eden space 6144K, 100% used [0x00000000eab00000,0x00000000eb100000,0x00000000eb100000)
  from space 1024K, 62% used [0x00000000eb480000,0x00000000eb520000,0x00000000eb580000)
  to   space 1024K, 0% used [0x00000000eb100000,0x00000000eb100000,0x00000000eb200000)
 ParOldGen       total 275456K, used 260299K [0x00000000c0000000, 0x00000000d0d00000, 0x00000000eab00000)
  object space 275456K, 94% used [0x00000000c0000000,0x00000000cfe32dd8,0x00000000d0d00000)
 Metaspace       used 94942K, committed 96320K, reserved 1179648K
  class space    used 9186K, committed 9856K, reserved 1048576K
}
Event: 877.406 GC heap after
{Heap after GC invocations=5121 (full 98):
 PSYoungGen      total 7168K, used 993K [0x00000000eab00000, 0x00000000eb500000, 0x0000000100000000)
  eden space 6144K, 0% used [0x00000000eab00000,0x00000000eab00000,0x00000000eb100000)
  from space 1024K, 96% used [0x00000000eb100000,0x00000000eb1f84e0,0x00000000eb200000)
  to   space 1536K, 0% used [0x00000000eb380000,0x00000000eb380000,0x00000000eb500000)
 ParOldGen       total 275456K, used 260811K [0x00000000c0000000, 0x00000000d0d00000, 0x00000000eab00000)
  object space 275456K, 94% used [0x00000000c0000000,0x00000000cfeb2de8,0x00000000d0d00000)
 Metaspace       used 94942K, committed 96320K, reserved 1179648K
  class space    used 9186K, committed 9856K, reserved 1048576K
}
Event: 877.436 GC heap before
{Heap before GC invocations=5122 (full 98):
 PSYoungGen      total 7168K, used 7137K [0x00000000eab00000, 0x00000000eb500000, 0x0000000100000000)
  eden space 6144K, 100% used [0x00000000eab00000,0x00000000eb100000,0x00000000eb100000)
  from space 1024K, 96% used [0x00000000eb100000,0x00000000eb1f84e0,0x00000000eb200000)
  to   space 1536K, 0% used [0x00000000eb380000,0x00000000eb380000,0x00000000eb500000)
 ParOldGen       total 275456K, used 260811K [0x00000000c0000000, 0x00000000d0d00000, 0x00000000eab00000)
  object space 275456K, 94% used [0x00000000c0000000,0x00000000cfeb2de8,0x00000000d0d00000)
 Metaspace       used 94942K, committed 96320K, reserved 1179648K
  class space    used 9186K, committed 9856K, reserved 1048576K
}
Event: 877.444 GC heap after
{Heap after GC invocations=5122 (full 98):
 PSYoungGen      total 7168K, used 560K [0x00000000eab00000, 0x00000000eb480000, 0x0000000100000000)
  eden space 6144K, 0% used [0x00000000eab00000,0x00000000eab00000,0x00000000eb100000)
  from space 1024K, 54% used [0x00000000eb380000,0x00000000eb40c010,0x00000000eb480000)
  to   space 1024K, 0% used [0x00000000eb100000,0x00000000eb100000,0x00000000eb200000)
 ParOldGen       total 275456K, used 261716K [0x00000000c0000000, 0x00000000d0d00000, 0x00000000eab00000)
  object space 275456K, 95% used [0x00000000c0000000,0x00000000cff950e8,0x00000000d0d00000)
 Metaspace       used 94942K, committed 96320K, reserved 1179648K
  class space    used 9186K, committed 9856K, reserved 1048576K
}
Event: 877.494 GC heap before
{Heap before GC invocations=5123 (full 98):
 PSYoungGen      total 7168K, used 6704K [0x00000000eab00000, 0x00000000eb480000, 0x0000000100000000)
  eden space 6144K, 100% used [0x00000000eab00000,0x00000000eb100000,0x00000000eb100000)
  from space 1024K, 54% used [0x00000000eb380000,0x00000000eb40c010,0x00000000eb480000)
  to   space 1024K, 0% used [0x00000000eb100000,0x00000000eb100000,0x00000000eb200000)
 ParOldGen       total 275456K, used 261716K [0x00000000c0000000, 0x00000000d0d00000, 0x00000000eab00000)
  object space 275456K, 95% used [0x00000000c0000000,0x00000000cff950e8,0x00000000d0d00000)
 Metaspace       used 94942K, committed 96320K, reserved 1179648K
  class space    used 9186K, committed 9856K, reserved 1048576K
}
Event: 877.496 GC heap after
{Heap after GC invocations=5123 (full 98):
 PSYoungGen      total 7168K, used 448K [0x00000000eab00000, 0x00000000eb400000, 0x0000000100000000)
  eden space 6144K, 0% used [0x00000000eab00000,0x00000000eab00000,0x00000000eb100000)
  from space 1024K, 43% used [0x00000000eb100000,0x00000000eb170000,0x00000000eb200000)
  to   space 1024K, 0% used [0x00000000eb300000,0x00000000eb300000,0x00000000eb400000)
 ParOldGen       total 275456K, used 262212K [0x00000000c0000000, 0x00000000d0d00000, 0x00000000eab00000)
  object space 275456K, 95% used [0x00000000c0000000,0x00000000d0011148,0x00000000d0d00000)
 Metaspace       used 94942K, committed 96320K, reserved 1179648K
  class space    used 9186K, committed 9856K, reserved 1048576K
}
Event: 877.537 GC heap before
{Heap before GC invocations=5124 (full 98):
 PSYoungGen      total 7168K, used 6592K [0x00000000eab00000, 0x00000000eb400000, 0x0000000100000000)
  eden space 6144K, 100% used [0x00000000eab00000,0x00000000eb100000,0x00000000eb100000)
  from space 1024K, 43% used [0x00000000eb100000,0x00000000eb170000,0x00000000eb200000)
  to   space 1024K, 0% used [0x00000000eb300000,0x00000000eb300000,0x00000000eb400000)
 ParOldGen       total 275456K, used 262212K [0x00000000c0000000, 0x00000000d0d00000, 0x00000000eab00000)
  object space 275456K, 95% used [0x00000000c0000000,0x00000000d0011148,0x00000000d0d00000)
 Metaspace       used 94942K, committed 96320K, reserved 1179648K
  class space    used 9186K, committed 9856K, reserved 1048576K
}
Event: 877.541 GC heap after
{Heap after GC invocations=5124 (full 98):
 PSYoungGen      total 7168K, used 608K [0x00000000eab00000, 0x00000000eb400000, 0x0000000100000000)
  eden space 6144K, 0% used [0x00000000eab00000,0x00000000eab00000,0x00000000eb100000)
  from space 1024K, 59% used [0x00000000eb300000,0x00000000eb398000,0x00000000eb400000)
  to   space 1024K, 0% used [0x00000000eb100000,0x00000000eb100000,0x00000000eb200000)
 ParOldGen       total 275456K, used 262604K [0x00000000c0000000, 0x00000000d0d00000, 0x00000000eab00000)
  object space 275456K, 95% used [0x00000000c0000000,0x00000000d00731c8,0x00000000d0d00000)
 Metaspace       used 94942K, committed 96320K, reserved 1179648K
  class space    used 9186K, committed 9856K, reserved 1048576K
}
Event: 877.579 GC heap before
{Heap before GC invocations=5125 (full 98):
 PSYoungGen      total 7168K, used 6752K [0x00000000eab00000, 0x00000000eb400000, 0x0000000100000000)
  eden space 6144K, 100% used [0x00000000eab00000,0x00000000eb100000,0x00000000eb100000)
  from space 1024K, 59% used [0x00000000eb300000,0x00000000eb398000,0x00000000eb400000)
  to   space 1024K, 0% used [0x00000000eb100000,0x00000000eb100000,0x00000000eb200000)
 ParOldGen       total 275456K, used 262604K [0x00000000c0000000, 0x00000000d0d00000, 0x00000000eab00000)
  object space 275456K, 95% used [0x00000000c0000000,0x00000000d00731c8,0x00000000d0d00000)
 Metaspace       used 94942K, committed 96320K, reserved 1179648K
  class space    used 9186K, committed 9856K, reserved 1048576K
}
Event: 877.584 GC heap after
{Heap after GC invocations=5125 (full 98):
 PSYoungGen      total 7168K, used 768K [0x00000000eab00000, 0x00000000eb380000, 0x0000000100000000)
  eden space 6144K, 0% used [0x00000000eab00000,0x00000000eab00000,0x00000000eb100000)
  from space 1024K, 75% used [0x00000000eb100000,0x00000000eb1c0000,0x00000000eb200000)
  to   space 1024K, 0% used [0x00000000eb280000,0x00000000eb280000,0x00000000eb380000)
 ParOldGen       total 275456K, used 263160K [0x00000000c0000000, 0x00000000d0d00000, 0x00000000eab00000)
  object space 275456K, 95% used [0x00000000c0000000,0x00000000d00fe238,0x00000000d0d00000)
 Metaspace       used 94942K, committed 96320K, reserved 1179648K
  class space    used 9186K, committed 9856K, reserved 1048576K
}
Event: 877.938 GC heap before
{Heap before GC invocations=5126 (full 98):
 PSYoungGen      total 7168K, used 6912K [0x00000000eab00000, 0x00000000eb380000, 0x0000000100000000)
  eden space 6144K, 100% used [0x00000000eab00000,0x00000000eb100000,0x00000000eb100000)
  from space 1024K, 75% used [0x00000000eb100000,0x00000000eb1c0000,0x00000000eb200000)
  to   space 1024K, 0% used [0x00000000eb280000,0x00000000eb280000,0x00000000eb380000)
 ParOldGen       total 275456K, used 263160K [0x00000000c0000000, 0x00000000d0d00000, 0x00000000eab00000)
  object space 275456K, 95% used [0x00000000c0000000,0x00000000d00fe238,0x00000000d0d00000)
 Metaspace       used 94942K, committed 96320K, reserved 1179648K
  class space    used 9186K, committed 9856K, reserved 1048576K
}
Event: 877.941 GC heap after
{Heap after GC invocations=5126 (full 98):
 PSYoungGen      total 7168K, used 992K [0x00000000eab00000, 0x00000000eb400000, 0x0000000100000000)
  eden space 6144K, 0% used [0x00000000eab00000,0x00000000eab00000,0x00000000eb100000)
  from space 1024K, 96% used [0x00000000eb280000,0x00000000eb3781f0,0x00000000eb380000)
  to   space 1536K, 0% used [0x00000000eb100000,0x00000000eb100000,0x00000000eb280000)
 ParOldGen       total 275456K, used 263760K [0x00000000c0000000, 0x00000000d0d00000, 0x00000000eab00000)
  object space 275456K, 95% used [0x00000000c0000000,0x00000000d01943a0,0x00000000d0d00000)
 Metaspace       used 94942K, committed 96320K, reserved 1179648K
  class space    used 9186K, committed 9856K, reserved 1048576K
}
Event: 877.983 GC heap before
{Heap before GC invocations=5127 (full 98):
 PSYoungGen      total 7168K, used 7136K [0x00000000eab00000, 0x00000000eb400000, 0x0000000100000000)
  eden space 6144K, 100% used [0x00000000eab00000,0x00000000eb100000,0x00000000eb100000)
  from space 1024K, 96% used [0x00000000eb280000,0x00000000eb3781f0,0x00000000eb380000)
  to   space 1536K, 0% used [0x00000000eb100000,0x00000000eb100000,0x00000000eb280000)
 ParOldGen       total 275456K, used 263760K [0x00000000c0000000, 0x00000000d0d00000, 0x00000000eab00000)
  object space 275456K, 95% used [0x00000000c0000000,0x00000000d01943a0,0x00000000d0d00000)
 Metaspace       used 94942K, committed 96320K, reserved 1179648K
  class space    used 9186K, committed 9856K, reserved 1048576K
}
Event: 877.989 GC heap after
{Heap after GC invocations=5127 (full 98):
 PSYoungGen      total 7680K, used 1513K [0x00000000eab00000, 0x00000000ebd00000, 0x0000000100000000)
  eden space 6144K, 0% used [0x00000000eab00000,0x00000000eab00000,0x00000000eb100000)
  from space 1536K, 98% used [0x00000000eb100000,0x00000000eb27a5a0,0x00000000eb280000)
  to   space 6144K, 0% used [0x00000000eb700000,0x00000000eb700000,0x00000000ebd00000)
 ParOldGen       total 275456K, used 267219K [0x00000000c0000000, 0x00000000d0d00000, 0x00000000eab00000)
  object space 275456K, 97% used [0x00000000c0000000,0x00000000d04f4d50,0x00000000d0d00000)
 Metaspace       used 94942K, committed 96320K, reserved 1179648K
  class space    used 9186K, committed 9856K, reserved 1048576K
}
Event: 878.032 GC heap before
{Heap before GC invocations=5128 (full 98):
 PSYoungGen      total 7680K, used 7657K [0x00000000eab00000, 0x00000000ebd00000, 0x0000000100000000)
  eden space 6144K, 100% used [0x00000000eab00000,0x00000000eb100000,0x00000000eb100000)
  from space 1536K, 98% used [0x00000000eb100000,0x00000000eb27a5a0,0x00000000eb280000)
  to   space 6144K, 0% used [0x00000000eb700000,0x00000000eb700000,0x00000000ebd00000)
 ParOldGen       total 275456K, used 267219K [0x00000000c0000000, 0x00000000d0d00000, 0x00000000eab00000)
  object space 275456K, 97% used [0x00000000c0000000,0x00000000d04f4d50,0x00000000d0d00000)
 Metaspace       used 94942K, committed 96320K, reserved 1179648K
  class space    used 9186K, committed 9856K, reserved 1048576K
}
Event: 878.041 GC heap after
{Heap after GC invocations=5128 (full 98):
 PSYoungGen      total 11776K, used 6144K [0x00000000eab00000, 0x00000000ebe00000, 0x0000000100000000)
  eden space 5632K, 0% used [0x00000000eab00000,0x00000000eab00000,0x00000000eb080000)
  from space 6144K, 100% used [0x00000000eb700000,0x00000000ebd00000,0x00000000ebd00000)
  to   space 6656K, 0% used [0x00000000eb080000,0x00000000eb080000,0x00000000eb700000)
 ParOldGen       total 275456K, used 268756K [0x00000000c0000000, 0x00000000d0d00000, 0x00000000eab00000)
  object space 275456K, 97% used [0x00000000c0000000,0x00000000d06752f0,0x00000000d0d00000)
 Metaspace       used 94942K, committed 96320K, reserved 1179648K
  class space    used 9186K, committed 9856K, reserved 1048576K
}
Event: 878.077 GC heap before
{Heap before GC invocations=5129 (full 98):
 PSYoungGen      total 11776K, used 11776K [0x00000000eab00000, 0x00000000ebe00000, 0x0000000100000000)
  eden space 5632K, 100% used [0x00000000eab00000,0x00000000eb080000,0x00000000eb080000)
  from space 6144K, 100% used [0x00000000eb700000,0x00000000ebd00000,0x00000000ebd00000)
  to   space 6656K, 0% used [0x00000000eb080000,0x00000000eb080000,0x00000000eb700000)
 ParOldGen       total 275456K, used 268756K [0x00000000c0000000, 0x00000000d0d00000, 0x00000000eab00000)
  object space 275456K, 97% used [0x00000000c0000000,0x00000000d06752f0,0x00000000d0d00000)
 Metaspace       used 94942K, committed 96320K, reserved 1179648K
  class space    used 9186K, committed 9856K, reserved 1048576K
}
Event: 878.086 GC heap after
{Heap after GC invocations=5129 (full 98):
 PSYoungGen      total 10240K, used 4417K [0x00000000eab00000, 0x00000000eba80000, 0x0000000100000000)
  eden space 5632K, 0% used [0x00000000eab00000,0x00000000eab00000,0x00000000eb080000)
  from space 4608K, 95% used [0x00000000eb080000,0x00000000eb4d04e0,0x00000000eb500000)
  to   space 5120K, 0% used [0x00000000eb580000,0x00000000eb580000,0x00000000eba80000)
 ParOldGen       total 275456K, used 274916K [0x00000000c0000000, 0x00000000d0d00000, 0x00000000eab00000)
  object space 275456K, 99% used [0x00000000c0000000,0x00000000d0c792f0,0x00000000d0d00000)
 Metaspace       used 94942K, committed 96320K, reserved 1179648K
  class space    used 9186K, committed 9856K, reserved 1048576K
}
Event: 878.086 GC heap before
{Heap before GC invocations=5130 (full 99):
 PSYoungGen      total 10240K, used 4417K [0x00000000eab00000, 0x00000000eba80000, 0x0000000100000000)
  eden space 5632K, 0% used [0x00000000eab00000,0x00000000eab00000,0x00000000eb080000)
  from space 4608K, 95% used [0x00000000eb080000,0x00000000eb4d04e0,0x00000000eb500000)
  to   space 5120K, 0% used [0x00000000eb580000,0x00000000eb580000,0x00000000eba80000)
 ParOldGen       total 275456K, used 274916K [0x00000000c0000000, 0x00000000d0d00000, 0x00000000eab00000)
  object space 275456K, 99% used [0x00000000c0000000,0x00000000d0c792f0,0x00000000d0d00000)
 Metaspace       used 94942K, committed 96320K, reserved 1179648K
  class space    used 9186K, committed 9856K, reserved 1048576K
}

Dll operation events (11 events):
Event: 0.014 Loaded shared library c:\Users\todo-electro\.vscode\extensions\redhat.java-1.34.0-win32-x64\jre\17.0.12-win32-x86_64\bin\java.dll
Event: 0.465 Loaded shared library c:\Users\todo-electro\.vscode\extensions\redhat.java-1.34.0-win32-x64\jre\17.0.12-win32-x86_64\bin\zip.dll
Event: 0.470 Loaded shared library C:\Users\todo-electro\.vscode\extensions\redhat.java-1.34.0-win32-x64\jre\17.0.12-win32-x86_64\bin\instrument.dll
Event: 0.532 Loaded shared library C:\Users\todo-electro\.vscode\extensions\redhat.java-1.34.0-win32-x64\jre\17.0.12-win32-x86_64\bin\net.dll
Event: 0.535 Loaded shared library C:\Users\todo-electro\.vscode\extensions\redhat.java-1.34.0-win32-x64\jre\17.0.12-win32-x86_64\bin\nio.dll
Event: 0.548 Loaded shared library C:\Users\todo-electro\.vscode\extensions\redhat.java-1.34.0-win32-x64\jre\17.0.12-win32-x86_64\bin\zip.dll
Event: 0.587 Loaded shared library C:\Users\todo-electro\.vscode\extensions\redhat.java-1.34.0-win32-x64\jre\17.0.12-win32-x86_64\bin\jimage.dll
Event: 0.762 Loaded shared library c:\Users\todo-electro\.vscode\extensions\redhat.java-1.34.0-win32-x64\jre\17.0.12-win32-x86_64\bin\verify.dll
Event: 12.330 Loaded shared library C:\Users\todo-electro\AppData\Roaming\Code\User\globalStorage\redhat.java\1.34.0\config_win\org.eclipse.equinox.launcher\org.eclipse.equinox.launcher.win32.win32.x86_64_1.2.1100.v20240722-2106\eclipse_11904.dll
Event: 32.376 Loaded shared library C:\Users\todo-electro\AppData\Local\Temp\jna--1585942139\jna14868010497570339438.dll
Event: 103.104 Loaded shared library C:\Users\todo-electro\.vscode\extensions\redhat.java-1.34.0-win32-x64\jre\17.0.12-win32-x86_64\bin\sunmscapi.dll

Deoptimization events (20 events):
Event: 877.041 Thread 0x000001a0eb445600 DEOPT PACKING pc=0x000001a0dd260988 sp=0x00000007baefe010
Event: 877.041 Thread 0x000001a0eb445600 DEOPT UNPACKING pc=0x000001a0dafa66a3 sp=0x00000007baefdf98 mode 2
Event: 877.055 Thread 0x000001a0eb445600 Uncommon trap: trap_request=0xffffff45 fr.pc=0x000001a0dc500f54 relative=0x0000000000001654
Event: 877.055 Thread 0x000001a0eb445600 Uncommon trap: reason=unstable_if action=reinterpret pc=0x000001a0dc500f54 method=org.eclipse.jdt.internal.compiler.parser.Scanner.jumpOverBody()V @ 1266 c2
Event: 877.055 Thread 0x000001a0eb445600 DEOPT PACKING pc=0x000001a0dc500f54 sp=0x00000007baefded0
Event: 877.055 Thread 0x000001a0eb445600 DEOPT UNPACKING pc=0x000001a0dafa66a3 sp=0x00000007baefde60 mode 2
Event: 877.060 Thread 0x000001a0eb445600 Uncommon trap: trap_request=0xffffff45 fr.pc=0x000001a0dd01caf0 relative=0x0000000000005110
Event: 877.060 Thread 0x000001a0eb445600 Uncommon trap: reason=unstable_if action=reinterpret pc=0x000001a0dd01caf0 method=org.eclipse.jdt.internal.compiler.SourceElementNotifier.notifySourceElementRequestor(Lorg/eclipse/jdt/internal/compiler/ast/AbstractMethodDeclaration;Lorg/eclipse/jdt/intern
Event: 877.067 Thread 0x000001a0eb445600 DEOPT PACKING pc=0x000001a0dd01caf0 sp=0x00000007baefddf0
Event: 877.067 Thread 0x000001a0eb445600 DEOPT UNPACKING pc=0x000001a0dafa66a3 sp=0x00000007baefdde0 mode 2
Event: 877.089 Thread 0x000001a0eb446020 DEOPT PACKING pc=0x000001a0d4ddef10 sp=0x00000007baffd8e0
Event: 877.089 Thread 0x000001a0eb446020 DEOPT UNPACKING pc=0x000001a0dafa6e43 sp=0x00000007baffcdd8 mode 0
Event: 877.263 Thread 0x000001a0eb446020 DEOPT PACKING pc=0x000001a0d4ddef44 sp=0x00000007baffc500
Event: 877.263 Thread 0x000001a0eb446020 DEOPT UNPACKING pc=0x000001a0dafa6e43 sp=0x00000007baffb9f8 mode 0
Event: 877.531 Thread 0x000001a0ea9d7830 DEOPT PACKING pc=0x000001a0d4ddef44 sp=0x00000007b9ffe300
Event: 877.532 Thread 0x000001a0ea9d7830 DEOPT UNPACKING pc=0x000001a0dafa6e43 sp=0x00000007b9ffd7f8 mode 0
Event: 878.070 Thread 0x000001a0eb446020 Uncommon trap: trap_request=0xffffffde fr.pc=0x000001a0dc733250 relative=0x0000000000001250
Event: 878.070 Thread 0x000001a0eb446020 Uncommon trap: reason=class_check action=maybe_recompile pc=0x000001a0dc733250 method=org.eclipse.jdt.internal.core.hierarchy.IndexBasedHierarchyBuilder$1.compare(Ljava/lang/Object;Ljava/lang/Object;)I @ 31 c2
Event: 878.070 Thread 0x000001a0eb446020 DEOPT PACKING pc=0x000001a0dc733250 sp=0x00000007baffdf60
Event: 878.071 Thread 0x000001a0eb446020 DEOPT UNPACKING pc=0x000001a0dafa66a3 sp=0x00000007baffdf28 mode 2

Classes loaded (20 events):
Event: 506.697 Loading class java/util/Collections$EmptyListIterator
Event: 506.698 Loading class java/util/Collections$EmptyListIterator done
Event: 509.861 Loading class java/io/CharArrayReader
Event: 509.861 Loading class java/io/CharArrayReader done
Event: 509.862 Loading class java/util/regex/Pattern$Bound
Event: 509.862 Loading class java/util/regex/Pattern$Bound done
Event: 579.839 Loading class jdk/internal/module/IllegalAccessLogger
Event: 579.839 Loading class jdk/internal/module/IllegalAccessLogger done
Event: 594.389 Loading class jdk/internal/module/IllegalAccessLogger
Event: 594.389 Loading class jdk/internal/module/IllegalAccessLogger done
Event: 603.180 Loading class jdk/internal/module/IllegalAccessLogger
Event: 603.180 Loading class jdk/internal/module/IllegalAccessLogger done
Event: 606.833 Loading class jdk/internal/module/IllegalAccessLogger
Event: 606.833 Loading class jdk/internal/module/IllegalAccessLogger done
Event: 616.303 Loading class jdk/internal/module/IllegalAccessLogger
Event: 616.303 Loading class jdk/internal/module/IllegalAccessLogger done
Event: 623.577 Loading class jdk/internal/module/IllegalAccessLogger
Event: 623.577 Loading class jdk/internal/module/IllegalAccessLogger done
Event: 628.919 Loading class jdk/internal/module/IllegalAccessLogger
Event: 628.919 Loading class jdk/internal/module/IllegalAccessLogger done

Classes unloaded (20 events):
Event: 732.643 Thread 0x000001a0d0e08670 Unloading class 0x00000001002af800 'java/lang/invoke/LambdaForm$MH+0x00000001002af800'
Event: 732.643 Thread 0x000001a0d0e08670 Unloading class 0x00000001002af400 'java/lang/invoke/LambdaForm$MH+0x00000001002af400'
Event: 732.643 Thread 0x000001a0d0e08670 Unloading class 0x00000001002af000 'java/lang/invoke/LambdaForm$MH+0x00000001002af000'
Event: 732.643 Thread 0x000001a0d0e08670 Unloading class 0x00000001002aec00 'java/lang/invoke/LambdaForm$MH+0x00000001002aec00'
Event: 732.643 Thread 0x000001a0d0e08670 Unloading class 0x00000001002ae800 'java/lang/invoke/LambdaForm$MH+0x00000001002ae800'
Event: 732.643 Thread 0x000001a0d0e08670 Unloading class 0x00000001002ae400 'java/lang/invoke/LambdaForm$MH+0x00000001002ae400'
Event: 732.643 Thread 0x000001a0d0e08670 Unloading class 0x00000001002ae000 'java/lang/invoke/LambdaForm$MH+0x00000001002ae000'
Event: 732.643 Thread 0x000001a0d0e08670 Unloading class 0x000000010027c000 'jdk/internal/reflect/GeneratedConstructorAccessor5'
Event: 732.643 Thread 0x000001a0d0e08670 Unloading class 0x0000000100272800 'java/lang/invoke/LambdaForm$DMH+0x0000000100272800'
Event: 732.643 Thread 0x000001a0d0e08670 Unloading class 0x0000000100272000 'java/lang/invoke/LambdaForm$DMH+0x0000000100272000'
Event: 732.643 Thread 0x000001a0d0e08670 Unloading class 0x000000010024dc00 'java/lang/invoke/LambdaForm$MH+0x000000010024dc00'
Event: 732.643 Thread 0x000001a0d0e08670 Unloading class 0x0000000100229400 'java/lang/invoke/LambdaForm$MH+0x0000000100229400'
Event: 732.643 Thread 0x000001a0d0e08670 Unloading class 0x0000000100229000 'java/lang/invoke/LambdaForm$MH+0x0000000100229000'
Event: 732.643 Thread 0x000001a0d0e08670 Unloading class 0x0000000100228c00 'java/lang/invoke/LambdaForm$MH+0x0000000100228c00'
Event: 732.643 Thread 0x000001a0d0e08670 Unloading class 0x0000000100228800 'java/lang/invoke/LambdaForm$MH+0x0000000100228800'
Event: 732.643 Thread 0x000001a0d0e08670 Unloading class 0x0000000100228400 'java/lang/invoke/LambdaForm$MH+0x0000000100228400'
Event: 732.643 Thread 0x000001a0d0e08670 Unloading class 0x0000000100228000 'java/lang/invoke/LambdaForm$MH+0x0000000100228000'
Event: 732.643 Thread 0x000001a0d0e08670 Unloading class 0x0000000100218c00 'java/lang/invoke/LambdaForm$MH+0x0000000100218c00'
Event: 732.643 Thread 0x000001a0d0e08670 Unloading class 0x0000000100218800 'java/lang/invoke/LambdaForm$MH+0x0000000100218800'
Event: 732.643 Thread 0x000001a0d0e08670 Unloading class 0x0000000100218000 'java/lang/invoke/LambdaForm$MH+0x0000000100218000'

Classes redefined (0 events):
No events

Internal exceptions (20 events):
Event: 756.368 Thread 0x000001a0eb4441c0 Exception <a 'java/lang/ClassNotFoundException'{0x00000000ead10f00}: sun/net/www/protocol/jdt/Handler> (0x00000000ead10f00) 
thrown [s\src\hotspot\share\classfile\systemDictionary.cpp, line 256]
Event: 756.368 Thread 0x000001a0eb4441c0 Exception <a 'java/lang/ClassNotFoundException'{0x00000000ead16eb0}: sun/net/www/protocol/jdt/Handler> (0x00000000ead16eb0) 
thrown [s\src\hotspot\share\classfile\systemDictionary.cpp, line 256]
Event: 756.368 Thread 0x000001a0eb4441c0 Exception <a 'java/lang/ClassNotFoundException'{0x00000000ead190f0}: sun/net/www/protocol/jdt/Handler> (0x00000000ead190f0) 
thrown [s\src\hotspot\share\classfile\systemDictionary.cpp, line 256]
Event: 756.447 Thread 0x000001a0eb4441c0 Exception <a 'java/lang/ClassNotFoundException'{0x00000000eb0913d0}: sun/net/www/protocol/jdt/Handler> (0x00000000eb0913d0) 
thrown [s\src\hotspot\share\classfile\systemDictionary.cpp, line 256]
Event: 756.447 Thread 0x000001a0eb4441c0 Exception <a 'java/lang/ClassNotFoundException'{0x00000000eb0936a8}: sun/net/www/protocol/jdt/Handler> (0x00000000eb0936a8) 
thrown [s\src\hotspot\share\classfile\systemDictionary.cpp, line 256]
Event: 756.447 Thread 0x000001a0eb4441c0 Exception <a 'java/lang/ClassNotFoundException'{0x00000000eb095628}: sun/net/www/protocol/jdt/Handler> (0x00000000eb095628) 
thrown [s\src\hotspot\share\classfile\systemDictionary.cpp, line 256]
Event: 756.447 Thread 0x000001a0eb4441c0 Exception <a 'java/lang/ClassNotFoundException'{0x00000000eb0975b8}: sun/net/www/protocol/jdt/Handler> (0x00000000eb0975b8) 
thrown [s\src\hotspot\share\classfile\systemDictionary.cpp, line 256]
Event: 756.448 Thread 0x000001a0eb4441c0 Exception <a 'java/lang/ClassNotFoundException'{0x00000000eb09d7b0}: sun/net/www/protocol/jdt/Handler> (0x00000000eb09d7b0) 
thrown [s\src\hotspot\share\classfile\systemDictionary.cpp, line 256]
Event: 756.448 Thread 0x000001a0eb4441c0 Exception <a 'java/lang/ClassNotFoundException'{0x00000000eb09f9f0}: sun/net/www/protocol/jdt/Handler> (0x00000000eb09f9f0) 
thrown [s\src\hotspot\share\classfile\systemDictionary.cpp, line 256]
Event: 771.121 Thread 0x000001a0eb445600 Exception <a 'java/lang/ClassNotFoundException'{0x00000000eab38c90}: sun/net/www/protocol/jdt/Handler> (0x00000000eab38c90) 
thrown [s\src\hotspot\share\classfile\systemDictionary.cpp, line 256]
Event: 771.121 Thread 0x000001a0eb445600 Exception <a 'java/lang/ClassNotFoundException'{0x00000000eab3b4b8}: sun/net/www/protocol/jdt/Handler> (0x00000000eab3b4b8) 
thrown [s\src\hotspot\share\classfile\systemDictionary.cpp, line 256]
Event: 771.121 Thread 0x000001a0eb445600 Exception <a 'java/lang/ClassNotFoundException'{0x00000000eab3d988}: sun/net/www/protocol/jdt/Handler> (0x00000000eab3d988) 
thrown [s\src\hotspot\share\classfile\systemDictionary.cpp, line 256]
Event: 771.122 Thread 0x000001a0eb445600 Exception <a 'java/lang/ClassNotFoundException'{0x00000000eab3fe68}: sun/net/www/protocol/jdt/Handler> (0x00000000eab3fe68) 
thrown [s\src\hotspot\share\classfile\systemDictionary.cpp, line 256]
Event: 771.122 Thread 0x000001a0eb445600 Exception <a 'java/lang/ClassNotFoundException'{0x00000000eab468b8}: sun/net/www/protocol/jdt/Handler> (0x00000000eab468b8) 
thrown [s\src\hotspot\share\classfile\systemDictionary.cpp, line 256]
Event: 771.122 Thread 0x000001a0eb445600 Exception <a 'java/lang/ClassNotFoundException'{0x00000000eab49048}: sun/net/www/protocol/jdt/Handler> (0x00000000eab49048) 
thrown [s\src\hotspot\share\classfile\systemDictionary.cpp, line 256]
Event: 804.203 Thread 0x000001a0eb445600 Implicit null exception at 0x000001a0db9fe8c2 to 0x000001a0dba019d0
Event: 804.203 Thread 0x000001a0eb445600 Implicit null exception at 0x000001a0dca07450 to 0x000001a0dca07492
Event: 804.208 Thread 0x000001a0eb445600 Implicit null exception at 0x000001a0dd0965da to 0x000001a0dd097398
Event: 804.208 Thread 0x000001a0eb445600 Implicit null exception at 0x000001a0dbbca1cc to 0x000001a0dbbcbe84
Event: 875.990 Thread 0x000001a0ec9a7880 Implicit null exception at 0x000001a0dcf2cc18 to 0x000001a0dcf2dd50

VM Operations (20 events):
Event: 877.312 Executing VM operation: ParallelGCFailedAllocation done
Event: 877.359 Executing VM operation: ParallelGCFailedAllocation
Event: 877.364 Executing VM operation: ParallelGCFailedAllocation done
Event: 877.401 Executing VM operation: ParallelGCFailedAllocation
Event: 877.406 Executing VM operation: ParallelGCFailedAllocation done
Event: 877.436 Executing VM operation: ParallelGCFailedAllocation
Event: 877.444 Executing VM operation: ParallelGCFailedAllocation done
Event: 877.494 Executing VM operation: ParallelGCFailedAllocation
Event: 877.496 Executing VM operation: ParallelGCFailedAllocation done
Event: 877.537 Executing VM operation: ParallelGCFailedAllocation
Event: 877.541 Executing VM operation: ParallelGCFailedAllocation done
Event: 877.579 Executing VM operation: ParallelGCFailedAllocation
Event: 877.584 Executing VM operation: ParallelGCFailedAllocation done
Event: 877.938 Executing VM operation: ParallelGCFailedAllocation
Event: 877.941 Executing VM operation: ParallelGCFailedAllocation done
Event: 877.983 Executing VM operation: ParallelGCFailedAllocation
Event: 877.989 Executing VM operation: ParallelGCFailedAllocation done
Event: 878.032 Executing VM operation: ParallelGCFailedAllocation
Event: 878.041 Executing VM operation: ParallelGCFailedAllocation done
Event: 878.077 Executing VM operation: ParallelGCFailedAllocation

Events (20 events):
Event: 809.778 Thread 0x000001a0e9e1e2b0 flushing nmethod 0x000001a0d5ff6c10
Event: 809.778 Thread 0x000001a0e9e1e2b0 flushing nmethod 0x000001a0d6024590
Event: 809.778 Thread 0x000001a0e9e1e2b0 flushing nmethod 0x000001a0d6027490
Event: 809.778 Thread 0x000001a0e9e1e2b0 flushing nmethod 0x000001a0d6035010
Event: 809.778 Thread 0x000001a0e9e1e2b0 flushing nmethod 0x000001a0d605c590
Event: 809.778 Thread 0x000001a0e9e1e2b0 flushing nmethod 0x000001a0d60a0010
Event: 809.778 Thread 0x000001a0e9e1e2b0 flushing nmethod 0x000001a0d60a1810
Event: 809.778 Thread 0x000001a0e9e1e2b0 flushing nmethod 0x000001a0d60af290
Event: 809.778 Thread 0x000001a0e9e1e2b0 flushing nmethod 0x000001a0d60b4110
Event: 809.779 Thread 0x000001a0e9e1e2b0 flushing nmethod 0x000001a0d6119c90
Event: 809.779 Thread 0x000001a0e9e1e2b0 flushing nmethod 0x000001a0d612b710
Event: 809.779 Thread 0x000001a0e9e1e2b0 flushing nmethod 0x000001a0d61b4010
Event: 809.779 Thread 0x000001a0e9e1e2b0 flushing nmethod 0x000001a0d6264690
Event: 867.893 Thread 0x000001a0eb4441c0 Thread exited: 0x000001a0eb4441c0
Event: 867.988 Thread 0x000001a0ea9d63f0 Thread exited: 0x000001a0ea9d63f0
Event: 869.132 Thread 0x000001a0eb448390 Thread exited: 0x000001a0eb448390
Event: 869.132 Thread 0x000001a0ea9d7320 Thread exited: 0x000001a0ea9d7320
Event: 875.990 Thread 0x000001a0ec9a45e0 Thread added: 0x000001a0ec9a45e0
Event: 875.991 Thread 0x000001a0ec9a45e0 Thread exited: 0x000001a0ec9a45e0
Event: 875.998 Thread 0x000001a0ed346050 Thread added: 0x000001a0ed346050


Dynamic libraries:
0x00007ff7e9020000 - 0x00007ff7e902e000 	c:\Users\todo-electro\.vscode\extensions\redhat.java-1.34.0-win32-x64\jre\17.0.12-win32-x86_64\bin\java.exe
0x00007ffd72690000 - 0x00007ffd72888000 	C:\Windows\SYSTEM32\ntdll.dll
0x00007ffd72190000 - 0x00007ffd72251000 	C:\Windows\System32\KERNEL32.DLL
0x00007ffd700e0000 - 0x00007ffd703dd000 	C:\Windows\System32\KERNELBASE.dll
0x00007ffd705c0000 - 0x00007ffd706c0000 	C:\Windows\System32\ucrtbase.dll
0x00007ffd6a300000 - 0x00007ffd6a317000 	c:\Users\todo-electro\.vscode\extensions\redhat.java-1.34.0-win32-x64\jre\17.0.12-win32-x86_64\bin\jli.dll
0x00007ffd71ae0000 - 0x00007ffd71c7d000 	C:\Windows\System32\USER32.dll
0x00007ffd6fdc0000 - 0x00007ffd6fde2000 	C:\Windows\System32\win32u.dll
0x00007ffd72430000 - 0x00007ffd7245b000 	C:\Windows\System32\GDI32.dll
0x00007ffd6ff50000 - 0x00007ffd70067000 	C:\Windows\System32\gdi32full.dll
0x00007ffd70470000 - 0x00007ffd7050d000 	C:\Windows\System32\msvcp_win.dll
0x00007ffd6a2e0000 - 0x00007ffd6a2fb000 	c:\Users\todo-electro\.vscode\extensions\redhat.java-1.34.0-win32-x64\jre\17.0.12-win32-x86_64\bin\VCRUNTIME140.dll
0x00007ffd5f580000 - 0x00007ffd5f81a000 	C:\Windows\WinSxS\amd64_microsoft.windows.common-controls_6595b64144ccf1df_6.0.19041.4355_none_60b8b9eb71f62e16\COMCTL32.dll
0x00007ffd70f40000 - 0x00007ffd70fde000 	C:\Windows\System32\msvcrt.dll
0x00007ffd70f10000 - 0x00007ffd70f3f000 	C:\Windows\System32\IMM32.DLL
0x00007ffd6a360000 - 0x00007ffd6a36c000 	c:\Users\todo-electro\.vscode\extensions\redhat.java-1.34.0-win32-x64\jre\17.0.12-win32-x86_64\bin\vcruntime140_1.dll
0x00007ffd3e770000 - 0x00007ffd3e7fd000 	c:\Users\todo-electro\.vscode\extensions\redhat.java-1.34.0-win32-x64\jre\17.0.12-win32-x86_64\bin\msvcp140.dll
0x00007ffd1ae40000 - 0x00007ffd1baaa000 	c:\Users\todo-electro\.vscode\extensions\redhat.java-1.34.0-win32-x64\jre\17.0.12-win32-x86_64\bin\server\jvm.dll
0x00007ffd72460000 - 0x00007ffd72510000 	C:\Windows\System32\ADVAPI32.dll
0x00007ffd71040000 - 0x00007ffd710e0000 	C:\Windows\System32\sechost.dll
0x00007ffd719b0000 - 0x00007ffd71ad3000 	C:\Windows\System32\RPCRT4.dll
0x00007ffd6fd40000 - 0x00007ffd6fd67000 	C:\Windows\System32\bcrypt.dll
0x00007ffd711c0000 - 0x00007ffd7122b000 	C:\Windows\System32\WS2_32.dll
0x00007ffd6fba0000 - 0x00007ffd6fbeb000 	C:\Windows\SYSTEM32\POWRPROF.dll
0x00007ffd5fb30000 - 0x00007ffd5fb57000 	C:\Windows\SYSTEM32\WINMM.dll
0x00007ffd60330000 - 0x00007ffd6033a000 	C:\Windows\SYSTEM32\VERSION.dll
0x00007ffd6fb80000 - 0x00007ffd6fb92000 	C:\Windows\SYSTEM32\UMPDC.dll
0x00007ffd6dbc0000 - 0x00007ffd6dbd2000 	C:\Windows\SYSTEM32\kernel.appcore.dll
0x00007ffd6a2d0000 - 0x00007ffd6a2da000 	c:\Users\todo-electro\.vscode\extensions\redhat.java-1.34.0-win32-x64\jre\17.0.12-win32-x86_64\bin\jimage.dll
0x00007ffd523f0000 - 0x00007ffd525d4000 	C:\Windows\SYSTEM32\DBGHELP.DLL
0x00007ffd52280000 - 0x00007ffd522b4000 	C:\Windows\SYSTEM32\dbgcore.DLL
0x00007ffd703e0000 - 0x00007ffd70462000 	C:\Windows\System32\bcryptPrimitives.dll
0x00007ffd6a2c0000 - 0x00007ffd6a2ce000 	c:\Users\todo-electro\.vscode\extensions\redhat.java-1.34.0-win32-x64\jre\17.0.12-win32-x86_64\bin\instrument.dll
0x00007ffd4f5e0000 - 0x00007ffd4f605000 	c:\Users\todo-electro\.vscode\extensions\redhat.java-1.34.0-win32-x64\jre\17.0.12-win32-x86_64\bin\java.dll
0x00007ffd56d80000 - 0x00007ffd56d98000 	c:\Users\todo-electro\.vscode\extensions\redhat.java-1.34.0-win32-x64\jre\17.0.12-win32-x86_64\bin\zip.dll
0x00007ffd707a0000 - 0x00007ffd70f0f000 	C:\Windows\System32\SHELL32.dll
0x00007ffd6ddc0000 - 0x00007ffd6e563000 	C:\Windows\SYSTEM32\windows.storage.dll
0x00007ffd71e30000 - 0x00007ffd72183000 	C:\Windows\System32\combase.dll
0x00007ffd6f6a0000 - 0x00007ffd6f6ce000 	C:\Windows\SYSTEM32\Wldp.dll
0x00007ffd71ce0000 - 0x00007ffd71dad000 	C:\Windows\System32\OLEAUT32.dll
0x00007ffd72380000 - 0x00007ffd7242d000 	C:\Windows\System32\SHCORE.dll
0x00007ffd70fe0000 - 0x00007ffd71035000 	C:\Windows\System32\shlwapi.dll
0x00007ffd6fc70000 - 0x00007ffd6fc94000 	C:\Windows\SYSTEM32\profapi.dll
0x00007ffd56f00000 - 0x00007ffd56f19000 	C:\Users\todo-electro\.vscode\extensions\redhat.java-1.34.0-win32-x64\jre\17.0.12-win32-x86_64\bin\net.dll
0x00007ffd67b50000 - 0x00007ffd67c5d000 	C:\Windows\SYSTEM32\WINHTTP.dll
0x00007ffd6f400000 - 0x00007ffd6f46a000 	C:\Windows\system32\mswsock.dll
0x00007ffd55e80000 - 0x00007ffd55e96000 	C:\Users\todo-electro\.vscode\extensions\redhat.java-1.34.0-win32-x64\jre\17.0.12-win32-x86_64\bin\nio.dll
0x00007ffd6a2b0000 - 0x00007ffd6a2c0000 	c:\Users\todo-electro\.vscode\extensions\redhat.java-1.34.0-win32-x64\jre\17.0.12-win32-x86_64\bin\verify.dll
0x00007ffd18010000 - 0x00007ffd18055000 	C:\Users\todo-electro\AppData\Roaming\Code\User\globalStorage\redhat.java\1.34.0\config_win\org.eclipse.equinox.launcher\org.eclipse.equinox.launcher.win32.win32.x86_64_1.2.1100.v20240722-2106\eclipse_11904.dll
0x00007ffd71250000 - 0x00007ffd7137b000 	C:\Windows\System32\ole32.dll
0x00007ffd6f600000 - 0x00007ffd6f618000 	C:\Windows\SYSTEM32\CRYPTSP.dll
0x00007ffd6ed20000 - 0x00007ffd6ed54000 	C:\Windows\system32\rsaenh.dll
0x00007ffd6fc30000 - 0x00007ffd6fc5e000 	C:\Windows\SYSTEM32\USERENV.dll
0x00007ffd6f5f0000 - 0x00007ffd6f5fc000 	C:\Windows\SYSTEM32\CRYPTBASE.dll
0x00007ffd6f0e0000 - 0x00007ffd6f11b000 	C:\Windows\SYSTEM32\IPHLPAPI.DLL
0x00007ffd706c0000 - 0x00007ffd706c8000 	C:\Windows\System32\NSI.dll
0x00007ffd68120000 - 0x00007ffd68137000 	C:\Windows\SYSTEM32\dhcpcsvc6.DLL
0x00007ffd68b60000 - 0x00007ffd68b7d000 	C:\Windows\SYSTEM32\dhcpcsvc.DLL
0x00007ffd6f120000 - 0x00007ffd6f1ea000 	C:\Windows\SYSTEM32\DNSAPI.dll
0x00007ffd6a8a0000 - 0x00007ffd6a8e5000 	C:\Users\todo-electro\AppData\Local\Temp\jna--1585942139\jna14868010497570339438.dll
0x00007ffd719a0000 - 0x00007ffd719a8000 	C:\Windows\System32\PSAPI.DLL
0x00007ffd6a350000 - 0x00007ffd6a35e000 	C:\Users\todo-electro\.vscode\extensions\redhat.java-1.34.0-win32-x64\jre\17.0.12-win32-x86_64\bin\sunmscapi.dll
0x00007ffd6fdf0000 - 0x00007ffd6ff4c000 	C:\Windows\System32\CRYPT32.dll
0x00007ffd6f710000 - 0x00007ffd6f739000 	C:\Windows\SYSTEM32\ncrypt.dll
0x00007ffd6f6d0000 - 0x00007ffd6f70b000 	C:\Windows\SYSTEM32\NTASN1.dll

dbghelp: loaded successfully - version: 4.0.5 - missing functions: none
symbol engine: initialized successfully - sym options: 0x614 - pdb path: .;c:\Users\todo-electro\.vscode\extensions\redhat.java-1.34.0-win32-x64\jre\17.0.12-win32-x86_64\bin;C:\Windows\SYSTEM32;C:\Windows\WinSxS\amd64_microsoft.windows.common-controls_6595b64144ccf1df_6.0.19041.4355_none_60b8b9eb71f62e16;c:\Users\todo-electro\.vscode\extensions\redhat.java-1.34.0-win32-x64\jre\17.0.12-win32-x86_64\bin\server;C:\Users\todo-electro\AppData\Roaming\Code\User\globalStorage\redhat.java\1.34.0\config_win\org.eclipse.equinox.launcher\org.eclipse.equinox.launcher.win32.win32.x86_64_1.2.1100.v20240722-2106;C:\Users\todo-electro\AppData\Local\Temp\jna--1585942139

VM Arguments:
jvm_args: --add-modules=ALL-SYSTEM --add-opens=java.base/java.util=ALL-UNNAMED --add-opens=java.base/java.lang=ALL-UNNAMED --add-opens=java.base/sun.nio.fs=ALL-UNNAMED -Declipse.application=org.eclipse.jdt.ls.core.id1 -Dosgi.bundles.defaultStartLevel=4 -Declipse.product=org.eclipse.jdt.ls.core.product -Djava.import.generatesMetadataFilesAtProjectRoot=false -DDetectVMInstallationsJob.disabled=true -Dfile.encoding=utf8 -XX:+UseParallelGC -XX:GCTimeRatio=4 -XX:AdaptiveSizePolicyWeight=90 -Dsun.zip.disableMemoryMapping=true -Xmx1G -Xms100m -Xlog:disable -javaagent:c:\Users\todo-electro\.vscode\extensions\redhat.java-1.34.0-win32-x64\lombok\lombok-1.18.33.jar -XX:+HeapDumpOnOutOfMemoryError -XX:HeapDumpPath=c:\Users\todo-electro\AppData\Roaming\Code\User\workspaceStorage\7d49be737cfa8eba95d55698d0fc987f\redhat.java -Daether.dependencyCollector.impl=bf 
java_command: c:\Users\todo-electro\.vscode\extensions\redhat.java-1.34.0-win32-x64\server\plugins\org.eclipse.equinox.launcher_1.6.900.v20240613-2009.jar -configuration c:\Users\todo-electro\AppData\Roaming\Code\User\globalStorage\redhat.java\1.34.0\config_win -data c:\Users\todo-electro\AppData\Roaming\Code\User\workspaceStorage\7d49be737cfa8eba95d55698d0fc987f\redhat.java\jdt_ws --pipe=\\.\pipe\lsp-1b13502d0a2e5b336730a2c66a0a6f09-sock
java_class_path (initial): c:\Users\todo-electro\.vscode\extensions\redhat.java-1.34.0-win32-x64\server\plugins\org.eclipse.equinox.launcher_1.6.900.v20240613-2009.jar
Launcher Type: SUN_STANDARD

[Global flags]
    uintx AdaptiveSizePolicyWeight                 = 90                                        {product} {command line}
     intx CICompilerCount                          = 3                                         {product} {ergonomic}
    uintx GCTimeRatio                              = 4                                         {product} {command line}
     bool HeapDumpOnOutOfMemoryError               = true                                   {manageable} {command line}
    ccstr HeapDumpPath                             = c:\Users\todo-electro\AppData\Roaming\Code\User\workspaceStorage\7d49be737cfa8eba95d55698d0fc987f\redhat.java         {manageable} {command line}
   size_t InitialHeapSize                          = 104857600                                 {product} {command line}
   size_t MaxHeapSize                              = 1073741824                                {product} {command line}
   size_t MaxNewSize                               = 357564416                                 {product} {ergonomic}
   size_t MinHeapDeltaBytes                        = 524288                                    {product} {ergonomic}
   size_t MinHeapSize                              = 104857600                                 {product} {command line}
   size_t NewSize                                  = 34603008                                  {product} {ergonomic}
    uintx NonNMethodCodeHeapSize                   = 5832780                                {pd product} {ergonomic}
    uintx NonProfiledCodeHeapSize                  = 122912730                              {pd product} {ergonomic}
   size_t OldSize                                  = 70254592                                  {product} {ergonomic}
    uintx ProfiledCodeHeapSize                     = 122912730                              {pd product} {ergonomic}
    uintx ReservedCodeCacheSize                    = 251658240                              {pd product} {ergonomic}
     bool SegmentedCodeCache                       = true                                      {product} {ergonomic}
   size_t SoftMaxHeapSize                          = 1073741824                             {manageable} {ergonomic}
     bool UseCompressedClassPointers               = true                           {product lp64_product} {ergonomic}
     bool UseCompressedOops                        = true                           {product lp64_product} {ergonomic}
     bool UseLargePagesIndividualAllocation        = false                                  {pd product} {ergonomic}
     bool UseParallelGC                            = true                                      {product} {command line}

Logging:
Log output configuration:
 #0: stdout all=off uptime,level,tags
 #1: stderr all=off uptime,level,tags

Environment Variables:
PATH=C:\Program Files\OpenLogic\jdk-11.0.21.9-hotspot\bin;C:\Windows\SYSTEM32;C:\Windows;C:\Windows\SYSTEM32\WBEM;C:\Windows\SYSTEM32\WINDOWSPOWERSHELL\V1.0\;C:\Windows\SYSTEM32\OPENSSH\;C:\Program Files\Maven\apache-maven-3.9.6\BIN;C:\PROGRAM FILES\GIT\CMD;C:\Program Files\OpenSSL-Win64\bin\BIN;C:\Program Files\PostgreSQL\10\BIN;C:\Program Files\OpenSSL-Win64\bin;C:\Program Files\Git\cmd;C:\Program Files\nodejs\;C:\Users\todo-electro\AppData\Local\Microsoft\WindowsApps;;C:\Users\todo-electro\AppData\Local\Programs\Microsoft VS Code\bin;C:\Program Files\JetBrains\IntelliJ IDEA Community Edition 2023.3.2\bin;;C:\Users\todo-electro\AppData\Roaming\npm
USERNAME=todo-electro
OS=Windows_NT
PROCESSOR_IDENTIFIER=Intel64 Family 6 Model 42 Stepping 7, GenuineIntel
TMP=C:\Users\TODO-E~1\AppData\Local\Temp
TEMP=C:\Users\TODO-E~1\AppData\Local\Temp



Periodic native trim disabled


---------------  S Y S T E M  ---------------

OS:
 Windows 10 , 64 bit Build 19041 (10.0.19041.4842)
OS uptime: 0 days 0:16 hours

CPU: total 4 (initial active 4) (4 cores per cpu, 2 threads per core) family 6 model 42 stepping 7 microcode 0x2f, cx8, cmov, fxsr, ht, mmx, sse, sse2, sse3, ssse3, sse4.1, sse4.2, popcnt, tsc, tscinvbit, avx, aes, clmul, vzeroupper, clflush
Processor Information for all 4 processors :
  Max Mhz: 2001, Current Mhz: 1400, Mhz Limit: 1380

Memory: 4k page, system-wide physical 8105M (1756M free)
TotalPageFile size 15529M (AvailPageFile size 8319M)
current process WorkingSet (physical memory assigned to process): 742M, peak: 925M
current process commit charge ("private bytes"): 609M, peak: 846M

vm_info: OpenJDK 64-Bit Server VM (17.0.12+7) for windows-amd64 JRE (17.0.12+7), built on Jul 16 2024 22:08:24 by "admin" with MS VC++ 16.10 / 16.11 (VS2019)

END.
